<?xml version="1.0" encoding="UTF-8"?>
<TestRun id="a7fc3fc5-846e-4a9d-b8f8-88ed4e834635" name="user@USER-PC 2015-08-10 21:20:33" runUser="user-PC\user" xmlns="http://microsoft.com/schemas/VisualStudio/TeamTest/2010">
  <Times creation="2015-08-10T21:20:33.6622660+05:30" queuing="2015-08-10T21:20:33.6622660+05:30" start="2015-08-10T21:20:33.6952679+05:30" finish="2015-08-11T03:02:31.1417987+05:30" />
  <TestSettings name="default" id="9d299eb4-e5a6-4153-aeb9-1a0730c61e08">
    <Execution>
      <TestTypeSpecific />
    </Execution>
    <Deployment runDeploymentRoot="user_USER-PC 2015-08-10 21_20_33" />
  </TestSettings>
  <Results>
    <UnitTestResult executionId="959273fa-7e16-4d59-abc2-e406ed8592e6" testId="a6e6f0fe-2ffb-cd75-d4e8-925ffafeadc5" testName="addNote1099SaleAgent" computerName="USER-PC" duration="00:01:19.3992860" startTime="2015-08-10T21:19:13.9507067+05:30" endTime="2015-08-10T21:20:33.4362530+05:30" testType="13cdc9d9-ddb5-4fa4-a97d-d965ccfc6d4b" outcome="Failed" testListId="8c84fa94-04c1-424b-9868-57a2d4851a1d" relativeResultsDirectory="959273fa-7e16-4d59-abc2-e406ed8592e6">
      <Output>
        <StdOut>Logged in as: dnelms16 / dnelms16</StdOut>
        <ErrorInfo>
          <Message>Assert.IsTrue failed. </Message>
          <StackTrace>   at PegasusTests.PageHelper.Comm.DriverHelper.Click(String locator) in d:\pegqa\TestAutomationProject\PegasusTests\PageHelper\Comm\DriverHelper.cs:line 233
   at PegasusTests.PageHelper.PayoutSummaryResidualIcome1099saleAgent.ClickElement(String xmlNode) in d:\pegqa\TestAutomationProject\PegasusTests\PageHelper\PayoutSummaryResidualIcome1099saleAgent.cs:line 50
   at PegasusTests.Scripts.ClientsTests.AddNote1099SaleAgent.addNote1099SaleAgent() in d:\pegqa\TestAutomationProject\PegasusTests\Scripts\1099SaleAgent\CreateNote1099SaleAgent.cs:line 46
</StackTrace>
        </ErrorInfo>
      </Output>
    </UnitTestResult>
    <UnitTestResult executionId="4fee6b7e-470b-4e31-b439-ab4b21aa7d0b" testId="790ceffe-b590-3a28-5457-3de7b1374d10" testName="createMeeting1099SaleAgent" computerName="USER-PC" duration="00:00:19.4167808" startTime="2015-08-10T21:20:33.4542541+05:30" endTime="2015-08-10T21:20:52.8723647+05:30" testType="13cdc9d9-ddb5-4fa4-a97d-d965ccfc6d4b" outcome="Failed" testListId="8c84fa94-04c1-424b-9868-57a2d4851a1d" relativeResultsDirectory="4fee6b7e-470b-4e31-b439-ab4b21aa7d0b">
      <Output>
        <StdOut>Logged in as: dnelms16 / dnelms16</StdOut>
        <ErrorInfo>
          <Message>Assert.IsTrue failed. </Message>
          <StackTrace>   at PegasusTests.PageHelper.Comm.DriverTestCase.VerifyTitle(String title) in d:\pegqa\TestAutomationProject\PegasusTests\PageHelper\Comm\DriverTestCase.cs:line 107
   at PegasusTests.Scripts.ClientsTests.CreateMeeting1099SaleAgent.createMeeting1099SaleAgent() in d:\pegqa\TestAutomationProject\PegasusTests\Scripts\1099SaleAgent\CreateMeeting1099SaleAgent.cs:line 33
</StackTrace>
        </ErrorInfo>
      </Output>
    </UnitTestResult>
    <UnitTestResult executionId="d6f68f38-c377-4198-ae4f-2dd0093d1c13" testId="7ae0591f-6c70-9eb7-be22-477a27c77af2" testName="newTask1099SaleAgent" computerName="USER-PC" duration="00:00:59.2204996" startTime="2015-08-10T21:20:52.8723647+05:30" endTime="2015-08-10T21:21:52.0947520+05:30" testType="13cdc9d9-ddb5-4fa4-a97d-d965ccfc6d4b" outcome="Failed" testListId="8c84fa94-04c1-424b-9868-57a2d4851a1d" relativeResultsDirectory="d6f68f38-c377-4198-ae4f-2dd0093d1c13">
      <Output>
        <StdOut>Logged in as: AslamKhan / 1qaz!QAZ
Redirected at Dashboard screen.</StdOut>
        <ErrorInfo>
          <Message>Assert.IsTrue failed. </Message>
          <StackTrace>   at PegasusTests.PageHelper.Comm.DriverHelper.Click(String locator) in d:\pegqa\TestAutomationProject\PegasusTests\PageHelper\Comm\DriverHelper.cs:line 233
   at PegasusTests.PageHelper.ClientsHelper.ClickDatePickerNext() in d:\pegqa\TestAutomationProject\PegasusTests\PageHelper\ClientsHelper.cs:line 128
   at PegasusTests.Scripts.ClientsTests.NewTask1099SaleAgent.newTask1099SaleAgent() in d:\pegqa\TestAutomationProject\PegasusTests\Scripts\1099SaleAgent\NewTask1099SaleAgent.cs:line 53
</StackTrace>
        </ErrorInfo>
      </Output>
    </UnitTestResult>
    <UnitTestResult executionId="d4dbaf11-eb9c-4d79-a3df-8c5e713f7e94" testId="dfcd1364-8715-1a63-1d78-3bcbb19f73f0" testName="resisualIncomeReportsPrint1099SaleAgent" computerName="USER-PC" duration="00:00:21.5661976" startTime="2015-08-10T21:21:52.0947520+05:30" endTime="2015-08-10T21:22:13.6619856+05:30" testType="13cdc9d9-ddb5-4fa4-a97d-d965ccfc6d4b" outcome="Failed" testListId="8c84fa94-04c1-424b-9868-57a2d4851a1d" relativeResultsDirectory="d4dbaf11-eb9c-4d79-a3df-8c5e713f7e94">
      <Output>
        <StdOut>Logged in as: dnelms16 / dnelms16</StdOut>
        <ErrorInfo>
          <Message>Assert.IsTrue failed. </Message>
          <StackTrace>   at PegasusTests.PageHelper.Comm.DriverTestCase.VerifyTitle(String title) in d:\pegqa\TestAutomationProject\PegasusTests\PageHelper\Comm\DriverTestCase.cs:line 107
   at PegasusTests.Scripts.LoginTests.ResisualIncomeReportsPrint1099SaleAgent.resisualIncomeReportsPrint1099SaleAgent() in d:\pegqa\TestAutomationProject\PegasusTests\Scripts\1099SaleAgent\ResisualIncomeReportsPrint1099SaleAgent.cs:line 36
</StackTrace>
        </ErrorInfo>
      </Output>
    </UnitTestResult>
    <UnitTestResult executionId="ba60e891-0a7b-4b8a-8736-b36797f95cbd" testId="3f542d8e-845e-a50b-2055-f981f685d611" testName="resisualIncomeReportPDF1099SaleAgent" computerName="USER-PC" duration="00:00:29.9947326" startTime="2015-08-10T21:22:13.6619856+05:30" endTime="2015-08-10T21:22:43.6577013+05:30" testType="13cdc9d9-ddb5-4fa4-a97d-d965ccfc6d4b" outcome="Failed" testListId="8c84fa94-04c1-424b-9868-57a2d4851a1d" relativeResultsDirectory="ba60e891-0a7b-4b8a-8736-b36797f95cbd">
      <Output>
        <StdOut>Logged in as: dnelms16 / dnelms16</StdOut>
        <ErrorInfo>
          <Message>Assert.IsTrue failed. </Message>
          <StackTrace>   at PegasusTests.PageHelper.Comm.DriverTestCase.VerifyTitle(String title) in d:\pegqa\TestAutomationProject\PegasusTests\PageHelper\Comm\DriverTestCase.cs:line 107
   at PegasusTests.Scripts.LoginTests.ResisualIncomeReportPDF1099SaleAgent.resisualIncomeReportPDF1099SaleAgent() in d:\pegqa\TestAutomationProject\PegasusTests\Scripts\1099SaleAgent\ResisualIncomeReportPDF1099SaleAgent.cs:line 36
</StackTrace>
        </ErrorInfo>
      </Output>
    </UnitTestResult>
    <UnitTestResult executionId="d40e37f8-f565-4e7b-b5fb-f7b29f99b1bf" testId="46fa97d1-ad6b-1ada-1404-d5f88c4c7781" testName="resisualIncomeReportsCSV1099SaleAgent" computerName="USER-PC" duration="00:00:18.4777577" startTime="2015-08-10T21:22:43.6577013+05:30" endTime="2015-08-10T21:23:02.1367582+05:30" testType="13cdc9d9-ddb5-4fa4-a97d-d965ccfc6d4b" outcome="Failed" testListId="8c84fa94-04c1-424b-9868-57a2d4851a1d" relativeResultsDirectory="d40e37f8-f565-4e7b-b5fb-f7b29f99b1bf">
      <Output>
        <StdOut>Logged in as: dnelms16 / dnelms16</StdOut>
        <ErrorInfo>
          <Message>Assert.IsTrue failed. </Message>
          <StackTrace>   at PegasusTests.PageHelper.Comm.DriverTestCase.VerifyTitle(String title) in d:\pegqa\TestAutomationProject\PegasusTests\PageHelper\Comm\DriverTestCase.cs:line 107
   at PegasusTests.Scripts.LoginTests.ResisualIncomeReportsCSV1099SaleAgent.resisualIncomeReportsCSV1099SaleAgent() in d:\pegqa\TestAutomationProject\PegasusTests\Scripts\1099SaleAgent\ResisualIncomeReportsCSV1099SaleAgent.cs:line 36
</StackTrace>
        </ErrorInfo>
      </Output>
    </UnitTestResult>
    <UnitTestResult executionId="ca78a64b-7fa9-44f5-8ba0-b007907d1e21" testId="50c39f3a-deab-e4dc-5731-c1604403f86c" testName="resisualIncomeReportsExcel1099SaleAgent" computerName="USER-PC" duration="00:00:19.6172272" startTime="2015-08-10T21:23:02.1367582+05:30" endTime="2015-08-10T21:23:21.7548803+05:30" testType="13cdc9d9-ddb5-4fa4-a97d-d965ccfc6d4b" outcome="Failed" testListId="8c84fa94-04c1-424b-9868-57a2d4851a1d" relativeResultsDirectory="ca78a64b-7fa9-44f5-8ba0-b007907d1e21">
      <Output>
        <StdOut>Logged in as: dnelms16 / dnelms16</StdOut>
        <ErrorInfo>
          <Message>Assert.IsTrue failed. </Message>
          <StackTrace>   at PegasusTests.PageHelper.Comm.DriverTestCase.VerifyTitle(String title) in d:\pegqa\TestAutomationProject\PegasusTests\PageHelper\Comm\DriverTestCase.cs:line 107
   at PegasusTests.Scripts.LoginTests.ResisualIncomeReportsExcel1099SaleAgent.resisualIncomeReportsExcel1099SaleAgent() in d:\pegqa\TestAutomationProject\PegasusTests\Scripts\1099SaleAgent\ResisualIncomeReportsExcel1099SaleAgent.cs:line 36
</StackTrace>
        </ErrorInfo>
      </Output>
    </UnitTestResult>
    <UnitTestResult executionId="ac010a02-eaf3-4b5e-a350-976fe43f039a" testId="008c5e5d-ef86-0ab1-9789-d60d0c1d3197" testName="resisualIncomePayoutSumaryExportExcel1099SaleAgent" computerName="USER-PC" duration="00:00:21.9966508" startTime="2015-08-10T21:23:21.7548803+05:30" endTime="2015-08-10T21:23:43.7521385+05:30" testType="13cdc9d9-ddb5-4fa4-a97d-d965ccfc6d4b" outcome="Failed" testListId="8c84fa94-04c1-424b-9868-57a2d4851a1d" relativeResultsDirectory="ac010a02-eaf3-4b5e-a350-976fe43f039a">
      <Output>
        <StdOut>Logged in as: dnelms16 / dnelms16</StdOut>
        <ErrorInfo>
          <Message>Assert.IsTrue failed. </Message>
          <StackTrace>   at PegasusTests.PageHelper.Comm.DriverTestCase.VerifyTitle(String title) in d:\pegqa\TestAutomationProject\PegasusTests\PageHelper\Comm\DriverTestCase.cs:line 107
   at PegasusTests.Scripts.LoginTests.ResisualIncomePayoutSumaryExportExcel1099SaleAgent.resisualIncomePayoutSumaryExportExcel1099SaleAgent() in d:\pegqa\TestAutomationProject\PegasusTests\Scripts\1099SaleAgent\ResisualIncomePayoutSumaryExportExcel1099SaleAgent.cs:line 36
</StackTrace>
        </ErrorInfo>
      </Output>
    </UnitTestResult>
    <UnitTestResult executionId="4644c8bb-df95-44fe-992c-d646f94367a8" testId="4d2d65e4-1d70-08a4-cffa-4d77a3741c53" testName="resisualIncomePayoutSumaryExportCSV1099SaleAgent" computerName="USER-PC" duration="00:00:22.4932819" startTime="2015-08-10T21:23:43.7531385+05:30" endTime="2015-08-10T21:24:06.2474251+05:30" testType="13cdc9d9-ddb5-4fa4-a97d-d965ccfc6d4b" outcome="Failed" testListId="8c84fa94-04c1-424b-9868-57a2d4851a1d" relativeResultsDirectory="4644c8bb-df95-44fe-992c-d646f94367a8">
      <Output>
        <StdOut>Logged in as: dnelms16 / dnelms16</StdOut>
        <ErrorInfo>
          <Message>Assert.IsTrue failed. </Message>
          <StackTrace>   at PegasusTests.PageHelper.Comm.DriverTestCase.VerifyTitle(String title) in d:\pegqa\TestAutomationProject\PegasusTests\PageHelper\Comm\DriverTestCase.cs:line 107
   at PegasusTests.Scripts.LoginTests.ResisualIncomePayoutSumaryExportCSV1099SaleAgent.resisualIncomePayoutSumaryExportCSV1099SaleAgent() in d:\pegqa\TestAutomationProject\PegasusTests\Scripts\1099SaleAgent\ResisualIncomePayoutSumaryExportCSV1099SaleAgent.cs:line 36
</StackTrace>
        </ErrorInfo>
      </Output>
    </UnitTestResult>
    <UnitTestResult executionId="38509073-b904-4fa6-a913-412fb5f80683" testId="248f47f9-36e5-bddc-4a68-33cabbbe11e2" testName="resisualIncomeReports1099SaleAgent" computerName="USER-PC" duration="00:00:24.1417509" startTime="2015-08-10T21:24:06.2474251+05:30" endTime="2015-08-10T21:24:30.3898060+05:30" testType="13cdc9d9-ddb5-4fa4-a97d-d965ccfc6d4b" outcome="Failed" testListId="8c84fa94-04c1-424b-9868-57a2d4851a1d" relativeResultsDirectory="38509073-b904-4fa6-a913-412fb5f80683">
      <Output>
        <StdOut>Logged in as: dnelms16 / dnelms16</StdOut>
        <ErrorInfo>
          <Message>Assert.IsTrue failed. </Message>
          <StackTrace>   at PegasusTests.PageHelper.Comm.DriverTestCase.VerifyTitle(String title) in d:\pegqa\TestAutomationProject\PegasusTests\PageHelper\Comm\DriverTestCase.cs:line 107
   at PegasusTests.Scripts.LoginTests.ResisualIncomeReports1099SaleAgent.resisualIncomeReports1099SaleAgent() in d:\pegqa\TestAutomationProject\PegasusTests\Scripts\1099SaleAgent\ResisualIncomeReports1099SaleAgent.cs:line 36
</StackTrace>
        </ErrorInfo>
      </Output>
    </UnitTestResult>
    <UnitTestResult executionId="f28b0530-f8ca-47cc-8d37-3bec09edeb97" testId="fb6f0898-b493-d22e-5baa-a0a8cb2f401a" testName="resisualIncomePayoutSumary1099SaleAgent" computerName="USER-PC" duration="00:00:21.1690668" startTime="2015-08-10T21:24:30.3898060+05:30" endTime="2015-08-10T21:24:51.5600169+05:30" testType="13cdc9d9-ddb5-4fa4-a97d-d965ccfc6d4b" outcome="Failed" testListId="8c84fa94-04c1-424b-9868-57a2d4851a1d" relativeResultsDirectory="f28b0530-f8ca-47cc-8d37-3bec09edeb97">
      <Output>
        <StdOut>Logged in as: dnelms16 / dnelms16</StdOut>
        <ErrorInfo>
          <Message>Assert.IsTrue failed. </Message>
          <StackTrace>   at PegasusTests.PageHelper.Comm.DriverTestCase.VerifyTitle(String title) in d:\pegqa\TestAutomationProject\PegasusTests\PageHelper\Comm\DriverTestCase.cs:line 107
   at PegasusTests.Scripts.LoginTests.ResisualIncomePayoutSumary1099SaleAgent.resisualIncomePayoutSumary1099SaleAgent() in d:\pegqa\TestAutomationProject\PegasusTests\Scripts\1099SaleAgent\ResisualIncomePayoutSumary1099SaleAgent.cs:line 36
</StackTrace>
        </ErrorInfo>
      </Output>
    </UnitTestResult>
    <UnitTestResult executionId="56b86602-6994-401e-81ce-db71d2e9e77f" testId="a620d826-239b-b69a-8a7e-41491137efb2" testName="activitiesComposeEmai1099SA" computerName="USER-PC" duration="00:00:21.1857026" startTime="2015-08-10T21:24:51.5600169+05:30" endTime="2015-08-10T21:25:12.7462287+05:30" testType="13cdc9d9-ddb5-4fa4-a97d-d965ccfc6d4b" outcome="Failed" testListId="8c84fa94-04c1-424b-9868-57a2d4851a1d" relativeResultsDirectory="56b86602-6994-401e-81ce-db71d2e9e77f">
      <Output>
        <StdOut>Logged in as: dnelms16 / dnelms16</StdOut>
        <ErrorInfo>
          <Message>Assert.IsTrue failed. </Message>
          <StackTrace>   at PegasusTests.PageHelper.Comm.DriverTestCase.VerifyTitle(String title) in d:\pegqa\TestAutomationProject\PegasusTests\PageHelper\Comm\DriverTestCase.cs:line 107
   at PegasusTests.Scripts.ClientsTests.ActivitiesComposeEmai1099SA.activitiesComposeEmai1099SA() in d:\pegqa\TestAutomationProject\PegasusTests\Scripts\1099SaleAgent\ActivitiesComposeEmai1099SA.cs:line 33
</StackTrace>
        </ErrorInfo>
      </Output>
    </UnitTestResult>
    <UnitTestResult executionId="201277c4-bd25-40ba-b2f2-b1178c6282dd" testId="7c6badc4-8ff7-69fe-06b2-deaa8fa7de49" testName="viewTicket1099SaleAgnet" computerName="USER-PC" duration="00:00:22.0930095" startTime="2015-08-10T21:25:12.7472287+05:30" endTime="2015-08-10T21:25:34.8404924+05:30" testType="13cdc9d9-ddb5-4fa4-a97d-d965ccfc6d4b" outcome="Failed" testListId="8c84fa94-04c1-424b-9868-57a2d4851a1d" relativeResultsDirectory="201277c4-bd25-40ba-b2f2-b1178c6282dd">
      <Output>
        <StdOut>Logged in as: dnelms16 / dnelms16</StdOut>
        <ErrorInfo>
          <Message>Assert.IsTrue failed. </Message>
          <StackTrace>   at PegasusTests.PageHelper.Comm.DriverTestCase.VerifyTitle(String title) in d:\pegqa\TestAutomationProject\PegasusTests\PageHelper\Comm\DriverTestCase.cs:line 107
   at PegasusTests.Scripts.ClientsTests.ViewTicket1099SaleAgnet.viewTicket1099SaleAgnet() in d:\pegqa\TestAutomationProject\PegasusTests\Scripts\1099SaleAgent\ViewTicket1099SaleAgnet.cs:line 41
</StackTrace>
        </ErrorInfo>
      </Output>
    </UnitTestResult>
    <UnitTestResult executionId="d5f80d41-6719-439e-ac2b-f772213eaad4" testId="088a859a-f8d6-b8c3-7666-fd8df99b3c7c" testName="editSettingProfile1099SaleAgent" computerName="USER-PC" duration="00:00:20.6200086" startTime="2015-08-10T21:25:34.8404924+05:30" endTime="2015-08-10T21:25:55.4616718+05:30" testType="13cdc9d9-ddb5-4fa4-a97d-d965ccfc6d4b" outcome="Failed" testListId="8c84fa94-04c1-424b-9868-57a2d4851a1d" relativeResultsDirectory="d5f80d41-6719-439e-ac2b-f772213eaad4">
      <Output>
        <StdOut>Logged in as: dnelms16 / dnelms16</StdOut>
        <ErrorInfo>
          <Message>Assert.IsTrue failed. </Message>
          <StackTrace>   at PegasusTests.PageHelper.Comm.DriverTestCase.VerifyTitle(String title) in d:\pegqa\TestAutomationProject\PegasusTests\PageHelper\Comm\DriverTestCase.cs:line 107
   at PegasusTests.Scripts.LoginTests.EditSettingProfile1099SaleAgent.editSettingProfile1099SaleAgent() in d:\pegqa\TestAutomationProject\PegasusTests\Scripts\1099SaleAgent\EditSettingProfile1099SaleAgent.cs:line 35
</StackTrace>
        </ErrorInfo>
      </Output>
    </UnitTestResult>
    <UnitTestResult executionId="55d742e5-b106-4960-a1a6-985a9da9cfca" testId="7f096431-aff4-bfac-7c6d-19b2f4b24a1f" testName="createTicket1099SaleAgnet" computerName="USER-PC" duration="00:00:18.7601516" startTime="2015-08-10T21:25:55.4616718+05:30" endTime="2015-08-10T21:26:14.2227449+05:30" testType="13cdc9d9-ddb5-4fa4-a97d-d965ccfc6d4b" outcome="Failed" testListId="8c84fa94-04c1-424b-9868-57a2d4851a1d" relativeResultsDirectory="55d742e5-b106-4960-a1a6-985a9da9cfca">
      <Output>
        <StdOut>Logged in as: dnelms16 / dnelms16</StdOut>
        <ErrorInfo>
          <Message>Assert.IsTrue failed. </Message>
          <StackTrace>   at PegasusTests.PageHelper.Comm.DriverTestCase.VerifyTitle(String title) in d:\pegqa\TestAutomationProject\PegasusTests\PageHelper\Comm\DriverTestCase.cs:line 107
   at PegasusTests.Scripts.ClientsTests.CreateTicket1099SaleAgnet.createTicket1099SaleAgnet() in d:\pegqa\TestAutomationProject\PegasusTests\Scripts\1099SaleAgent\CreateTicket1099SaleAgnet.cs:line 41
</StackTrace>
        </ErrorInfo>
      </Output>
    </UnitTestResult>
    <UnitTestResult executionId="25a0a107-fa2f-406e-ac6b-4ce03759e218" testId="05224286-d5f4-dcbe-2881-62f25f8222fb" testName="loginWithValidCredentials" computerName="USER-PC" duration="00:00:19.7669730" startTime="2015-08-10T21:26:14.2227449+05:30" endTime="2015-08-10T21:26:33.9908756+05:30" testType="13cdc9d9-ddb5-4fa4-a97d-d965ccfc6d4b" outcome="Failed" testListId="8c84fa94-04c1-424b-9868-57a2d4851a1d" relativeResultsDirectory="25a0a107-fa2f-406e-ac6b-4ce03759e218">
      <Output>
        <StdOut>Logged in as: dnelms16 / dnelms16</StdOut>
        <ErrorInfo>
          <Message>Assert.IsTrue failed. </Message>
          <StackTrace>   at PegasusTests.PageHelper.Comm.DriverTestCase.VerifyTitle(String title) in d:\pegqa\TestAutomationProject\PegasusTests\PageHelper\Comm\DriverTestCase.cs:line 107
   at PegasusTests.Scripts.LoginTests.EditProfile1099SaleAgent.loginWithValidCredentials() in d:\pegqa\TestAutomationProject\PegasusTests\Scripts\1099SaleAgent\EditProfile1099SaleAgent.cs:line 35
</StackTrace>
        </ErrorInfo>
      </Output>
    </UnitTestResult>
    <UnitTestResult executionId="3fc5d1c2-44dd-4725-a13b-bfab7dc0fbf1" testId="0b776fec-a2f6-f823-1e7f-ca6facbaf7a1" testName="covertLeadToClient1099SaleAgent" computerName="USER-PC" duration="00:00:18.1277365" startTime="2015-08-10T21:26:33.9908756+05:30" endTime="2015-08-10T21:26:52.1199125+05:30" testType="13cdc9d9-ddb5-4fa4-a97d-d965ccfc6d4b" outcome="Failed" testListId="8c84fa94-04c1-424b-9868-57a2d4851a1d" relativeResultsDirectory="3fc5d1c2-44dd-4725-a13b-bfab7dc0fbf1">
      <Output>
        <StdOut>Logged in as: dnelms16 / dnelms16</StdOut>
        <ErrorInfo>
          <Message>Assert.IsTrue failed. </Message>
          <StackTrace>   at PegasusTests.PageHelper.Comm.DriverTestCase.VerifyTitle(String title) in d:\pegqa\TestAutomationProject\PegasusTests\PageHelper\Comm\DriverTestCase.cs:line 107
   at PegasusTests.Scripts.ClientsTests.CovertLeadToClient1099SaleAgent.covertLeadToClient1099SaleAgent() in d:\pegqa\TestAutomationProject\PegasusTests\Scripts\1099SaleAgent\CovertLeadToClient1099SaleAgent.cs:line 45
</StackTrace>
        </ErrorInfo>
      </Output>
    </UnitTestResult>
    <UnitTestResult executionId="eb910d2e-45e5-41f2-9681-283d57fede3c" testId="47fd048a-c76e-e320-7b07-a8e3c3d2f99b" testName="covertOpportunitiesToLead1099SaleAgent" computerName="USER-PC" duration="00:00:20.6931087" startTime="2015-08-10T21:26:52.1199125+05:30" endTime="2015-08-10T21:27:12.8140961+05:30" testType="13cdc9d9-ddb5-4fa4-a97d-d965ccfc6d4b" outcome="Failed" testListId="8c84fa94-04c1-424b-9868-57a2d4851a1d" relativeResultsDirectory="eb910d2e-45e5-41f2-9681-283d57fede3c">
      <Output>
        <StdOut>Logged in as: dnelms16 / dnelms16</StdOut>
        <ErrorInfo>
          <Message>Assert.IsTrue failed. </Message>
          <StackTrace>   at PegasusTests.PageHelper.Comm.DriverTestCase.VerifyTitle(String title) in d:\pegqa\TestAutomationProject\PegasusTests\PageHelper\Comm\DriverTestCase.cs:line 107
   at PegasusTests.Scripts.ClientsTests.CovertOpportunitiesToLead1099SaleAgent.covertOpportunitiesToLead1099SaleAgent() in d:\pegqa\TestAutomationProject\PegasusTests\Scripts\1099SaleAgent\CovertOpportunitiesToLead1099SaleAgent.cs:line 37
</StackTrace>
        </ErrorInfo>
      </Output>
    </UnitTestResult>
    <UnitTestResult executionId="c2db6067-6856-4fde-8333-9447343121bd" testId="8f7e6d9d-4f84-b9f9-fcf2-70b2c43a6e7c" testName="editClient1099SaleAgent" computerName="USER-PC" duration="00:00:20.0152073" startTime="2015-08-10T21:27:12.8140961+05:30" endTime="2015-08-10T21:27:32.8302410+05:30" testType="13cdc9d9-ddb5-4fa4-a97d-d965ccfc6d4b" outcome="Failed" testListId="8c84fa94-04c1-424b-9868-57a2d4851a1d" relativeResultsDirectory="c2db6067-6856-4fde-8333-9447343121bd">
      <Output>
        <StdOut>Logged in as: dnelms16 / dnelms16</StdOut>
        <ErrorInfo>
          <Message>Assert.IsTrue failed. </Message>
          <StackTrace>   at PegasusTests.PageHelper.Comm.DriverTestCase.VerifyTitle(String title) in d:\pegqa\TestAutomationProject\PegasusTests\PageHelper\Comm\DriverTestCase.cs:line 107
   at PegasusTests.Scripts.ClientsTests.EditClient1099SaleAgent.editClient1099SaleAgent() in d:\pegqa\TestAutomationProject\PegasusTests\Scripts\1099SaleAgent\EditClient1099SaleAgent.cs:line 44
</StackTrace>
        </ErrorInfo>
      </Output>
    </UnitTestResult>
    <UnitTestResult executionId="8419c9bf-df68-4721-be7b-b1608d60d622" testId="c9c2ac7d-813d-0f45-2100-bc9ed43f7e6e" testName="edit1099SaleAgentLeads" computerName="USER-PC" duration="00:00:25.7168786" startTime="2015-08-10T21:27:32.8302410+05:30" endTime="2015-08-10T21:27:58.5477120+05:30" testType="13cdc9d9-ddb5-4fa4-a97d-d965ccfc6d4b" outcome="Failed" testListId="8c84fa94-04c1-424b-9868-57a2d4851a1d" relativeResultsDirectory="8419c9bf-df68-4721-be7b-b1608d60d622">
      <Output>
        <StdOut>Logged in as: dnelms16 / dnelms16</StdOut>
        <ErrorInfo>
          <Message>Assert.IsTrue failed. </Message>
          <StackTrace>   at PegasusTests.PageHelper.Comm.DriverTestCase.VerifyTitle(String title) in d:\pegqa\TestAutomationProject\PegasusTests\PageHelper\Comm\DriverTestCase.cs:line 107
   at PegasusTests.Scripts.ClientsTests.Edit1099SaleAgentLeads.edit1099SaleAgentLeads() in d:\pegqa\TestAutomationProject\PegasusTests\Scripts\1099SaleAgent\Edit1099SaleAgentLeads.cs:line 45
</StackTrace>
        </ErrorInfo>
      </Output>
    </UnitTestResult>
    <UnitTestResult executionId="21db7e7d-50e8-4ad8-a666-3d9b71bf0650" testId="1c98e8cb-2c21-68e1-4fbb-31a4b44a5e70" testName="edit1099SaleAgentOpportunities" computerName="USER-PC" duration="00:00:20.0869005" startTime="2015-08-10T21:27:58.5487120+05:30" endTime="2015-08-10T21:28:18.6358609+05:30" testType="13cdc9d9-ddb5-4fa4-a97d-d965ccfc6d4b" outcome="Failed" testListId="8c84fa94-04c1-424b-9868-57a2d4851a1d" relativeResultsDirectory="21db7e7d-50e8-4ad8-a666-3d9b71bf0650">
      <Output>
        <StdOut>Logged in as: dnelms16 / dnelms16</StdOut>
        <ErrorInfo>
          <Message>Assert.IsTrue failed. </Message>
          <StackTrace>   at PegasusTests.PageHelper.Comm.DriverTestCase.VerifyTitle(String title) in d:\pegqa\TestAutomationProject\PegasusTests\PageHelper\Comm\DriverTestCase.cs:line 107
   at PegasusTests.Scripts.ClientsTests.Edit1099SaleAgentOpportunities.edit1099SaleAgentOpportunities() in d:\pegqa\TestAutomationProject\PegasusTests\Scripts\1099SaleAgent\Edit1099SaleAgentOpportunities.cs:line 37
</StackTrace>
        </ErrorInfo>
      </Output>
    </UnitTestResult>
    <UnitTestResult executionId="c8859fac-9dc9-4128-885a-31ad867b1924" testId="a4c36a63-6d60-9932-2393-7b23fd064fa7" testName="importCSVOpportunities1099SaleAgent" computerName="USER-PC" duration="00:00:18.6759434" startTime="2015-08-10T21:28:18.6358609+05:30" endTime="2015-08-10T21:28:37.3129292+05:30" testType="13cdc9d9-ddb5-4fa4-a97d-d965ccfc6d4b" outcome="Failed" testListId="8c84fa94-04c1-424b-9868-57a2d4851a1d" relativeResultsDirectory="c8859fac-9dc9-4128-885a-31ad867b1924">
      <Output>
        <StdOut>Logged in as: dnelms16 / dnelms16</StdOut>
        <ErrorInfo>
          <Message>Assert.IsTrue failed. </Message>
          <StackTrace>   at PegasusTests.PageHelper.Comm.DriverTestCase.VerifyTitle(String title) in d:\pegqa\TestAutomationProject\PegasusTests\PageHelper\Comm\DriverTestCase.cs:line 107
   at PegasusTests.Scripts.ClientsTests.ImportCSVOpportunities1099SaleAgent.importCSVOpportunities1099SaleAgent() in d:\pegqa\TestAutomationProject\PegasusTests\Scripts\1099SaleAgent\ImportCSVOpportunities1099SaleAgent.cs:line 44
</StackTrace>
        </ErrorInfo>
      </Output>
    </UnitTestResult>
    <UnitTestResult executionId="5bc15b00-fc3b-44c3-8f18-f08ca59c2b45" testId="548eb0e3-21c4-4f0b-6b5a-58dc4d03c378" testName="importLeadCSV1099SaleAgent" computerName="USER-PC" duration="00:00:19.9092499" startTime="2015-08-10T21:28:37.3129292+05:30" endTime="2015-08-10T21:28:57.2230680+05:30" testType="13cdc9d9-ddb5-4fa4-a97d-d965ccfc6d4b" outcome="Failed" testListId="8c84fa94-04c1-424b-9868-57a2d4851a1d" relativeResultsDirectory="5bc15b00-fc3b-44c3-8f18-f08ca59c2b45">
      <Output>
        <StdOut>Logged in as: dnelms16 / dnelms16</StdOut>
        <ErrorInfo>
          <Message>Assert.IsTrue failed. </Message>
          <StackTrace>   at PegasusTests.PageHelper.Comm.DriverTestCase.VerifyTitle(String title) in d:\pegqa\TestAutomationProject\PegasusTests\PageHelper\Comm\DriverTestCase.cs:line 107
   at PegasusTests.Scripts.ClientsTests.ImportLeadCSV1099SaleAgent.importLeadCSV1099SaleAgent() in d:\pegqa\TestAutomationProject\PegasusTests\Scripts\1099SaleAgent\ImportLeadCSV1099SaleAgent.cs:line 44
</StackTrace>
        </ErrorInfo>
      </Output>
    </UnitTestResult>
    <UnitTestResult executionId="34f8f26d-a6d5-45c2-90a8-2b3d90963998" testId="eb95b563-6c8f-738d-73ea-9e48afb409f8" testName="importCSVClient1099SaleAgent" computerName="USER-PC" duration="00:00:21.0063562" startTime="2015-08-10T21:28:57.2230680+05:30" endTime="2015-08-10T21:29:18.2302695+05:30" testType="13cdc9d9-ddb5-4fa4-a97d-d965ccfc6d4b" outcome="Failed" testListId="8c84fa94-04c1-424b-9868-57a2d4851a1d" relativeResultsDirectory="34f8f26d-a6d5-45c2-90a8-2b3d90963998">
      <Output>
        <StdOut>Logged in as: dnelms16 / dnelms16</StdOut>
        <ErrorInfo>
          <Message>Assert.IsTrue failed. </Message>
          <StackTrace>   at PegasusTests.PageHelper.Comm.DriverTestCase.VerifyTitle(String title) in d:\pegqa\TestAutomationProject\PegasusTests\PageHelper\Comm\DriverTestCase.cs:line 107
   at PegasusTests.Scripts.ClientsTests.ImportCSVClient1099SaleAgent.importCSVClient1099SaleAgent() in d:\pegqa\TestAutomationProject\PegasusTests\Scripts\1099SaleAgent\ImportCSVClient1099SaleAgent.cs:line 44
</StackTrace>
        </ErrorInfo>
      </Output>
    </UnitTestResult>
    <UnitTestResult executionId="595429b7-b1e4-4fd0-b3c7-c410f5e0e04e" testId="f86c3330-00a8-424d-28ff-0ee2fe2002c8" testName="create1099SaleAgentLeads" computerName="USER-PC" duration="00:00:18.7884170" startTime="2015-08-10T21:29:18.2302695+05:30" endTime="2015-08-10T21:29:37.0203443+05:30" testType="13cdc9d9-ddb5-4fa4-a97d-d965ccfc6d4b" outcome="Failed" testListId="8c84fa94-04c1-424b-9868-57a2d4851a1d" relativeResultsDirectory="595429b7-b1e4-4fd0-b3c7-c410f5e0e04e">
      <Output>
        <StdOut>Logged in as: dnelms16 / dnelms16</StdOut>
        <ErrorInfo>
          <Message>Assert.IsTrue failed. </Message>
          <StackTrace>   at PegasusTests.PageHelper.Comm.DriverTestCase.VerifyTitle(String title) in d:\pegqa\TestAutomationProject\PegasusTests\PageHelper\Comm\DriverTestCase.cs:line 107
   at PegasusTests.Scripts.ClientsTests.Create1099SaleAgentLeads.create1099SaleAgentLeads() in d:\pegqa\TestAutomationProject\PegasusTests\Scripts\1099SaleAgent\Create1099SaleAgentLeads.cs:line 45
</StackTrace>
        </ErrorInfo>
      </Output>
    </UnitTestResult>
    <UnitTestResult executionId="0f20f64c-74af-4699-b79f-4af67372b4a8" testId="d24f2fae-89a0-1b3b-76b3-44baabcb5d6e" testName="verifyAllCompainesInClientOppLead" computerName="USER-PC" duration="00:00:18.9817126" startTime="2015-08-10T21:29:37.0203443+05:30" endTime="2015-08-10T21:29:56.0024300+05:30" testType="13cdc9d9-ddb5-4fa4-a97d-d965ccfc6d4b" outcome="Failed" testListId="8c84fa94-04c1-424b-9868-57a2d4851a1d" relativeResultsDirectory="0f20f64c-74af-4699-b79f-4af67372b4a8">
      <Output>
        <StdOut>Logged in as: dnelms16 / dnelms16</StdOut>
        <ErrorInfo>
          <Message>Assert.IsTrue failed. </Message>
          <StackTrace>   at PegasusTests.PageHelper.Comm.DriverTestCase.VerifyTitle(String title) in d:\pegqa\TestAutomationProject\PegasusTests\PageHelper\Comm\DriverTestCase.cs:line 107
   at PegasusTests.Scripts.ClientsTests.VerifyAllCompainesInClientOppLead.verifyAllCompainesInClientOppLead() in d:\pegqa\TestAutomationProject\PegasusTests\Scripts\1099SaleAgent\VerifyAllCompainesInClientOppLead.cs:line 37
</StackTrace>
        </ErrorInfo>
      </Output>
    </UnitTestResult>
    <UnitTestResult executionId="8f841a92-63fa-4ea1-a6fb-16f688598833" testId="648a1cba-e95b-959b-c7d9-e09e6e43f4f8" testName="create1099SaleAgentOpportunities" computerName="USER-PC" duration="00:00:18.8751676" startTime="2015-08-10T21:29:56.0024300+05:30" endTime="2015-08-10T21:30:14.8785096+05:30" testType="13cdc9d9-ddb5-4fa4-a97d-d965ccfc6d4b" outcome="Failed" testListId="8c84fa94-04c1-424b-9868-57a2d4851a1d" relativeResultsDirectory="8f841a92-63fa-4ea1-a6fb-16f688598833">
      <Output>
        <StdOut>Logged in as: dnelms16 / dnelms16</StdOut>
        <ErrorInfo>
          <Message>Assert.IsTrue failed. </Message>
          <StackTrace>   at PegasusTests.PageHelper.Comm.DriverTestCase.VerifyTitle(String title) in d:\pegqa\TestAutomationProject\PegasusTests\PageHelper\Comm\DriverTestCase.cs:line 107
   at PegasusTests.Scripts.ClientsTests.Create1099SaleAgentOpportunities.create1099SaleAgentOpportunities() in d:\pegqa\TestAutomationProject\PegasusTests\Scripts\1099SaleAgent\Create1099SaleAgentOpportunities.cs:line 37
</StackTrace>
        </ErrorInfo>
      </Output>
    </UnitTestResult>
    <UnitTestResult executionId="5ce85f02-9e0f-411c-b66a-b1f04be4bf1c" testId="a771f3bb-1db6-e6e4-01e7-f17c339df556" testName="addNotesAdmin" computerName="USER-PC" duration="00:01:06.5577091" startTime="2015-08-10T21:30:14.8785096+05:30" endTime="2015-08-10T21:31:21.4383166+05:30" testType="13cdc9d9-ddb5-4fa4-a97d-d965ccfc6d4b" outcome="Failed" testListId="8c84fa94-04c1-424b-9868-57a2d4851a1d" relativeResultsDirectory="5ce85f02-9e0f-411c-b66a-b1f04be4bf1c">
      <Output>
        <StdOut>Logged in as: AslamKhan / 1qaz!QAZ
Redirected at Dashboard screen.</StdOut>
        <ErrorInfo>
          <Message>Assert.IsTrue failed. </Message>
          <StackTrace>   at PegasusTests.PageHelper.Comm.DriverHelper.Click(String locator) in d:\pegqa\TestAutomationProject\PegasusTests\PageHelper\Comm\DriverHelper.cs:line 233
   at PegasusTests.PageHelper.AddNotesAdminHelper.ClickElement(String xmlNode) in d:\pegqa\TestAutomationProject\PegasusTests\PageHelper\AdminHelper\AddNotesAdminHelper.cs:line 57
   at PegasusTests.Scripts.ClientsTests.AddNotesAdmin.addNotesAdmin() in d:\pegqa\TestAutomationProject\PegasusTests\Scripts\Admin\AddNotesAdmin.cs:line 54
</StackTrace>
        </ErrorInfo>
      </Output>
    </UnitTestResult>
    <UnitTestResult executionId="2a690b74-e40e-4823-ae87-0268477ce197" testId="c0637c1d-f672-6fa8-3f85-f728e50bbc6c" testName="addDocumentAdmin" computerName="USER-PC" duration="00:01:08.5025305" startTime="2015-08-10T21:31:21.4383166+05:30" endTime="2015-08-10T21:32:29.9432349+05:30" testType="13cdc9d9-ddb5-4fa4-a97d-d965ccfc6d4b" outcome="Failed" testListId="8c84fa94-04c1-424b-9868-57a2d4851a1d" relativeResultsDirectory="2a690b74-e40e-4823-ae87-0268477ce197">
      <Output>
        <StdOut>Logged in as: AslamKhan / 1qaz!QAZ
Redirected at Dashboard screen.</StdOut>
        <ErrorInfo>
          <Message>Assert.IsTrue failed. </Message>
          <StackTrace>   at PegasusTests.PageHelper.Comm.DriverHelper.Click(String locator) in d:\pegqa\TestAutomationProject\PegasusTests\PageHelper\Comm\DriverHelper.cs:line 233
   at PegasusTests.PageHelper.AddDocumentAdminHelper.ClickElement(String xmlNode) in d:\pegqa\TestAutomationProject\PegasusTests\PageHelper\AdminHelper\AddDocumentAdminHelper.cs:line 57
   at PegasusTests.Scripts.ClientsTests.AddDocumentAdmin.addDocumentAdmin() in d:\pegqa\TestAutomationProject\PegasusTests\Scripts\Admin\AddDocumentAdmin.cs:line 49
</StackTrace>
        </ErrorInfo>
      </Output>
    </UnitTestResult>
    <UnitTestResult executionId="4832ae59-78f1-468b-8e54-290811802ef8" testId="f72bb24f-988c-3b43-a32f-158b98110281" testName="deleteVendor" computerName="USER-PC" duration="00:01:09.9886454" startTime="2015-08-10T21:32:29.9432349+05:30" endTime="2015-08-10T21:33:39.9332381+05:30" testType="13cdc9d9-ddb5-4fa4-a97d-d965ccfc6d4b" outcome="Failed" testListId="8c84fa94-04c1-424b-9868-57a2d4851a1d" relativeResultsDirectory="4832ae59-78f1-468b-8e54-290811802ef8">
      <Output>
        <StdOut>Logged in as: AslamKhan / 1qaz!QAZ
Redirected at Dashboard screen.</StdOut>
        <ErrorInfo>
          <Message>Assert.IsTrue failed. </Message>
          <StackTrace>   at PegasusTests.PageHelper.Comm.DriverHelper.Click(String locator) in d:\pegqa\TestAutomationProject\PegasusTests\PageHelper\Comm\DriverHelper.cs:line 233
   at PegasusTests.PageHelper.CreateVendorHelper.ClickElement(String xmlNode) in d:\pegqa\TestAutomationProject\PegasusTests\PageHelper\CreateVendorHelper.cs:line 50
   at PegasusTests.Scripts.Admin.DeleteVendor.deleteVendor() in d:\pegqa\TestAutomationProject\PegasusTests\Scripts\Admin\DeleteVendor.cs:line 45
</StackTrace>
        </ErrorInfo>
      </Output>
    </UnitTestResult>
    <UnitTestResult executionId="a800ace0-5e25-471c-a7c1-20f337ad5fcd" testId="cfb0f6ec-6ce9-745c-c7a5-163c7d6a42fb" testName="createClientSectionMasterData" computerName="USER-PC" duration="00:01:11.3630205" startTime="2015-08-10T21:33:39.9332381+05:30" endTime="2015-08-10T21:34:51.2983199+05:30" testType="13cdc9d9-ddb5-4fa4-a97d-d965ccfc6d4b" outcome="Failed" testListId="8c84fa94-04c1-424b-9868-57a2d4851a1d" relativeResultsDirectory="a800ace0-5e25-471c-a7c1-20f337ad5fcd">
      <Output>
        <StdOut>Logged in as: AslamKhan / 1qaz!QAZ
Redirected at Dashboard screen.</StdOut>
        <ErrorInfo>
          <Message>Assert.IsTrue failed. </Message>
          <StackTrace>   at PegasusTests.PageHelper.Comm.DriverHelper.Click(String locator) in d:\pegqa\TestAutomationProject\PegasusTests\PageHelper\Comm\DriverHelper.cs:line 233
   at PegasusTests.PageHelper.EditPrcingPlanHelperAdmin.ClickElement(String xmlNode) in d:\pegqa\TestAutomationProject\PegasusTests\PageHelper\AdminHelper\EditPrcingPlanHelperAdmin.cs:line 57
   at PegasusTests.Scripts.ClientsTests.CreateClientSectionMasterData.createClientSectionMasterData() in d:\pegqa\TestAutomationProject\PegasusTests\Scripts\Admin\CreateClientSectionMasterData.cs:line 65
</StackTrace>
        </ErrorInfo>
      </Output>
    </UnitTestResult>
    <UnitTestResult executionId="e3b5131f-6afd-4827-93f4-f3980e56f6a2" testId="b2792e2e-fd0d-2979-2990-af7b9f75f852" testName="createLeadsSectionMasterData" computerName="USER-PC" duration="00:01:39.1502276" startTime="2015-08-10T21:34:51.2983199+05:30" endTime="2015-08-10T21:36:30.4509911+05:30" testType="13cdc9d9-ddb5-4fa4-a97d-d965ccfc6d4b" outcome="Failed" testListId="8c84fa94-04c1-424b-9868-57a2d4851a1d" relativeResultsDirectory="e3b5131f-6afd-4827-93f4-f3980e56f6a2">
      <Output>
        <StdOut>Second URL: http://pegasus-test.info/selenium_corp/selenium_office
Logged in as: AslamKhan / 1qaz!QAZ
Redirected at Dashboard screen.</StdOut>
        <ErrorInfo>
          <Message>Assert.IsTrue failed. </Message>
          <StackTrace>   at PegasusTests.PageHelper.Comm.DriverHelper.Click(String locator) in d:\pegqa\TestAutomationProject\PegasusTests\PageHelper\Comm\DriverHelper.cs:line 233
   at PegasusTests.PageHelper.EditPrcingPlanHelperAdmin.ClickElement(String xmlNode) in d:\pegqa\TestAutomationProject\PegasusTests\PageHelper\AdminHelper\EditPrcingPlanHelperAdmin.cs:line 57
   at PegasusTests.Scripts.ClientsTests.CreateLeadsSectionMasterData.createLeadsSectionMasterData() in d:\pegqa\TestAutomationProject\PegasusTests\Scripts\Admin\CreateLeadsSectionMasterData.cs:line 56
</StackTrace>
        </ErrorInfo>
      </Output>
    </UnitTestResult>
    <UnitTestResult executionId="5e0ec70d-bef7-489b-94d9-afcbf3a2e96b" testId="4e87a394-78ea-6e75-6bbc-04fc2a824a8d" testName="createClientTabsMasterData" computerName="USER-PC" duration="00:01:12.0174672" startTime="2015-08-10T21:36:30.4519912+05:30" endTime="2015-08-10T21:37:42.4711105+05:30" testType="13cdc9d9-ddb5-4fa4-a97d-d965ccfc6d4b" outcome="Failed" testListId="8c84fa94-04c1-424b-9868-57a2d4851a1d" relativeResultsDirectory="5e0ec70d-bef7-489b-94d9-afcbf3a2e96b">
      <Output>
        <StdOut>Second URL: http://pegasus-test.info/selenium_corp/selenium_office
Logged in as: AslamKhan / 1qaz!QAZ
Redirected at Dashboard screen.</StdOut>
        <ErrorInfo>
          <Message>Assert.IsTrue failed. </Message>
          <StackTrace>   at PegasusTests.PageHelper.Comm.DriverHelper.Click(String locator) in d:\pegqa\TestAutomationProject\PegasusTests\PageHelper\Comm\DriverHelper.cs:line 233
   at PegasusTests.PageHelper.EditPrcingPlanHelperAdmin.ClickElement(String xmlNode) in d:\pegqa\TestAutomationProject\PegasusTests\PageHelper\AdminHelper\EditPrcingPlanHelperAdmin.cs:line 57
   at PegasusTests.Scripts.ClientsTests.CreateClientTabsMasterData.createClientTabsMasterData() in d:\pegqa\TestAutomationProject\PegasusTests\Scripts\Admin\CreateClientTabsMasterData.cs:line 58
</StackTrace>
        </ErrorInfo>
      </Output>
    </UnitTestResult>
    <UnitTestResult executionId="36073467-7737-4b47-9119-cf7397cd9c0d" testId="b781ea2d-3fa7-f022-b12b-7518aed4e80b" testName="createLeadsTabsMasterData" computerName="USER-PC" duration="00:01:16.7451416" startTime="2015-08-10T21:37:42.4711105+05:30" endTime="2015-08-10T21:38:59.2185002+05:30" testType="13cdc9d9-ddb5-4fa4-a97d-d965ccfc6d4b" outcome="Failed" testListId="8c84fa94-04c1-424b-9868-57a2d4851a1d" relativeResultsDirectory="36073467-7737-4b47-9119-cf7397cd9c0d">
      <Output>
        <StdOut>Second URL: http://pegasus-test.info/selenium_corp/selenium_office
Logged in as: AslamKhan / 1qaz!QAZ
Redirected at Dashboard screen.</StdOut>
        <ErrorInfo>
          <Message>Assert.IsTrue failed. </Message>
          <StackTrace>   at PegasusTests.PageHelper.Comm.DriverHelper.Click(String locator) in d:\pegqa\TestAutomationProject\PegasusTests\PageHelper\Comm\DriverHelper.cs:line 233
   at PegasusTests.PageHelper.EditPrcingPlanHelperAdmin.ClickElement(String xmlNode) in d:\pegqa\TestAutomationProject\PegasusTests\PageHelper\AdminHelper\EditPrcingPlanHelperAdmin.cs:line 57
   at PegasusTests.Scripts.ClientsTests.CreateLeadsTabsMasterData.createLeadsTabsMasterData() in d:\pegqa\TestAutomationProject\PegasusTests\Scripts\Admin\CreateLeadsTabsMasterData.cs:line 61
</StackTrace>
        </ErrorInfo>
      </Output>
    </UnitTestResult>
    <UnitTestResult executionId="2b648eeb-22f1-488e-aa9b-fde5cdf842ab" testId="388d959a-5d03-4ba2-ec94-49e207d35a92" testName="editPDFImportWizard" computerName="USER-PC" duration="00:01:22.4300289" startTime="2015-08-10T21:38:59.2185002+05:30" endTime="2015-08-10T21:40:21.6512150+05:30" testType="13cdc9d9-ddb5-4fa4-a97d-d965ccfc6d4b" outcome="Failed" testListId="8c84fa94-04c1-424b-9868-57a2d4851a1d" relativeResultsDirectory="2b648eeb-22f1-488e-aa9b-fde5cdf842ab">
      <Output>
        <StdOut>Logged in as: AslamKhan / 1qaz!QAZ
Redirected at Dashboard screen.</StdOut>
        <ErrorInfo>
          <Message>Assert.IsTrue failed. </Message>
          <StackTrace>   at PegasusTests.PageHelper.Comm.DriverHelper.Click(String locator) in d:\pegqa\TestAutomationProject\PegasusTests\PageHelper\Comm\DriverHelper.cs:line 233
   at PegasusTests.PageHelper.PDFImportWizardHelper.ClickElement(String xmlNode) in d:\pegqa\TestAutomationProject\PegasusTests\PageHelper\PDFImportWizardHelper.cs:line 56
   at PegasusTests.Scripts.ClientsTests.EditPDFImportWizard.editPDFImportWizard() in d:\pegqa\TestAutomationProject\PegasusTests\Scripts\Admin\EditPDFImportWizard.cs:line 53
</StackTrace>
        </ErrorInfo>
      </Output>
    </UnitTestResult>
    <UnitTestResult executionId="2ab373e8-3c5c-45b9-baed-d57e12163e58" testId="3ef6a145-6cdb-7d16-85c8-914d8ac1050f" testName="pDFImportWizard" computerName="USER-PC" duration="00:01:20.0391835" startTime="2015-08-10T21:40:21.6512150+05:30" endTime="2015-08-10T21:41:41.6927932+05:30" testType="13cdc9d9-ddb5-4fa4-a97d-d965ccfc6d4b" outcome="Failed" testListId="8c84fa94-04c1-424b-9868-57a2d4851a1d" relativeResultsDirectory="2ab373e8-3c5c-45b9-baed-d57e12163e58">
      <Output>
        <StdOut>Logged in as: AslamKhan / 1qaz!QAZ
Redirected at Dashboard screen.</StdOut>
        <ErrorInfo>
          <Message>Assert.IsTrue failed. </Message>
          <StackTrace>   at PegasusTests.PageHelper.Comm.DriverHelper.Click(String locator) in d:\pegqa\TestAutomationProject\PegasusTests\PageHelper\Comm\DriverHelper.cs:line 233
   at PegasusTests.PageHelper.PDFImportWizardHelper.ClickElement(String xmlNode) in d:\pegqa\TestAutomationProject\PegasusTests\PageHelper\PDFImportWizardHelper.cs:line 56
   at PegasusTests.Scripts.ClientsTests.PDFImportWizard.pDFImportWizard() in d:\pegqa\TestAutomationProject\PegasusTests\Scripts\Admin\PDFImportWizard.cs:line 53
</StackTrace>
        </ErrorInfo>
      </Output>
    </UnitTestResult>
    <UnitTestResult executionId="2fcd5cb4-4a24-4833-977e-7f939b7a082a" testId="7961822f-678f-5674-a904-a5bb09b936af" testName="sendVerificationOfficeUser" computerName="USER-PC" duration="00:01:14.9602049" startTime="2015-08-10T21:41:41.6927932+05:30" endTime="2015-08-10T21:42:56.6550808+05:30" testType="13cdc9d9-ddb5-4fa4-a97d-d965ccfc6d4b" outcome="Failed" testListId="8c84fa94-04c1-424b-9868-57a2d4851a1d" relativeResultsDirectory="2fcd5cb4-4a24-4833-977e-7f939b7a082a">
      <Output>
        <StdOut>Logged in as: AslamKhan / 1qaz!QAZ
Redirected at Dashboard screen.</StdOut>
        <ErrorInfo>
          <Message>Assert.IsTrue failed. </Message>
          <StackTrace>   at PegasusTests.PageHelper.Comm.DriverHelper.Click(String locator) in d:\pegqa\TestAutomationProject\PegasusTests\PageHelper\Comm\DriverHelper.cs:line 233
   at PegasusTests.PageHelper.ResetPasswordOfficeUserAdminHelper.ClickElement(String xmlNode) in d:\pegqa\TestAutomationProject\PegasusTests\PageHelper\AdminHelper\ResetPasswordOfficeUserAdminHelper.cs:line 57
   at PegasusTests.Scripts.ClientsTests.SendVerificationOfficeUser.sendVerificationOfficeUser() in d:\pegqa\TestAutomationProject\PegasusTests\Scripts\Admin\SendVerificationOfficeUser.cs:line 54
</StackTrace>
        </ErrorInfo>
      </Output>
    </UnitTestResult>
    <UnitTestResult executionId="2fc835bd-0d6d-4cf3-b8de-80acbfbca723" testId="efe6a825-39bd-2033-8402-8c8b5885a109" testName="resetPasswordOfficeUser" computerName="USER-PC" duration="00:01:56.6227657" startTime="2015-08-10T21:42:56.6550808+05:30" endTime="2015-08-10T21:44:53.2807514+05:30" testType="13cdc9d9-ddb5-4fa4-a97d-d965ccfc6d4b" outcome="Failed" testListId="8c84fa94-04c1-424b-9868-57a2d4851a1d" relativeResultsDirectory="2fc835bd-0d6d-4cf3-b8de-80acbfbca723">
      <Output>
        <StdOut>Logged in as: AslamKhan / 1qaz!QAZ
Redirected at Dashboard screen.</StdOut>
        <ErrorInfo>
          <Message>Assert.IsTrue failed. </Message>
          <StackTrace>   at PegasusTests.PageHelper.Comm.DriverHelper.Click(String locator) in d:\pegqa\TestAutomationProject\PegasusTests\PageHelper\Comm\DriverHelper.cs:line 233
   at PegasusTests.PageHelper.ResetPasswordOfficeUserAdminHelper.ClickElement(String xmlNode) in d:\pegqa\TestAutomationProject\PegasusTests\PageHelper\AdminHelper\ResetPasswordOfficeUserAdminHelper.cs:line 57
   at PegasusTests.Scripts.ClientsTests.ResetPasswordOfficeUser.resetPasswordOfficeUser() in d:\pegqa\TestAutomationProject\PegasusTests\Scripts\Admin\ResetPasswordOfficeUser.cs:line 54
</StackTrace>
        </ErrorInfo>
      </Output>
    </UnitTestResult>
    <UnitTestResult executionId="ad301ad0-86c3-4a9a-a8d8-d34535bb6aa6" testId="9db6b81e-8fd2-b76a-e77b-2dadb0a8d54d" testName="editPricingPlanAdmin" computerName="USER-PC" duration="00:01:35.2539818" startTime="2015-08-10T21:44:53.2807514+05:30" endTime="2015-08-10T21:46:28.5371997+05:30" testType="13cdc9d9-ddb5-4fa4-a97d-d965ccfc6d4b" outcome="Failed" testListId="8c84fa94-04c1-424b-9868-57a2d4851a1d" relativeResultsDirectory="ad301ad0-86c3-4a9a-a8d8-d34535bb6aa6">
      <Output>
        <StdOut>Logged in as: AslamKhan / 1qaz!QAZ
Redirected at Dashboard screen.</StdOut>
        <ErrorInfo>
          <Message>Assert.IsTrue failed. </Message>
          <StackTrace>   at PegasusTests.PageHelper.Comm.DriverHelper.Click(String locator) in d:\pegqa\TestAutomationProject\PegasusTests\PageHelper\Comm\DriverHelper.cs:line 233
   at PegasusTests.PageHelper.EditPrcingPlanHelperAdmin.ClickElement(String xmlNode) in d:\pegqa\TestAutomationProject\PegasusTests\PageHelper\AdminHelper\EditPrcingPlanHelperAdmin.cs:line 57
   at PegasusTests.Scripts.ClientsTests.EditPricingPlanAdmin.editPricingPlanAdmin() in d:\pegqa\TestAutomationProject\PegasusTests\Scripts\Admin\EditPricingPlanAdmin.cs:line 54
</StackTrace>
        </ErrorInfo>
      </Output>
    </UnitTestResult>
    <UnitTestResult executionId="775c652c-9a35-479b-a66f-76bd5fa1eada" testId="a8c75908-ddb6-1db2-d0ba-4ed86c0e0e1c" testName="editDepartmentOffice" computerName="USER-PC" duration="00:01:53.4294916" startTime="2015-08-10T21:46:28.5381998+05:30" endTime="2015-08-10T21:48:21.9696877+05:30" testType="13cdc9d9-ddb5-4fa4-a97d-d965ccfc6d4b" outcome="Failed" testListId="8c84fa94-04c1-424b-9868-57a2d4851a1d" relativeResultsDirectory="775c652c-9a35-479b-a66f-76bd5fa1eada">
      <Output>
        <StdOut>Logged in as: AslamKhan / 1qaz!QAZ
Redirected at Dashboard screen.</StdOut>
        <ErrorInfo>
          <Message>Assert.IsTrue failed. </Message>
          <StackTrace>   at PegasusTests.PageHelper.Comm.DriverHelper.Click(String locator) in d:\pegqa\TestAutomationProject\PegasusTests\PageHelper\Comm\DriverHelper.cs:line 233
   at PegasusTests.PageHelper.EditDepartmentHelper.ClickElement(String xmlNode) in d:\pegqa\TestAutomationProject\PegasusTests\PageHelper\AdminHelper\EditDepartmentHelper.cs:line 57
   at PegasusTests.Scripts.ClientsTests.EditDepartmentOffice.editDepartmentOffice() in d:\pegqa\TestAutomationProject\PegasusTests\Scripts\Admin\EditDepartmentOffice.cs:line 54
</StackTrace>
        </ErrorInfo>
      </Output>
    </UnitTestResult>
    <UnitTestResult executionId="5d689505-4214-4b4c-8eb4-fd50e98107b4" testId="8c11438e-5f1c-d5e5-c11f-9bcfbcbfb539" testName="editIframeIntegration" computerName="USER-PC" duration="00:01:34.3021591" startTime="2015-08-10T21:48:21.9706877+05:30" endTime="2015-08-10T21:49:56.2750817+05:30" testType="13cdc9d9-ddb5-4fa4-a97d-d965ccfc6d4b" outcome="Failed" testListId="8c84fa94-04c1-424b-9868-57a2d4851a1d" relativeResultsDirectory="5d689505-4214-4b4c-8eb4-fd50e98107b4">
      <Output>
        <StdOut>Logged in as: AslamKhan / 1qaz!QAZ
Redirected at Dashboard screen.</StdOut>
        <ErrorInfo>
          <Message>Assert.IsTrue failed. </Message>
          <StackTrace>   at PegasusTests.PageHelper.Comm.DriverHelper.Click(String locator) in d:\pegqa\TestAutomationProject\PegasusTests\PageHelper\Comm\DriverHelper.cs:line 233
   at PegasusTests.PageHelper.EditIframeAdminHelper.ClickElement(String xmlNode) in d:\pegqa\TestAutomationProject\PegasusTests\PageHelper\AdminHelper\EditIframeAdminHelper.cs:line 57
   at PegasusTests.Scripts.ClientsTests.EditIframeIntegration.editIframeIntegration() in d:\pegqa\TestAutomationProject\PegasusTests\Scripts\Admin\EditIframeIntegration.cs:line 53
</StackTrace>
        </ErrorInfo>
      </Output>
    </UnitTestResult>
    <UnitTestResult executionId="4f227f4f-54c4-4dea-bdd9-568af70b9bf1" testId="cb77648c-7227-f42f-ea63-16ebd87b0329" testName="createRatesAndFeesAdmin" computerName="USER-PC" duration="00:02:45.6224747" startTime="2015-08-10T21:49:56.2750817+05:30" endTime="2015-08-10T21:52:41.9015549+05:30" testType="13cdc9d9-ddb5-4fa4-a97d-d965ccfc6d4b" outcome="Failed" testListId="8c84fa94-04c1-424b-9868-57a2d4851a1d" relativeResultsDirectory="4f227f4f-54c4-4dea-bdd9-568af70b9bf1">
      <Output>
        <StdOut>Logged in as: AslamKhan / 1qaz!QAZ
Redirected at Dashboard screen.</StdOut>
        <ErrorInfo>
          <Message>Assert.IsTrue failed. </Message>
          <StackTrace>   at PegasusTests.PageHelper.Comm.DriverHelper.Click(String locator) in d:\pegqa\TestAutomationProject\PegasusTests\PageHelper\Comm\DriverHelper.cs:line 233
   at PegasusTests.PageHelper.CreateRatesAndFeesAdminHelper.ClickElement(String xmlNode) in d:\pegqa\TestAutomationProject\PegasusTests\PageHelper\AdminHelper\CreateRatesAndFeesAdminHelper.cs:line 57
   at PegasusTests.Scripts.ClientsTests.CreateRatesAndFeesAdmin.createRatesAndFeesAdmin() in d:\pegqa\TestAutomationProject\PegasusTests\Scripts\Admin\CreateRatesAndFeesAdmin.cs:line 51
</StackTrace>
        </ErrorInfo>
      </Output>
    </UnitTestResult>
    <UnitTestResult executionId="77651fe2-d8d5-4f2f-9e37-32155d7c169c" testId="41bdd9db-f1be-28f2-1c70-9ac0e9297039" testName="viewSendEmailAdmin" computerName="USER-PC" duration="00:01:16.9873973" startTime="2015-08-10T21:52:41.9015549+05:30" endTime="2015-08-10T21:53:58.8909585+05:30" testType="13cdc9d9-ddb5-4fa4-a97d-d965ccfc6d4b" outcome="Failed" testListId="8c84fa94-04c1-424b-9868-57a2d4851a1d" relativeResultsDirectory="77651fe2-d8d5-4f2f-9e37-32155d7c169c">
      <Output>
        <StdOut>Logged in as: AslamKhan / 1qaz!QAZ
Redirected at Dashboard screen.</StdOut>
        <ErrorInfo>
          <Message>Assert.IsTrue failed. </Message>
          <StackTrace>   at PegasusTests.PageHelper.Comm.DriverHelper.Click(String locator) in d:\pegqa\TestAutomationProject\PegasusTests\PageHelper\Comm\DriverHelper.cs:line 233
   at PegasusTests.PageHelper.EditEmailAdminHelper.ClickElement(String xmlNode) in d:\pegqa\TestAutomationProject\PegasusTests\PageHelper\AdminHelper\EditEmailAdminHelper.cs:line 57
   at PegasusTests.Scripts.ClientsTests.ViewSendEmailAdmin.viewSendEmailAdmin() in d:\pegqa\TestAutomationProject\PegasusTests\Scripts\Admin\ViewSendEmailAdmin.cs:line 54
</StackTrace>
        </ErrorInfo>
      </Output>
    </UnitTestResult>
    <UnitTestResult executionId="d18df533-26dc-462b-a322-f093158d5f80" testId="6e9f5d23-2e28-868d-db40-1911d5df9da8" testName="sendEmailAdmin" computerName="USER-PC" duration="00:01:31.9616001" startTime="2015-08-10T21:53:58.8919585+05:30" endTime="2015-08-10T21:55:30.8552185+05:30" testType="13cdc9d9-ddb5-4fa4-a97d-d965ccfc6d4b" outcome="Failed" testListId="8c84fa94-04c1-424b-9868-57a2d4851a1d" relativeResultsDirectory="d18df533-26dc-462b-a322-f093158d5f80">
      <Output>
        <StdOut>Logged in as: AslamKhan / 1qaz!QAZ
Redirected at Dashboard screen.</StdOut>
        <ErrorInfo>
          <Message>Assert.IsTrue failed. </Message>
          <StackTrace>   at PegasusTests.PageHelper.Comm.DriverHelper.Click(String locator) in d:\pegqa\TestAutomationProject\PegasusTests\PageHelper\Comm\DriverHelper.cs:line 233
   at PegasusTests.PageHelper.SendEmailAdminHelper.ClickElement(String xmlNode) in d:\pegqa\TestAutomationProject\PegasusTests\PageHelper\AdminHelper\SendEmailAdminHelper.cs:line 57
   at PegasusTests.Scripts.ClientsTests.SendEmailAdmin.sendEmailAdmin() in d:\pegqa\TestAutomationProject\PegasusTests\Scripts\Admin\SendEmailAdmin.cs:line 54
</StackTrace>
        </ErrorInfo>
      </Output>
    </UnitTestResult>
    <UnitTestResult executionId="4978e2bf-bad6-4b02-8032-469175a2c1e9" testId="d0bebc65-f4fa-af8b-e0d2-05b40daf4c87" testName="editNewMeeting" computerName="USER-PC" duration="00:02:02.3702297" startTime="2015-08-10T21:55:30.8562186+05:30" endTime="2015-08-10T21:57:33.2292179+05:30" testType="13cdc9d9-ddb5-4fa4-a97d-d965ccfc6d4b" outcome="Failed" testListId="8c84fa94-04c1-424b-9868-57a2d4851a1d" relativeResultsDirectory="4978e2bf-bad6-4b02-8032-469175a2c1e9">
      <Output>
        <StdOut>Logged in as: AslamKhan / 1qaz!QAZ
Redirected at Dashboard screen.</StdOut>
        <ErrorInfo>
          <Message>Assert.IsTrue failed. </Message>
          <StackTrace>   at PegasusTests.PageHelper.Comm.DriverHelper.Click(String locator) in d:\pegqa\TestAutomationProject\PegasusTests\PageHelper\Comm\DriverHelper.cs:line 233
   at PegasusTests.PageHelper.EditNewMeetingAdminHelper.ClickElement(String xmlNode) in d:\pegqa\TestAutomationProject\PegasusTests\PageHelper\AdminHelper\EditNewMeetingAdminHelper.cs:line 57
   at PegasusTests.Scripts.ClientsTests.EditNewMeeting.editNewMeeting() in d:\pegqa\TestAutomationProject\PegasusTests\Scripts\Admin\EditNewMeeting.cs:line 54
</StackTrace>
        </ErrorInfo>
      </Output>
    </UnitTestResult>
    <UnitTestResult executionId="c0915242-8955-448a-9dca-7cab4369c481" testId="9bfe4665-9ab1-3e46-343e-9a00c4adbced" testName="newMeetingAdmin" computerName="USER-PC" duration="00:01:09.0505506" startTime="2015-08-10T21:57:33.2292179+05:30" endTime="2015-08-10T21:58:42.2811675+05:30" testType="13cdc9d9-ddb5-4fa4-a97d-d965ccfc6d4b" outcome="Failed" testListId="8c84fa94-04c1-424b-9868-57a2d4851a1d" relativeResultsDirectory="c0915242-8955-448a-9dca-7cab4369c481">
      <Output>
        <StdOut>Logged in as: AslamKhan / 1qaz!QAZ
Redirected at Dashboard screen.</StdOut>
        <ErrorInfo>
          <Message>Assert.IsTrue failed. </Message>
          <StackTrace>   at PegasusTests.PageHelper.Comm.DriverHelper.Click(String locator) in d:\pegqa\TestAutomationProject\PegasusTests\PageHelper\Comm\DriverHelper.cs:line 233
   at PegasusTests.PageHelper.NewMeetingAdminHelper.ClickElement(String xmlNode) in d:\pegqa\TestAutomationProject\PegasusTests\PageHelper\AdminHelper\NewMeetingAdminHelper.cs:line 57
   at PegasusTests.Scripts.ClientsTests.NewMeetingAdmin.newMeetingAdmin() in d:\pegqa\TestAutomationProject\PegasusTests\Scripts\Admin\NewMeetingAdmin.cs:line 54
</StackTrace>
        </ErrorInfo>
      </Output>
    </UnitTestResult>
    <UnitTestResult executionId="aa421f9f-7d63-414d-9f8f-10d6f2681e32" testId="afce73ee-a588-ccf1-fcca-4853aba2fc38" testName="editNewTask" computerName="USER-PC" duration="00:01:20.8004548" startTime="2015-08-10T21:58:42.2821675+05:30" endTime="2015-08-10T22:00:03.0847892+05:30" testType="13cdc9d9-ddb5-4fa4-a97d-d965ccfc6d4b" outcome="Failed" testListId="8c84fa94-04c1-424b-9868-57a2d4851a1d" relativeResultsDirectory="aa421f9f-7d63-414d-9f8f-10d6f2681e32">
      <Output>
        <StdOut>Logged in as: AslamKhan / 1qaz!QAZ
Redirected at Dashboard screen.</StdOut>
        <ErrorInfo>
          <Message>Assert.IsTrue failed. </Message>
          <StackTrace>   at PegasusTests.PageHelper.Comm.DriverHelper.Click(String locator) in d:\pegqa\TestAutomationProject\PegasusTests\PageHelper\Comm\DriverHelper.cs:line 233
   at PegasusTests.PageHelper.EditNewTaskAdminHelper.ClickElement(String xmlNode) in d:\pegqa\TestAutomationProject\PegasusTests\PageHelper\AdminHelper\EditNewTaskAdminHelper.cs:line 57
   at PegasusTests.Scripts.ClientsTests.EditNewTask.editNewTask() in d:\pegqa\TestAutomationProject\PegasusTests\Scripts\Admin\EditNewTask.cs:line 54
</StackTrace>
        </ErrorInfo>
      </Output>
    </UnitTestResult>
    <UnitTestResult executionId="22057306-678d-4904-b94e-8bf1f159f137" testId="2ee955ab-0aad-78d1-b0ae-7df1d253f8b5" testName="createNewTaskAdmin" computerName="USER-PC" duration="00:01:45.9298296" startTime="2015-08-10T22:00:03.0847892+05:30" endTime="2015-08-10T22:01:49.0178482+05:30" testType="13cdc9d9-ddb5-4fa4-a97d-d965ccfc6d4b" outcome="Failed" testListId="8c84fa94-04c1-424b-9868-57a2d4851a1d" relativeResultsDirectory="22057306-678d-4904-b94e-8bf1f159f137">
      <Output>
        <StdOut>Logged in as: AslamKhan / 1qaz!QAZ
Redirected at Dashboard screen.</StdOut>
        <ErrorInfo>
          <Message>Assert.IsTrue failed. </Message>
          <StackTrace>   at PegasusTests.PageHelper.Comm.DriverHelper.Click(String locator) in d:\pegqa\TestAutomationProject\PegasusTests\PageHelper\Comm\DriverHelper.cs:line 233
   at PegasusTests.PageHelper.NewTaskAdminHelper.ClickElement(String xmlNode) in d:\pegqa\TestAutomationProject\PegasusTests\PageHelper\AdminHelper\NewTaskAdminHelper.cs:line 57
   at PegasusTests.Scripts.ClientsTests.CreateNewTaskAdmin.createNewTaskAdmin() in d:\pegqa\TestAutomationProject\PegasusTests\Scripts\Admin\CreateNewTaskAdmin.cs:line 54
</StackTrace>
        </ErrorInfo>
      </Output>
    </UnitTestResult>
    <UnitTestResult executionId="551b6a1f-107d-426d-8a0e-34e4e0ffa0a6" testId="b6c4f62d-fa46-344a-7812-5ffe0ca1743e" testName="editNotesAdmin" computerName="USER-PC" duration="00:01:06.2165614" startTime="2015-08-10T22:01:49.0178482+05:30" endTime="2015-08-10T22:02:55.2356356+05:30" testType="13cdc9d9-ddb5-4fa4-a97d-d965ccfc6d4b" outcome="Failed" testListId="8c84fa94-04c1-424b-9868-57a2d4851a1d" relativeResultsDirectory="551b6a1f-107d-426d-8a0e-34e4e0ffa0a6">
      <Output>
        <StdOut>Logged in as: AslamKhan / 1qaz!QAZ
Redirected at Dashboard screen.</StdOut>
        <ErrorInfo>
          <Message>Assert.IsTrue failed. </Message>
          <StackTrace>   at PegasusTests.PageHelper.Comm.DriverHelper.Click(String locator) in d:\pegqa\TestAutomationProject\PegasusTests\PageHelper\Comm\DriverHelper.cs:line 233
   at PegasusTests.PageHelper.EditAddNotesAdminHelper.ClickElement(String xmlNode) in d:\pegqa\TestAutomationProject\PegasusTests\PageHelper\AdminHelper\EditAddNotesAdminHelper.cs:line 57
   at PegasusTests.Scripts.ClientsTests.EditNotesAdmin.editNotesAdmin() in d:\pegqa\TestAutomationProject\PegasusTests\Scripts\Admin\EditNotesAdmin.cs:line 54
</StackTrace>
        </ErrorInfo>
      </Output>
    </UnitTestResult>
    <UnitTestResult executionId="b0f17ece-6fec-4e98-a902-36f8a6e6a807" testId="3d62c0a4-6403-3cdf-9081-3e638f24e9d8" testName="editEquipment" computerName="USER-PC" duration="00:01:06.8127344" startTime="2015-08-10T22:02:55.2366357+05:30" endTime="2015-08-10T22:04:02.0504572+05:30" testType="13cdc9d9-ddb5-4fa4-a97d-d965ccfc6d4b" outcome="Failed" testListId="8c84fa94-04c1-424b-9868-57a2d4851a1d" relativeResultsDirectory="b0f17ece-6fec-4e98-a902-36f8a6e6a807">
      <Output>
        <StdOut>Logged in as: AslamKhan / 1qaz!QAZ
Redirected at Dashboard screen.</StdOut>
        <ErrorInfo>
          <Message>Assert.IsTrue failed. </Message>
          <StackTrace>   at PegasusTests.PageHelper.Comm.DriverHelper.Click(String locator) in d:\pegqa\TestAutomationProject\PegasusTests\PageHelper\Comm\DriverHelper.cs:line 233
   at PegasusTests.PageHelper.EditEquipmentAdminHelper.ClickElement(String xmlNode) in d:\pegqa\TestAutomationProject\PegasusTests\PageHelper\AdminHelper\EditEquipmentAdminHelper.cs:line 57
   at PegasusTests.Scripts.ClientsTests.EditEquipment.editEquipment() in d:\pegqa\TestAutomationProject\PegasusTests\Scripts\Admin\EditEquipment.cs:line 54
</StackTrace>
        </ErrorInfo>
      </Output>
    </UnitTestResult>
    <UnitTestResult executionId="002e2b84-5591-4013-88db-9c9bdef3d1d4" testId="7514df2c-13cf-e9df-04e2-8ac441203afd" testName="createEquipments" computerName="USER-PC" duration="00:01:09.2730038" startTime="2015-08-10T22:04:02.0504572+05:30" endTime="2015-08-10T22:05:11.3254195+05:30" testType="13cdc9d9-ddb5-4fa4-a97d-d965ccfc6d4b" outcome="Failed" testListId="8c84fa94-04c1-424b-9868-57a2d4851a1d" relativeResultsDirectory="002e2b84-5591-4013-88db-9c9bdef3d1d4">
      <Output>
        <StdOut>Logged in as: AslamKhan / 1qaz!QAZ
Redirected at Dashboard screen.</StdOut>
        <ErrorInfo>
          <Message>Assert.IsTrue failed. </Message>
          <StackTrace>   at PegasusTests.PageHelper.Comm.DriverHelper.Click(String locator) in d:\pegqa\TestAutomationProject\PegasusTests\PageHelper\Comm\DriverHelper.cs:line 233
   at PegasusTests.PageHelper.CreateEquipmentAdminHelper.ClickElement(String xmlNode) in d:\pegqa\TestAutomationProject\PegasusTests\PageHelper\AdminHelper\CreateEquipmentAdminHelper.cs:line 50
   at PegasusTests.Scripts.ClientsTests.CreateEquipments.createEquipments() in d:\pegqa\TestAutomationProject\PegasusTests\Scripts\Admin\CreateEquipments.cs:line 54
</StackTrace>
        </ErrorInfo>
      </Output>
    </UnitTestResult>
    <UnitTestResult executionId="312373f8-ca50-4ba8-99c5-29b551f96d17" testId="5ca045f6-44b7-6b2b-7bb1-9d718f9fdc30" testName="editDownloadIds" computerName="USER-PC" duration="00:01:07.1466292" startTime="2015-08-10T22:05:11.3264196+05:30" endTime="2015-08-10T22:06:18.4742602+05:30" testType="13cdc9d9-ddb5-4fa4-a97d-d965ccfc6d4b" outcome="Failed" testListId="8c84fa94-04c1-424b-9868-57a2d4851a1d" relativeResultsDirectory="312373f8-ca50-4ba8-99c5-29b551f96d17">
      <Output>
        <StdOut>Logged in as: AslamKhan / 1qaz!QAZ
Redirected at Dashboard screen.</StdOut>
        <ErrorInfo>
          <Message>Assert.IsTrue failed. </Message>
          <StackTrace>   at PegasusTests.PageHelper.Comm.DriverHelper.Click(String locator) in d:\pegqa\TestAutomationProject\PegasusTests\PageHelper\Comm\DriverHelper.cs:line 233
   at PegasusTests.PageHelper.EditDownloadIdsHelper.ClickElement(String xmlNode) in d:\pegqa\TestAutomationProject\PegasusTests\PageHelper\AdminHelper\EditDownloadIdsHelper.cs:line 57
   at PegasusTests.Scripts.ClientsTests.EditDownloadIds.editDownloadIds() in d:\pegqa\TestAutomationProject\PegasusTests\Scripts\Admin\EditDownloadIds.cs:line 54
</StackTrace>
        </ErrorInfo>
      </Output>
    </UnitTestResult>
    <UnitTestResult executionId="68c50479-c33e-4edf-a4e3-34d60c3f16fb" testId="e37eaedf-50d8-e5ef-128a-2e0b1db615e2" testName="editShippingCarriers" computerName="USER-PC" duration="00:01:21.7656662" startTime="2015-08-10T22:06:18.4752603+05:30" endTime="2015-08-10T22:07:40.2439372+05:30" testType="13cdc9d9-ddb5-4fa4-a97d-d965ccfc6d4b" outcome="Failed" testListId="8c84fa94-04c1-424b-9868-57a2d4851a1d" relativeResultsDirectory="68c50479-c33e-4edf-a4e3-34d60c3f16fb">
      <Output>
        <StdOut>Logged in as: AslamKhan / 1qaz!QAZ
Redirected at Dashboard screen.</StdOut>
        <ErrorInfo>
          <Message>Assert.IsTrue failed. </Message>
          <StackTrace>   at PegasusTests.PageHelper.Comm.DriverHelper.Click(String locator) in d:\pegqa\TestAutomationProject\PegasusTests\PageHelper\Comm\DriverHelper.cs:line 233
   at PegasusTests.PageHelper.EditShippingCarrierHelper.ClickElement(String xmlNode) in d:\pegqa\TestAutomationProject\PegasusTests\PageHelper\AdminHelper\EditShippingCarrierHelper.cs:line 57
   at PegasusTests.Scripts.ClientsTests.EditShippingCarriers.editShippingCarriers() in d:\pegqa\TestAutomationProject\PegasusTests\Scripts\Admin\EditShippingCarriers.cs:line 53
</StackTrace>
        </ErrorInfo>
      </Output>
    </UnitTestResult>
    <UnitTestResult executionId="0d01cc4b-1bcc-4176-8e22-83f030c08f32" testId="ad688757-ac0d-7155-c13f-c5720bbaf750" testName="editProductCategories" computerName="USER-PC" duration="00:01:06.1331684" startTime="2015-08-10T22:07:40.2439372+05:30" endTime="2015-08-10T22:08:46.3787199+05:30" testType="13cdc9d9-ddb5-4fa4-a97d-d965ccfc6d4b" outcome="Failed" testListId="8c84fa94-04c1-424b-9868-57a2d4851a1d" relativeResultsDirectory="0d01cc4b-1bcc-4176-8e22-83f030c08f32">
      <Output>
        <StdOut>Logged in as: AslamKhan / 1qaz!QAZ
Redirected at Dashboard screen.</StdOut>
        <ErrorInfo>
          <Message>Assert.IsTrue failed. </Message>
          <StackTrace>   at PegasusTests.PageHelper.Comm.DriverHelper.Click(String locator) in d:\pegqa\TestAutomationProject\PegasusTests\PageHelper\Comm\DriverHelper.cs:line 233
   at PegasusTests.PageHelper.CreateProductsCategoryHelper.ClickElement(String xmlNode) in d:\pegqa\TestAutomationProject\PegasusTests\PageHelper\CreateProductsCategoryHelper.cs:line 50
   at PegasusTests.Scripts.ClientsTests.EditProductCategories.editProductCategories() in d:\pegqa\TestAutomationProject\PegasusTests\Scripts\Admin\EditProductCategories.cs:line 53
</StackTrace>
        </ErrorInfo>
      </Output>
    </UnitTestResult>
    <UnitTestResult executionId="2d4001c5-622a-4a4f-ae11-a417d050b1f3" testId="219eb49f-ecb5-ec1f-81c5-0809faec76b7" testName="editProducts" computerName="USER-PC" duration="00:01:16.5853396" startTime="2015-08-10T22:08:46.3787199+05:30" endTime="2015-08-10T22:10:02.9661004+05:30" testType="13cdc9d9-ddb5-4fa4-a97d-d965ccfc6d4b" outcome="Failed" testListId="8c84fa94-04c1-424b-9868-57a2d4851a1d" relativeResultsDirectory="2d4001c5-622a-4a4f-ae11-a417d050b1f3">
      <Output>
        <StdOut>Logged in as: AslamKhan / 1qaz!QAZ
Redirected at Dashboard screen.</StdOut>
        <ErrorInfo>
          <Message>Assert.IsTrue failed. </Message>
          <StackTrace>   at PegasusTests.PageHelper.Comm.DriverHelper.Click(String locator) in d:\pegqa\TestAutomationProject\PegasusTests\PageHelper\Comm\DriverHelper.cs:line 233
   at PegasusTests.PageHelper.EditProductsHelperAdmin.ClickElement(String xmlNode) in d:\pegqa\TestAutomationProject\PegasusTests\PageHelper\AdminHelper\EditProductsHelperAdmin.cs:line 57
   at PegasusTests.Scripts.ClientsTests.EditProducts.editProducts() in d:\pegqa\TestAutomationProject\PegasusTests\Scripts\Admin\EditProducts.cs:line 53
</StackTrace>
        </ErrorInfo>
      </Output>
    </UnitTestResult>
    <UnitTestResult executionId="1f3627f7-a541-410e-878c-b76de752a07e" testId="1314e3d5-b5cd-529d-9e47-2cbdecfcb69a" testName="createSystemSchedular" computerName="USER-PC" duration="00:01:07.3678498" startTime="2015-08-10T22:10:02.9661004+05:30" endTime="2015-08-10T22:11:10.3359538+05:30" testType="13cdc9d9-ddb5-4fa4-a97d-d965ccfc6d4b" outcome="Failed" testListId="8c84fa94-04c1-424b-9868-57a2d4851a1d" relativeResultsDirectory="1f3627f7-a541-410e-878c-b76de752a07e">
      <Output>
        <StdOut>Logged in as: AslamKhan / 1qaz!QAZ
Redirected at Dashboard screen.</StdOut>
        <ErrorInfo>
          <Message>Assert.IsTrue failed. </Message>
          <StackTrace>   at PegasusTests.PageHelper.Comm.DriverHelper.Click(String locator) in d:\pegqa\TestAutomationProject\PegasusTests\PageHelper\Comm\DriverHelper.cs:line 233
   at PegasusTests.PageHelper.CreateSystemSchedularHelper.ClickElement(String xmlNode) in d:\pegqa\TestAutomationProject\PegasusTests\PageHelper\AdminHelper\CreateSystemSchedularHelper.cs:line 57
   at PegasusTests.Scripts.ClientsTests.CreateSystemSchedular.createSystemSchedular() in d:\pegqa\TestAutomationProject\PegasusTests\Scripts\Admin\CreateSystemSchedular.cs:line 54
</StackTrace>
        </ErrorInfo>
      </Output>
    </UnitTestResult>
    <UnitTestResult executionId="1ba0af5d-d95a-4eb8-af01-9a37b12a98cb" testId="5405a815-87a0-bc5b-eafb-f4ef78ae58c0" testName="createOmahaAuthGrip" computerName="USER-PC" duration="00:01:08.1784326" startTime="2015-08-10T22:11:10.3369538+05:30" endTime="2015-08-10T22:12:18.5168535+05:30" testType="13cdc9d9-ddb5-4fa4-a97d-d965ccfc6d4b" outcome="Failed" testListId="8c84fa94-04c1-424b-9868-57a2d4851a1d" relativeResultsDirectory="1ba0af5d-d95a-4eb8-af01-9a37b12a98cb">
      <Output>
        <StdOut>Logged in as: AslamKhan / 1qaz!QAZ
Redirected at Dashboard screen.</StdOut>
        <ErrorInfo>
          <Message>Assert.IsTrue failed. </Message>
          <StackTrace>   at PegasusTests.PageHelper.Comm.DriverHelper.Click(String locator) in d:\pegqa\TestAutomationProject\PegasusTests\PageHelper\Comm\DriverHelper.cs:line 233
   at PegasusTests.PageHelper.CreateOmahaAuthGripHelper.ClickElement(String xmlNode) in d:\pegqa\TestAutomationProject\PegasusTests\PageHelper\CreateOmahaAuthGripHelper.cs:line 57
   at PegasusTests.Scripts.ClientsTests.CreateOmahaAuthGrip.createOmahaAuthGrip() in d:\pegqa\TestAutomationProject\PegasusTests\Scripts\Admin\CreateOmahaAuthGrip.cs:line 54
</StackTrace>
        </ErrorInfo>
      </Output>
    </UnitTestResult>
    <UnitTestResult executionId="171f537f-11ba-4f28-969e-dda6f8e7b7e5" testId="b48476c2-2032-d43e-7048-725cc526318f" testName="createAdminProcessor" computerName="USER-PC" duration="00:01:07.5746508" startTime="2015-08-10T22:12:18.5168535+05:30" endTime="2015-08-10T22:13:26.0937187+05:30" testType="13cdc9d9-ddb5-4fa4-a97d-d965ccfc6d4b" outcome="Failed" testListId="8c84fa94-04c1-424b-9868-57a2d4851a1d" relativeResultsDirectory="171f537f-11ba-4f28-969e-dda6f8e7b7e5">
      <Output>
        <StdOut>Logged in as: AslamKhan / 1qaz!QAZ
Redirected at Dashboard screen.</StdOut>
        <ErrorInfo>
          <Message>Assert.IsTrue failed. </Message>
          <StackTrace>   at PegasusTests.PageHelper.Comm.DriverHelper.Click(String locator) in d:\pegqa\TestAutomationProject\PegasusTests\PageHelper\Comm\DriverHelper.cs:line 233
   at PegasusTests.PageHelper.CreateAdminProcessorHelper.ClickElement(String xmlNode) in d:\pegqa\TestAutomationProject\PegasusTests\PageHelper\CreateAdminProcessorHelper.cs:line 57
   at PegasusTests.Scripts.ClientsTests.CreateAdminProcessor.createAdminProcessor() in d:\pegqa\TestAutomationProject\PegasusTests\Scripts\Admin\CreateAdminProcessor.cs:line 54
</StackTrace>
        </ErrorInfo>
      </Output>
    </UnitTestResult>
    <UnitTestResult executionId="877ddf71-aa74-4ba5-9614-07955c908c3f" testId="90434917-c3c3-98a9-1b62-303bc3fb4c9b" testName="createMerchantTypeAdmin" computerName="USER-PC" duration="00:01:12.1337555" startTime="2015-08-10T22:13:26.0937187+05:30" endTime="2015-08-10T22:14:38.2298446+05:30" testType="13cdc9d9-ddb5-4fa4-a97d-d965ccfc6d4b" outcome="Failed" testListId="8c84fa94-04c1-424b-9868-57a2d4851a1d" relativeResultsDirectory="877ddf71-aa74-4ba5-9614-07955c908c3f">
      <Output>
        <StdOut>Logged in as: AslamKhan / 1qaz!QAZ
Redirected at Dashboard screen.</StdOut>
        <ErrorInfo>
          <Message>Assert.IsTrue failed. </Message>
          <StackTrace>   at PegasusTests.PageHelper.Comm.DriverHelper.Click(String locator) in d:\pegqa\TestAutomationProject\PegasusTests\PageHelper\Comm\DriverHelper.cs:line 233
   at PegasusTests.PageHelper.CreateMerchantTypeAdminHelper.ClickElement(String xmlNode) in d:\pegqa\TestAutomationProject\PegasusTests\PageHelper\AdminHelper\CreateMerchantTypeAdminHelper.cs:line 57
   at PegasusTests.Scripts.ClientsTests.CreateMerchantTypeAdmin.createMerchantTypeAdmin() in d:\pegqa\TestAutomationProject\PegasusTests\Scripts\Admin\CreateMerchantTypeAdmin.cs:line 53
</StackTrace>
        </ErrorInfo>
      </Output>
    </UnitTestResult>
    <UnitTestResult executionId="fae64871-c9dc-4dc8-a82b-56eb6c4b28e6" testId="eb06d663-e2bd-0152-32ef-41c80c26d0c3" testName="createPricingPlanAdmin" computerName="USER-PC" duration="00:01:05.9183182" startTime="2015-08-10T22:14:38.2298446+05:30" endTime="2015-08-10T22:15:44.1496150+05:30" testType="13cdc9d9-ddb5-4fa4-a97d-d965ccfc6d4b" outcome="Failed" testListId="8c84fa94-04c1-424b-9868-57a2d4851a1d" relativeResultsDirectory="fae64871-c9dc-4dc8-a82b-56eb6c4b28e6">
      <Output>
        <StdOut>Logged in as: AslamKhan / 1qaz!QAZ
Redirected at Dashboard screen.</StdOut>
        <ErrorInfo>
          <Message>Assert.IsTrue failed. </Message>
          <StackTrace>   at PegasusTests.PageHelper.Comm.DriverHelper.Click(String locator) in d:\pegqa\TestAutomationProject\PegasusTests\PageHelper\Comm\DriverHelper.cs:line 233
   at PegasusTests.PageHelper.CreatePrcingPlanHelperAdmin.ClickElement(String xmlNode) in d:\pegqa\TestAutomationProject\PegasusTests\PageHelper\AdminHelper\CreatePrcingPlanHelperAdmin.cs:line 57
   at PegasusTests.Scripts.ClientsTests.CreatePricingPlanAdmin.createPricingPlanAdmin() in d:\pegqa\TestAutomationProject\PegasusTests\Scripts\Admin\CreatePricingPlanAdmin.cs:line 53
</StackTrace>
        </ErrorInfo>
      </Output>
    </UnitTestResult>
    <UnitTestResult executionId="4e9bd721-47a9-4759-862d-33f9033e8a79" testId="76ff5c95-614a-b070-4107-b9df772820bd" testName="createIframeIntegration" computerName="USER-PC" duration="00:01:07.0737500" startTime="2015-08-10T22:15:44.1496150+05:30" endTime="2015-08-10T22:16:51.2254515+05:30" testType="13cdc9d9-ddb5-4fa4-a97d-d965ccfc6d4b" outcome="Failed" testListId="8c84fa94-04c1-424b-9868-57a2d4851a1d" relativeResultsDirectory="4e9bd721-47a9-4759-862d-33f9033e8a79">
      <Output>
        <StdOut>Logged in as: AslamKhan / 1qaz!QAZ
Redirected at Dashboard screen.</StdOut>
        <ErrorInfo>
          <Message>Assert.IsTrue failed. </Message>
          <StackTrace>   at PegasusTests.PageHelper.Comm.DriverHelper.Click(String locator) in d:\pegqa\TestAutomationProject\PegasusTests\PageHelper\Comm\DriverHelper.cs:line 233
   at PegasusTests.PageHelper.CreateIframeAdminHelper.ClickElement(String xmlNode) in d:\pegqa\TestAutomationProject\PegasusTests\PageHelper\AdminHelper\CreateIframeAdminHelper.cs:line 57
   at PegasusTests.Scripts.ClientsTests.CreateIframeIntegration.createIframeIntegration() in d:\pegqa\TestAutomationProject\PegasusTests\Scripts\Admin\CreateIframeIntegration.cs:line 53
</StackTrace>
        </ErrorInfo>
      </Output>
    </UnitTestResult>
    <UnitTestResult executionId="9f8ddf7e-265b-4699-964f-b75120640395" testId="7407b576-15fa-1515-b38c-98835ca20038" testName="createAPICodesIntegration" computerName="USER-PC" duration="00:01:07.4287813" startTime="2015-08-10T22:16:51.2254515+05:30" endTime="2015-08-10T22:17:58.6563084+05:30" testType="13cdc9d9-ddb5-4fa4-a97d-d965ccfc6d4b" outcome="Failed" testListId="8c84fa94-04c1-424b-9868-57a2d4851a1d" relativeResultsDirectory="9f8ddf7e-265b-4699-964f-b75120640395">
      <Output>
        <StdOut>Logged in as: AslamKhan / 1qaz!QAZ
Redirected at Dashboard screen.</StdOut>
        <ErrorInfo>
          <Message>Assert.IsTrue failed. </Message>
          <StackTrace>   at PegasusTests.PageHelper.Comm.DriverHelper.Click(String locator) in d:\pegqa\TestAutomationProject\PegasusTests\PageHelper\Comm\DriverHelper.cs:line 233
   at PegasusTests.PageHelper.CreateAPICodesAdminHelper.ClickElement(String xmlNode) in d:\pegqa\TestAutomationProject\PegasusTests\PageHelper\AdminHelper\CreateAPICodesAdminHelper.cs:line 57
   at PegasusTests.Scripts.ClientsTests.CreateAPICodesIntegration.createAPICodesIntegration() in d:\pegqa\TestAutomationProject\PegasusTests\Scripts\Admin\CreateAPICodesIntegration.cs:line 53
</StackTrace>
        </ErrorInfo>
      </Output>
    </UnitTestResult>
    <UnitTestResult executionId="2560b113-a950-4903-92f9-9bde9fbb46c9" testId="17fdd1fe-270c-64a6-d739-d781e7095dd1" testName="createGroups" computerName="USER-PC" duration="00:01:06.9484837" startTime="2015-08-10T22:17:58.6563084+05:30" endTime="2015-08-10T22:19:05.6071377+05:30" testType="13cdc9d9-ddb5-4fa4-a97d-d965ccfc6d4b" outcome="Failed" testListId="8c84fa94-04c1-424b-9868-57a2d4851a1d" relativeResultsDirectory="2560b113-a950-4903-92f9-9bde9fbb46c9">
      <Output>
        <StdOut>Logged in as: AslamKhan / 1qaz!QAZ
Redirected at Dashboard screen.</StdOut>
        <ErrorInfo>
          <Message>Assert.IsTrue failed. </Message>
          <StackTrace>   at PegasusTests.PageHelper.Comm.DriverHelper.Click(String locator) in d:\pegqa\TestAutomationProject\PegasusTests\PageHelper\Comm\DriverHelper.cs:line 233
   at PegasusTests.PageHelper.CreateOfficeGrpAdminHelper.ClickElement(String xmlNode) in d:\pegqa\TestAutomationProject\PegasusTests\PageHelper\AdminHelper\CreateOfficeGrpAdminHelper.cs:line 50
   at PegasusTests.Scripts.Admin.CreateGroups.createGroups() in d:\pegqa\TestAutomationProject\PegasusTests\Scripts\Admin\CreateGroups.cs:line 49
</StackTrace>
        </ErrorInfo>
      </Output>
    </UnitTestResult>
    <UnitTestResult executionId="6c2954ef-8ab0-42ca-8358-387684c332e2" testId="b8a8044d-978a-8a80-66f9-bcc498c286f3" testName="createOfficeTeams" computerName="USER-PC" duration="00:01:07.1205139" startTime="2015-08-10T22:19:05.6071377+05:30" endTime="2015-08-10T22:20:12.7289769+05:30" testType="13cdc9d9-ddb5-4fa4-a97d-d965ccfc6d4b" outcome="Failed" testListId="8c84fa94-04c1-424b-9868-57a2d4851a1d" relativeResultsDirectory="6c2954ef-8ab0-42ca-8358-387684c332e2">
      <Output>
        <StdOut>Logged in as: AslamKhan / 1qaz!QAZ
Redirected at Dashboard screen.</StdOut>
        <ErrorInfo>
          <Message>Assert.IsTrue failed. </Message>
          <StackTrace>   at PegasusTests.PageHelper.Comm.DriverHelper.Click(String locator) in d:\pegqa\TestAutomationProject\PegasusTests\PageHelper\Comm\DriverHelper.cs:line 233
   at PegasusTests.PageHelper.CreateOfficeTeamAdmin.ClickElement(String xmlNode) in d:\pegqa\TestAutomationProject\PegasusTests\PageHelper\AdminHelper\CreateOfficeTeamAdmin.cs:line 50
   at PegasusTests.Scripts.Admin.CreateOfficeTeams.createOfficeTeams() in d:\pegqa\TestAutomationProject\PegasusTests\Scripts\Admin\CreateOfficeTeams.cs:line 49
</StackTrace>
        </ErrorInfo>
      </Output>
    </UnitTestResult>
    <UnitTestResult executionId="9eaa144f-4af3-471c-bdde-2f0d9f8844fe" testId="1570d631-e7ea-d1ff-8029-9c3057b97dcb" testName="createOfficeRoles" computerName="USER-PC" duration="00:01:05.1288407" startTime="2015-08-10T22:20:12.7289769+05:30" endTime="2015-08-10T22:21:17.8597021+05:30" testType="13cdc9d9-ddb5-4fa4-a97d-d965ccfc6d4b" outcome="Failed" testListId="8c84fa94-04c1-424b-9868-57a2d4851a1d" relativeResultsDirectory="9eaa144f-4af3-471c-bdde-2f0d9f8844fe">
      <Output>
        <StdOut>Logged in as: AslamKhan / 1qaz!QAZ
Redirected at Dashboard screen.</StdOut>
        <ErrorInfo>
          <Message>Assert.IsTrue failed. </Message>
          <StackTrace>   at PegasusTests.PageHelper.Comm.DriverHelper.Click(String locator) in d:\pegqa\TestAutomationProject\PegasusTests\PageHelper\Comm\DriverHelper.cs:line 233
   at PegasusTests.PageHelper.CreateOfficeRoleAdminHelper.ClickElement(String xmlNode) in d:\pegqa\TestAutomationProject\PegasusTests\PageHelper\AdminHelper\CreateOfficeRoleAdminHelper.cs:line 50
   at PegasusTests.Scripts.Admin.CreateOfficeRoles.createOfficeRoles() in d:\pegqa\TestAutomationProject\PegasusTests\Scripts\Admin\CreateOfficeRoles.cs:line 49
</StackTrace>
        </ErrorInfo>
      </Output>
    </UnitTestResult>
    <UnitTestResult executionId="f1420e99-115d-4755-ae8a-99dd25d168e9" testId="b7060749-cc7c-f6d3-3481-8c42e21b3071" testName="createDepartmentOffice" computerName="USER-PC" duration="00:01:05.9282427" startTime="2015-08-10T22:21:17.8607022+05:30" endTime="2015-08-10T22:22:23.7904732+05:30" testType="13cdc9d9-ddb5-4fa4-a97d-d965ccfc6d4b" outcome="Failed" testListId="8c84fa94-04c1-424b-9868-57a2d4851a1d" relativeResultsDirectory="f1420e99-115d-4755-ae8a-99dd25d168e9">
      <Output>
        <StdOut>Logged in as: AslamKhan / 1qaz!QAZ
Redirected at Dashboard screen.</StdOut>
        <ErrorInfo>
          <Message>Assert.IsTrue failed. </Message>
          <StackTrace>   at PegasusTests.PageHelper.Comm.DriverHelper.Click(String locator) in d:\pegqa\TestAutomationProject\PegasusTests\PageHelper\Comm\DriverHelper.cs:line 233
   at PegasusTests.PageHelper.CreateDepartmentHelper.ClickElement(String xmlNode) in d:\pegqa\TestAutomationProject\PegasusTests\PageHelper\AdminHelper\CreateDepartmentHelper.cs:line 50
   at PegasusTests.Scripts.Admin.CreateDepartmentOffice.createDepartmentOffice() in d:\pegqa\TestAutomationProject\PegasusTests\Scripts\Admin\CreateDepartmentOffice.cs:line 49
</StackTrace>
        </ErrorInfo>
      </Output>
    </UnitTestResult>
    <UnitTestResult executionId="4bc08dc5-af22-4e09-98c2-25c0ed394434" testId="a5003c8e-f670-4ae4-4888-492acd6501fd" testName="createUserAdmin" computerName="USER-PC" duration="00:01:04.0428503" startTime="2015-08-10T22:22:23.7904732+05:30" endTime="2015-08-10T22:23:27.8351363+05:30" testType="13cdc9d9-ddb5-4fa4-a97d-d965ccfc6d4b" outcome="Failed" testListId="8c84fa94-04c1-424b-9868-57a2d4851a1d" relativeResultsDirectory="4bc08dc5-af22-4e09-98c2-25c0ed394434">
      <Output>
        <StdOut>Logged in as: AslamKhan / 1qaz!QAZ
Redirected at Dashboard screen.</StdOut>
        <ErrorInfo>
          <Message>Assert.IsTrue failed. </Message>
          <StackTrace>   at PegasusTests.PageHelper.Comm.DriverHelper.Click(String locator) in d:\pegqa\TestAutomationProject\PegasusTests\PageHelper\Comm\DriverHelper.cs:line 233
   at PegasusTests.PageHelper.CreateOfficeUserAdminHelper.ClickElement(String xmlNode) in d:\pegqa\TestAutomationProject\PegasusTests\PageHelper\AdminHelper\CreateOfficeUserAdminHelper.cs:line 50
   at PegasusTests.Scripts.Admin.CreateUserAdmin.createUserAdmin() in d:\pegqa\TestAutomationProject\PegasusTests\Scripts\Admin\CreateOfficeUser.cs:line 49
</StackTrace>
        </ErrorInfo>
      </Output>
    </UnitTestResult>
    <UnitTestResult executionId="151a9c62-fb91-4b9f-a12a-3335af21a7af" testId="c3c74573-8aa0-3f93-faf4-08e73200b2fb" testName="emailNotification" computerName="USER-PC" duration="00:01:08.5682164" startTime="2015-08-10T22:23:27.8361364+05:30" endTime="2015-08-10T22:24:36.4060583+05:30" testType="13cdc9d9-ddb5-4fa4-a97d-d965ccfc6d4b" outcome="Failed" testListId="8c84fa94-04c1-424b-9868-57a2d4851a1d" relativeResultsDirectory="151a9c62-fb91-4b9f-a12a-3335af21a7af">
      <Output>
        <StdOut>Logged in as: AslamKhan / 1qaz!QAZ
Redirected at Dashboard screen.</StdOut>
        <ErrorInfo>
          <Message>Assert.IsTrue failed. </Message>
          <StackTrace>   at PegasusTests.PageHelper.Comm.DriverHelper.Click(String locator) in d:\pegqa\TestAutomationProject\PegasusTests\PageHelper\Comm\DriverHelper.cs:line 233
   at PegasusTests.PageHelper.EmailNotificationHelper.ClickElement(String xmlNode) in d:\pegqa\TestAutomationProject\PegasusTests\PageHelper\EmailNotificationHelper.cs:line 50
   at PegasusTests.Scripts.Admin.EmailNotification.emailNotification() in d:\pegqa\TestAutomationProject\PegasusTests\Scripts\Admin\EmailNotification.cs:line 48
</StackTrace>
        </ErrorInfo>
      </Output>
    </UnitTestResult>
    <UnitTestResult executionId="bcb6884c-950d-40a9-91a4-1e4c50721097" testId="bba01396-a4ff-a857-1225-cd8c3d9cf69d" testName="createResolutionTicket" computerName="USER-PC" duration="00:01:10.2424866" startTime="2015-08-10T22:24:36.4060583+05:30" endTime="2015-08-10T22:25:46.6500761+05:30" testType="13cdc9d9-ddb5-4fa4-a97d-d965ccfc6d4b" outcome="Failed" testListId="8c84fa94-04c1-424b-9868-57a2d4851a1d" relativeResultsDirectory="bcb6884c-950d-40a9-91a4-1e4c50721097">
      <Output>
        <StdOut>Logged in as: AslamKhan / 1qaz!QAZ
Redirected at Dashboard screen.</StdOut>
        <ErrorInfo>
          <Message>Assert.IsTrue failed. </Message>
          <StackTrace>   at PegasusTests.PageHelper.Comm.DriverHelper.Click(String locator) in d:\pegqa\TestAutomationProject\PegasusTests\PageHelper\Comm\DriverHelper.cs:line 233
   at PegasusTests.PageHelper.CreateResolutionTicketHelper.ClickElement(String xmlNode) in d:\pegqa\TestAutomationProject\PegasusTests\PageHelper\CreateResolutionTicketHelper.cs:line 50
   at PegasusTests.Scripts.Admin.CreateResolutionTicket.createResolutionTicket() in d:\pegqa\TestAutomationProject\PegasusTests\Scripts\Admin\CreateResolutionTicket.cs:line 48
</StackTrace>
        </ErrorInfo>
      </Output>
    </UnitTestResult>
    <UnitTestResult executionId="e50c7244-2e51-4c41-8af6-3300ac28a47c" testId="b5ea6483-8bda-df9e-a94a-f1e90c2e8b78" testName="createPriorityTicket" computerName="USER-PC" duration="00:01:06.0561231" startTime="2015-08-10T22:25:46.6500761+05:30" endTime="2015-08-10T22:26:52.7088544+05:30" testType="13cdc9d9-ddb5-4fa4-a97d-d965ccfc6d4b" outcome="Failed" testListId="8c84fa94-04c1-424b-9868-57a2d4851a1d" relativeResultsDirectory="e50c7244-2e51-4c41-8af6-3300ac28a47c">
      <Output>
        <StdOut>Logged in as: AslamKhan / 1qaz!QAZ
Redirected at Dashboard screen.</StdOut>
        <ErrorInfo>
          <Message>Assert.IsTrue failed. </Message>
          <StackTrace>   at PegasusTests.PageHelper.Comm.DriverHelper.Click(String locator) in d:\pegqa\TestAutomationProject\PegasusTests\PageHelper\Comm\DriverHelper.cs:line 233
   at PegasusTests.PageHelper.CreateTicketPriorityHelper.ClickElement(String xmlNode) in d:\pegqa\TestAutomationProject\PegasusTests\PageHelper\CreateTicketPriorityHelper.cs:line 50
   at PegasusTests.Scripts.Admin.CreatePriorityTicket.createPriorityTicket() in d:\pegqa\TestAutomationProject\PegasusTests\Scripts\Admin\CreatePriorityTicket.cs:line 48
</StackTrace>
        </ErrorInfo>
      </Output>
    </UnitTestResult>
    <UnitTestResult executionId="23180107-c595-4a7f-bac4-f265ec69b215" testId="9139d99a-d133-0db5-0df9-24603733ff01" testName="createStatus" computerName="USER-PC" duration="00:01:14.3597990" startTime="2015-08-10T22:26:52.7088544+05:30" endTime="2015-08-10T22:28:07.0701076+05:30" testType="13cdc9d9-ddb5-4fa4-a97d-d965ccfc6d4b" outcome="Failed" testListId="8c84fa94-04c1-424b-9868-57a2d4851a1d" relativeResultsDirectory="23180107-c595-4a7f-bac4-f265ec69b215">
      <Output>
        <StdOut>Logged in as: AslamKhan / 1qaz!QAZ
Redirected at Dashboard screen.</StdOut>
        <ErrorInfo>
          <Message>Assert.IsTrue failed. </Message>
          <StackTrace>   at PegasusTests.PageHelper.Comm.DriverHelper.Click(String locator) in d:\pegqa\TestAutomationProject\PegasusTests\PageHelper\Comm\DriverHelper.cs:line 233
   at PegasusTests.PageHelper.CreateStatusTicketHelper.ClickElement(String xmlNode) in d:\pegqa\TestAutomationProject\PegasusTests\PageHelper\CreateStatusTicketHelper.cs:line 50
   at PegasusTests.Scripts.Admin.CreateStatus.createStatus() in d:\pegqa\TestAutomationProject\PegasusTests\Scripts\Admin\CreateStatus.cs:line 48
</StackTrace>
        </ErrorInfo>
      </Output>
    </UnitTestResult>
    <UnitTestResult executionId="0cb38fb7-9434-4234-97db-1a3859ec5d8b" testId="b74601fa-5524-5849-2801-67c89509a4cc" testName="createTopicTickets" computerName="USER-PC" duration="00:01:16.0344562" startTime="2015-08-10T22:28:07.0701076+05:30" endTime="2015-08-10T22:29:23.1064567+05:30" testType="13cdc9d9-ddb5-4fa4-a97d-d965ccfc6d4b" outcome="Failed" testListId="8c84fa94-04c1-424b-9868-57a2d4851a1d" relativeResultsDirectory="0cb38fb7-9434-4234-97db-1a3859ec5d8b">
      <Output>
        <StdOut>Logged in as: AslamKhan / 1qaz!QAZ
Redirected at Dashboard screen.</StdOut>
        <ErrorInfo>
          <Message>Assert.IsTrue failed. </Message>
          <StackTrace>   at PegasusTests.PageHelper.Comm.DriverHelper.Click(String locator) in d:\pegqa\TestAutomationProject\PegasusTests\PageHelper\Comm\DriverHelper.cs:line 233
   at PegasusTests.PageHelper.CreateTopicTicketsHelper.ClickElement(String xmlNode) in d:\pegqa\TestAutomationProject\PegasusTests\PageHelper\CreateTopicTicketsHelper.cs:line 50
   at PegasusTests.Scripts.Admin.CreateTopicTickets.createTopicTickets() in d:\pegqa\TestAutomationProject\PegasusTests\Scripts\Admin\CreateTopicTickets.cs:line 48
</StackTrace>
        </ErrorInfo>
      </Output>
    </UnitTestResult>
    <UnitTestResult executionId="a2c9e332-56e9-4028-b573-fb52b2c978e1" testId="5b981013-6e19-2796-167a-db056a1146b6" testName="createCategoryTickets" computerName="USER-PC" duration="00:01:13.8827330" startTime="2015-08-10T22:29:23.1074567+05:30" endTime="2015-08-10T22:30:36.9916827+05:30" testType="13cdc9d9-ddb5-4fa4-a97d-d965ccfc6d4b" outcome="Failed" testListId="8c84fa94-04c1-424b-9868-57a2d4851a1d" relativeResultsDirectory="a2c9e332-56e9-4028-b573-fb52b2c978e1">
      <Output>
        <StdOut>Logged in as: AslamKhan / 1qaz!QAZ
Redirected at Dashboard screen.</StdOut>
        <ErrorInfo>
          <Message>Assert.IsTrue failed. </Message>
          <StackTrace>   at PegasusTests.PageHelper.Comm.DriverHelper.Click(String locator) in d:\pegqa\TestAutomationProject\PegasusTests\PageHelper\Comm\DriverHelper.cs:line 233
   at PegasusTests.PageHelper.CreateCategoryTicketsHelper.ClickElement(String xmlNode) in d:\pegqa\TestAutomationProject\PegasusTests\PageHelper\CreateCategoryTicketsHelper.cs:line 50
   at PegasusTests.Scripts.Admin.CreateCategoryTickets.createCategoryTickets() in d:\pegqa\TestAutomationProject\PegasusTests\Scripts\Admin\CreateCategoryTickets.cs:line 48
</StackTrace>
        </ErrorInfo>
      </Output>
    </UnitTestResult>
    <UnitTestResult executionId="3dda03ff-fc1b-4d7f-8fd9-3a536deef804" testId="810e9aa4-12cc-8876-4758-37764078bd1e" testName="createProductCategory" computerName="USER-PC" duration="00:01:05.9674575" startTime="2015-08-10T22:30:36.9916827+05:30" endTime="2015-08-10T22:31:42.9614559+05:30" testType="13cdc9d9-ddb5-4fa4-a97d-d965ccfc6d4b" outcome="Failed" testListId="8c84fa94-04c1-424b-9868-57a2d4851a1d" relativeResultsDirectory="3dda03ff-fc1b-4d7f-8fd9-3a536deef804">
      <Output>
        <StdOut>Logged in as: AslamKhan / 1qaz!QAZ
Redirected at Dashboard screen.</StdOut>
        <ErrorInfo>
          <Message>Assert.IsTrue failed. </Message>
          <StackTrace>   at PegasusTests.PageHelper.Comm.DriverHelper.Click(String locator) in d:\pegqa\TestAutomationProject\PegasusTests\PageHelper\Comm\DriverHelper.cs:line 233
   at PegasusTests.PageHelper.CreateProductsCategoryHelper.ClickElement(String xmlNode) in d:\pegqa\TestAutomationProject\PegasusTests\PageHelper\CreateProductsCategoryHelper.cs:line 50
   at PegasusTests.Scripts.Admin.CreateProductCategory.createProductCategory() in d:\pegqa\TestAutomationProject\PegasusTests\Scripts\Admin\CreateProductCategory.cs:line 48
</StackTrace>
        </ErrorInfo>
      </Output>
    </UnitTestResult>
    <UnitTestResult executionId="7125ad88-ba5b-4d2d-899c-5ed10083cf22" testId="c500ef12-b258-d9e7-3931-6d83029c3bf2" testName="createShippingCarrier" computerName="USER-PC" duration="00:01:06.9525050" startTime="2015-08-10T22:31:42.9614559+05:30" endTime="2015-08-10T22:32:49.9152854+05:30" testType="13cdc9d9-ddb5-4fa4-a97d-d965ccfc6d4b" outcome="Failed" testListId="8c84fa94-04c1-424b-9868-57a2d4851a1d" relativeResultsDirectory="7125ad88-ba5b-4d2d-899c-5ed10083cf22">
      <Output>
        <StdOut>Logged in as: AslamKhan / 1qaz!QAZ
Redirected at Dashboard screen.</StdOut>
        <ErrorInfo>
          <Message>Assert.IsTrue failed. </Message>
          <StackTrace>   at PegasusTests.PageHelper.Comm.DriverHelper.Click(String locator) in d:\pegqa\TestAutomationProject\PegasusTests\PageHelper\Comm\DriverHelper.cs:line 233
   at PegasusTests.PageHelper.CreateShippingCarrierHelper.ClickElement(String xmlNode) in d:\pegqa\TestAutomationProject\PegasusTests\PageHelper\AdminHelper\CreateShippingCarrierHelper.cs:line 50
   at PegasusTests.Scripts.Admin.CreateShippingCarrier.createShippingCarrier() in d:\pegqa\TestAutomationProject\PegasusTests\Scripts\Admin\CreateShippingCarrier.cs:line 48
</StackTrace>
        </ErrorInfo>
      </Output>
    </UnitTestResult>
    <UnitTestResult executionId="4f78be16-cb56-4c1b-9d49-131d4faebf0e" testId="228fe021-271a-77b0-8b1e-bb82f9b4f2b8" testName="createDownloadIds" computerName="USER-PC" duration="00:01:04.1868595" startTime="2015-08-10T22:32:49.9172856+05:30" endTime="2015-08-10T22:33:54.1059569+05:30" testType="13cdc9d9-ddb5-4fa4-a97d-d965ccfc6d4b" outcome="Failed" testListId="8c84fa94-04c1-424b-9868-57a2d4851a1d" relativeResultsDirectory="4f78be16-cb56-4c1b-9d49-131d4faebf0e">
      <Output>
        <StdOut>Logged in as: AslamKhan / 1qaz!QAZ
Redirected at Dashboard screen.</StdOut>
        <ErrorInfo>
          <Message>Assert.IsTrue failed. </Message>
          <StackTrace>   at PegasusTests.PageHelper.Comm.DriverHelper.Click(String locator) in d:\pegqa\TestAutomationProject\PegasusTests\PageHelper\Comm\DriverHelper.cs:line 233
   at PegasusTests.PageHelper.CreateDownloadIdsHelper.ClickElement(String xmlNode) in d:\pegqa\TestAutomationProject\PegasusTests\PageHelper\AdminHelper\CreateDownloadIdsHelper.cs:line 50
   at PegasusTests.Scripts.Admin.CreateDownloadIds.createDownloadIds() in d:\pegqa\TestAutomationProject\PegasusTests\Scripts\Admin\CreateDownloadIds.cs:line 49
</StackTrace>
        </ErrorInfo>
      </Output>
    </UnitTestResult>
    <UnitTestResult executionId="7f51f0f3-c8fe-49c1-90e0-3d9ba85a2b29" testId="543a2086-7131-2139-7889-ef78c386a170" testName="createVendors" computerName="USER-PC" duration="00:01:05.6044273" startTime="2015-08-10T22:33:54.1069570+05:30" endTime="2015-08-10T22:34:59.7127094+05:30" testType="13cdc9d9-ddb5-4fa4-a97d-d965ccfc6d4b" outcome="Failed" testListId="8c84fa94-04c1-424b-9868-57a2d4851a1d" relativeResultsDirectory="7f51f0f3-c8fe-49c1-90e0-3d9ba85a2b29">
      <Output>
        <StdOut>Logged in as: AslamKhan / 1qaz!QAZ
Redirected at Dashboard screen.</StdOut>
        <ErrorInfo>
          <Message>Assert.IsTrue failed. </Message>
          <StackTrace>   at PegasusTests.PageHelper.Comm.DriverHelper.Click(String locator) in d:\pegqa\TestAutomationProject\PegasusTests\PageHelper\Comm\DriverHelper.cs:line 233
   at PegasusTests.PageHelper.CreateVendorHelper.ClickElement(String xmlNode) in d:\pegqa\TestAutomationProject\PegasusTests\PageHelper\CreateVendorHelper.cs:line 50
   at PegasusTests.Scripts.Admin.CreateVendors.createVendors() in d:\pegqa\TestAutomationProject\PegasusTests\Scripts\Admin\CreateVendors.cs:line 45
</StackTrace>
        </ErrorInfo>
      </Output>
    </UnitTestResult>
    <UnitTestResult executionId="48fd23bb-b87d-413d-98cd-1031829a38b8" testId="32926080-17d3-c24b-002a-831b11800c4a" testName="cloneEquipment" computerName="USER-PC" duration="00:01:06.7219677" startTime="2015-08-10T22:34:59.7127094+05:30" endTime="2015-08-10T22:36:06.4365258+05:30" testType="13cdc9d9-ddb5-4fa4-a97d-d965ccfc6d4b" outcome="Failed" testListId="8c84fa94-04c1-424b-9868-57a2d4851a1d" relativeResultsDirectory="48fd23bb-b87d-413d-98cd-1031829a38b8">
      <Output>
        <StdOut>Logged in as: AslamKhan / 1qaz!QAZ
Redirected at Dashboard screen.</StdOut>
        <ErrorInfo>
          <Message>Assert.IsTrue failed. </Message>
          <StackTrace>   at PegasusTests.PageHelper.Comm.DriverHelper.Click(String locator) in d:\pegqa\TestAutomationProject\PegasusTests\PageHelper\Comm\DriverHelper.cs:line 233
   at PegasusTests.PageHelper.EditEquipmentAdminHelper.ClickElement(String xmlNode) in d:\pegqa\TestAutomationProject\PegasusTests\PageHelper\AdminHelper\EditEquipmentAdminHelper.cs:line 57
   at PegasusTests.Scripts.ClientsTests.CloneEquipment.cloneEquipment() in d:\pegqa\TestAutomationProject\PegasusTests\Scripts\BugTest\CloneEquipment.cs:line 49
</StackTrace>
        </ErrorInfo>
      </Output>
    </UnitTestResult>
    <UnitTestResult executionId="aa30f7f5-104b-471f-8d9c-8ccce80d376c" testId="08616152-471d-ca5c-4c55-ee48c96e7b35" testName="cloneVendors" computerName="USER-PC" duration="00:01:06.9213764" startTime="2015-08-10T22:36:06.4365258+05:30" endTime="2015-08-10T22:37:13.3593536+05:30" testType="13cdc9d9-ddb5-4fa4-a97d-d965ccfc6d4b" outcome="Failed" testListId="8c84fa94-04c1-424b-9868-57a2d4851a1d" relativeResultsDirectory="aa30f7f5-104b-471f-8d9c-8ccce80d376c">
      <Output>
        <StdOut>Logged in as: AslamKhan / 1qaz!QAZ
Redirected at Dashboard screen.</StdOut>
        <ErrorInfo>
          <Message>Assert.IsTrue failed. </Message>
          <StackTrace>   at PegasusTests.PageHelper.Comm.DriverHelper.Click(String locator) in d:\pegqa\TestAutomationProject\PegasusTests\PageHelper\Comm\DriverHelper.cs:line 233
   at PegasusTests.PageHelper.CreateVendorHelper.ClickElement(String xmlNode) in d:\pegqa\TestAutomationProject\PegasusTests\PageHelper\CreateVendorHelper.cs:line 50
   at PegasusTests.Scripts.Admin.CloneVendors.cloneVendors() in d:\pegqa\TestAutomationProject\PegasusTests\Scripts\BugTest\CloneVendors.cs:line 40
</StackTrace>
        </ErrorInfo>
      </Output>
    </UnitTestResult>
    <UnitTestResult executionId="f119841c-1a46-4aad-a7bf-8a4fe21d2807" testId="ba3769cb-244f-e0b0-8e11-a7b958b8ae38" testName="bulkUpdateVendorType" computerName="USER-PC" duration="00:01:05.5403315" startTime="2015-08-10T22:37:13.3603536+05:30" endTime="2015-08-10T22:38:18.9021024+05:30" testType="13cdc9d9-ddb5-4fa4-a97d-d965ccfc6d4b" outcome="Failed" testListId="8c84fa94-04c1-424b-9868-57a2d4851a1d" relativeResultsDirectory="f119841c-1a46-4aad-a7bf-8a4fe21d2807">
      <Output>
        <StdOut>Logged in as: AslamKhan / 1qaz!QAZ
Redirected at Dashboard screen.</StdOut>
        <ErrorInfo>
          <Message>Assert.IsTrue failed. </Message>
          <StackTrace>   at PegasusTests.PageHelper.Comm.DriverHelper.Click(String locator) in d:\pegqa\TestAutomationProject\PegasusTests\PageHelper\Comm\DriverHelper.cs:line 233
   at PegasusTests.PageHelper.CreateVendorHelper.ClickElement(String xmlNode) in d:\pegqa\TestAutomationProject\PegasusTests\PageHelper\CreateVendorHelper.cs:line 50
   at PegasusTests.Scripts.Admin.BulkUpdateVendorType.bulkUpdateVendorType() in d:\pegqa\TestAutomationProject\PegasusTests\Scripts\BugTest\BulkUpdateVendorType.cs:line 40
</StackTrace>
        </ErrorInfo>
      </Output>
    </UnitTestResult>
    <UnitTestResult executionId="bcb8ebed-d22e-4de9-bb51-dc966f962919" testId="92453fff-d6ee-dd73-5f8b-4e3153b47065" testName="bulkUpdateVendorStatus" computerName="USER-PC" duration="00:01:05.7175221" startTime="2015-08-10T22:38:18.9031025+05:30" endTime="2015-08-10T22:39:24.6218614+05:30" testType="13cdc9d9-ddb5-4fa4-a97d-d965ccfc6d4b" outcome="Failed" testListId="8c84fa94-04c1-424b-9868-57a2d4851a1d" relativeResultsDirectory="bcb8ebed-d22e-4de9-bb51-dc966f962919">
      <Output>
        <StdOut>Logged in as: AslamKhan / 1qaz!QAZ
Redirected at Dashboard screen.</StdOut>
        <ErrorInfo>
          <Message>Assert.IsTrue failed. </Message>
          <StackTrace>   at PegasusTests.PageHelper.Comm.DriverHelper.Click(String locator) in d:\pegqa\TestAutomationProject\PegasusTests\PageHelper\Comm\DriverHelper.cs:line 233
   at PegasusTests.PageHelper.CreateVendorHelper.ClickElement(String xmlNode) in d:\pegqa\TestAutomationProject\PegasusTests\PageHelper\CreateVendorHelper.cs:line 50
   at PegasusTests.Scripts.Admin.BulkUpdateVendorStatus.bulkUpdateVendorStatus() in d:\pegqa\TestAutomationProject\PegasusTests\Scripts\BugTest\BulkUpdateVendorStatus.cs:line 40
</StackTrace>
        </ErrorInfo>
      </Output>
    </UnitTestResult>
    <UnitTestResult executionId="8dd831b6-9dd0-4ea1-a67c-9f38f27df059" testId="651d6b78-a40f-29ef-6e10-b02b04e398b4" testName="bulkUpdateEquipmentStatus" computerName="USER-PC" duration="00:01:06.1050590" startTime="2015-08-10T22:39:24.6218614+05:30" endTime="2015-08-10T22:40:30.7286425+05:30" testType="13cdc9d9-ddb5-4fa4-a97d-d965ccfc6d4b" outcome="Failed" testListId="8c84fa94-04c1-424b-9868-57a2d4851a1d" relativeResultsDirectory="8dd831b6-9dd0-4ea1-a67c-9f38f27df059">
      <Output>
        <StdOut>Logged in as: AslamKhan / 1qaz!QAZ
Redirected at Dashboard screen.</StdOut>
        <ErrorInfo>
          <Message>Assert.IsTrue failed. </Message>
          <StackTrace>   at PegasusTests.PageHelper.Comm.DriverHelper.Click(String locator) in d:\pegqa\TestAutomationProject\PegasusTests\PageHelper\Comm\DriverHelper.cs:line 233
   at PegasusTests.PageHelper.EditEquipmentAdminHelper.ClickElement(String xmlNode) in d:\pegqa\TestAutomationProject\PegasusTests\PageHelper\AdminHelper\EditEquipmentAdminHelper.cs:line 57
   at PegasusTests.Scripts.ClientsTests.BulkUpdateEquipmentStatus.bulkUpdateEquipmentStatus() in d:\pegqa\TestAutomationProject\PegasusTests\Scripts\BugTest\BulkUpdateEquipmentStatus.cs:line 49
</StackTrace>
        </ErrorInfo>
      </Output>
    </UnitTestResult>
    <UnitTestResult executionId="290fb255-a10e-4b1e-a9f0-27a046a5840d" testId="a05da2cf-4cd3-65b8-818a-06a2d2a3b4de" testName="bulkUpdateEquipmentType" computerName="USER-PC" duration="00:01:04.1309365" startTime="2015-08-10T22:40:30.7286425+05:30" endTime="2015-08-10T22:41:34.8613106+05:30" testType="13cdc9d9-ddb5-4fa4-a97d-d965ccfc6d4b" outcome="Failed" testListId="8c84fa94-04c1-424b-9868-57a2d4851a1d" relativeResultsDirectory="290fb255-a10e-4b1e-a9f0-27a046a5840d">
      <Output>
        <StdOut>Logged in as: AslamKhan / 1qaz!QAZ
Redirected at Dashboard screen.</StdOut>
        <ErrorInfo>
          <Message>Assert.IsTrue failed. </Message>
          <StackTrace>   at PegasusTests.PageHelper.Comm.DriverHelper.Click(String locator) in d:\pegqa\TestAutomationProject\PegasusTests\PageHelper\Comm\DriverHelper.cs:line 233
   at PegasusTests.PageHelper.EditEquipmentAdminHelper.ClickElement(String xmlNode) in d:\pegqa\TestAutomationProject\PegasusTests\PageHelper\AdminHelper\EditEquipmentAdminHelper.cs:line 57
   at PegasusTests.Scripts.ClientsTests.BulkUpdateEquipmentType.bulkUpdateEquipmentType() in d:\pegqa\TestAutomationProject\PegasusTests\Scripts\BugTest\BulkUpdateEquipmentType.cs:line 49
</StackTrace>
        </ErrorInfo>
      </Output>
    </UnitTestResult>
    <UnitTestResult executionId="95e335d6-9575-4784-8773-a32ac939275d" testId="1169ab88-e95c-c553-b453-7bcd8a41f6f4" testName="deleteEquipment" computerName="USER-PC" duration="00:01:03.7504414" startTime="2015-08-10T22:41:34.8623107+05:30" endTime="2015-08-10T22:42:38.6139571+05:30" testType="13cdc9d9-ddb5-4fa4-a97d-d965ccfc6d4b" outcome="Failed" testListId="8c84fa94-04c1-424b-9868-57a2d4851a1d" relativeResultsDirectory="95e335d6-9575-4784-8773-a32ac939275d">
      <Output>
        <StdOut>Logged in as: AslamKhan / 1qaz!QAZ
Redirected at Dashboard screen.</StdOut>
        <ErrorInfo>
          <Message>Assert.IsTrue failed. </Message>
          <StackTrace>   at PegasusTests.PageHelper.Comm.DriverHelper.Click(String locator) in d:\pegqa\TestAutomationProject\PegasusTests\PageHelper\Comm\DriverHelper.cs:line 233
   at PegasusTests.PageHelper.EditEquipmentAdminHelper.ClickElement(String xmlNode) in d:\pegqa\TestAutomationProject\PegasusTests\PageHelper\AdminHelper\EditEquipmentAdminHelper.cs:line 57
   at PegasusTests.Scripts.ClientsTests.DeleteEquipment.deleteEquipment() in d:\pegqa\TestAutomationProject\PegasusTests\Scripts\BugTest\DeleteEquipment.cs:line 49
</StackTrace>
        </ErrorInfo>
      </Output>
    </UnitTestResult>
    <UnitTestResult executionId="8766a580-906b-4a1b-800f-691ae57f468c" testId="00f75d03-5378-eb1d-6350-e89aa580adb2" testName="saleAgentWithUser" computerName="USER-PC" duration="00:01:45.4531230" startTime="2015-08-10T22:42:38.6139571+05:30" endTime="2015-08-10T22:44:24.0699888+05:30" testType="13cdc9d9-ddb5-4fa4-a97d-d965ccfc6d4b" outcome="Failed" testListId="8c84fa94-04c1-424b-9868-57a2d4851a1d" relativeResultsDirectory="8766a580-906b-4a1b-800f-691ae57f468c">
      <Output>
        <StdOut>Logged in as: AslamKhan / 1qaz!QAZ
Redirected at Dashboard screen.</StdOut>
        <ErrorInfo>
          <Message>Assert.IsTrue failed. </Message>
          <StackTrace>   at PegasusTests.PageHelper.Comm.DriverHelper.Click(String locator) in d:\pegqa\TestAutomationProject\PegasusTests\PageHelper\Comm\DriverHelper.cs:line 233
   at PegasusTests.PageHelper.SaleAgentHelper.ClickElement(String xmlNode) in d:\pegqa\TestAutomationProject\PegasusTests\PageHelper\SaleAgentHelper.cs:line 51
   at PegasusTests.Scripts.ClientsTests.SaleAgentWithUser.saleAgentWithUser() in d:\pegqa\TestAutomationProject\PegasusTests\Scripts\BugTest\SaleAgentWithUser.cs:line 41
</StackTrace>
        </ErrorInfo>
      </Output>
    </UnitTestResult>
    <UnitTestResult executionId="69980e17-f2d6-4f9d-80ef-4cac0abfec5f" testId="9e756ec8-b76c-6fd8-a996-d1641f2f9722" testName="calculateResidualIcomeFromOfficeSideViewPayout" computerName="USER-PC" duration="00:01:59.4255448" startTime="2015-08-10T22:44:24.0699888+05:30" endTime="2015-08-10T22:46:23.4988198+05:30" testType="13cdc9d9-ddb5-4fa4-a97d-d965ccfc6d4b" outcome="Failed" testListId="8c84fa94-04c1-424b-9868-57a2d4851a1d" relativeResultsDirectory="69980e17-f2d6-4f9d-80ef-4cac0abfec5f">
      <Output>
        <StdOut>Logged in as: AslamKhan / 1qaz!QAZ</StdOut>
        <ErrorInfo>
          <Message>Assert.IsTrue failed. </Message>
          <StackTrace>   at PegasusTests.PageHelper.Comm.DriverHelper.Click(String locator) in d:\pegqa\TestAutomationProject\PegasusTests\PageHelper\Comm\DriverHelper.cs:line 233
   at PegasusTests.PageHelper.ResdiualIncmeFstDataNrthHelperRevnueShareSet.ClickElement(String xmlNode) in d:\pegqa\TestAutomationProject\PegasusTests\PageHelper\Corp\ResdiualIncmeFstDataNrthHelperRevnueShareSet.cs:line 58
   at PegasusTests.Scripts.ClientsTests.CalculateResidualIcomeFromOfficeSideViewPayout.calculateResidualIcomeFromOfficeSideViewPayout() in d:\pegqa\TestAutomationProject\PegasusTests\Scripts\JiraTask\CalculateResidualIcomeFromOfficeSideViewPayout.cs:line 43
</StackTrace>
        </ErrorInfo>
      </Output>
    </UnitTestResult>
    <UnitTestResult executionId="1d836ecd-342c-4f0d-806f-9305b7a6222e" testId="3557a54d-c3d7-ba1a-a18e-0ef754f74ee2" testName="calculateResidualIcomeFromOfficeSideViewReports" computerName="USER-PC" duration="00:01:59.6077468" startTime="2015-08-10T22:46:23.4988198+05:30" endTime="2015-08-10T22:48:23.1096611+05:30" testType="13cdc9d9-ddb5-4fa4-a97d-d965ccfc6d4b" outcome="Failed" testListId="8c84fa94-04c1-424b-9868-57a2d4851a1d" relativeResultsDirectory="1d836ecd-342c-4f0d-806f-9305b7a6222e">
      <Output>
        <StdOut>Logged in as: AslamKhan / 1qaz!QAZ</StdOut>
        <ErrorInfo>
          <Message>Assert.IsTrue failed. </Message>
          <StackTrace>   at PegasusTests.PageHelper.Comm.DriverHelper.Click(String locator) in d:\pegqa\TestAutomationProject\PegasusTests\PageHelper\Comm\DriverHelper.cs:line 233
   at PegasusTests.PageHelper.ResdiualIncmeFstDataNrthHelperRevnueShareSet.ClickElement(String xmlNode) in d:\pegqa\TestAutomationProject\PegasusTests\PageHelper\Corp\ResdiualIncmeFstDataNrthHelperRevnueShareSet.cs:line 58
   at PegasusTests.Scripts.ClientsTests.CalculateResidualIcomeFromOfficeSideViewReports.calculateResidualIcomeFromOfficeSideViewReports() in d:\pegqa\TestAutomationProject\PegasusTests\Scripts\JiraTask\CalculateResidualIcomeFromOfficeSideViewReports.cs:line 43
</StackTrace>
        </ErrorInfo>
      </Output>
    </UnitTestResult>
    <UnitTestResult executionId="1944593e-714b-4a89-8118-534edd5f5f86" testId="e176c49f-6b23-69b0-8b0e-bd3a4f4fd5e5" testName="residualIcomeFromOfficePayoutSummaryPageByFilter" computerName="USER-PC" duration="00:02:03.3168757" startTime="2015-08-10T22:48:23.1096611+05:30" endTime="2015-08-10T22:50:26.4297146+05:30" testType="13cdc9d9-ddb5-4fa4-a97d-d965ccfc6d4b" outcome="Failed" testListId="8c84fa94-04c1-424b-9868-57a2d4851a1d" relativeResultsDirectory="1944593e-714b-4a89-8118-534edd5f5f86">
      <Output>
        <StdOut>Logged in as: AslamKhan / 1qaz!QAZ</StdOut>
        <ErrorInfo>
          <Message>Assert.IsTrue failed. </Message>
          <StackTrace>   at PegasusTests.PageHelper.Comm.DriverHelper.Click(String locator) in d:\pegqa\TestAutomationProject\PegasusTests\PageHelper\Comm\DriverHelper.cs:line 233
   at PegasusTests.PageHelper.ResdiualIncmeFstDataNrthHelperRevnueShareSet.ClickElement(String xmlNode) in d:\pegqa\TestAutomationProject\PegasusTests\PageHelper\Corp\ResdiualIncmeFstDataNrthHelperRevnueShareSet.cs:line 58
   at PegasusTests.Scripts.ClientsTests.ResidualIcomeFromOfficePayoutSummaryPageByFilter.residualIcomeFromOfficePayoutSummaryPageByFilter() in d:\pegqa\TestAutomationProject\PegasusTests\Scripts\JiraTask\ResidualIcomeFromOfficePayoutSummaryPageByFilter.cs:line 43
</StackTrace>
        </ErrorInfo>
      </Output>
    </UnitTestResult>
    <UnitTestResult executionId="8d7209f2-1c28-4720-a957-ff717b26b2b9" testId="fb3351c4-d959-8cdb-0fbd-808a986bb00d" testName="residualIcomeCorpImportSummaryPage" computerName="USER-PC" duration="00:00:55.7689383" startTime="2015-08-10T22:50:26.4297146+05:30" endTime="2015-08-10T22:51:22.1999045+05:30" testType="13cdc9d9-ddb5-4fa4-a97d-d965ccfc6d4b" outcome="Failed" testListId="8c84fa94-04c1-424b-9868-57a2d4851a1d" relativeResultsDirectory="8d7209f2-1c28-4720-a957-ff717b26b2b9">
      <Output>
        <ErrorInfo>
          <Message>Assert.IsTrue failed. </Message>
          <StackTrace>   at PegasusTests.PageHelper.Comm.DriverHelper.Click(String locator) in d:\pegqa\TestAutomationProject\PegasusTests\PageHelper\Comm\DriverHelper.cs:line 233
   at PegasusTests.PageHelper.LoginAsCorpHelper.ClickElement(String xmlNode) in d:\pegqa\TestAutomationProject\PegasusTests\PageHelper\Corp\LoginAsCorpHelper.cs:line 58
   at PegasusTests.Scripts.ClientsTests.ResidualIcomeCorpImportSummaryPage.residualIcomeCorpImportSummaryPage() in d:\pegqa\TestAutomationProject\PegasusTests\Scripts\JiraTask\ResidualIcomeCorpImportSummaryPage.cs:line 42
</StackTrace>
        </ErrorInfo>
      </Output>
    </UnitTestResult>
    <UnitTestResult executionId="1511f458-b613-45ca-8d71-4261117c30a3" testId="5fb0896f-1494-658e-7bc2-ece8fd74cdb5" testName="residualIcomeCalculationWizardOfficeSide" computerName="USER-PC" duration="00:01:58.4527980" startTime="2015-08-10T22:51:22.1999045+05:30" endTime="2015-08-10T22:53:20.6556798+05:30" testType="13cdc9d9-ddb5-4fa4-a97d-d965ccfc6d4b" outcome="Failed" testListId="8c84fa94-04c1-424b-9868-57a2d4851a1d" relativeResultsDirectory="1511f458-b613-45ca-8d71-4261117c30a3">
      <Output>
        <StdOut>Logged in as: AslamKhan / 1qaz!QAZ</StdOut>
        <ErrorInfo>
          <Message>Assert.IsTrue failed. </Message>
          <StackTrace>   at PegasusTests.PageHelper.Comm.DriverHelper.Click(String locator) in d:\pegqa\TestAutomationProject\PegasusTests\PageHelper\Comm\DriverHelper.cs:line 233
   at PegasusTests.PageHelper.ResdiualIncmeFstDataNrthHelperRevnueShareSet.ClickElement(String xmlNode) in d:\pegqa\TestAutomationProject\PegasusTests\PageHelper\Corp\ResdiualIncmeFstDataNrthHelperRevnueShareSet.cs:line 58
   at PegasusTests.Scripts.ClientsTests.ResidualIcomeCalculationWizardOfficeSide.residualIcomeCalculationWizardOfficeSide() in d:\pegqa\TestAutomationProject\PegasusTests\Scripts\JiraTask\ResidualIcomeCalculationWizardOfficeSide.cs:line 42
</StackTrace>
        </ErrorInfo>
      </Output>
    </UnitTestResult>
    <UnitTestResult executionId="85ad9142-c940-4800-adca-631e36c3229e" testId="8fd21b50-d88a-fe0f-cf46-0d27dd074b32" testName="newPartnerAgnetVerifyWelcomeEmail" computerName="USER-PC" duration="00:00:42.2356336" startTime="2015-08-10T22:53:20.6556798+05:30" endTime="2015-08-10T22:54:02.8930956+05:30" testType="13cdc9d9-ddb5-4fa4-a97d-d965ccfc6d4b" outcome="Failed" testListId="8c84fa94-04c1-424b-9868-57a2d4851a1d" relativeResultsDirectory="85ad9142-c940-4800-adca-631e36c3229e">
      <Output>
        <StdOut>Logged in as: AslamKhan / 1qaz!QAZ
Redirected at Dashboard screen.</StdOut>
        <ErrorInfo>
          <Message>Test method PegasusTests.Scripts.ClientsTests.NewPartnerAgnetVerifyWelcomeEmail.newPartnerAgnetVerifyWelcomeEmail threw exception: 
OpenQA.Selenium.NoSuchElementException: no such element
  (Session info: chrome=44.0.2403.130)
  (Driver info: chromedriver=2.14.313457 (3d645c400edf2e2c500566c9aa096063e707c9cf),platform=Windows NT 6.1 SP1 x86_64)</Message>
          <StackTrace>    at OpenQA.Selenium.Remote.RemoteWebDriver.UnpackAndThrowOnError(Response errorResponse) in c:\Projects\webdriver\dotnet\src\webdriver\Remote\RemoteWebDriver.cs:line 1107
   at OpenQA.Selenium.Remote.RemoteWebDriver.Execute(String driverCommandToExecute, Dictionary`2 parameters) in c:\Projects\webdriver\dotnet\src\webdriver\Remote\RemoteWebDriver.cs:line 920
   at OpenQA.Selenium.Remote.RemoteWebDriver.FindElement(String mechanism, String value) in c:\Projects\webdriver\dotnet\src\webdriver\Remote\RemoteWebDriver.cs:line 954
   at OpenQA.Selenium.Remote.RemoteWebDriver.FindElementByXPath(String xpath) in c:\Projects\webdriver\dotnet\src\webdriver\Remote\RemoteWebDriver.cs:line 700
   at OpenQA.Selenium.By.&lt;&gt;c__DisplayClasse.&lt;XPath&gt;b__c(ISearchContext context) in c:\Projects\webdriver\dotnet\src\webdriver\By.cs:line 167
   at OpenQA.Selenium.By.FindElement(ISearchContext context) in c:\Projects\webdriver\dotnet\src\webdriver\By.cs:line 309
   at OpenQA.Selenium.Remote.RemoteWebDriver.FindElement(By by) in c:\Projects\webdriver\dotnet\src\webdriver\Remote\RemoteWebDriver.cs:line 330
   at PegasusTests.PageHelper.Comm.DriverHelper.MouseOver(String locator) in d:\pegqa\TestAutomationProject\PegasusTests\PageHelper\Comm\DriverHelper.cs:line 423
   at PegasusTests.PageHelper.CreateAgentHelper.MouseHover(String field) in d:\pegqa\TestAutomationProject\PegasusTests\PageHelper\CreateAgentHelper.cs:line 57
   at PegasusTests.Scripts.ClientsTests.NewPartnerAgnetVerifyWelcomeEmail.newPartnerAgnetVerifyWelcomeEmail() in d:\pegqa\TestAutomationProject\PegasusTests\Scripts\JiraTask\NewPartnerAgnetVerifyWelcomeEmail.cs:line 41
</StackTrace>
        </ErrorInfo>
      </Output>
    </UnitTestResult>
    <UnitTestResult executionId="29ec97b0-1166-4ef0-a2a9-3c05a4c506e9" testId="c9024737-9211-b879-2add-9028c59660ae" testName="editEquipmentAdmin" computerName="USER-PC" duration="00:01:06.4055539" startTime="2015-08-10T22:54:02.8930956+05:30" endTime="2015-08-10T22:55:09.3008939+05:30" testType="13cdc9d9-ddb5-4fa4-a97d-d965ccfc6d4b" outcome="Failed" testListId="8c84fa94-04c1-424b-9868-57a2d4851a1d" relativeResultsDirectory="29ec97b0-1166-4ef0-a2a9-3c05a4c506e9">
      <Output>
        <StdOut>Logged in as: AslamKhan / 1qaz!QAZ
Redirected at Dashboard screen.</StdOut>
        <ErrorInfo>
          <Message>Assert.IsTrue failed. </Message>
          <StackTrace>   at PegasusTests.PageHelper.Comm.DriverHelper.Click(String locator) in d:\pegqa\TestAutomationProject\PegasusTests\PageHelper\Comm\DriverHelper.cs:line 233
   at PegasusTests.PageHelper.EditEquipmentAdminHelper.ClickElement(String xmlNode) in d:\pegqa\TestAutomationProject\PegasusTests\PageHelper\AdminHelper\EditEquipmentAdminHelper.cs:line 57
   at PegasusTests.Scripts.ClientsTests.EditEquipmentAdmin.editEquipmentAdmin() in d:\pegqa\TestAutomationProject\PegasusTests\Scripts\JiraTask\EditEquipmentAdmin.cs:line 49
</StackTrace>
        </ErrorInfo>
      </Output>
    </UnitTestResult>
    <UnitTestResult executionId="a54d0a83-e590-43b8-b6cb-0e7dd5339d7d" testId="becdf17b-599e-694e-227f-f01b28889349" testName="editVendors" computerName="USER-PC" duration="00:01:06.3623121" startTime="2015-08-10T22:55:09.3008939+05:30" endTime="2015-08-10T22:56:15.6656898+05:30" testType="13cdc9d9-ddb5-4fa4-a97d-d965ccfc6d4b" outcome="Failed" testListId="8c84fa94-04c1-424b-9868-57a2d4851a1d" relativeResultsDirectory="a54d0a83-e590-43b8-b6cb-0e7dd5339d7d">
      <Output>
        <StdOut>Logged in as: AslamKhan / 1qaz!QAZ
Redirected at Dashboard screen.</StdOut>
        <ErrorInfo>
          <Message>Assert.IsTrue failed. </Message>
          <StackTrace>   at PegasusTests.PageHelper.Comm.DriverHelper.Click(String locator) in d:\pegqa\TestAutomationProject\PegasusTests\PageHelper\Comm\DriverHelper.cs:line 233
   at PegasusTests.PageHelper.CreateVendorHelper.ClickElement(String xmlNode) in d:\pegqa\TestAutomationProject\PegasusTests\PageHelper\CreateVendorHelper.cs:line 50
   at PegasusTests.Scripts.Admin.EditVendors.editVendors() in d:\pegqa\TestAutomationProject\PegasusTests\Scripts\JiraTask\EditVendors.cs:line 40
</StackTrace>
        </ErrorInfo>
      </Output>
    </UnitTestResult>
    <UnitTestResult executionId="5dc53440-c42d-47e7-81f2-42b9a8f4b82e" testId="8f1795e0-44a3-6a13-e8b3-f1e12d861f04" testName="partnerAgentWithUser" computerName="USER-PC" duration="00:00:42.4159781" startTime="2015-08-10T22:56:15.6656898+05:30" endTime="2015-08-10T22:56:58.0831159+05:30" testType="13cdc9d9-ddb5-4fa4-a97d-d965ccfc6d4b" outcome="Failed" testListId="8c84fa94-04c1-424b-9868-57a2d4851a1d" relativeResultsDirectory="5dc53440-c42d-47e7-81f2-42b9a8f4b82e">
      <Output>
        <StdOut>Logged in as: AslamKhan / 1qaz!QAZ
Redirected at Dashboard screen.</StdOut>
        <ErrorInfo>
          <Message>Test method PegasusTests.Scripts.ClientsTests.PartnerAgentWithUser.partnerAgentWithUser threw exception: 
OpenQA.Selenium.NoSuchElementException: no such element
  (Session info: chrome=44.0.2403.130)
  (Driver info: chromedriver=2.14.313457 (3d645c400edf2e2c500566c9aa096063e707c9cf),platform=Windows NT 6.1 SP1 x86_64)</Message>
          <StackTrace>    at OpenQA.Selenium.Remote.RemoteWebDriver.UnpackAndThrowOnError(Response errorResponse) in c:\Projects\webdriver\dotnet\src\webdriver\Remote\RemoteWebDriver.cs:line 1107
   at OpenQA.Selenium.Remote.RemoteWebDriver.Execute(String driverCommandToExecute, Dictionary`2 parameters) in c:\Projects\webdriver\dotnet\src\webdriver\Remote\RemoteWebDriver.cs:line 920
   at OpenQA.Selenium.Remote.RemoteWebDriver.FindElement(String mechanism, String value) in c:\Projects\webdriver\dotnet\src\webdriver\Remote\RemoteWebDriver.cs:line 954
   at OpenQA.Selenium.Remote.RemoteWebDriver.FindElementByXPath(String xpath) in c:\Projects\webdriver\dotnet\src\webdriver\Remote\RemoteWebDriver.cs:line 700
   at OpenQA.Selenium.By.&lt;&gt;c__DisplayClasse.&lt;XPath&gt;b__c(ISearchContext context) in c:\Projects\webdriver\dotnet\src\webdriver\By.cs:line 167
   at OpenQA.Selenium.By.FindElement(ISearchContext context) in c:\Projects\webdriver\dotnet\src\webdriver\By.cs:line 309
   at OpenQA.Selenium.Remote.RemoteWebDriver.FindElement(By by) in c:\Projects\webdriver\dotnet\src\webdriver\Remote\RemoteWebDriver.cs:line 330
   at PegasusTests.PageHelper.Comm.DriverHelper.MouseOver(String locator) in d:\pegqa\TestAutomationProject\PegasusTests\PageHelper\Comm\DriverHelper.cs:line 423
   at PegasusTests.PageHelper.CreateAgentHelper.MouseHover(String field) in d:\pegqa\TestAutomationProject\PegasusTests\PageHelper\CreateAgentHelper.cs:line 57
   at PegasusTests.Scripts.ClientsTests.PartnerAgentWithUser.partnerAgentWithUser() in d:\pegqa\TestAutomationProject\PegasusTests\Scripts\BugTest\PartnerAgentWithUser.cs:line 41
</StackTrace>
        </ErrorInfo>
      </Output>
    </UnitTestResult>
    <UnitTestResult executionId="e01f7f28-0963-488f-94f3-60f1c36adad3" testId="df5710ba-d6b6-c2ae-3ca8-581becc706dd" testName="employeeAgentWithoutUser" computerName="USER-PC" duration="00:01:06.4714549" startTime="2015-08-10T22:56:58.0831159+05:30" endTime="2015-08-10T22:58:04.5559179+05:30" testType="13cdc9d9-ddb5-4fa4-a97d-d965ccfc6d4b" outcome="Failed" testListId="8c84fa94-04c1-424b-9868-57a2d4851a1d" relativeResultsDirectory="e01f7f28-0963-488f-94f3-60f1c36adad3">
      <Output>
        <StdOut>Logged in as: AslamKhan / 1qaz!QAZ
Redirected at Dashboard screen.</StdOut>
        <ErrorInfo>
          <Message>Assert.IsTrue failed. </Message>
          <StackTrace>   at PegasusTests.PageHelper.Comm.DriverHelper.Click(String locator) in d:\pegqa\TestAutomationProject\PegasusTests\PageHelper\Comm\DriverHelper.cs:line 233
   at PegasusTests.PageHelper.EmployeeAgentHelper.ClickElement(String xmlNode) in d:\pegqa\TestAutomationProject\PegasusTests\PageHelper\EmployeeAgentHelper.cs:line 50
   at PegasusTests.Scripts.ClientsTests.EmployeeAgentWithoutUser.employeeAgentWithoutUser() in d:\pegqa\TestAutomationProject\PegasusTests\Scripts\BugTest\EmployeeAgentWithoutUser.cs:line 41
</StackTrace>
        </ErrorInfo>
      </Output>
    </UnitTestResult>
    <UnitTestResult executionId="bc0ca444-1c12-4914-a55f-4672e5248e6e" testId="623c02c6-f7eb-bf8d-e1d5-aab3d81eac24" testName="partnerAgentWithoutUser" computerName="USER-PC" duration="00:00:41.7468302" startTime="2015-08-10T22:58:04.5559179+05:30" endTime="2015-08-10T22:58:46.3043058+05:30" testType="13cdc9d9-ddb5-4fa4-a97d-d965ccfc6d4b" outcome="Failed" testListId="8c84fa94-04c1-424b-9868-57a2d4851a1d" relativeResultsDirectory="bc0ca444-1c12-4914-a55f-4672e5248e6e">
      <Output>
        <StdOut>Logged in as: AslamKhan / 1qaz!QAZ
Redirected at Dashboard screen.</StdOut>
        <ErrorInfo>
          <Message>Test method PegasusTests.Scripts.ClientsTests.PartnerAgentWithoutUser.partnerAgentWithoutUser threw exception: 
OpenQA.Selenium.NoSuchElementException: no such element
  (Session info: chrome=44.0.2403.130)
  (Driver info: chromedriver=2.14.313457 (3d645c400edf2e2c500566c9aa096063e707c9cf),platform=Windows NT 6.1 SP1 x86_64)</Message>
          <StackTrace>    at OpenQA.Selenium.Remote.RemoteWebDriver.UnpackAndThrowOnError(Response errorResponse) in c:\Projects\webdriver\dotnet\src\webdriver\Remote\RemoteWebDriver.cs:line 1107
   at OpenQA.Selenium.Remote.RemoteWebDriver.Execute(String driverCommandToExecute, Dictionary`2 parameters) in c:\Projects\webdriver\dotnet\src\webdriver\Remote\RemoteWebDriver.cs:line 920
   at OpenQA.Selenium.Remote.RemoteWebDriver.FindElement(String mechanism, String value) in c:\Projects\webdriver\dotnet\src\webdriver\Remote\RemoteWebDriver.cs:line 954
   at OpenQA.Selenium.Remote.RemoteWebDriver.FindElementByXPath(String xpath) in c:\Projects\webdriver\dotnet\src\webdriver\Remote\RemoteWebDriver.cs:line 700
   at OpenQA.Selenium.By.&lt;&gt;c__DisplayClasse.&lt;XPath&gt;b__c(ISearchContext context) in c:\Projects\webdriver\dotnet\src\webdriver\By.cs:line 167
   at OpenQA.Selenium.By.FindElement(ISearchContext context) in c:\Projects\webdriver\dotnet\src\webdriver\By.cs:line 309
   at OpenQA.Selenium.Remote.RemoteWebDriver.FindElement(By by) in c:\Projects\webdriver\dotnet\src\webdriver\Remote\RemoteWebDriver.cs:line 330
   at PegasusTests.PageHelper.Comm.DriverHelper.MouseOver(String locator) in d:\pegqa\TestAutomationProject\PegasusTests\PageHelper\Comm\DriverHelper.cs:line 423
   at PegasusTests.PageHelper.CreateAgentHelper.MouseHover(String field) in d:\pegqa\TestAutomationProject\PegasusTests\PageHelper\CreateAgentHelper.cs:line 57
   at PegasusTests.Scripts.ClientsTests.PartnerAgentWithoutUser.partnerAgentWithoutUser() in d:\pegqa\TestAutomationProject\PegasusTests\Scripts\BugTest\PartnerAgentWithoutUser.cs:line 41
</StackTrace>
        </ErrorInfo>
      </Output>
    </UnitTestResult>
    <UnitTestResult executionId="af26f9a2-e99b-4032-9040-b9f18aab70f8" testId="8d5d476b-9c9c-ad00-768f-67a097d33e4d" testName="createPartnerAgentAndUserAccount" computerName="USER-PC" duration="00:00:43.0267385" startTime="2015-08-10T22:58:46.3053059+05:30" endTime="2015-08-10T22:59:29.3327669+05:30" testType="13cdc9d9-ddb5-4fa4-a97d-d965ccfc6d4b" outcome="Failed" testListId="8c84fa94-04c1-424b-9868-57a2d4851a1d" relativeResultsDirectory="af26f9a2-e99b-4032-9040-b9f18aab70f8">
      <Output>
        <StdOut>Logged in as: AslamKhan / 1qaz!QAZ
Redirected at Dashboard screen.</StdOut>
        <ErrorInfo>
          <Message>Test method PegasusTests.Scripts.ClientsTests.CreatePartnerAgentAndUserAccount.createPartnerAgentAndUserAccount threw exception: 
OpenQA.Selenium.NoSuchElementException: no such element
  (Session info: chrome=44.0.2403.130)
  (Driver info: chromedriver=2.14.313457 (3d645c400edf2e2c500566c9aa096063e707c9cf),platform=Windows NT 6.1 SP1 x86_64)</Message>
          <StackTrace>    at OpenQA.Selenium.Remote.RemoteWebDriver.UnpackAndThrowOnError(Response errorResponse) in c:\Projects\webdriver\dotnet\src\webdriver\Remote\RemoteWebDriver.cs:line 1107
   at OpenQA.Selenium.Remote.RemoteWebDriver.Execute(String driverCommandToExecute, Dictionary`2 parameters) in c:\Projects\webdriver\dotnet\src\webdriver\Remote\RemoteWebDriver.cs:line 920
   at OpenQA.Selenium.Remote.RemoteWebDriver.FindElement(String mechanism, String value) in c:\Projects\webdriver\dotnet\src\webdriver\Remote\RemoteWebDriver.cs:line 954
   at OpenQA.Selenium.Remote.RemoteWebDriver.FindElementByXPath(String xpath) in c:\Projects\webdriver\dotnet\src\webdriver\Remote\RemoteWebDriver.cs:line 700
   at OpenQA.Selenium.By.&lt;&gt;c__DisplayClasse.&lt;XPath&gt;b__c(ISearchContext context) in c:\Projects\webdriver\dotnet\src\webdriver\By.cs:line 167
   at OpenQA.Selenium.By.FindElement(ISearchContext context) in c:\Projects\webdriver\dotnet\src\webdriver\By.cs:line 309
   at OpenQA.Selenium.Remote.RemoteWebDriver.FindElement(By by) in c:\Projects\webdriver\dotnet\src\webdriver\Remote\RemoteWebDriver.cs:line 330
   at PegasusTests.PageHelper.Comm.DriverHelper.MouseOver(String locator) in d:\pegqa\TestAutomationProject\PegasusTests\PageHelper\Comm\DriverHelper.cs:line 423
   at PegasusTests.PageHelper.CreateAgentHelper.MouseHover(String field) in d:\pegqa\TestAutomationProject\PegasusTests\PageHelper\CreateAgentHelper.cs:line 57
   at PegasusTests.Scripts.ClientsTests.CreatePartnerAgentAndUserAccount.createPartnerAgentAndUserAccount() in d:\pegqa\TestAutomationProject\PegasusTests\Scripts\BugTest\CreatePartnerAgentAndUserAccount.cs:line 46
</StackTrace>
        </ErrorInfo>
      </Output>
    </UnitTestResult>
    <UnitTestResult executionId="9a5e867e-55ad-4879-a0ae-ec068b3df3f2" testId="c9b92c5b-9956-8c37-f4c6-b7cc9d6a8df7" testName="clonePDFTemplate" computerName="USER-PC" duration="00:01:06.6090637" startTime="2015-08-10T22:59:29.3327669+05:30" endTime="2015-08-10T23:00:35.9435768+05:30" testType="13cdc9d9-ddb5-4fa4-a97d-d965ccfc6d4b" outcome="Failed" testListId="8c84fa94-04c1-424b-9868-57a2d4851a1d" relativeResultsDirectory="9a5e867e-55ad-4879-a0ae-ec068b3df3f2">
      <Output>
        <StdOut>Logged in as: AslamKhan / 1qaz!QAZ
Redirected at Dashboard screen.</StdOut>
        <ErrorInfo>
          <Message>Assert.IsTrue failed. </Message>
          <StackTrace>   at PegasusTests.PageHelper.Comm.DriverHelper.Click(String locator) in d:\pegqa\TestAutomationProject\PegasusTests\PageHelper\Comm\DriverHelper.cs:line 233
   at PegasusTests.PageHelper.PDFImportWizardHelper.ClickElement(String xmlNode) in d:\pegqa\TestAutomationProject\PegasusTests\PageHelper\PDFImportWizardHelper.cs:line 56
   at PegasusTests.Scripts.ClientsTests.ClonePDFTemplate.clonePDFTemplate() in d:\pegqa\TestAutomationProject\PegasusTests\Scripts\BugTest\ClonePDFTemplate.cs:line 48
</StackTrace>
        </ErrorInfo>
      </Output>
    </UnitTestResult>
    <UnitTestResult executionId="7f9e9b43-ab8b-42fc-aed2-bc86269e1071" testId="df904ff6-c109-ed96-e7e5-04bff3d55985" testName="partnerAssociationWithUser" computerName="USER-PC" duration="00:00:44.1555006" startTime="2015-08-10T23:00:35.9435768+05:30" endTime="2015-08-10T23:01:20.1011025+05:30" testType="13cdc9d9-ddb5-4fa4-a97d-d965ccfc6d4b" outcome="Failed" testListId="8c84fa94-04c1-424b-9868-57a2d4851a1d" relativeResultsDirectory="7f9e9b43-ab8b-42fc-aed2-bc86269e1071">
      <Output>
        <StdOut>Logged in as: AslamKhan / 1qaz!QAZ
Redirected at Dashboard screen.</StdOut>
        <ErrorInfo>
          <Message>Test method PegasusTests.Scripts.ClientsTests.PartnerAssociationWithUser.partnerAssociationWithUser threw exception: 
OpenQA.Selenium.NoSuchElementException: no such element
  (Session info: chrome=44.0.2403.130)
  (Driver info: chromedriver=2.14.313457 (3d645c400edf2e2c500566c9aa096063e707c9cf),platform=Windows NT 6.1 SP1 x86_64)</Message>
          <StackTrace>    at OpenQA.Selenium.Remote.RemoteWebDriver.UnpackAndThrowOnError(Response errorResponse) in c:\Projects\webdriver\dotnet\src\webdriver\Remote\RemoteWebDriver.cs:line 1107
   at OpenQA.Selenium.Remote.RemoteWebDriver.Execute(String driverCommandToExecute, Dictionary`2 parameters) in c:\Projects\webdriver\dotnet\src\webdriver\Remote\RemoteWebDriver.cs:line 920
   at OpenQA.Selenium.Remote.RemoteWebDriver.FindElement(String mechanism, String value) in c:\Projects\webdriver\dotnet\src\webdriver\Remote\RemoteWebDriver.cs:line 954
   at OpenQA.Selenium.Remote.RemoteWebDriver.FindElementByXPath(String xpath) in c:\Projects\webdriver\dotnet\src\webdriver\Remote\RemoteWebDriver.cs:line 700
   at OpenQA.Selenium.By.&lt;&gt;c__DisplayClasse.&lt;XPath&gt;b__c(ISearchContext context) in c:\Projects\webdriver\dotnet\src\webdriver\By.cs:line 167
   at OpenQA.Selenium.By.FindElement(ISearchContext context) in c:\Projects\webdriver\dotnet\src\webdriver\By.cs:line 309
   at OpenQA.Selenium.Remote.RemoteWebDriver.FindElement(By by) in c:\Projects\webdriver\dotnet\src\webdriver\Remote\RemoteWebDriver.cs:line 330
   at PegasusTests.PageHelper.Comm.DriverHelper.MouseOver(String locator) in d:\pegqa\TestAutomationProject\PegasusTests\PageHelper\Comm\DriverHelper.cs:line 423
   at PegasusTests.PageHelper.PartnerAssociationHelper.MouseHover(String field) in d:\pegqa\TestAutomationProject\PegasusTests\PageHelper\PartnerAssociationHelper.cs:line 58
   at PegasusTests.Scripts.ClientsTests.PartnerAssociationWithUser.partnerAssociationWithUser() in d:\pegqa\TestAutomationProject\PegasusTests\Scripts\BugTest\PartnerAssociationWithUser.cs:line 41
</StackTrace>
        </ErrorInfo>
      </Output>
    </UnitTestResult>
    <UnitTestResult executionId="86d4a517-6469-44e6-ac45-3a571fcfa914" testId="69b3fd7a-b7e7-820c-08b5-ba85108fc14b" testName="partnerAssociationWithoutUser" computerName="USER-PC" duration="00:00:40.2879790" startTime="2015-08-10T23:01:20.1011025+05:30" endTime="2015-08-10T23:02:00.3904069+05:30" testType="13cdc9d9-ddb5-4fa4-a97d-d965ccfc6d4b" outcome="Failed" testListId="8c84fa94-04c1-424b-9868-57a2d4851a1d" relativeResultsDirectory="86d4a517-6469-44e6-ac45-3a571fcfa914">
      <Output>
        <StdOut>Logged in as: AslamKhan / 1qaz!QAZ
Redirected at Dashboard screen.</StdOut>
        <ErrorInfo>
          <Message>Test method PegasusTests.Scripts.ClientsTests.PartnerAssociationWithoutUser.partnerAssociationWithoutUser threw exception: 
OpenQA.Selenium.NoSuchElementException: no such element
  (Session info: chrome=44.0.2403.130)
  (Driver info: chromedriver=2.14.313457 (3d645c400edf2e2c500566c9aa096063e707c9cf),platform=Windows NT 6.1 SP1 x86_64)</Message>
          <StackTrace>    at OpenQA.Selenium.Remote.RemoteWebDriver.UnpackAndThrowOnError(Response errorResponse) in c:\Projects\webdriver\dotnet\src\webdriver\Remote\RemoteWebDriver.cs:line 1107
   at OpenQA.Selenium.Remote.RemoteWebDriver.Execute(String driverCommandToExecute, Dictionary`2 parameters) in c:\Projects\webdriver\dotnet\src\webdriver\Remote\RemoteWebDriver.cs:line 920
   at OpenQA.Selenium.Remote.RemoteWebDriver.FindElement(String mechanism, String value) in c:\Projects\webdriver\dotnet\src\webdriver\Remote\RemoteWebDriver.cs:line 954
   at OpenQA.Selenium.Remote.RemoteWebDriver.FindElementByXPath(String xpath) in c:\Projects\webdriver\dotnet\src\webdriver\Remote\RemoteWebDriver.cs:line 700
   at OpenQA.Selenium.By.&lt;&gt;c__DisplayClasse.&lt;XPath&gt;b__c(ISearchContext context) in c:\Projects\webdriver\dotnet\src\webdriver\By.cs:line 167
   at OpenQA.Selenium.By.FindElement(ISearchContext context) in c:\Projects\webdriver\dotnet\src\webdriver\By.cs:line 309
   at OpenQA.Selenium.Remote.RemoteWebDriver.FindElement(By by) in c:\Projects\webdriver\dotnet\src\webdriver\Remote\RemoteWebDriver.cs:line 330
   at PegasusTests.PageHelper.Comm.DriverHelper.MouseOver(String locator) in d:\pegqa\TestAutomationProject\PegasusTests\PageHelper\Comm\DriverHelper.cs:line 423
   at PegasusTests.PageHelper.PartnerAssociationHelper.MouseHover(String field) in d:\pegqa\TestAutomationProject\PegasusTests\PageHelper\PartnerAssociationHelper.cs:line 58
   at PegasusTests.Scripts.ClientsTests.PartnerAssociationWithoutUser.partnerAssociationWithoutUser() in d:\pegqa\TestAutomationProject\PegasusTests\Scripts\BugTest\PartnerAssociationWithoutUser.cs:line 41
</StackTrace>
        </ErrorInfo>
      </Output>
    </UnitTestResult>
    <UnitTestResult executionId="45448f23-03b4-4dfd-83fd-c9a4f22807ae" testId="c876df0d-1b14-f60a-6301-18c49d076bef" testName="pDFEmailFromClient" computerName="USER-PC" duration="00:00:51.1305539" startTime="2015-08-10T23:02:00.3904069+05:30" endTime="2015-08-10T23:02:51.5223315+05:30" testType="13cdc9d9-ddb5-4fa4-a97d-d965ccfc6d4b" outcome="Failed" testListId="8c84fa94-04c1-424b-9868-57a2d4851a1d" relativeResultsDirectory="45448f23-03b4-4dfd-83fd-c9a4f22807ae">
      <Output>
        <StdOut>Logged in as: AslamKhan / 1qaz!QAZ
Redirected at Dashboard screen.</StdOut>
        <ErrorInfo>
          <Message>Assert.IsTrue failed. </Message>
          <StackTrace>   at PegasusTests.PageHelper.Comm.DriverHelper.Click(String locator) in d:\pegqa\TestAutomationProject\PegasusTests\PageHelper\Comm\DriverHelper.cs:line 233
   at PegasusTests.PageHelper.CreatePDFsHelper.ClickElement(String XmlNode) in d:\pegqa\TestAutomationProject\PegasusTests\PageHelper\CreatePDFsHelper.cs:line 23
   at PegasusTests.Scripts.ClientsTests.PDFEmailFromClient.pDFEmailFromClient() in d:\pegqa\TestAutomationProject\PegasusTests\Scripts\BugTest\PDFEmailFromClient.cs:line 42
</StackTrace>
        </ErrorInfo>
      </Output>
    </UnitTestResult>
    <UnitTestResult executionId="4ec1f5fc-2b71-48d6-ae1a-dc3176c8f71b" testId="ea464dea-b70d-0bf7-cc6b-fbe36800473c" testName="revenueAdjustmentPartnerAgentRemoveFlatAmount" computerName="USER-PC" duration="00:00:40.3062019" startTime="2015-08-10T23:02:51.5233315+05:30" endTime="2015-08-10T23:03:31.8306370+05:30" testType="13cdc9d9-ddb5-4fa4-a97d-d965ccfc6d4b" outcome="Failed" testListId="8c84fa94-04c1-424b-9868-57a2d4851a1d" relativeResultsDirectory="4ec1f5fc-2b71-48d6-ae1a-dc3176c8f71b">
      <Output>
        <StdOut>Logged in as: AslamKhan / 1qaz!QAZ
Redirected at Dashboard screen.</StdOut>
        <ErrorInfo>
          <Message>Test method PegasusTests.Scripts.ClientsTests.RevenueAdjustmentPartnerAgentRemoveFlatAmount.revenueAdjustmentPartnerAgentRemoveFlatAmount threw exception: 
OpenQA.Selenium.ElementNotVisibleException: element not visible
  (Session info: chrome=44.0.2403.130)
  (Driver info: chromedriver=2.14.313457 (3d645c400edf2e2c500566c9aa096063e707c9cf),platform=Windows NT 6.1 SP1 x86_64)</Message>
          <StackTrace>    at OpenQA.Selenium.Remote.RemoteWebDriver.UnpackAndThrowOnError(Response errorResponse) in c:\Projects\webdriver\dotnet\src\webdriver\Remote\RemoteWebDriver.cs:line 1119
   at OpenQA.Selenium.Remote.RemoteWebDriver.Execute(String driverCommandToExecute, Dictionary`2 parameters) in c:\Projects\webdriver\dotnet\src\webdriver\Remote\RemoteWebDriver.cs:line 920
   at OpenQA.Selenium.Remote.RemoteWebElement.Click() in c:\Projects\webdriver\dotnet\src\webdriver\Remote\RemoteWebElement.cs:line 339
   at PegasusTests.PageHelper.Comm.DriverHelper.Click(String locator) in d:\pegqa\TestAutomationProject\PegasusTests\PageHelper\Comm\DriverHelper.cs:line 234
   at PegasusTests.PageHelper.PartnerAgentHelperNewSkin.ClickElement(String xmlNode) in d:\pegqa\TestAutomationProject\PegasusTests\PageHelper\NewSkin\PartnerAgentHelperNewSkin.cs:line 50
   at PegasusTests.Scripts.ClientsTests.RevenueAdjustmentPartnerAgentRemoveFlatAmount.revenueAdjustmentPartnerAgentRemoveFlatAmount() in d:\pegqa\TestAutomationProject\PegasusTests\Scripts\NewSkinTaskJira\RevenueAdjustmentPartnerAgentRemoveFlatAmount.cs:line 183
</StackTrace>
        </ErrorInfo>
      </Output>
    </UnitTestResult>
    <UnitTestResult executionId="aa2c94bd-5842-461c-8246-2a18e1d9568e" testId="7f1560c5-0f25-a393-b052-8a90980741b4" testName="revenueAdjustmentPartnerAgentAddFlatAmount" computerName="USER-PC" duration="00:00:41.4695841" startTime="2015-08-10T23:03:31.8306370+05:30" endTime="2015-08-10T23:04:13.3010090+05:30" testType="13cdc9d9-ddb5-4fa4-a97d-d965ccfc6d4b" outcome="Failed" testListId="8c84fa94-04c1-424b-9868-57a2d4851a1d" relativeResultsDirectory="aa2c94bd-5842-461c-8246-2a18e1d9568e">
      <Output>
        <StdOut>Logged in as: AslamKhan / 1qaz!QAZ
Redirected at Dashboard screen.</StdOut>
        <ErrorInfo>
          <Message>Test method PegasusTests.Scripts.ClientsTests.RevenueAdjustmentPartnerAgentAddFlatAmount.revenueAdjustmentPartnerAgentAddFlatAmount threw exception: 
OpenQA.Selenium.ElementNotVisibleException: element not visible
  (Session info: chrome=44.0.2403.130)
  (Driver info: chromedriver=2.14.313457 (3d645c400edf2e2c500566c9aa096063e707c9cf),platform=Windows NT 6.1 SP1 x86_64)</Message>
          <StackTrace>    at OpenQA.Selenium.Remote.RemoteWebDriver.UnpackAndThrowOnError(Response errorResponse) in c:\Projects\webdriver\dotnet\src\webdriver\Remote\RemoteWebDriver.cs:line 1119
   at OpenQA.Selenium.Remote.RemoteWebDriver.Execute(String driverCommandToExecute, Dictionary`2 parameters) in c:\Projects\webdriver\dotnet\src\webdriver\Remote\RemoteWebDriver.cs:line 920
   at OpenQA.Selenium.Remote.RemoteWebElement.Click() in c:\Projects\webdriver\dotnet\src\webdriver\Remote\RemoteWebElement.cs:line 339
   at PegasusTests.PageHelper.Comm.DriverHelper.Click(String locator) in d:\pegqa\TestAutomationProject\PegasusTests\PageHelper\Comm\DriverHelper.cs:line 234
   at PegasusTests.PageHelper.PartnerAgentHelperNewSkin.ClickElement(String xmlNode) in d:\pegqa\TestAutomationProject\PegasusTests\PageHelper\NewSkin\PartnerAgentHelperNewSkin.cs:line 50
   at PegasusTests.Scripts.ClientsTests.RevenueAdjustmentPartnerAgentAddFlatAmount.revenueAdjustmentPartnerAgentAddFlatAmount() in d:\pegqa\TestAutomationProject\PegasusTests\Scripts\NewSkinTaskJira\RevenueAdjustmentPartnerAgentAddFlatAmount.cs:line 183
</StackTrace>
        </ErrorInfo>
      </Output>
    </UnitTestResult>
    <UnitTestResult executionId="6156bfe9-768c-43d5-9b17-100d8556fbc6" testId="a9c6e912-320c-dceb-d44e-020043374690" testName="revenueAdjustmentPartnerAgentRemovePercentage" computerName="USER-PC" duration="00:00:40.5704418" startTime="2015-08-10T23:04:13.3020090+05:30" endTime="2015-08-10T23:04:53.8733296+05:30" testType="13cdc9d9-ddb5-4fa4-a97d-d965ccfc6d4b" outcome="Failed" testListId="8c84fa94-04c1-424b-9868-57a2d4851a1d" relativeResultsDirectory="6156bfe9-768c-43d5-9b17-100d8556fbc6">
      <Output>
        <StdOut>Logged in as: AslamKhan / 1qaz!QAZ
Redirected at Dashboard screen.</StdOut>
        <ErrorInfo>
          <Message>Test method PegasusTests.Scripts.ClientsTests.RevenueAdjustmentPartnerAgentRemovePercentage.revenueAdjustmentPartnerAgentRemovePercentage threw exception: 
OpenQA.Selenium.ElementNotVisibleException: element not visible
  (Session info: chrome=44.0.2403.130)
  (Driver info: chromedriver=2.14.313457 (3d645c400edf2e2c500566c9aa096063e707c9cf),platform=Windows NT 6.1 SP1 x86_64)</Message>
          <StackTrace>    at OpenQA.Selenium.Remote.RemoteWebDriver.UnpackAndThrowOnError(Response errorResponse) in c:\Projects\webdriver\dotnet\src\webdriver\Remote\RemoteWebDriver.cs:line 1119
   at OpenQA.Selenium.Remote.RemoteWebDriver.Execute(String driverCommandToExecute, Dictionary`2 parameters) in c:\Projects\webdriver\dotnet\src\webdriver\Remote\RemoteWebDriver.cs:line 920
   at OpenQA.Selenium.Remote.RemoteWebElement.Click() in c:\Projects\webdriver\dotnet\src\webdriver\Remote\RemoteWebElement.cs:line 339
   at PegasusTests.PageHelper.Comm.DriverHelper.Click(String locator) in d:\pegqa\TestAutomationProject\PegasusTests\PageHelper\Comm\DriverHelper.cs:line 234
   at PegasusTests.PageHelper.PartnerAgentHelperNewSkin.ClickElement(String xmlNode) in d:\pegqa\TestAutomationProject\PegasusTests\PageHelper\NewSkin\PartnerAgentHelperNewSkin.cs:line 50
   at PegasusTests.Scripts.ClientsTests.RevenueAdjustmentPartnerAgentRemovePercentage.revenueAdjustmentPartnerAgentRemovePercentage() in d:\pegqa\TestAutomationProject\PegasusTests\Scripts\NewSkinTaskJira\RevenueAdjustmentPartnerAgentRemovePercentage.cs:line 183
</StackTrace>
        </ErrorInfo>
      </Output>
    </UnitTestResult>
    <UnitTestResult executionId="17b8458d-3dd8-42a4-b58d-769aacff381a" testId="c942385d-763e-cc76-277e-d70838e4788c" testName="revenueAdjustmentPartnerAgentAddPercentage" computerName="USER-PC" duration="00:00:36.4116601" startTime="2015-08-10T23:04:53.8733296+05:30" endTime="2015-08-10T23:05:30.2864123+05:30" testType="13cdc9d9-ddb5-4fa4-a97d-d965ccfc6d4b" outcome="Failed" testListId="8c84fa94-04c1-424b-9868-57a2d4851a1d" relativeResultsDirectory="17b8458d-3dd8-42a4-b58d-769aacff381a">
      <Output>
        <StdOut>Logged in as: AslamKhan / 1qaz!QAZ
Redirected at Dashboard screen.</StdOut>
        <ErrorInfo>
          <Message>Test method PegasusTests.Scripts.ClientsTests.RevenueAdjustmentPartnerAgentAddPercentage.revenueAdjustmentPartnerAgentAddPercentage threw exception: 
OpenQA.Selenium.ElementNotVisibleException: element not visible
  (Session info: chrome=44.0.2403.130)
  (Driver info: chromedriver=2.14.313457 (3d645c400edf2e2c500566c9aa096063e707c9cf),platform=Windows NT 6.1 SP1 x86_64)</Message>
          <StackTrace>    at OpenQA.Selenium.Remote.RemoteWebDriver.UnpackAndThrowOnError(Response errorResponse) in c:\Projects\webdriver\dotnet\src\webdriver\Remote\RemoteWebDriver.cs:line 1119
   at OpenQA.Selenium.Remote.RemoteWebDriver.Execute(String driverCommandToExecute, Dictionary`2 parameters) in c:\Projects\webdriver\dotnet\src\webdriver\Remote\RemoteWebDriver.cs:line 920
   at OpenQA.Selenium.Remote.RemoteWebElement.SendKeys(String text) in c:\Projects\webdriver\dotnet\src\webdriver\Remote\RemoteWebElement.cs:line 303
   at PegasusTests.PageHelper.Comm.DriverHelper.SendKeys(String locator, String value) in d:\pegqa\TestAutomationProject\PegasusTests\PageHelper\Comm\DriverHelper.cs:line 212
   at PegasusTests.PageHelper.PartnerAgentHelperNewSkin.TypeText(String Field, String text) in d:\pegqa\TestAutomationProject\PegasusTests\PageHelper\NewSkin\PartnerAgentHelperNewSkin.cs:line 26
   at PegasusTests.Scripts.ClientsTests.RevenueAdjustmentPartnerAgentAddPercentage.revenueAdjustmentPartnerAgentAddPercentage() in d:\pegqa\TestAutomationProject\PegasusTests\Scripts\NewSkinTaskJira\RevenueAdjustmentPartnerAgentAddPercentage.cs:line 180
</StackTrace>
        </ErrorInfo>
      </Output>
    </UnitTestResult>
    <UnitTestResult executionId="2c7eaf30-ab30-4fb0-a929-10fc0ec45c71" testId="3e966a8c-c546-b290-9e43-a728e271daaa" testName="partnerAgentWithUserNewSkin" computerName="USER-PC" duration="00:00:34.3922945" startTime="2015-08-10T23:05:30.2864123+05:30" endTime="2015-08-10T23:06:04.6803795+05:30" testType="13cdc9d9-ddb5-4fa4-a97d-d965ccfc6d4b" outcome="Failed" testListId="8c84fa94-04c1-424b-9868-57a2d4851a1d" relativeResultsDirectory="2c7eaf30-ab30-4fb0-a929-10fc0ec45c71">
      <Output>
        <StdOut>Logged in as: AslamKhan / 1qaz!QAZ
Redirected at Dashboard screen.</StdOut>
        <ErrorInfo>
          <Message>Test method PegasusTests.Scripts.ClientsTests.PartnerAgentWithUserNewSkin.partnerAgentWithUserNewSkin threw exception: 
OpenQA.Selenium.ElementNotVisibleException: element not visible
  (Session info: chrome=44.0.2403.130)
  (Driver info: chromedriver=2.14.313457 (3d645c400edf2e2c500566c9aa096063e707c9cf),platform=Windows NT 6.1 SP1 x86_64)</Message>
          <StackTrace>    at OpenQA.Selenium.Remote.RemoteWebDriver.UnpackAndThrowOnError(Response errorResponse) in c:\Projects\webdriver\dotnet\src\webdriver\Remote\RemoteWebDriver.cs:line 1119
   at OpenQA.Selenium.Remote.RemoteWebDriver.Execute(String driverCommandToExecute, Dictionary`2 parameters) in c:\Projects\webdriver\dotnet\src\webdriver\Remote\RemoteWebDriver.cs:line 920
   at OpenQA.Selenium.Remote.RemoteWebElement.Click() in c:\Projects\webdriver\dotnet\src\webdriver\Remote\RemoteWebElement.cs:line 339
   at PegasusTests.PageHelper.Comm.DriverHelper.Click(String locator) in d:\pegqa\TestAutomationProject\PegasusTests\PageHelper\Comm\DriverHelper.cs:line 234
   at PegasusTests.PageHelper.PartnerAgentHelperNewSkin.ClickElement(String xmlNode) in d:\pegqa\TestAutomationProject\PegasusTests\PageHelper\NewSkin\PartnerAgentHelperNewSkin.cs:line 50
   at PegasusTests.Scripts.ClientsTests.PartnerAgentWithUserNewSkin.partnerAgentWithUserNewSkin() in d:\pegqa\TestAutomationProject\PegasusTests\Scripts\NewSkinTaskJira\PartnerAgentWithUserNewSkin.cs:line 125
</StackTrace>
        </ErrorInfo>
      </Output>
    </UnitTestResult>
    <UnitTestResult executionId="998b80ce-ebac-4d8d-96d9-d434bff880c9" testId="602d87f1-7456-a6b5-dafb-409eab5443f6" testName="revenueAdjustmentSaleAgentRemoveFlat" computerName="USER-PC" duration="00:01:20.3017790" startTime="2015-08-10T23:06:04.6803795+05:30" endTime="2015-08-10T23:07:24.9839726+05:30" testType="13cdc9d9-ddb5-4fa4-a97d-d965ccfc6d4b" outcome="Failed" testListId="8c84fa94-04c1-424b-9868-57a2d4851a1d" relativeResultsDirectory="998b80ce-ebac-4d8d-96d9-d434bff880c9">
      <Output>
        <StdOut>Logged in as: AslamKhan / 1qaz!QAZ
Redirected at Dashboard screen.</StdOut>
        <ErrorInfo>
          <Message>Assert.IsTrue failed. </Message>
          <StackTrace>   at PegasusTests.PageHelper.Comm.DriverHelper.Click(String locator) in d:\pegqa\TestAutomationProject\PegasusTests\PageHelper\Comm\DriverHelper.cs:line 233
   at PegasusTests.PageHelper.SaleAgentRevenueAdjustmentHelper.ClickElement(String XmlNode) in d:\pegqa\TestAutomationProject\PegasusTests\PageHelper\NewSkin\SaleAgentRevenueAdjustmentHelper.cs:line 27
   at PegasusTests.Scripts.ClientsTests.RevenueAdjustmentSaleAgentRemoveFlat.revenueAdjustmentSaleAgentRemoveFlat() in d:\pegqa\TestAutomationProject\PegasusTests\Scripts\NewSkinTaskJira\RevenueAdjustmentSaleAgentRemoveFlat.cs:line 212
</StackTrace>
        </ErrorInfo>
      </Output>
    </UnitTestResult>
    <UnitTestResult executionId="cf30b724-f98b-4387-84be-3baa343d017f" testId="bdbf5c48-12fd-5bb4-daa7-2a08af493fa1" testName="revenueAdjustmentForSaleManagerRemoveFlat" computerName="USER-PC" duration="00:01:01.3191887" startTime="2015-08-10T23:07:24.9839726+05:30" endTime="2015-08-10T23:08:26.3054800+05:30" testType="13cdc9d9-ddb5-4fa4-a97d-d965ccfc6d4b" outcome="Failed" testListId="8c84fa94-04c1-424b-9868-57a2d4851a1d" relativeResultsDirectory="cf30b724-f98b-4387-84be-3baa343d017f">
      <Output>
        <StdOut>Logged in as: AslamKhan / 1qaz!QAZ
Redirected at Dashboard screen.</StdOut>
        <ErrorInfo>
          <Message>Assert.IsTrue failed. </Message>
          <StackTrace>   at PegasusTests.PageHelper.Comm.DriverHelper.Click(String locator) in d:\pegqa\TestAutomationProject\PegasusTests\PageHelper\Comm\DriverHelper.cs:line 233
   at PegasusTests.PageHelper.SaleAgentRevenueAdjustmentHelper.ClickElement(String XmlNode) in d:\pegqa\TestAutomationProject\PegasusTests\PageHelper\NewSkin\SaleAgentRevenueAdjustmentHelper.cs:line 27
   at PegasusTests.Scripts.ClientsTests.RevenueAdjustmentForSaleManagerRemoveFlat.revenueAdjustmentForSaleManagerRemoveFlat() in d:\pegqa\TestAutomationProject\PegasusTests\Scripts\NewSkinTaskJira\RevenueAdjustmentForSaleManagerRemoveFlat.cs:line 69
</StackTrace>
        </ErrorInfo>
      </Output>
    </UnitTestResult>
    <UnitTestResult executionId="4dcffa23-76f8-4013-a0b4-0337ceb8e957" testId="54c79410-b3e8-ba0e-9763-525e8b7dfcf4" testName="saleAgentWithUserNewSkin" computerName="USER-PC" duration="00:01:04.0510831" startTime="2015-08-10T23:08:26.3054800+05:30" endTime="2015-08-10T23:09:30.3581436+05:30" testType="13cdc9d9-ddb5-4fa4-a97d-d965ccfc6d4b" outcome="Failed" testListId="8c84fa94-04c1-424b-9868-57a2d4851a1d" relativeResultsDirectory="4dcffa23-76f8-4013-a0b4-0337ceb8e957">
      <Output>
        <StdOut>Logged in as: AslamKhan / 1qaz!QAZ
Redirected at Dashboard screen.</StdOut>
        <ErrorInfo>
          <Message>Assert.IsTrue failed. </Message>
          <StackTrace>   at PegasusTests.PageHelper.Comm.DriverHelper.Click(String locator) in d:\pegqa\TestAutomationProject\PegasusTests\PageHelper\Comm\DriverHelper.cs:line 233
   at PegasusTests.PageHelper.SaleAgentRevenueAdjustmentHelper.ClickElement(String XmlNode) in d:\pegqa\TestAutomationProject\PegasusTests\PageHelper\NewSkin\SaleAgentRevenueAdjustmentHelper.cs:line 27
   at PegasusTests.Scripts.ClientsTests.SaleAgentWithUserNewSkin.saleAgentWithUserNewSkin() in d:\pegqa\TestAutomationProject\PegasusTests\Scripts\NewSkinTaskJira\SaleAgentWithUserNewSkin.cs:line 69
</StackTrace>
        </ErrorInfo>
      </Output>
    </UnitTestResult>
    <UnitTestResult executionId="3deb0b23-b492-4895-90fe-4333deda4308" testId="3911164c-1708-8f71-1eb6-f330e0f2e291" testName="revenueAdjustmentForSaleManagerAddAmount" computerName="USER-PC" duration="00:01:09.8815096" startTime="2015-08-10T23:09:30.3581436+05:30" endTime="2015-08-10T23:10:40.2421407+05:30" testType="13cdc9d9-ddb5-4fa4-a97d-d965ccfc6d4b" outcome="Failed" testListId="8c84fa94-04c1-424b-9868-57a2d4851a1d" relativeResultsDirectory="3deb0b23-b492-4895-90fe-4333deda4308">
      <Output>
        <StdOut>Logged in as: AslamKhan / 1qaz!QAZ
Redirected at Dashboard screen.</StdOut>
        <ErrorInfo>
          <Message>Assert.IsTrue failed. </Message>
          <StackTrace>   at PegasusTests.PageHelper.Comm.DriverHelper.Click(String locator) in d:\pegqa\TestAutomationProject\PegasusTests\PageHelper\Comm\DriverHelper.cs:line 233
   at PegasusTests.PageHelper.SaleAgentRevenueAdjustmentHelper.ClickElement(String XmlNode) in d:\pegqa\TestAutomationProject\PegasusTests\PageHelper\NewSkin\SaleAgentRevenueAdjustmentHelper.cs:line 27
   at PegasusTests.Scripts.ClientsTests.RevenueAdjustmentForSaleManagerAddAmount.revenueAdjustmentForSaleManagerAddAmount() in d:\pegqa\TestAutomationProject\PegasusTests\Scripts\NewSkinTaskJira\RevenueAdjustmentForSaleManagerAddAmountPercentage.cs:line 69
</StackTrace>
        </ErrorInfo>
      </Output>
    </UnitTestResult>
    <UnitTestResult executionId="7270e3ca-e592-4dce-991c-37d37f56a225" testId="71ae46a4-017f-4793-fa99-0fee96d5382d" testName="revenueAdjustmentSaleAgentAddAmount" computerName="USER-PC" duration="00:01:05.2711787" startTime="2015-08-10T23:10:40.2421407+05:30" endTime="2015-08-10T23:11:45.5148741+05:30" testType="13cdc9d9-ddb5-4fa4-a97d-d965ccfc6d4b" outcome="Failed" testListId="8c84fa94-04c1-424b-9868-57a2d4851a1d" relativeResultsDirectory="7270e3ca-e592-4dce-991c-37d37f56a225">
      <Output>
        <StdOut>Logged in as: AslamKhan / 1qaz!QAZ
Redirected at Dashboard screen.</StdOut>
        <ErrorInfo>
          <Message>Assert.IsTrue failed. </Message>
          <StackTrace>   at PegasusTests.PageHelper.Comm.DriverHelper.Click(String locator) in d:\pegqa\TestAutomationProject\PegasusTests\PageHelper\Comm\DriverHelper.cs:line 233
   at PegasusTests.PageHelper.SaleAgentRevenueAdjustmentHelper.ClickElement(String XmlNode) in d:\pegqa\TestAutomationProject\PegasusTests\PageHelper\NewSkin\SaleAgentRevenueAdjustmentHelper.cs:line 27
   at PegasusTests.Scripts.ClientsTests.RevenueAdjustmentSaleAgentAddAmount.revenueAdjustmentSaleAgentAddAmount() in d:\pegqa\TestAutomationProject\PegasusTests\Scripts\NewSkinTaskJira\RevenueAdjustmentSaleAgentAddAmountPercentage.cs:line 69
</StackTrace>
        </ErrorInfo>
      </Output>
    </UnitTestResult>
    <UnitTestResult executionId="3f174ed9-80c9-4e7d-9b88-3154166d18e2" testId="ebc1986e-2175-a9fb-a159-f10ea5e1b281" testName="saleAgentWithoutUser" computerName="USER-PC" duration="00:01:44.1797512" startTime="2015-08-10T23:11:45.5148741+05:30" endTime="2015-08-10T23:13:29.6978330+05:30" testType="13cdc9d9-ddb5-4fa4-a97d-d965ccfc6d4b" outcome="Failed" testListId="8c84fa94-04c1-424b-9868-57a2d4851a1d" relativeResultsDirectory="3f174ed9-80c9-4e7d-9b88-3154166d18e2">
      <Output>
        <StdOut>Logged in as: AslamKhan / 1qaz!QAZ
Redirected at Dashboard screen.</StdOut>
        <ErrorInfo>
          <Message>Assert.IsTrue failed. </Message>
          <StackTrace>   at PegasusTests.PageHelper.Comm.DriverHelper.Click(String locator) in d:\pegqa\TestAutomationProject\PegasusTests\PageHelper\Comm\DriverHelper.cs:line 233
   at PegasusTests.PageHelper.SaleAgentHelper.ClickElement(String xmlNode) in d:\pegqa\TestAutomationProject\PegasusTests\PageHelper\SaleAgentHelper.cs:line 51
   at PegasusTests.Scripts.ClientsTests.SaleAgentWithoutUser.saleAgentWithoutUser() in d:\pegqa\TestAutomationProject\PegasusTests\Scripts\BugTest\SaleAgentWithoutUser.cs:line 41
</StackTrace>
        </ErrorInfo>
      </Output>
    </UnitTestResult>
    <UnitTestResult executionId="135d025e-2515-4448-83b5-b26c03713e4e" testId="18f218b5-07f2-c5c8-5450-9f2e544966bc" testName="verifyCreateTicketInAllTickets" computerName="USER-PC" duration="00:00:48.1857605" startTime="2015-08-10T23:13:29.6978330+05:30" endTime="2015-08-10T23:14:17.8845892+05:30" testType="13cdc9d9-ddb5-4fa4-a97d-d965ccfc6d4b" outcome="Failed" testListId="8c84fa94-04c1-424b-9868-57a2d4851a1d" relativeResultsDirectory="135d025e-2515-4448-83b5-b26c03713e4e">
      <Output>
        <StdOut>Logged in as: AslamKhan / 1qaz!QAZ
Redirected at Dashboard screen.</StdOut>
        <ErrorInfo>
          <Message>Assert.IsTrue failed. </Message>
          <StackTrace>   at PegasusTests.PageHelper.Comm.DriverHelper.Click(String locator) in d:\pegqa\TestAutomationProject\PegasusTests\PageHelper\Comm\DriverHelper.cs:line 233
   at PegasusTests.PageHelper.ClientBugsHelper.ClickElement(String XmlNode) in d:\pegqa\TestAutomationProject\PegasusTests\PageHelper\ClientBugsHelper.cs:line 23
   at PegasusTests.Scripts.ClientsTests.VerifyCreateTicketInAllTickets.verifyCreateTicketInAllTickets() in d:\pegqa\TestAutomationProject\PegasusTests\Scripts\BugTest\VerifyCreateTicketInAllTickets.cs:line 47
</StackTrace>
        </ErrorInfo>
      </Output>
    </UnitTestResult>
    <UnitTestResult executionId="567873ea-13b4-4b65-855c-0f55909ccf38" testId="c4642b3c-0ec0-f172-c646-1e5995293a4e" testName="showMeetingOnCalender" computerName="USER-PC" duration="00:00:43.0073352" startTime="2015-08-10T23:14:17.8855892+05:30" endTime="2015-08-10T23:15:00.8940492+05:30" testType="13cdc9d9-ddb5-4fa4-a97d-d965ccfc6d4b" outcome="Failed" testListId="8c84fa94-04c1-424b-9868-57a2d4851a1d" relativeResultsDirectory="567873ea-13b4-4b65-855c-0f55909ccf38">
      <Output>
        <StdOut>Logged in as: AslamKhan / 1qaz!QAZ
Redirected at Dashboard screen.</StdOut>
        <ErrorInfo>
          <Message>Assert.IsTrue failed. </Message>
          <StackTrace>   at PegasusTests.PageHelper.Comm.DriverHelper.Click(String locator) in d:\pegqa\TestAutomationProject\PegasusTests\PageHelper\Comm\DriverHelper.cs:line 233
   at PegasusTests.PageHelper.ClientBugsHelper.ClickElement(String XmlNode) in d:\pegqa\TestAutomationProject\PegasusTests\PageHelper\ClientBugsHelper.cs:line 23
   at PegasusTests.Scripts.ClientsTests.ShowMeetingOnCalender.showMeetingOnCalender() in d:\pegqa\TestAutomationProject\PegasusTests\Scripts\BugTest\ShowMeetingOnCalender.cs:line 70
</StackTrace>
        </ErrorInfo>
      </Output>
    </UnitTestResult>
    <UnitTestResult executionId="243bad5c-c588-467c-a14b-491672a1ceaa" testId="4dd246e5-5859-015d-84c9-fa99a1c68872" testName="createReportEmployeDisabledPerminsions" computerName="USER-PC" duration="00:00:17.0473640" startTime="2015-08-10T23:15:00.8940492+05:30" endTime="2015-08-10T23:15:17.9420242+05:30" testType="13cdc9d9-ddb5-4fa4-a97d-d965ccfc6d4b" outcome="Failed" testListId="8c84fa94-04c1-424b-9868-57a2d4851a1d" relativeResultsDirectory="243bad5c-c588-467c-a14b-491672a1ceaa">
      <Output>
        <StdOut>Logged in as: MyEmployeeAgnet / 1qaz!QAZ</StdOut>
        <ErrorInfo>
          <Message>Assert.IsTrue failed. </Message>
          <StackTrace>   at PegasusTests.PageHelper.Comm.DriverTestCase.VerifyTitle(String title) in d:\pegqa\TestAutomationProject\PegasusTests\PageHelper\Comm\DriverTestCase.cs:line 107
   at PegasusTests.Scripts.ClientsTests.CreateReportEmployeDisabledPerminsions.createReportEmployeDisabledPerminsions() in d:\pegqa\TestAutomationProject\PegasusTests\Scripts\BugTest\CreateReportEmployeDisabledPerminsions.cs:line 39
</StackTrace>
        </ErrorInfo>
      </Output>
    </UnitTestResult>
    <UnitTestResult executionId="c7833170-881d-4197-9e8d-21fc78f48803" testId="e15c3ef1-75d2-8c5a-4827-c6fe84dec504" testName="forwardSentEmailNote" computerName="USER-PC" duration="00:00:45.8206912" startTime="2015-08-10T23:15:17.9420242+05:30" endTime="2015-08-10T23:16:03.7646451+05:30" testType="13cdc9d9-ddb5-4fa4-a97d-d965ccfc6d4b" outcome="Failed" testListId="8c84fa94-04c1-424b-9868-57a2d4851a1d" relativeResultsDirectory="c7833170-881d-4197-9e8d-21fc78f48803">
      <Output>
        <StdOut>Logged in as: AslamKhan / 1qaz!QAZ
Redirected at Dashboard screen.</StdOut>
        <ErrorInfo>
          <Message>Assert.IsTrue failed. </Message>
          <StackTrace>   at PegasusTests.PageHelper.Comm.DriverHelper.Click(String locator) in d:\pegqa\TestAutomationProject\PegasusTests\PageHelper\Comm\DriverHelper.cs:line 233
   at PegasusTests.PageHelper.ClientBugsHelper.ClickElement(String XmlNode) in d:\pegqa\TestAutomationProject\PegasusTests\PageHelper\ClientBugsHelper.cs:line 23
   at PegasusTests.Scripts.ClientsTests.ForwardSentEmailNote.forwardSentEmailNote() in d:\pegqa\TestAutomationProject\PegasusTests\Scripts\BugTest\ForwardSentEmailNote.cs:line 37
</StackTrace>
        </ErrorInfo>
      </Output>
    </UnitTestResult>
    <UnitTestResult executionId="8643d3b2-acb0-4933-92ae-c29a7501297f" testId="64e2bff9-10a3-63fe-404e-fd19c7aea93b" testName="forwardEmailFromSent" computerName="USER-PC" duration="00:00:48.2966538" startTime="2015-08-10T23:16:03.7646451+05:30" endTime="2015-08-10T23:16:52.0624076+05:30" testType="13cdc9d9-ddb5-4fa4-a97d-d965ccfc6d4b" outcome="Failed" testListId="8c84fa94-04c1-424b-9868-57a2d4851a1d" relativeResultsDirectory="8643d3b2-acb0-4933-92ae-c29a7501297f">
      <Output>
        <StdOut>Logged in as: AslamKhan / 1qaz!QAZ
Redirected at Dashboard screen.</StdOut>
        <ErrorInfo>
          <Message>Assert.IsTrue failed. </Message>
          <StackTrace>   at PegasusTests.PageHelper.Comm.DriverHelper.Click(String locator) in d:\pegqa\TestAutomationProject\PegasusTests\PageHelper\Comm\DriverHelper.cs:line 233
   at PegasusTests.PageHelper.ClientBugsHelper.ClickElement(String XmlNode) in d:\pegqa\TestAutomationProject\PegasusTests\PageHelper\ClientBugsHelper.cs:line 23
   at PegasusTests.Scripts.ClientsTests.ForwardEmailFromSent.forwardEmailFromSent() in d:\pegqa\TestAutomationProject\PegasusTests\Scripts\BugTest\ForwardEmailFromSent.cs:line 38
</StackTrace>
        </ErrorInfo>
      </Output>
    </UnitTestResult>
    <UnitTestResult executionId="723b9031-a1e0-4082-9989-640c53efd379" testId="b24efb4c-2760-b4dc-8be1-1db0524dfa17" testName="importClientsFromCSV" computerName="USER-PC" duration="00:00:44.8416818" startTime="2015-08-10T23:16:52.0624076+05:30" endTime="2015-08-10T23:17:36.9059725+05:30" testType="13cdc9d9-ddb5-4fa4-a97d-d965ccfc6d4b" outcome="Failed" testListId="8c84fa94-04c1-424b-9868-57a2d4851a1d" relativeResultsDirectory="723b9031-a1e0-4082-9989-640c53efd379">
      <Output>
        <StdOut>Logged in as: AslamKhan / 1qaz!QAZ
Redirected at Dashboard screen.</StdOut>
        <ErrorInfo>
          <Message>Assert.IsTrue failed. </Message>
          <StackTrace>   at PegasusTests.PageHelper.Comm.DriverHelper.Click(String locator) in d:\pegqa\TestAutomationProject\PegasusTests\PageHelper\Comm\DriverHelper.cs:line 233
   at PegasusTests.PageHelper.ClientBugsHelper.ClickElement(String XmlNode) in d:\pegqa\TestAutomationProject\PegasusTests\PageHelper\ClientBugsHelper.cs:line 23
   at PegasusTests.Scripts.ClientsTests.ImportClientsFromCSV.importClientsFromCSV() in d:\pegqa\TestAutomationProject\PegasusTests\Scripts\BugTest\ImportClientsFromCSV.cs:line 43
</StackTrace>
        </ErrorInfo>
      </Output>
    </UnitTestResult>
    <UnitTestResult executionId="5b3e9563-774d-4467-a72e-ba1e3ec4c83d" testId="80cb2682-eae0-d2c4-be93-e8f1b355f8f2" testName="residualIncomeSummaryReportFilter" computerName="USER-PC" duration="00:01:10.6824078" startTime="2015-08-10T23:17:36.9059725+05:30" endTime="2015-08-10T23:18:47.5900154+05:30" testType="13cdc9d9-ddb5-4fa4-a97d-d965ccfc6d4b" outcome="Failed" testListId="8c84fa94-04c1-424b-9868-57a2d4851a1d" relativeResultsDirectory="5b3e9563-774d-4467-a72e-ba1e3ec4c83d">
      <Output>
        <StdOut>Logged in as: AslamKhan / 1qaz!QAZ
Redirected at Dashboard screen.</StdOut>
        <ErrorInfo>
          <Message>Assert.IsTrue failed. </Message>
          <StackTrace>   at PegasusTests.PageHelper.Comm.DriverHelper.Click(String locator) in d:\pegqa\TestAutomationProject\PegasusTests\PageHelper\Comm\DriverHelper.cs:line 233
   at PegasusTests.PageHelper.ResidualIncmeOfficeHelper.ClickElement(String xmlNode) in d:\pegqa\TestAutomationProject\PegasusTests\PageHelper\Corp\ResidualIncmeOfficeHelper.cs:line 58
   at PegasusTests.Scripts.ClientsTests.ResidualIncomeSummaryReportFilter.residualIncomeSummaryReportFilter() in d:\pegqa\TestAutomationProject\PegasusTests\Scripts\BugTest\ResidualIncomeSummaryReportFilter.cs:line 43
</StackTrace>
        </ErrorInfo>
      </Output>
    </UnitTestResult>
    <UnitTestResult executionId="a270d158-4093-494d-8f5a-05732f411fa9" testId="f34bfa2c-40f5-b667-1cf1-1aef558e7023" testName="residualIncomeImportFile" computerName="USER-PC" duration="00:00:56.1924417" startTime="2015-08-10T23:18:47.5900154+05:30" endTime="2015-08-10T23:19:43.7842295+05:30" testType="13cdc9d9-ddb5-4fa4-a97d-d965ccfc6d4b" outcome="Failed" testListId="8c84fa94-04c1-424b-9868-57a2d4851a1d" relativeResultsDirectory="a270d158-4093-494d-8f5a-05732f411fa9">
      <Output>
        <ErrorInfo>
          <Message>Assert.IsTrue failed. </Message>
          <StackTrace>   at PegasusTests.PageHelper.Comm.DriverHelper.Click(String locator) in d:\pegqa\TestAutomationProject\PegasusTests\PageHelper\Comm\DriverHelper.cs:line 233
   at PegasusTests.PageHelper.LoginAsCorpHelper.ClickElement(String xmlNode) in d:\pegqa\TestAutomationProject\PegasusTests\PageHelper\Corp\LoginAsCorpHelper.cs:line 58
   at PegasusTests.Scripts.ClientsTests.ResidualIncomeImportFile.residualIncomeImportFile() in d:\pegqa\TestAutomationProject\PegasusTests\Scripts\BugTest\ResidualIncomeImportFile.cs:line 44
</StackTrace>
        </ErrorInfo>
      </Output>
    </UnitTestResult>
    <UnitTestResult executionId="c26730db-9f82-47fe-9942-adce80a083a0" testId="d572f72d-e85d-1133-4884-d8baef5eadf9" testName="deleteMeetingFromRecycleBin" computerName="USER-PC" duration="00:00:42.5877956" startTime="2015-08-10T23:19:43.7842295+05:30" endTime="2015-08-10T23:20:26.3736655+05:30" testType="13cdc9d9-ddb5-4fa4-a97d-d965ccfc6d4b" outcome="Failed" testListId="8c84fa94-04c1-424b-9868-57a2d4851a1d" relativeResultsDirectory="c26730db-9f82-47fe-9942-adce80a083a0">
      <Output>
        <StdOut>Logged in as: AslamKhan / 1qaz!QAZ
Redirected at Dashboard screen.</StdOut>
        <ErrorInfo>
          <Message>Assert.IsTrue failed. </Message>
          <StackTrace>   at PegasusTests.PageHelper.Comm.DriverHelper.Click(String locator) in d:\pegqa\TestAutomationProject\PegasusTests\PageHelper\Comm\DriverHelper.cs:line 233
   at PegasusTests.PageHelper.ClientBugsHelper.ClickElement(String XmlNode) in d:\pegqa\TestAutomationProject\PegasusTests\PageHelper\ClientBugsHelper.cs:line 23
   at PegasusTests.Scripts.ClientsTests.DeleteMeetingFromRecycleBin.deleteMeetingFromRecycleBin() in d:\pegqa\TestAutomationProject\PegasusTests\Scripts\BugTest\DeleteMeetingFromRecycleBin.cs:line 38
</StackTrace>
        </ErrorInfo>
      </Output>
    </UnitTestResult>
    <UnitTestResult executionId="03ecdd10-900c-43a7-9296-948907f015c3" testId="9a7d538f-4d32-010b-7c12-503a026f3d76" testName="relatedToMeetingPaginationFilter" computerName="USER-PC" duration="00:00:42.0424378" startTime="2015-08-10T23:20:26.3736655+05:30" endTime="2015-08-10T23:21:08.4180703+05:30" testType="13cdc9d9-ddb5-4fa4-a97d-d965ccfc6d4b" outcome="Failed" testListId="8c84fa94-04c1-424b-9868-57a2d4851a1d" relativeResultsDirectory="03ecdd10-900c-43a7-9296-948907f015c3">
      <Output>
        <StdOut>Logged in as: AslamKhan / 1qaz!QAZ
Redirected at Dashboard screen.</StdOut>
        <ErrorInfo>
          <Message>Assert.IsTrue failed. </Message>
          <StackTrace>   at PegasusTests.PageHelper.Comm.DriverHelper.Click(String locator) in d:\pegqa\TestAutomationProject\PegasusTests\PageHelper\Comm\DriverHelper.cs:line 233
   at PegasusTests.PageHelper.ClientBugsHelper.ClickElement(String XmlNode) in d:\pegqa\TestAutomationProject\PegasusTests\PageHelper\ClientBugsHelper.cs:line 23
   at PegasusTests.Scripts.ClientsTests.RelatedToMeetingPaginationFilter.relatedToMeetingPaginationFilter() in d:\pegqa\TestAutomationProject\PegasusTests\Scripts\BugTest\RelatedToMeetingPaginationFilter.cs:line 38
</StackTrace>
        </ErrorInfo>
      </Output>
    </UnitTestResult>
    <UnitTestResult executionId="4c5636e4-9a83-453d-b856-38e4f8224a41" testId="d390f23e-9857-c59c-8bd3-f58e8b8bb6d9" testName="createMeetingActivities" computerName="USER-PC" duration="00:00:41.4225215" startTime="2015-08-10T23:21:08.4180703+05:30" endTime="2015-08-10T23:21:49.8414396+05:30" testType="13cdc9d9-ddb5-4fa4-a97d-d965ccfc6d4b" outcome="Failed" testListId="8c84fa94-04c1-424b-9868-57a2d4851a1d" relativeResultsDirectory="4c5636e4-9a83-453d-b856-38e4f8224a41">
      <Output>
        <StdOut>Logged in as: AslamKhan / 1qaz!QAZ
Redirected at Dashboard screen.</StdOut>
        <ErrorInfo>
          <Message>Assert.IsTrue failed. </Message>
          <StackTrace>   at PegasusTests.PageHelper.Comm.DriverHelper.Click(String locator) in d:\pegqa\TestAutomationProject\PegasusTests\PageHelper\Comm\DriverHelper.cs:line 233
   at PegasusTests.PageHelper.ClientBugsHelper.ClickElement(String XmlNode) in d:\pegqa\TestAutomationProject\PegasusTests\PageHelper\ClientBugsHelper.cs:line 23
   at PegasusTests.Scripts.ClientsTests.CreateMeetingActivities.createMeetingActivities() in d:\pegqa\TestAutomationProject\PegasusTests\Scripts\BugTest\CreateMeetingActivities.cs:line 38
</StackTrace>
        </ErrorInfo>
      </Output>
    </UnitTestResult>
    <UnitTestResult executionId="72a66b2e-cb81-4943-95ba-d2320e51a572" testId="125f0936-0c77-505c-717d-18d9532e4d17" testName="convertLeadToClientFromPDFTab" computerName="USER-PC" duration="00:01:08.7308476" startTime="2015-08-10T23:21:49.8414396+05:30" endTime="2015-08-10T23:22:58.6103730+05:30" testType="13cdc9d9-ddb5-4fa4-a97d-d965ccfc6d4b" outcome="Failed" testListId="8c84fa94-04c1-424b-9868-57a2d4851a1d" relativeResultsDirectory="72a66b2e-cb81-4943-95ba-d2320e51a572">
      <Output>
        <StdOut>Logged in as: AslamKhan / 1qaz!QAZ
Redirected at Dashboard screen.</StdOut>
        <ErrorInfo>
          <Message>Assert.IsTrue failed. </Message>
          <StackTrace>   at PegasusTests.PageHelper.Comm.DriverHelper.Click(String locator) in d:\pegqa\TestAutomationProject\PegasusTests\PageHelper\Comm\DriverHelper.cs:line 233
   at PegasusTests.PageHelper.AddLeadsHelper.ClickElement(String xmlNode) in d:\pegqa\TestAutomationProject\PegasusTests\PageHelper\AddLeadsHelper.cs:line 50
   at PegasusTests.Scripts.ClientsTests.ConvertLeadToClientFromPDFTab.convertLeadToClientFromPDFTab() in d:\pegqa\TestAutomationProject\PegasusTests\Scripts\BugTest\ConvertLeadToClientFromPDFTab.cs:line 49
</StackTrace>
        </ErrorInfo>
      </Output>
    </UnitTestResult>
    <UnitTestResult executionId="b4d33515-b127-4b5c-bfbb-931c3b16f81a" testId="d40e6574-551a-b8ec-07c1-fe47441ac5c0" testName="editPickListStatuses" computerName="USER-PC" duration="00:00:43.3316855" startTime="2015-08-10T23:22:58.6103730+05:30" endTime="2015-08-10T23:23:41.9428514+05:30" testType="13cdc9d9-ddb5-4fa4-a97d-d965ccfc6d4b" outcome="Failed" testListId="8c84fa94-04c1-424b-9868-57a2d4851a1d" relativeResultsDirectory="b4d33515-b127-4b5c-bfbb-931c3b16f81a">
      <Output>
        <StdOut>Logged in as: AslamKhan / 1qaz!QAZ
Redirected at Dashboard screen.</StdOut>
        <ErrorInfo>
          <Message>Assert.IsTrue failed. </Message>
          <StackTrace>   at PegasusTests.PageHelper.Comm.DriverHelper.Click(String locator) in d:\pegqa\TestAutomationProject\PegasusTests\PageHelper\Comm\DriverHelper.cs:line 233
   at PegasusTests.PageHelper.ClientBugsHelper.ClickElement(String XmlNode) in d:\pegqa\TestAutomationProject\PegasusTests\PageHelper\ClientBugsHelper.cs:line 23
   at PegasusTests.Scripts.ClientsTests.EditPickListStatuses.editPickListStatuses() in d:\pegqa\TestAutomationProject\PegasusTests\Scripts\BugTest\EditPickListStatuses.cs:line 40
</StackTrace>
        </ErrorInfo>
      </Output>
    </UnitTestResult>
    <UnitTestResult executionId="c19ae6bd-0fae-4d8f-8f19-f3fee80b711a" testId="ffbe65a1-507d-69d4-f3db-73a1737a78d9" testName="residualIncomeCalculationWizard" computerName="USER-PC" duration="00:00:57.7890488" startTime="2015-08-10T23:23:41.9428514+05:30" endTime="2015-08-10T23:24:39.7341569+05:30" testType="13cdc9d9-ddb5-4fa4-a97d-d965ccfc6d4b" outcome="Failed" testListId="8c84fa94-04c1-424b-9868-57a2d4851a1d" relativeResultsDirectory="c19ae6bd-0fae-4d8f-8f19-f3fee80b711a">
      <Output>
        <ErrorInfo>
          <Message>Assert.IsTrue failed. </Message>
          <StackTrace>   at PegasusTests.PageHelper.Comm.DriverHelper.Click(String locator) in d:\pegqa\TestAutomationProject\PegasusTests\PageHelper\Comm\DriverHelper.cs:line 233
   at PegasusTests.PageHelper.LoginAsCorpHelper.ClickElement(String xmlNode) in d:\pegqa\TestAutomationProject\PegasusTests\PageHelper\Corp\LoginAsCorpHelper.cs:line 58
   at PegasusTests.Scripts.ClientsTests.ResidualIncomeCalculationWizard.residualIncomeCalculationWizard() in d:\pegqa\TestAutomationProject\PegasusTests\Scripts\BugTest\ResidualIncomeCalculationWizard.cs:line 44
</StackTrace>
        </ErrorInfo>
      </Output>
    </UnitTestResult>
    <UnitTestResult executionId="a841552a-b3e4-4952-acd4-7937e929bcec" testId="3e80508b-6ebb-fb2c-19df-58af1497a67b" testName="ticketSettingAdmin" computerName="USER-PC" duration="00:00:55.9972651" startTime="2015-08-10T23:24:39.7341569+05:30" endTime="2015-08-10T23:25:35.7333599+05:30" testType="13cdc9d9-ddb5-4fa4-a97d-d965ccfc6d4b" outcome="Failed" testListId="8c84fa94-04c1-424b-9868-57a2d4851a1d" relativeResultsDirectory="a841552a-b3e4-4952-acd4-7937e929bcec">
      <Output>
        <StdOut>Logged in as: AslamKhan / 1qaz!QAZ
Redirected at Dashboard screen.</StdOut>
        <ErrorInfo>
          <Message>Assert.IsTrue failed. </Message>
          <StackTrace>   at PegasusTests.PageHelper.Comm.DriverHelper.Click(String locator) in d:\pegqa\TestAutomationProject\PegasusTests\PageHelper\Comm\DriverHelper.cs:line 233
   at PegasusTests.PageHelper.ClientBugsHelper.ClickElement(String XmlNode) in d:\pegqa\TestAutomationProject\PegasusTests\PageHelper\ClientBugsHelper.cs:line 23
   at PegasusTests.Scripts.ClientsTests.TicketSettingAdmin.ticketSettingAdmin() in d:\pegqa\TestAutomationProject\PegasusTests\Scripts\BugTest\TicketSettingAdmin.cs:line 50
</StackTrace>
        </ErrorInfo>
      </Output>
    </UnitTestResult>
    <UnitTestResult executionId="d5e5aef8-51a2-4f6a-bc21-b27654bb5edd" testId="254fc707-628d-ce76-0f75-51467b266ea3" testName="editClient" computerName="USER-PC" duration="00:00:46.7314299" startTime="2015-08-10T23:25:35.7333599+05:30" endTime="2015-08-10T23:26:22.4660328+05:30" testType="13cdc9d9-ddb5-4fa4-a97d-d965ccfc6d4b" outcome="Failed" testListId="8c84fa94-04c1-424b-9868-57a2d4851a1d" relativeResultsDirectory="d5e5aef8-51a2-4f6a-bc21-b27654bb5edd">
      <Output>
        <StdOut>Logged in as: AslamKhan / 1qaz!QAZ
Redirected at Dashboard screen.</StdOut>
        <ErrorInfo>
          <Message>Assert.IsTrue failed. </Message>
          <StackTrace>   at PegasusTests.PageHelper.Comm.DriverHelper.Click(String locator) in d:\pegqa\TestAutomationProject\PegasusTests\PageHelper\Comm\DriverHelper.cs:line 233
   at PegasusTests.PageHelper.ClientsHelper.ClickElement(String XmlNode) in d:\pegqa\TestAutomationProject\PegasusTests\PageHelper\ClientsHelper.cs:line 156
   at PegasusTests.Scripts.ClientsTests.EditClient.editClient() in d:\pegqa\TestAutomationProject\PegasusTests\Scripts\BugTest\EditClient.cs:line 51
</StackTrace>
        </ErrorInfo>
      </Output>
    </UnitTestResult>
    <UnitTestResult executionId="b57e55c3-1318-4cb0-8057-4137a69c82f0" testId="bbc534f2-fbe4-b9b8-562f-a5f58de5a9ad" testName="clientZipCode" computerName="USER-PC" duration="00:00:43.3348649" startTime="2015-08-10T23:26:22.4660328+05:30" endTime="2015-08-10T23:27:05.8025115+05:30" testType="13cdc9d9-ddb5-4fa4-a97d-d965ccfc6d4b" outcome="Failed" testListId="8c84fa94-04c1-424b-9868-57a2d4851a1d" relativeResultsDirectory="b57e55c3-1318-4cb0-8057-4137a69c82f0">
      <Output>
        <StdOut>Logged in as: AslamKhan / 1qaz!QAZ
Redirected at Dashboard screen.</StdOut>
        <ErrorInfo>
          <Message>Assert.IsTrue failed. </Message>
          <StackTrace>   at PegasusTests.PageHelper.Comm.DriverHelper.Click(String locator) in d:\pegqa\TestAutomationProject\PegasusTests\PageHelper\Comm\DriverHelper.cs:line 233
   at PegasusTests.PageHelper.ClientBugsHelper.ClickElement(String XmlNode) in d:\pegqa\TestAutomationProject\PegasusTests\PageHelper\ClientBugsHelper.cs:line 23
   at PegasusTests.Scripts.ClientsTests.ClientZipCode.clientZipCode() in d:\pegqa\TestAutomationProject\PegasusTests\Scripts\BugTest\ClientZipCode.cs:line 43
</StackTrace>
        </ErrorInfo>
      </Output>
    </UnitTestResult>
    <UnitTestResult executionId="01f81b42-d92d-464f-8ee0-1147e7ac80c5" testId="91e22152-84d2-b8ee-b276-f0d648e40e8a" testName="bulkUpdateSaleAgent" computerName="USER-PC" duration="00:01:40.5520045" startTime="2015-08-10T23:27:05.8025115+05:30" endTime="2015-08-10T23:28:46.3572629+05:30" testType="13cdc9d9-ddb5-4fa4-a97d-d965ccfc6d4b" outcome="Failed" testListId="8c84fa94-04c1-424b-9868-57a2d4851a1d" relativeResultsDirectory="01f81b42-d92d-464f-8ee0-1147e7ac80c5">
      <Output>
        <StdOut>FILE = D:\pegqa\TestAutomationProject\PegasusTests\Screenshots\EXLFile\AgentImport.xlsx
Logged in as: AslamKhan / 1qaz!QAZ
Redirected at Dashboard screen.</StdOut>
        <ErrorInfo>
          <Message>Assert.IsTrue failed. </Message>
          <StackTrace>   at PegasusTests.PageHelper.Comm.DriverHelper.Click(String locator) in d:\pegqa\TestAutomationProject\PegasusTests\PageHelper\Comm\DriverHelper.cs:line 233
   at PegasusTests.PageHelper.SaleAgentHelper.ClickElement(String xmlNode) in d:\pegqa\TestAutomationProject\PegasusTests\PageHelper\SaleAgentHelper.cs:line 51
   at PegasusTests.Scripts.ClientsTests.BulkUpdateSaleAgent.bulkUpdateSaleAgent() in d:\pegqa\TestAutomationProject\PegasusTests\Scripts\BugTest\BulkUpdateSaleAgent.cs:line 43
</StackTrace>
        </ErrorInfo>
      </Output>
    </UnitTestResult>
    <UnitTestResult executionId="a9d040ba-9aff-4bc7-9920-f84bae068933" testId="e16ada3b-74ad-b3a1-742b-7174623dfe24" testName="bulkUpdateSalesManagerForLead" computerName="USER-PC" duration="00:00:45.8524812" startTime="2015-08-10T23:28:46.3572629+05:30" endTime="2015-08-10T23:29:32.2108856+05:30" testType="13cdc9d9-ddb5-4fa4-a97d-d965ccfc6d4b" outcome="Failed" testListId="8c84fa94-04c1-424b-9868-57a2d4851a1d" relativeResultsDirectory="a9d040ba-9aff-4bc7-9920-f84bae068933">
      <Output>
        <StdOut>Logged in as: AslamKhan / 1qaz!QAZ
Redirected at Dashboard screen.</StdOut>
        <ErrorInfo>
          <Message>Assert.IsTrue failed. </Message>
          <StackTrace>   at PegasusTests.PageHelper.Comm.DriverHelper.Click(String locator) in d:\pegqa\TestAutomationProject\PegasusTests\PageHelper\Comm\DriverHelper.cs:line 233
   at PegasusTests.PageHelper.ClientBugsHelper.ClickElement(String XmlNode) in d:\pegqa\TestAutomationProject\PegasusTests\PageHelper\ClientBugsHelper.cs:line 23
   at PegasusTests.Scripts.ClientsTests.BulkUpdatesChangeResponsibiltyForLead.bulkUpdateSalesManagerForLead() in d:\pegqa\TestAutomationProject\PegasusTests\Scripts\BugTest\BulkUpdateSalesManagerForLead.cs:line 43
</StackTrace>
        </ErrorInfo>
      </Output>
    </UnitTestResult>
    <UnitTestResult executionId="e448cf50-e844-43b6-a937-5d92875e2705" testId="171c64aa-5532-cc63-c9cb-9a2aea026182" testName="bulkUpdateSalesManagerForClient" computerName="USER-PC" duration="00:00:50.1900623" startTime="2015-08-10T23:29:32.2108856+05:30" endTime="2015-08-10T23:30:22.4027564+05:30" testType="13cdc9d9-ddb5-4fa4-a97d-d965ccfc6d4b" outcome="Failed" testListId="8c84fa94-04c1-424b-9868-57a2d4851a1d" relativeResultsDirectory="e448cf50-e844-43b6-a937-5d92875e2705">
      <Output>
        <StdOut>Logged in as: AslamKhan / 1qaz!QAZ
Redirected at Dashboard screen.</StdOut>
        <ErrorInfo>
          <Message>Assert.IsTrue failed. </Message>
          <StackTrace>   at PegasusTests.PageHelper.Comm.DriverHelper.Click(String locator) in d:\pegqa\TestAutomationProject\PegasusTests\PageHelper\Comm\DriverHelper.cs:line 233
   at PegasusTests.PageHelper.ClientBugsHelper.ClickElement(String XmlNode) in d:\pegqa\TestAutomationProject\PegasusTests\PageHelper\ClientBugsHelper.cs:line 23
   at PegasusTests.Scripts.ClientsTests.BulkUpdateSalesManagerForClient.bulkUpdateSalesManagerForClient() in d:\pegqa\TestAutomationProject\PegasusTests\Scripts\BugTest\BulkUpdateSalesManagerForClient.cs:line 43
</StackTrace>
        </ErrorInfo>
      </Output>
    </UnitTestResult>
    <UnitTestResult executionId="34c969c7-c9ac-44de-94ba-611811327582" testId="f7a7a52b-e788-b18f-31a7-eb3e74f707be" testName="bulkUpdateSalesManagerForOpportunities" computerName="USER-PC" duration="00:00:52.7767545" startTime="2015-08-10T23:30:22.4027564+05:30" endTime="2015-08-10T23:31:15.1807752+05:30" testType="13cdc9d9-ddb5-4fa4-a97d-d965ccfc6d4b" outcome="Failed" testListId="8c84fa94-04c1-424b-9868-57a2d4851a1d" relativeResultsDirectory="34c969c7-c9ac-44de-94ba-611811327582">
      <Output>
        <StdOut>Logged in as: AslamKhan / 1qaz!QAZ
Redirected at Dashboard screen.</StdOut>
        <ErrorInfo>
          <Message>Assert.IsTrue failed. </Message>
          <StackTrace>   at PegasusTests.PageHelper.Comm.DriverHelper.Click(String locator) in d:\pegqa\TestAutomationProject\PegasusTests\PageHelper\Comm\DriverHelper.cs:line 233
   at PegasusTests.PageHelper.ClientBugsHelper.ClickElement(String XmlNode) in d:\pegqa\TestAutomationProject\PegasusTests\PageHelper\ClientBugsHelper.cs:line 23
   at PegasusTests.Scripts.ClientsTests.BulkUpdateSalesManagerForOpportunities.bulkUpdateSalesManagerForOpportunities() in d:\pegqa\TestAutomationProject\PegasusTests\Scripts\BugTest\BulkUpdateSalesManagerForOpportunities.cs:line 43
</StackTrace>
        </ErrorInfo>
      </Output>
    </UnitTestResult>
    <UnitTestResult executionId="5bc67378-e13f-402d-b7c5-5e7110c45d38" testId="bd5acd68-39f4-eb1f-e063-46f9a11996bf" testName="residualIncomeViewReportsCorp" computerName="USER-PC" duration="00:00:56.7934543" startTime="2015-08-10T23:31:15.1807752+05:30" endTime="2015-08-10T23:32:11.9760237+05:30" testType="13cdc9d9-ddb5-4fa4-a97d-d965ccfc6d4b" outcome="Failed" testListId="8c84fa94-04c1-424b-9868-57a2d4851a1d" relativeResultsDirectory="5bc67378-e13f-402d-b7c5-5e7110c45d38">
      <Output>
        <ErrorInfo>
          <Message>Assert.IsTrue failed. </Message>
          <StackTrace>   at PegasusTests.PageHelper.Comm.DriverHelper.Click(String locator) in d:\pegqa\TestAutomationProject\PegasusTests\PageHelper\Comm\DriverHelper.cs:line 233
   at PegasusTests.PageHelper.LoginAsCorpHelper.ClickElement(String xmlNode) in d:\pegqa\TestAutomationProject\PegasusTests\PageHelper\Corp\LoginAsCorpHelper.cs:line 58
   at PegasusTests.Scripts.ClientsTests.ResidualIncomeViewReportsCorp.residualIncomeViewReportsCorp() in d:\pegqa\TestAutomationProject\PegasusTests\Scripts\BugTest\ResidualIncomeViewReportsCorp.cs:line 44
</StackTrace>
        </ErrorInfo>
      </Output>
    </UnitTestResult>
    <UnitTestResult executionId="8e498e8a-dfa3-43f2-9992-875b56924722" testId="5143a1ce-9c70-db1a-467a-f459015a59f5" testName="residualIncomePublishPayoutFromOffice" computerName="USER-PC" duration="00:00:55.5443950" startTime="2015-08-10T23:32:11.9760237+05:30" endTime="2015-08-10T23:33:07.5222007+05:30" testType="13cdc9d9-ddb5-4fa4-a97d-d965ccfc6d4b" outcome="Failed" testListId="8c84fa94-04c1-424b-9868-57a2d4851a1d" relativeResultsDirectory="8e498e8a-dfa3-43f2-9992-875b56924722">
      <Output>
        <ErrorInfo>
          <Message>Assert.IsTrue failed. </Message>
          <StackTrace>   at PegasusTests.PageHelper.Comm.DriverHelper.Click(String locator) in d:\pegqa\TestAutomationProject\PegasusTests\PageHelper\Comm\DriverHelper.cs:line 233
   at PegasusTests.PageHelper.LoginAsCorpHelper.ClickElement(String xmlNode) in d:\pegqa\TestAutomationProject\PegasusTests\PageHelper\Corp\LoginAsCorpHelper.cs:line 58
   at PegasusTests.Scripts.ClientsTests.ResidualIncomePublishPayoutFromOffice.residualIncomePublishPayoutFromOffice() in d:\pegqa\TestAutomationProject\PegasusTests\Scripts\BugTest\ResidualIncomePublishPayoutFromOffice.cs:line 44
</StackTrace>
        </ErrorInfo>
      </Output>
    </UnitTestResult>
    <UnitTestResult executionId="91ed890d-6276-4423-a40c-66146711ceb1" testId="ce3af1de-20b9-6f5c-f42a-2db66fb7fdae" testName="sentEmailVerifyResidualIncomeReports" computerName="USER-PC" duration="00:01:13.5278022" startTime="2015-08-10T23:33:07.5222007+05:30" endTime="2015-08-10T23:34:21.0524064+05:30" testType="13cdc9d9-ddb5-4fa4-a97d-d965ccfc6d4b" outcome="Failed" testListId="8c84fa94-04c1-424b-9868-57a2d4851a1d" relativeResultsDirectory="91ed890d-6276-4423-a40c-66146711ceb1">
      <Output>
        <StdOut>Logged in as: AslamKhan / 1qaz!QAZ
Redirected at Dashboard screen.</StdOut>
        <ErrorInfo>
          <Message>Assert.IsTrue failed. </Message>
          <StackTrace>   at PegasusTests.PageHelper.Comm.DriverHelper.Click(String locator) in d:\pegqa\TestAutomationProject\PegasusTests\PageHelper\Comm\DriverHelper.cs:line 233
   at PegasusTests.PageHelper.ResidualIncmeOfficeHelper.ClickElement(String xmlNode) in d:\pegqa\TestAutomationProject\PegasusTests\PageHelper\Corp\ResidualIncmeOfficeHelper.cs:line 58
   at PegasusTests.Scripts.ClientsTests.SentEmailVerifyResidualIncomeReports.sentEmailVerifyResidualIncomeReports() in d:\pegqa\TestAutomationProject\PegasusTests\Scripts\BugTest\SentEmailVerifyResidualIncomeReports.cs:line 45
</StackTrace>
        </ErrorInfo>
      </Output>
    </UnitTestResult>
    <UnitTestResult executionId="5554ded1-8b1d-4dbb-9a0b-375170909d38" testId="a94930d2-2b63-751e-9658-1c5ab9958d07" testName="residualIncomePayoutSummaryOfficeViewReports" computerName="USER-PC" duration="00:01:09.2339054" startTime="2015-08-10T23:34:21.0524064+05:30" endTime="2015-08-10T23:35:30.2883665+05:30" testType="13cdc9d9-ddb5-4fa4-a97d-d965ccfc6d4b" outcome="Failed" testListId="8c84fa94-04c1-424b-9868-57a2d4851a1d" relativeResultsDirectory="5554ded1-8b1d-4dbb-9a0b-375170909d38">
      <Output>
        <StdOut>Logged in as: AslamKhan / 1qaz!QAZ
Redirected at Dashboard screen.</StdOut>
        <ErrorInfo>
          <Message>Assert.IsTrue failed. </Message>
          <StackTrace>   at PegasusTests.PageHelper.Comm.DriverHelper.Click(String locator) in d:\pegqa\TestAutomationProject\PegasusTests\PageHelper\Comm\DriverHelper.cs:line 233
   at PegasusTests.PageHelper.ResidualIncmeOfficeHelper.ClickElement(String xmlNode) in d:\pegqa\TestAutomationProject\PegasusTests\PageHelper\Corp\ResidualIncmeOfficeHelper.cs:line 58
   at PegasusTests.Scripts.ClientsTests.ResidualIncomePayoutSummaryOfficeViewReports.residualIncomePayoutSummaryOfficeViewReports() in d:\pegqa\TestAutomationProject\PegasusTests\Scripts\BugTest\ResidualIncomePayoutSummaryOfficeViewReports.cs:line 44
</StackTrace>
        </ErrorInfo>
      </Output>
    </UnitTestResult>
    <UnitTestResult executionId="1da5809f-419d-452c-8b9e-2b86dcdd0836" testId="3d4ca605-99f5-0d02-c83c-c2e034c1c047" testName="inactivePickListStatuses" computerName="USER-PC" duration="00:00:46.2302252" startTime="2015-08-10T23:35:30.2883665+05:30" endTime="2015-08-10T23:36:16.5200108+05:30" testType="13cdc9d9-ddb5-4fa4-a97d-d965ccfc6d4b" outcome="Failed" testListId="8c84fa94-04c1-424b-9868-57a2d4851a1d" relativeResultsDirectory="1da5809f-419d-452c-8b9e-2b86dcdd0836">
      <Output>
        <StdOut>Logged in as: AslamKhan / 1qaz!QAZ
Redirected at Dashboard screen.</StdOut>
        <ErrorInfo>
          <Message>Assert.IsTrue failed. </Message>
          <StackTrace>   at PegasusTests.PageHelper.Comm.DriverHelper.Click(String locator) in d:\pegqa\TestAutomationProject\PegasusTests\PageHelper\Comm\DriverHelper.cs:line 233
   at PegasusTests.PageHelper.ClientBugsHelper.ClickElement(String XmlNode) in d:\pegqa\TestAutomationProject\PegasusTests\PageHelper\ClientBugsHelper.cs:line 23
   at PegasusTests.Scripts.ClientsTests.InactivePickListStatuses.inactivePickListStatuses() in d:\pegqa\TestAutomationProject\PegasusTests\Scripts\BugTest\InactivePickListStatuses.cs:line 40
</StackTrace>
        </ErrorInfo>
      </Output>
    </UnitTestResult>
    <UnitTestResult executionId="6991698a-ec86-405d-9412-a45c8f28f071" testId="a6d8eac3-0f62-191b-387f-8bf78cf3c4be" testName="pDFImportWizardMaping" computerName="USER-PC" duration="00:01:13.5324889" startTime="2015-08-10T23:36:16.5200108+05:30" endTime="2015-08-10T23:37:30.0552168+05:30" testType="13cdc9d9-ddb5-4fa4-a97d-d965ccfc6d4b" outcome="Failed" testListId="8c84fa94-04c1-424b-9868-57a2d4851a1d" relativeResultsDirectory="6991698a-ec86-405d-9412-a45c8f28f071">
      <Output>
        <StdOut>Logged in as: AslamKhan / 1qaz!QAZ
Redirected at Dashboard screen.</StdOut>
        <ErrorInfo>
          <Message>Assert.IsTrue failed. </Message>
          <StackTrace>   at PegasusTests.PageHelper.Comm.DriverHelper.Click(String locator) in d:\pegqa\TestAutomationProject\PegasusTests\PageHelper\Comm\DriverHelper.cs:line 233
   at PegasusTests.PageHelper.PDFImportWizardHelper.ClickElement(String xmlNode) in d:\pegqa\TestAutomationProject\PegasusTests\PageHelper\PDFImportWizardHelper.cs:line 56
   at PegasusTests.Scripts.ClientsTests.PDFImportWizardMaping.pDFImportWizardMaping() in d:\pegqa\TestAutomationProject\PegasusTests\Scripts\BugTest\PDFImportWizardMaping.cs:line 53
</StackTrace>
        </ErrorInfo>
      </Output>
    </UnitTestResult>
    <UnitTestResult executionId="107235b8-eea6-43c7-b05b-3f298faf20b8" testId="ce915754-6b7b-0ae6-f634-06f72d81bc54" testName="systemPickListStatusAdmin" computerName="USER-PC" duration="00:00:50.5388593" startTime="2015-08-10T23:37:30.0552168+05:30" endTime="2015-08-10T23:38:20.5951075+05:30" testType="13cdc9d9-ddb5-4fa4-a97d-d965ccfc6d4b" outcome="Failed" testListId="8c84fa94-04c1-424b-9868-57a2d4851a1d" relativeResultsDirectory="107235b8-eea6-43c7-b05b-3f298faf20b8">
      <Output>
        <StdOut>Logged in as: AslamKhan / 1qaz!QAZ
Redirected at Dashboard screen.</StdOut>
        <ErrorInfo>
          <Message>Assert.IsTrue failed. </Message>
          <StackTrace>   at PegasusTests.PageHelper.Comm.DriverHelper.Click(String locator) in d:\pegqa\TestAutomationProject\PegasusTests\PageHelper\Comm\DriverHelper.cs:line 233
   at PegasusTests.PageHelper.ClientBugsHelper.ClickElement(String XmlNode) in d:\pegqa\TestAutomationProject\PegasusTests\PageHelper\ClientBugsHelper.cs:line 23
   at PegasusTests.Scripts.ClientsTests.SystemPickListStatusAdmin.systemPickListStatusAdmin() in d:\pegqa\TestAutomationProject\PegasusTests\Scripts\BugTest\SystemPickListStatusAdmin.cs:line 40
</StackTrace>
        </ErrorInfo>
      </Output>
    </UnitTestResult>
    <UnitTestResult executionId="fd3db71d-4ba3-4af7-acb9-a1c26b90ae8c" testId="882ca93a-75c3-0f41-0571-ad9aa38bedba" testName="editAmexRatesCorpVerifyInOffice" computerName="USER-PC" duration="00:00:56.4091279" startTime="2015-08-10T23:38:20.5961075+05:30" endTime="2015-08-10T23:39:17.0063340+05:30" testType="13cdc9d9-ddb5-4fa4-a97d-d965ccfc6d4b" outcome="Failed" testListId="8c84fa94-04c1-424b-9868-57a2d4851a1d" relativeResultsDirectory="fd3db71d-4ba3-4af7-acb9-a1c26b90ae8c">
      <Output>
        <ErrorInfo>
          <Message>Assert.IsTrue failed. </Message>
          <StackTrace>   at PegasusTests.PageHelper.Comm.DriverHelper.Click(String locator) in d:\pegqa\TestAutomationProject\PegasusTests\PageHelper\Comm\DriverHelper.cs:line 233
   at PegasusTests.PageHelper.CreateAmexRateHelper.ClickElement(String xmlNode) in d:\pegqa\TestAutomationProject\PegasusTests\PageHelper\CreateAmexRateHelper.cs:line 51
   at PegasusTests.Scripts.Corp.EditAmexRatesCorpVerifyInOffice.editAmexRatesCorpVerifyInOffice() in d:\pegqa\TestAutomationProject\PegasusTests\Scripts\BugTest\EditAmexRatesCorpVerifyInOffice.cs:line 41
</StackTrace>
        </ErrorInfo>
      </Output>
    </UnitTestResult>
    <UnitTestResult executionId="cffb4570-da2c-4bb5-b99f-6482606904ef" testId="266929df-b20a-0a6f-a93a-d5a178685ccc" testName="sendEmailFromActivity" computerName="USER-PC" duration="00:00:42.8897679" startTime="2015-08-10T23:39:17.0063340+05:30" endTime="2015-08-10T23:39:59.8977873+05:30" testType="13cdc9d9-ddb5-4fa4-a97d-d965ccfc6d4b" outcome="Failed" testListId="8c84fa94-04c1-424b-9868-57a2d4851a1d" relativeResultsDirectory="cffb4570-da2c-4bb5-b99f-6482606904ef">
      <Output>
        <StdOut>Logged in as: AslamKhan / 1qaz!QAZ
Redirected at Dashboard screen.</StdOut>
        <ErrorInfo>
          <Message>Assert.IsTrue failed. </Message>
          <StackTrace>   at PegasusTests.PageHelper.Comm.DriverHelper.Click(String locator) in d:\pegqa\TestAutomationProject\PegasusTests\PageHelper\Comm\DriverHelper.cs:line 233
   at PegasusTests.PageHelper.ClientBugsHelper.ClickElement(String XmlNode) in d:\pegqa\TestAutomationProject\PegasusTests\PageHelper\ClientBugsHelper.cs:line 23
   at PegasusTests.Scripts.ClientsTests.SendEmailFromActivity.sendEmailFromActivity() in d:\pegqa\TestAutomationProject\PegasusTests\Scripts\BugTest\SendEmailFromActivity.cs:line 37
</StackTrace>
        </ErrorInfo>
      </Output>
    </UnitTestResult>
    <UnitTestResult executionId="ff5fd5b6-81a6-4087-9d87-dbf680209652" testId="3c720f3c-38f0-ba03-3beb-daf3a50d3440" testName="sendEmailNoteMultipleCC" computerName="USER-PC" duration="00:00:42.5417485" startTime="2015-08-10T23:39:59.8977873+05:30" endTime="2015-08-10T23:40:42.4412206+05:30" testType="13cdc9d9-ddb5-4fa4-a97d-d965ccfc6d4b" outcome="Failed" testListId="8c84fa94-04c1-424b-9868-57a2d4851a1d" relativeResultsDirectory="ff5fd5b6-81a6-4087-9d87-dbf680209652">
      <Output>
        <StdOut>Logged in as: AslamKhan / 1qaz!QAZ
Redirected at Dashboard screen.</StdOut>
        <ErrorInfo>
          <Message>Assert.IsTrue failed. </Message>
          <StackTrace>   at PegasusTests.PageHelper.Comm.DriverHelper.Click(String locator) in d:\pegqa\TestAutomationProject\PegasusTests\PageHelper\Comm\DriverHelper.cs:line 233
   at PegasusTests.PageHelper.ClientBugsHelper.ClickElement(String XmlNode) in d:\pegqa\TestAutomationProject\PegasusTests\PageHelper\ClientBugsHelper.cs:line 23
   at PegasusTests.Scripts.ClientsTests.SendEmailNoteMultipleCC.sendEmailNoteMultipleCC() in d:\pegqa\TestAutomationProject\PegasusTests\Scripts\BugTest\SendEmailNoteMultipleCC.cs:line 37
</StackTrace>
        </ErrorInfo>
      </Output>
    </UnitTestResult>
    <UnitTestResult executionId="7bded773-0965-4306-9d7a-256bb29fe7d2" testId="e31f1c8c-02cd-c897-3e4a-3adda75d9dc8" testName="editTicketForClient" computerName="USER-PC" duration="00:00:49.2905237" startTime="2015-08-10T23:40:42.4412206+05:30" endTime="2015-08-10T23:41:31.7330399+05:30" testType="13cdc9d9-ddb5-4fa4-a97d-d965ccfc6d4b" outcome="Failed" testListId="8c84fa94-04c1-424b-9868-57a2d4851a1d" relativeResultsDirectory="7bded773-0965-4306-9d7a-256bb29fe7d2">
      <Output>
        <StdOut>Logged in as: AslamKhan / 1qaz!QAZ
Redirected at Dashboard screen.</StdOut>
        <ErrorInfo>
          <Message>Assert.IsTrue failed. </Message>
          <StackTrace>   at PegasusTests.PageHelper.Comm.DriverHelper.Click(String locator) in d:\pegqa\TestAutomationProject\PegasusTests\PageHelper\Comm\DriverHelper.cs:line 233
   at PegasusTests.PageHelper.ClientBugsHelper.ClickElement(String XmlNode) in d:\pegqa\TestAutomationProject\PegasusTests\PageHelper\ClientBugsHelper.cs:line 23
   at PegasusTests.Scripts.ClientsTests.EditTicketForClient.editTicketForClient() in d:\pegqa\TestAutomationProject\PegasusTests\Scripts\BugTest\EditTicketForClient.cs:line 47
</StackTrace>
        </ErrorInfo>
      </Output>
    </UnitTestResult>
    <UnitTestResult executionId="31bc681c-16de-4b35-a831-3e658f599ded" testId="d2505a35-6ca7-7408-1a98-b2c425b7e685" testName="createTicketAndDeleteTicketFromAgnet" computerName="USER-PC" duration="00:00:49.3294362" startTime="2015-08-10T23:41:31.7330399+05:30" endTime="2015-08-10T23:42:21.0638615+05:30" testType="13cdc9d9-ddb5-4fa4-a97d-d965ccfc6d4b" outcome="Failed" testListId="8c84fa94-04c1-424b-9868-57a2d4851a1d" relativeResultsDirectory="31bc681c-16de-4b35-a831-3e658f599ded">
      <Output>
        <StdOut>Logged in as: AslamKhan / 1qaz!QAZ
Redirected at Dashboard screen.</StdOut>
        <ErrorInfo>
          <Message>Assert.IsTrue failed. </Message>
          <StackTrace>   at PegasusTests.PageHelper.Comm.DriverHelper.Click(String locator) in d:\pegqa\TestAutomationProject\PegasusTests\PageHelper\Comm\DriverHelper.cs:line 233
   at PegasusTests.PageHelper.ClientBugsHelper.ClickElement(String XmlNode) in d:\pegqa\TestAutomationProject\PegasusTests\PageHelper\ClientBugsHelper.cs:line 23
   at PegasusTests.Scripts.ClientsTests.CreateTicketAndDeleteTicketFromAgnet.createTicketAndDeleteTicketFromAgnet() in d:\pegqa\TestAutomationProject\PegasusTests\Scripts\BugTest\CreateTicketAndDeleteTicketFromAgnet.cs:line 47
</StackTrace>
        </ErrorInfo>
      </Output>
    </UnitTestResult>
    <UnitTestResult executionId="cb8891de-1473-43db-b4d1-e4f4b4447eef" testId="29bce606-b425-ae65-07e1-30b60625899b" testName="pDFCategoriesViewInOffice" computerName="USER-PC" duration="00:00:54.6004809" startTime="2015-08-10T23:42:21.0638615+05:30" endTime="2015-08-10T23:43:15.6659846+05:30" testType="13cdc9d9-ddb5-4fa4-a97d-d965ccfc6d4b" outcome="Failed" testListId="8c84fa94-04c1-424b-9868-57a2d4851a1d" relativeResultsDirectory="cb8891de-1473-43db-b4d1-e4f4b4447eef">
      <Output>
        <ErrorInfo>
          <Message>Assert.IsTrue failed. </Message>
          <StackTrace>   at PegasusTests.PageHelper.Comm.DriverHelper.Click(String locator) in d:\pegqa\TestAutomationProject\PegasusTests\PageHelper\Comm\DriverHelper.cs:line 233
   at PegasusTests.PageHelper.LoginAsCorpHelper.ClickElement(String xmlNode) in d:\pegqa\TestAutomationProject\PegasusTests\PageHelper\Corp\LoginAsCorpHelper.cs:line 58
   at PegasusTests.Scripts.ClientsTests.PDFCategoriesViewInOffice.pDFCategoriesViewInOffice() in d:\pegqa\TestAutomationProject\PegasusTests\Scripts\BugTest\PDFCategoriesViewInOffice.cs:line 46
</StackTrace>
        </ErrorInfo>
      </Output>
    </UnitTestResult>
    <UnitTestResult executionId="d73d5fe3-21b2-43c8-a07c-ec317989614f" testId="2943e417-fc30-ee10-bcec-7a16da60a40f" testName="createAndDeletePDFCategories" computerName="USER-PC" duration="00:00:56.1840894" startTime="2015-08-10T23:43:15.6659846+05:30" endTime="2015-08-10T23:44:11.8521982+05:30" testType="13cdc9d9-ddb5-4fa4-a97d-d965ccfc6d4b" outcome="Failed" testListId="8c84fa94-04c1-424b-9868-57a2d4851a1d" relativeResultsDirectory="d73d5fe3-21b2-43c8-a07c-ec317989614f">
      <Output>
        <ErrorInfo>
          <Message>Assert.IsTrue failed. </Message>
          <StackTrace>   at PegasusTests.PageHelper.Comm.DriverHelper.Click(String locator) in d:\pegqa\TestAutomationProject\PegasusTests\PageHelper\Comm\DriverHelper.cs:line 233
   at PegasusTests.PageHelper.LoginAsCorpHelper.ClickElement(String xmlNode) in d:\pegqa\TestAutomationProject\PegasusTests\PageHelper\Corp\LoginAsCorpHelper.cs:line 58
   at PegasusTests.Scripts.ClientsTests.CreateAndDeletePDFCategories.createAndDeletePDFCategories() in d:\pegqa\TestAutomationProject\PegasusTests\Scripts\BugTest\CreateAndDeletePDFCategories.cs:line 46
</StackTrace>
        </ErrorInfo>
      </Output>
    </UnitTestResult>
    <UnitTestResult executionId="a2d291a9-4b09-48c1-beb1-e17b3ad0829a" testId="50197c7a-6209-e4c7-7a81-cb499eeddbaf" testName="createTicketForClient" computerName="USER-PC" duration="00:00:47.9195744" startTime="2015-08-10T23:44:11.8521982+05:30" endTime="2015-08-10T23:44:59.7729391+05:30" testType="13cdc9d9-ddb5-4fa4-a97d-d965ccfc6d4b" outcome="Failed" testListId="8c84fa94-04c1-424b-9868-57a2d4851a1d" relativeResultsDirectory="a2d291a9-4b09-48c1-beb1-e17b3ad0829a">
      <Output>
        <StdOut>Logged in as: AslamKhan / 1qaz!QAZ
Redirected at Dashboard screen.</StdOut>
        <ErrorInfo>
          <Message>Assert.IsTrue failed. </Message>
          <StackTrace>   at PegasusTests.PageHelper.Comm.DriverHelper.Click(String locator) in d:\pegqa\TestAutomationProject\PegasusTests\PageHelper\Comm\DriverHelper.cs:line 233
   at PegasusTests.PageHelper.ClientBugsHelper.ClickElement(String XmlNode) in d:\pegqa\TestAutomationProject\PegasusTests\PageHelper\ClientBugsHelper.cs:line 23
   at PegasusTests.Scripts.ClientsTests.CreateTicketForClient.createTicketForClient() in d:\pegqa\TestAutomationProject\PegasusTests\Scripts\BugTest\CreateTicketForClient.cs:line 47
</StackTrace>
        </ErrorInfo>
      </Output>
    </UnitTestResult>
    <UnitTestResult executionId="7341bbfc-e871-4c15-9b7e-a105bb0cf74e" testId="beddb52b-f82d-0fc7-4485-76b1d812c57b" testName="statusFilterForEmployeeAgent" computerName="USER-PC" duration="00:00:44.4833873" startTime="2015-08-10T23:44:59.7729391+05:30" endTime="2015-08-10T23:45:44.2584836+05:30" testType="13cdc9d9-ddb5-4fa4-a97d-d965ccfc6d4b" outcome="Failed" testListId="8c84fa94-04c1-424b-9868-57a2d4851a1d" relativeResultsDirectory="7341bbfc-e871-4c15-9b7e-a105bb0cf74e">
      <Output>
        <StdOut>Logged in as: AslamKhan / 1qaz!QAZ
Redirected at Dashboard screen.</StdOut>
        <ErrorInfo>
          <Message>Assert.IsTrue failed. </Message>
          <StackTrace>   at PegasusTests.PageHelper.Comm.DriverHelper.Click(String locator) in d:\pegqa\TestAutomationProject\PegasusTests\PageHelper\Comm\DriverHelper.cs:line 233
   at PegasusTests.PageHelper.ClientBugsHelper.ClickElement(String XmlNode) in d:\pegqa\TestAutomationProject\PegasusTests\PageHelper\ClientBugsHelper.cs:line 23
   at PegasusTests.Scripts.ClientsTests.StatusFilterForEmployeeAgent.statusFilterForEmployeeAgent() in d:\pegqa\TestAutomationProject\PegasusTests\Scripts\BugTest\StatusFilterForEmployeeAgent.cs:line 43
</StackTrace>
        </ErrorInfo>
      </Output>
    </UnitTestResult>
    <UnitTestResult executionId="c4f5d172-fbe4-4a17-9b3e-879f560c5262" testId="87fd0ba1-35a0-5b2f-ce54-1f69a7fdb348" testName="opportunitiesZipCode" computerName="USER-PC" duration="00:00:44.5739773" startTime="2015-08-10T23:45:44.2584836+05:30" endTime="2015-08-10T23:46:28.8340331+05:30" testType="13cdc9d9-ddb5-4fa4-a97d-d965ccfc6d4b" outcome="Failed" testListId="8c84fa94-04c1-424b-9868-57a2d4851a1d" relativeResultsDirectory="c4f5d172-fbe4-4a17-9b3e-879f560c5262">
      <Output>
        <StdOut>Logged in as: AslamKhan / 1qaz!QAZ
Redirected at Dashboard screen.</StdOut>
        <ErrorInfo>
          <Message>Assert.IsTrue failed. </Message>
          <StackTrace>   at PegasusTests.PageHelper.Comm.DriverHelper.Click(String locator) in d:\pegqa\TestAutomationProject\PegasusTests\PageHelper\Comm\DriverHelper.cs:line 233
   at PegasusTests.PageHelper.ClientBugsHelper.ClickElement(String XmlNode) in d:\pegqa\TestAutomationProject\PegasusTests\PageHelper\ClientBugsHelper.cs:line 23
   at PegasusTests.Scripts.ClientsTests.OpportunitiesZipCode.opportunitiesZipCode() in d:\pegqa\TestAutomationProject\PegasusTests\Scripts\BugTest\OpportunitiesZipCode.cs:line 43
</StackTrace>
        </ErrorInfo>
      </Output>
    </UnitTestResult>
    <UnitTestResult executionId="e22e406d-438d-49fc-b00f-ce74e5fa078f" testId="d941e3e5-f6c5-4dbb-ad71-0f798c75740a" testName="leadZipCode" computerName="USER-PC" duration="00:01:10.0087627" startTime="2015-08-10T23:46:28.8340331+05:30" endTime="2015-08-10T23:47:38.8440375+05:30" testType="13cdc9d9-ddb5-4fa4-a97d-d965ccfc6d4b" outcome="Failed" testListId="8c84fa94-04c1-424b-9868-57a2d4851a1d" relativeResultsDirectory="e22e406d-438d-49fc-b00f-ce74e5fa078f">
      <Output>
        <StdOut>Logged in as: AslamKhan / 1qaz!QAZ
Redirected at Dashboard screen.</StdOut>
        <ErrorInfo>
          <Message>Assert.IsTrue failed. </Message>
          <StackTrace>   at PegasusTests.PageHelper.Comm.DriverHelper.Click(String locator) in d:\pegqa\TestAutomationProject\PegasusTests\PageHelper\Comm\DriverHelper.cs:line 233
   at PegasusTests.PageHelper.AddLeadsHelper.ClickElement(String xmlNode) in d:\pegqa\TestAutomationProject\PegasusTests\PageHelper\AddLeadsHelper.cs:line 50
   at PegasusTests.Scripts.ClientsTests.LeadZipCode.leadZipCode() in d:\pegqa\TestAutomationProject\PegasusTests\Scripts\BugTest\LeadZipCode.cs:line 43
</StackTrace>
        </ErrorInfo>
      </Output>
    </UnitTestResult>
    <UnitTestResult executionId="9c5a60b8-2f72-4a57-a3cd-8b0c071afd4b" testId="0b2a5a8b-d393-6055-1c6a-f0e15397e760" testName="sendEmailFromOfficeCorp" computerName="USER-PC" duration="00:02:58.5080856" startTime="2015-08-10T23:47:38.8450375+05:30" endTime="2015-08-10T23:50:37.3562478+05:30" testType="13cdc9d9-ddb5-4fa4-a97d-d965ccfc6d4b" outcome="Failed" testListId="8c84fa94-04c1-424b-9868-57a2d4851a1d" relativeResultsDirectory="9c5a60b8-2f72-4a57-a3cd-8b0c071afd4b">
      <Output>
        <ErrorInfo>
          <Message>Assert.IsTrue failed. </Message>
          <StackTrace>   at PegasusTests.PageHelper.Comm.DriverHelper.Click(String locator) in d:\pegqa\TestAutomationProject\PegasusTests\PageHelper\Comm\DriverHelper.cs:line 233
   at PegasusTests.PageHelper.EditOfficeHelper.ClickElement(String xmlNode) in d:\pegqa\TestAutomationProject\PegasusTests\PageHelper\EditOfficeHelper.cs:line 51
   at PegasusTests.Scripts.Corp.SendEmailFromOfficeCorp.sendEmailFromOfficeCorp() in d:\pegqa\TestAutomationProject\PegasusTests\Scripts\BugTest\SendEmailFromOfficeCorp.cs:line 34
</StackTrace>
        </ErrorInfo>
      </Output>
    </UnitTestResult>
    <UnitTestResult executionId="782c4621-29e0-4a38-8126-e6e392947b33" testId="3e2ab410-e464-ea59-cd63-d75b343ee8d9" testName="deleteOfficeCorp" computerName="USER-PC" duration="00:01:32.2800744" startTime="2015-08-10T23:50:37.3572479+05:30" endTime="2015-08-10T23:52:09.6395261+05:30" testType="13cdc9d9-ddb5-4fa4-a97d-d965ccfc6d4b" outcome="Failed" testListId="8c84fa94-04c1-424b-9868-57a2d4851a1d" relativeResultsDirectory="782c4621-29e0-4a38-8126-e6e392947b33">
      <Output>
        <ErrorInfo>
          <Message>Assert.IsTrue failed. </Message>
          <StackTrace>   at PegasusTests.PageHelper.Comm.DriverHelper.Click(String locator) in d:\pegqa\TestAutomationProject\PegasusTests\PageHelper\Comm\DriverHelper.cs:line 233
   at PegasusTests.PageHelper.EditOfficeHelper.ClickElement(String xmlNode) in d:\pegqa\TestAutomationProject\PegasusTests\PageHelper\EditOfficeHelper.cs:line 51
   at PegasusTests.Scripts.Corp.DeleteOfficeCorp.deleteOfficeCorp() in d:\pegqa\TestAutomationProject\PegasusTests\Scripts\BugTest\DeleteOfficeCorp.cs:line 34
</StackTrace>
        </ErrorInfo>
      </Output>
    </UnitTestResult>
    <UnitTestResult executionId="9295d039-bc2f-4cd7-adcb-6d0175b68e26" testId="b852c21a-60b6-4308-aebd-b7b5f2fc7487" testName="searchClientByFullName" computerName="USER-PC" duration="00:00:50.9498087" startTime="2015-08-10T23:52:09.6395261+05:30" endTime="2015-08-10T23:53:00.5904403+05:30" testType="13cdc9d9-ddb5-4fa4-a97d-d965ccfc6d4b" outcome="Failed" testListId="8c84fa94-04c1-424b-9868-57a2d4851a1d" relativeResultsDirectory="9295d039-bc2f-4cd7-adcb-6d0175b68e26">
      <Output>
        <StdOut>Logged in as: AslamKhan / 1qaz!QAZ
Redirected at Dashboard screen.</StdOut>
        <ErrorInfo>
          <Message>Assert.IsTrue failed. </Message>
          <StackTrace>   at PegasusTests.PageHelper.Comm.DriverHelper.Click(String locator) in d:\pegqa\TestAutomationProject\PegasusTests\PageHelper\Comm\DriverHelper.cs:line 233
   at PegasusTests.PageHelper.ClientBugsHelper.ClickElement(String XmlNode) in d:\pegqa\TestAutomationProject\PegasusTests\PageHelper\ClientBugsHelper.cs:line 23
   at PegasusTests.Scripts.ClientsTests.SearchClientByFullName.searchClientByFullName() in d:\pegqa\TestAutomationProject\PegasusTests\Scripts\BugTest\SearchClientByFullName.cs:line 44
</StackTrace>
        </ErrorInfo>
      </Output>
    </UnitTestResult>
    <UnitTestResult executionId="f488bed2-6a44-4ab6-970b-d8d7f5ef7549" testId="659f60d9-6ca7-0b3c-7bcf-b5dea7515235" testName="meetingForLead" computerName="USER-PC" duration="00:00:44.6658028" startTime="2015-08-10T23:53:00.5914404+05:30" endTime="2015-08-10T23:53:45.2579952+05:30" testType="13cdc9d9-ddb5-4fa4-a97d-d965ccfc6d4b" outcome="Failed" testListId="8c84fa94-04c1-424b-9868-57a2d4851a1d" relativeResultsDirectory="f488bed2-6a44-4ab6-970b-d8d7f5ef7549">
      <Output>
        <StdOut>Logged in as: AslamKhan / 1qaz!QAZ
Redirected at Dashboard screen.</StdOut>
        <ErrorInfo>
          <Message>Assert.IsTrue failed. </Message>
          <StackTrace>   at PegasusTests.PageHelper.Comm.DriverHelper.Click(String locator) in d:\pegqa\TestAutomationProject\PegasusTests\PageHelper\Comm\DriverHelper.cs:line 233
   at PegasusTests.PageHelper.ClientBugsHelper.ClickElement(String XmlNode) in d:\pegqa\TestAutomationProject\PegasusTests\PageHelper\ClientBugsHelper.cs:line 23
   at PegasusTests.Scripts.ClientsTests.MeetingForLead.meetingForLead() in d:\pegqa\TestAutomationProject\PegasusTests\Scripts\BugTest\MeetingForLead.cs:line 38
</StackTrace>
        </ErrorInfo>
      </Output>
    </UnitTestResult>
    <UnitTestResult executionId="7ca42229-6e68-4871-be21-1e9e34ca8400" testId="78bc9003-c9a5-ce18-eed6-99eef013bd54" testName="disableEmployeeCorp" computerName="USER-PC" duration="00:01:31.3751226" startTime="2015-08-10T23:53:45.2589952+05:30" endTime="2015-08-10T23:55:16.6362217+05:30" testType="13cdc9d9-ddb5-4fa4-a97d-d965ccfc6d4b" outcome="Failed" testListId="8c84fa94-04c1-424b-9868-57a2d4851a1d" relativeResultsDirectory="7ca42229-6e68-4871-be21-1e9e34ca8400">
      <Output>
        <ErrorInfo>
          <Message>Assert.IsTrue failed. </Message>
          <StackTrace>   at PegasusTests.PageHelper.Comm.DriverHelper.Click(String locator) in d:\pegqa\TestAutomationProject\PegasusTests\PageHelper\Comm\DriverHelper.cs:line 233
   at PegasusTests.PageHelper.CreateEmployeeCorp.ClickElement(String xmlNode) in d:\pegqa\TestAutomationProject\PegasusTests\PageHelper\CreateEmployeeCorp.cs:line 51
   at PegasusTests.Scripts.Corp.DisableEmployeeCorp.disableEmployeeCorp() in d:\pegqa\TestAutomationProject\PegasusTests\Scripts\BugTest\DisableEmployeeCorp.cs:line 37
</StackTrace>
        </ErrorInfo>
      </Output>
    </UnitTestResult>
    <UnitTestResult executionId="7f29226a-bf65-47a3-ba88-e0273d4bc65d" testId="d2c8e05c-9e23-0288-21f8-0abe48a0e3bc" testName="filterForAgent" computerName="USER-PC" duration="00:00:46.1071406" startTime="2015-08-10T23:55:16.6362217+05:30" endTime="2015-08-10T23:56:02.7448590+05:30" testType="13cdc9d9-ddb5-4fa4-a97d-d965ccfc6d4b" outcome="Failed" testListId="8c84fa94-04c1-424b-9868-57a2d4851a1d" relativeResultsDirectory="7f29226a-bf65-47a3-ba88-e0273d4bc65d">
      <Output>
        <StdOut>Logged in as: AslamKhan / 1qaz!QAZ
Redirected at Dashboard screen.</StdOut>
        <ErrorInfo>
          <Message>Assert.IsTrue failed. </Message>
          <StackTrace>   at PegasusTests.PageHelper.Comm.DriverHelper.Click(String locator) in d:\pegqa\TestAutomationProject\PegasusTests\PageHelper\Comm\DriverHelper.cs:line 233
   at PegasusTests.PageHelper.ClientBugsHelper.ClickElement(String XmlNode) in d:\pegqa\TestAutomationProject\PegasusTests\PageHelper\ClientBugsHelper.cs:line 23
   at PegasusTests.Scripts.ClientsTests.FilterForAgent.filterForAgent() in d:\pegqa\TestAutomationProject\PegasusTests\Scripts\BugTest\FilterForAgent.cs:line 44
</StackTrace>
        </ErrorInfo>
      </Output>
    </UnitTestResult>
    <UnitTestResult executionId="9b4629fe-99a0-4dc0-8966-7ae2481f4057" testId="dc9371c3-0e36-fc3f-7dc8-2da55ebb2304" testName="emailNoteForward" computerName="USER-PC" duration="00:00:43.3701024" startTime="2015-08-10T23:56:02.7448590+05:30" endTime="2015-08-10T23:56:46.1163397+05:30" testType="13cdc9d9-ddb5-4fa4-a97d-d965ccfc6d4b" outcome="Failed" testListId="8c84fa94-04c1-424b-9868-57a2d4851a1d" relativeResultsDirectory="9b4629fe-99a0-4dc0-8966-7ae2481f4057">
      <Output>
        <StdOut>Logged in as: AslamKhan / 1qaz!QAZ
Redirected at Dashboard screen.</StdOut>
        <ErrorInfo>
          <Message>Assert.IsTrue failed. </Message>
          <StackTrace>   at PegasusTests.PageHelper.Comm.DriverHelper.Click(String locator) in d:\pegqa\TestAutomationProject\PegasusTests\PageHelper\Comm\DriverHelper.cs:line 233
   at PegasusTests.PageHelper.ClientBugsHelper.ClickElement(String XmlNode) in d:\pegqa\TestAutomationProject\PegasusTests\PageHelper\ClientBugsHelper.cs:line 23
   at PegasusTests.Scripts.ClientsTests.EmailNoteForward.emailNoteForward() in d:\pegqa\TestAutomationProject\PegasusTests\Scripts\BugTest\EmailNoteForward.cs:line 37
</StackTrace>
        </ErrorInfo>
      </Output>
    </UnitTestResult>
    <UnitTestResult executionId="7419ed65-5d88-485d-b8eb-8d2311c92ff5" testId="990e31f1-6c83-5fa5-559b-14945c8cbb8b" testName="deleteIframeIntegration" computerName="USER-PC" duration="00:01:08.9677942" startTime="2015-08-10T23:56:46.1163397+05:30" endTime="2015-08-10T23:57:55.0862845+05:30" testType="13cdc9d9-ddb5-4fa4-a97d-d965ccfc6d4b" outcome="Failed" testListId="8c84fa94-04c1-424b-9868-57a2d4851a1d" relativeResultsDirectory="7419ed65-5d88-485d-b8eb-8d2311c92ff5">
      <Output>
        <StdOut>Logged in as: AslamKhan / 1qaz!QAZ
Redirected at Dashboard screen.</StdOut>
        <ErrorInfo>
          <Message>Assert.IsTrue failed. </Message>
          <StackTrace>   at PegasusTests.PageHelper.Comm.DriverHelper.Click(String locator) in d:\pegqa\TestAutomationProject\PegasusTests\PageHelper\Comm\DriverHelper.cs:line 233
   at PegasusTests.PageHelper.CreateIframeAdminHelper.ClickElement(String xmlNode) in d:\pegqa\TestAutomationProject\PegasusTests\PageHelper\AdminHelper\CreateIframeAdminHelper.cs:line 57
   at PegasusTests.Scripts.ClientsTests.DeleteIframeIntegration.deleteIframeIntegration() in d:\pegqa\TestAutomationProject\PegasusTests\Scripts\BugTest\DeleteIframeIntegration.cs:line 53
</StackTrace>
        </ErrorInfo>
      </Output>
    </UnitTestResult>
    <UnitTestResult executionId="ed5528ea-1131-4614-89bc-135d81cb4f18" testId="41fe6b3c-aaa1-6bf3-2906-6537113200df" testName="editOmahaPDFCorp" computerName="USER-PC" duration="00:01:01.4954032" startTime="2015-08-10T23:57:55.0862845+05:30" endTime="2015-08-10T23:58:56.5838020+05:30" testType="13cdc9d9-ddb5-4fa4-a97d-d965ccfc6d4b" outcome="Failed" testListId="8c84fa94-04c1-424b-9868-57a2d4851a1d" relativeResultsDirectory="ed5528ea-1131-4614-89bc-135d81cb4f18">
      <Output>
        <ErrorInfo>
          <Message>Assert.IsTrue failed. </Message>
          <StackTrace>   at PegasusTests.PageHelper.Comm.DriverHelper.Click(String locator) in d:\pegqa\TestAutomationProject\PegasusTests\PageHelper\Comm\DriverHelper.cs:line 233
   at PegasusTests.PageHelper.LoginAsCorpHelper.ClickElement(String xmlNode) in d:\pegqa\TestAutomationProject\PegasusTests\PageHelper\Corp\LoginAsCorpHelper.cs:line 58
   at PegasusTests.Scripts.ClientsTests.EditOmahaPDFCorp.editOmahaPDFCorp() in d:\pegqa\TestAutomationProject\PegasusTests\Scripts\BugTest\EditOmahaPDFCorp.cs:line 46
</StackTrace>
        </ErrorInfo>
      </Output>
    </UnitTestResult>
    <UnitTestResult executionId="3a523ca1-ef99-48e3-b688-62e5a59ee87e" testId="bab37d67-e6cf-b7f8-9077-84d3f616f747" testName="editTask" computerName="USER-PC" duration="00:00:44.1024936" startTime="2015-08-10T23:58:56.5838020+05:30" endTime="2015-08-10T23:59:40.6873246+05:30" testType="13cdc9d9-ddb5-4fa4-a97d-d965ccfc6d4b" outcome="Failed" testListId="8c84fa94-04c1-424b-9868-57a2d4851a1d" relativeResultsDirectory="3a523ca1-ef99-48e3-b688-62e5a59ee87e">
      <Output>
        <StdOut>Logged in as: AslamKhan / 1qaz!QAZ
Redirected at Dashboard screen.</StdOut>
        <ErrorInfo>
          <Message>Assert.IsTrue failed. </Message>
          <StackTrace>   at PegasusTests.PageHelper.Comm.DriverHelper.Click(String locator) in d:\pegqa\TestAutomationProject\PegasusTests\PageHelper\Comm\DriverHelper.cs:line 233
   at PegasusTests.PageHelper.ClientBugsHelper.ClickElement(String XmlNode) in d:\pegqa\TestAutomationProject\PegasusTests\PageHelper\ClientBugsHelper.cs:line 23
   at PegasusTests.Scripts.ClientsTests.EditTask.editTask() in d:\pegqa\TestAutomationProject\PegasusTests\Scripts\BugTest\EditTask.cs:line 37
</StackTrace>
        </ErrorInfo>
      </Output>
    </UnitTestResult>
    <UnitTestResult executionId="8e1a7122-04ee-445b-a865-c85572fbea33" testId="6a57700c-556e-87c7-d8fb-c1ca5d033490" testName="clientAddresses" computerName="USER-PC" duration="00:00:47.2499009" startTime="2015-08-10T23:59:40.6873246+05:30" endTime="2015-08-11T00:00:27.9390272+05:30" testType="13cdc9d9-ddb5-4fa4-a97d-d965ccfc6d4b" outcome="Failed" testListId="8c84fa94-04c1-424b-9868-57a2d4851a1d" relativeResultsDirectory="8e1a7122-04ee-445b-a865-c85572fbea33">
      <Output>
        <StdOut>Logged in as: AslamKhan / 1qaz!QAZ
Redirected at Dashboard screen.</StdOut>
        <ErrorInfo>
          <Message>Assert.IsTrue failed. </Message>
          <StackTrace>   at PegasusTests.PageHelper.Comm.DriverHelper.Click(String locator) in d:\pegqa\TestAutomationProject\PegasusTests\PageHelper\Comm\DriverHelper.cs:line 233
   at PegasusTests.PageHelper.ClientBugsHelper.ClickElement(String XmlNode) in d:\pegqa\TestAutomationProject\PegasusTests\PageHelper\ClientBugsHelper.cs:line 23
   at PegasusTests.Scripts.ClientsTests.ClientAddresses.clientAddresses() in d:\pegqa\TestAutomationProject\PegasusTests\Scripts\BugTest\ClientAddresses.cs:line 44
</StackTrace>
        </ErrorInfo>
      </Output>
    </UnitTestResult>
    <UnitTestResult executionId="4e5b2b12-8bd7-42b1-bddd-a2fdc83c5b34" testId="0e42a008-d2c0-f243-344b-9aeb4a47528c" testName="importClient" computerName="USER-PC" duration="00:00:47.3588613" startTime="2015-08-11T00:00:27.9390272+05:30" endTime="2015-08-11T00:01:15.2987360+05:30" testType="13cdc9d9-ddb5-4fa4-a97d-d965ccfc6d4b" outcome="Failed" testListId="8c84fa94-04c1-424b-9868-57a2d4851a1d" relativeResultsDirectory="4e5b2b12-8bd7-42b1-bddd-a2fdc83c5b34">
      <Output>
        <StdOut>Logged in as: AslamKhan / 1qaz!QAZ
Redirected at Dashboard screen.</StdOut>
        <ErrorInfo>
          <Message>Assert.IsTrue failed. </Message>
          <StackTrace>   at PegasusTests.PageHelper.Comm.DriverHelper.Click(String locator) in d:\pegqa\TestAutomationProject\PegasusTests\PageHelper\Comm\DriverHelper.cs:line 233
   at PegasusTests.PageHelper.CreatePDFsHelper.ClickElement(String XmlNode) in d:\pegqa\TestAutomationProject\PegasusTests\PageHelper\CreatePDFsHelper.cs:line 23
   at PegasusTests.Scripts.ClientsTests.ImportClient.importClient() in d:\pegqa\TestAutomationProject\PegasusTests\Scripts\BugTest\ImportClient.cs:line 42
</StackTrace>
        </ErrorInfo>
      </Output>
    </UnitTestResult>
    <UnitTestResult executionId="1459d7f1-94a9-4853-8fe8-a7ad7bbc45c7" testId="735cb1c5-eb23-43fc-68e6-fa76250d704d" testName="pDFTemplatesPerminsions" computerName="USER-PC" duration="00:00:46.1143498" startTime="2015-08-11T00:01:15.2997361+05:30" endTime="2015-08-11T00:02:01.4153737+05:30" testType="13cdc9d9-ddb5-4fa4-a97d-d965ccfc6d4b" outcome="Failed" testListId="8c84fa94-04c1-424b-9868-57a2d4851a1d" relativeResultsDirectory="1459d7f1-94a9-4853-8fe8-a7ad7bbc45c7">
      <Output>
        <StdOut>Logged in as: AslamKhan / 1qaz!QAZ
Redirected at Dashboard screen.</StdOut>
        <ErrorInfo>
          <Message>Assert.IsTrue failed. </Message>
          <StackTrace>   at PegasusTests.PageHelper.Comm.DriverHelper.Click(String locator) in d:\pegqa\TestAutomationProject\PegasusTests\PageHelper\Comm\DriverHelper.cs:line 233
   at PegasusTests.PageHelper.ClientBugsHelper.ClickElement(String XmlNode) in d:\pegqa\TestAutomationProject\PegasusTests\PageHelper\ClientBugsHelper.cs:line 23
   at PegasusTests.Scripts.ClientsTests.PDFTemplatesPerminsions.pDFTemplatesPerminsions() in d:\pegqa\TestAutomationProject\PegasusTests\Scripts\BugTest\PDFTemplatesPerminsions.cs:line 56
</StackTrace>
        </ErrorInfo>
      </Output>
    </UnitTestResult>
    <UnitTestResult executionId="75f64627-b9a7-40c4-934d-772a948d8dfd" testId="95ce3265-bec7-cfd2-3a17-e8550cc68411" testName="residualIncomeAdjustmentToolWith2014" computerName="USER-PC" duration="00:01:05.2282644" startTime="2015-08-11T00:02:01.4153737+05:30" endTime="2015-08-11T00:03:06.6451047+05:30" testType="13cdc9d9-ddb5-4fa4-a97d-d965ccfc6d4b" outcome="Failed" testListId="8c84fa94-04c1-424b-9868-57a2d4851a1d" relativeResultsDirectory="75f64627-b9a7-40c4-934d-772a948d8dfd">
      <Output>
        <StdOut>Logged in as: AslamKhan / 1qaz!QAZ
Redirected at Dashboard screen.</StdOut>
        <ErrorInfo>
          <Message>Assert.IsTrue failed. </Message>
          <StackTrace>   at PegasusTests.PageHelper.Comm.DriverHelper.Click(String locator) in d:\pegqa\TestAutomationProject\PegasusTests\PageHelper\Comm\DriverHelper.cs:line 233
   at PegasusTests.PageHelper.ResidualIncmeOfficeHelper.ClickElement(String xmlNode) in d:\pegqa\TestAutomationProject\PegasusTests\PageHelper\Corp\ResidualIncmeOfficeHelper.cs:line 58
   at PegasusTests.Scripts.ClientsTests.ResidualIncomeAdjustmentToolWith2014.residualIncomeAdjustmentToolWith2014() in d:\pegqa\TestAutomationProject\PegasusTests\Scripts\BugTest\ResidualIncomeAdjustmentToolWith2014.cs:line 43
</StackTrace>
        </ErrorInfo>
      </Output>
    </UnitTestResult>
    <UnitTestResult executionId="2999d3df-c199-408b-b880-68c206544bdf" testId="c0565bfd-68e4-1f86-7e6a-b6b241aabab2" testName="addContact" computerName="USER-PC" duration="00:01:06.7562773" startTime="2015-08-11T00:03:06.6451047+05:30" endTime="2015-08-11T00:04:13.4039231+05:30" testType="13cdc9d9-ddb5-4fa4-a97d-d965ccfc6d4b" outcome="Failed" testListId="8c84fa94-04c1-424b-9868-57a2d4851a1d" relativeResultsDirectory="2999d3df-c199-408b-b880-68c206544bdf">
      <Output>
        <StdOut>Logged in as: AslamKhan / 1qaz!QAZ
Redirected at Dashboard screen.</StdOut>
        <ErrorInfo>
          <Message>Assert.IsTrue failed. </Message>
          <StackTrace>   at PegasusTests.PageHelper.Comm.DriverHelper.Click(String locator) in d:\pegqa\TestAutomationProject\PegasusTests\PageHelper\Comm\DriverHelper.cs:line 233
   at PegasusTests.PageHelper.AddContactHelper.ClickElement(String xmlNode) in d:\pegqa\TestAutomationProject\PegasusTests\PageHelper\AddContactHelper.cs:line 50
   at PegasusTests.Scripts.ClientsTests.AddContact.addContact() in d:\pegqa\TestAutomationProject\PegasusTests\Scripts\ClientsTests\AddContact.cs:line 43
</StackTrace>
        </ErrorInfo>
      </Output>
    </UnitTestResult>
    <UnitTestResult executionId="2470fad7-1315-41d7-a099-73848f948f3d" testId="c8459d5b-9d3c-d195-8262-162277ee00c0" testName="addDocument" computerName="USER-PC" duration="00:00:43.8719968" startTime="2015-08-11T00:04:13.4039231+05:30" endTime="2015-08-11T00:04:57.2774325+05:30" testType="13cdc9d9-ddb5-4fa4-a97d-d965ccfc6d4b" outcome="Failed" testListId="8c84fa94-04c1-424b-9868-57a2d4851a1d" relativeResultsDirectory="2470fad7-1315-41d7-a099-73848f948f3d">
      <Output>
        <StdOut>Logged in as: AslamKhan / 1qaz!QAZ
Redirected at Dashboard screen.</StdOut>
        <ErrorInfo>
          <Message>Assert.IsTrue failed. </Message>
          <StackTrace>   at PegasusTests.PageHelper.Comm.DriverHelper.Click(String locator) in d:\pegqa\TestAutomationProject\PegasusTests\PageHelper\Comm\DriverHelper.cs:line 233
   at PegasusTests.PageHelper.ClientsHelper.ClickElement(String XmlNode) in d:\pegqa\TestAutomationProject\PegasusTests\PageHelper\ClientsHelper.cs:line 156
   at PegasusTests.Scripts.ClientsTests.AddDocument.addDocument() in d:\pegqa\TestAutomationProject\PegasusTests\Scripts\ClientsTests\AddDocument.cs:line 37
</StackTrace>
        </ErrorInfo>
      </Output>
    </UnitTestResult>
    <UnitTestResult executionId="d26b2d6b-9b83-4c8c-9305-1ba91e6d34ac" testId="38b9cefa-9fef-d34b-c527-05b27b06e0c9" testName="addLeads" computerName="USER-PC" duration="00:01:06.9311810" startTime="2015-08-11T00:04:57.2774325+05:30" endTime="2015-08-11T00:06:04.2102608+05:30" testType="13cdc9d9-ddb5-4fa4-a97d-d965ccfc6d4b" outcome="Failed" testListId="8c84fa94-04c1-424b-9868-57a2d4851a1d" relativeResultsDirectory="d26b2d6b-9b83-4c8c-9305-1ba91e6d34ac">
      <Output>
        <StdOut>Logged in as: AslamKhan / 1qaz!QAZ
Redirected at Dashboard screen.</StdOut>
        <ErrorInfo>
          <Message>Assert.IsTrue failed. </Message>
          <StackTrace>   at PegasusTests.PageHelper.Comm.DriverHelper.Click(String locator) in d:\pegqa\TestAutomationProject\PegasusTests\PageHelper\Comm\DriverHelper.cs:line 233
   at PegasusTests.PageHelper.AddLeadsHelper.ClickElement(String xmlNode) in d:\pegqa\TestAutomationProject\PegasusTests\PageHelper\AddLeadsHelper.cs:line 50
   at PegasusTests.Scripts.ClientsTests.AddLeads.addLeads() in d:\pegqa\TestAutomationProject\PegasusTests\Scripts\ClientsTests\AddLeads.cs:line 43
</StackTrace>
        </ErrorInfo>
      </Output>
    </UnitTestResult>
    <UnitTestResult executionId="4567de17-146b-445d-99b1-6778bd7ff9c6" testId="8ad12b1d-2652-227d-d321-01efe4f128da" testName="bulkUpdateChangeResponsibiltyForLead" computerName="USER-PC" duration="00:00:40.8339126" startTime="2015-08-11T00:06:04.2102608+05:30" endTime="2015-08-11T00:06:45.0455965+05:30" testType="13cdc9d9-ddb5-4fa4-a97d-d965ccfc6d4b" outcome="Failed" testListId="8c84fa94-04c1-424b-9868-57a2d4851a1d" relativeResultsDirectory="4567de17-146b-445d-99b1-6778bd7ff9c6">
      <Output>
        <StdOut>Logged in as: AslamKhan / 1qaz!QAZ
Redirected at Dashboard screen.</StdOut>
        <ErrorInfo>
          <Message>Assert.IsTrue failed. </Message>
          <StackTrace>   at PegasusTests.PageHelper.Comm.DriverHelper.Click(String locator) in d:\pegqa\TestAutomationProject\PegasusTests\PageHelper\Comm\DriverHelper.cs:line 233
   at PegasusTests.PageHelper.ClientBugsHelper.ClickElement(String XmlNode) in d:\pegqa\TestAutomationProject\PegasusTests\PageHelper\ClientBugsHelper.cs:line 23
   at PegasusTests.Scripts.ClientsTests.BulkUpdateChangeResponsibiltyForLead.bulkUpdateChangeResponsibiltyForLead() in d:\pegqa\TestAutomationProject\PegasusTests\Scripts\ClientsTests\BulkUpdateChangeResponsibiltyForLead.cs:line 43
</StackTrace>
        </ErrorInfo>
      </Output>
    </UnitTestResult>
    <UnitTestResult executionId="ac7650f9-4beb-44a1-ba4f-df7f94906bde" testId="39e5c926-86b9-bb34-a0b9-9aef132298de" testName="clone" computerName="USER-PC" duration="00:00:41.1813809" startTime="2015-08-11T00:06:45.0455965+05:30" endTime="2015-08-11T00:07:26.2279520+05:30" testType="13cdc9d9-ddb5-4fa4-a97d-d965ccfc6d4b" outcome="Failed" testListId="8c84fa94-04c1-424b-9868-57a2d4851a1d" relativeResultsDirectory="ac7650f9-4beb-44a1-ba4f-df7f94906bde">
      <Output>
        <StdOut>Logged in as: AslamKhan / 1qaz!QAZ
Redirected at Dashboard screen.</StdOut>
        <ErrorInfo>
          <Message>Assert.IsTrue failed. </Message>
          <StackTrace>   at PegasusTests.PageHelper.Comm.DriverHelper.Click(String locator) in d:\pegqa\TestAutomationProject\PegasusTests\PageHelper\Comm\DriverHelper.cs:line 233
   at PegasusTests.PageHelper.ClientsHelper.ClickElement(String XmlNode) in d:\pegqa\TestAutomationProject\PegasusTests\PageHelper\ClientsHelper.cs:line 156
   at PegasusTests.Scripts.ClientsTests.Clone.clone() in d:\pegqa\TestAutomationProject\PegasusTests\Scripts\ClientsTests\Clone.cs:line 38
</StackTrace>
        </ErrorInfo>
      </Output>
    </UnitTestResult>
    <UnitTestResult executionId="19253973-7ffd-49b4-acbe-2e9d7bcbf1e9" testId="99f09ab2-d5f8-1f04-9923-a2cc16af8089" testName="createProducts" computerName="USER-PC" duration="00:01:09.2011603" startTime="2015-08-11T00:07:26.2289520+05:30" endTime="2015-08-11T00:08:35.4319102+05:30" testType="13cdc9d9-ddb5-4fa4-a97d-d965ccfc6d4b" outcome="Failed" testListId="8c84fa94-04c1-424b-9868-57a2d4851a1d" relativeResultsDirectory="19253973-7ffd-49b4-acbe-2e9d7bcbf1e9">
      <Output>
        <StdOut>Logged in as: AslamKhan / 1qaz!QAZ
Redirected at Dashboard screen.</StdOut>
        <ErrorInfo>
          <Message>Assert.IsTrue failed. </Message>
          <StackTrace>   at PegasusTests.PageHelper.Comm.DriverHelper.Click(String locator) in d:\pegqa\TestAutomationProject\PegasusTests\PageHelper\Comm\DriverHelper.cs:line 233
   at PegasusTests.PageHelper.CreateProductsHelperAdmin.ClickElement(String xmlNode) in d:\pegqa\TestAutomationProject\PegasusTests\PageHelper\AdminHelper\CreateProductsHelperAdmin.cs:line 50
   at PegasusTests.Scripts.Admin.CreateProducts.createProducts() in d:\pegqa\TestAutomationProject\PegasusTests\Scripts\Admin\CreateProducts.cs:line 48
</StackTrace>
        </ErrorInfo>
      </Output>
    </UnitTestResult>
    <UnitTestResult executionId="627ac2ff-492a-4d7b-89ef-8330c90a4c9a" testId="8105d9a9-6c23-09af-e85c-a1a1726b27ec" testName="clientSharePDFs" computerName="USER-PC" duration="00:00:48.7241401" startTime="2015-08-11T00:08:35.4319102+05:30" endTime="2015-08-11T00:09:24.1576972+05:30" testType="13cdc9d9-ddb5-4fa4-a97d-d965ccfc6d4b" outcome="Failed" testListId="8c84fa94-04c1-424b-9868-57a2d4851a1d" relativeResultsDirectory="627ac2ff-492a-4d7b-89ef-8330c90a4c9a">
      <Output>
        <StdOut>Logged in as: AslamKhan / 1qaz!QAZ
Redirected at Dashboard screen.</StdOut>
        <ErrorInfo>
          <Message>Assert.IsTrue failed. </Message>
          <StackTrace>   at PegasusTests.PageHelper.Comm.DriverHelper.Click(String locator) in d:\pegqa\TestAutomationProject\PegasusTests\PageHelper\Comm\DriverHelper.cs:line 233
   at PegasusTests.PageHelper.CreatePDFsHelper.ClickElement(String XmlNode) in d:\pegqa\TestAutomationProject\PegasusTests\PageHelper\CreatePDFsHelper.cs:line 23
   at PegasusTests.Scripts.ClientsTests.ClientSharePDFs.clientSharePDFs() in d:\pegqa\TestAutomationProject\PegasusTests\Scripts\ClientsTests\ClientSharePDFs.cs:line 42
</StackTrace>
        </ErrorInfo>
      </Output>
    </UnitTestResult>
    <UnitTestResult executionId="47bab7cd-4be5-4155-b641-b9d59ccd5794" testId="86fed0a5-7b2c-e17a-2eff-2cb43502ad23" testName="clientUserFileShareSignatureRequired" computerName="USER-PC" duration="00:00:39.4189625" startTime="2015-08-11T00:09:24.1576972+05:30" endTime="2015-08-11T00:10:03.5779519+05:30" testType="13cdc9d9-ddb5-4fa4-a97d-d965ccfc6d4b" outcome="Failed" testListId="8c84fa94-04c1-424b-9868-57a2d4851a1d" relativeResultsDirectory="47bab7cd-4be5-4155-b641-b9d59ccd5794">
      <Output>
        <ErrorInfo>
          <Message>Assert.IsTrue failed. </Message>
          <StackTrace>   at PegasusTests.PageHelper.Comm.DriverHelper.Click(String locator) in d:\pegqa\TestAutomationProject\PegasusTests\PageHelper\Comm\DriverHelper.cs:line 233
   at PegasusTests.PageHelper.CreatePDFsHelper.ClickElement(String XmlNode) in d:\pegqa\TestAutomationProject\PegasusTests\PageHelper\CreatePDFsHelper.cs:line 23
   at PegasusTests.Scripts.ClientsTests.ClientUserFileShareSignatureRequired.clientUserFileShareSignatureRequired() in d:\pegqa\TestAutomationProject\PegasusTests\Scripts\ClientsTests\ClientUserFileShareSignatureRequired.cs:line 95
</StackTrace>
        </ErrorInfo>
      </Output>
    </UnitTestResult>
    <UnitTestResult executionId="98cf3d26-e12c-4f35-b0ef-85fd14ff874c" testId="0da86727-4745-5e5f-47a7-9fcf680e0a11" testName="clientUserTicketdDraftAndDelete" computerName="USER-PC" duration="00:00:38.7906802" startTime="2015-08-11T00:10:03.5779519+05:30" endTime="2015-08-11T00:10:42.3691706+05:30" testType="13cdc9d9-ddb5-4fa4-a97d-d965ccfc6d4b" outcome="Failed" testListId="8c84fa94-04c1-424b-9868-57a2d4851a1d" relativeResultsDirectory="98cf3d26-e12c-4f35-b0ef-85fd14ff874c">
      <Output>
        <ErrorInfo>
          <Message>Assert.IsTrue failed. </Message>
          <StackTrace>   at PegasusTests.PageHelper.Comm.DriverHelper.Click(String locator) in d:\pegqa\TestAutomationProject\PegasusTests\PageHelper\Comm\DriverHelper.cs:line 233
   at PegasusTests.PageHelper.CreatePDFsHelper.ClickElement(String XmlNode) in d:\pegqa\TestAutomationProject\PegasusTests\PageHelper\CreatePDFsHelper.cs:line 23
   at PegasusTests.Scripts.ClientsTests.ClientUserTicketdDraftAndDelete.clientUserTicketdDraftAndDelete() in d:\pegqa\TestAutomationProject\PegasusTests\Scripts\ClientsTests\ClientUserTicketdDraftAndDelete.cs:line 52
</StackTrace>
        </ErrorInfo>
      </Output>
    </UnitTestResult>
    <UnitTestResult executionId="a75f54f6-c7a1-4df7-ac0b-1e7429985222" testId="51bd4dea-8b46-9d80-77dc-0eb04ba74f2b" testName="clientUserTicketRecycleBin" computerName="USER-PC" duration="00:00:39.2859314" startTime="2015-08-11T00:10:42.3701707+05:30" endTime="2015-08-11T00:11:21.6564177+05:30" testType="13cdc9d9-ddb5-4fa4-a97d-d965ccfc6d4b" outcome="Failed" testListId="8c84fa94-04c1-424b-9868-57a2d4851a1d" relativeResultsDirectory="a75f54f6-c7a1-4df7-ac0b-1e7429985222">
      <Output>
        <ErrorInfo>
          <Message>Assert.IsTrue failed. </Message>
          <StackTrace>   at PegasusTests.PageHelper.Comm.DriverHelper.Click(String locator) in d:\pegqa\TestAutomationProject\PegasusTests\PageHelper\Comm\DriverHelper.cs:line 233
   at PegasusTests.PageHelper.CreatePDFsHelper.ClickElement(String XmlNode) in d:\pegqa\TestAutomationProject\PegasusTests\PageHelper\CreatePDFsHelper.cs:line 23
   at PegasusTests.Scripts.ClientsTests.ClientUserTicketRecycleBin.clientUserTicketRecycleBin() in d:\pegqa\TestAutomationProject\PegasusTests\Scripts\ClientsTests\ClientUserTicketRecycleBin.cs:line 43
</StackTrace>
        </ErrorInfo>
      </Output>
    </UnitTestResult>
    <UnitTestResult executionId="1f9fea85-836f-4348-932d-647e4914d93b" testId="8512f195-9d13-dc09-1eba-6881004102a3" testName="clientUserSharePDFsFileShare" computerName="USER-PC" duration="00:00:47.5851665" startTime="2015-08-11T00:11:21.6574178+05:30" endTime="2015-08-11T00:12:09.2431395+05:30" testType="13cdc9d9-ddb5-4fa4-a97d-d965ccfc6d4b" outcome="Failed" testListId="8c84fa94-04c1-424b-9868-57a2d4851a1d" relativeResultsDirectory="1f9fea85-836f-4348-932d-647e4914d93b">
      <Output>
        <StdOut>Logged in as: AslamKhan / 1qaz!QAZ
Redirected at Dashboard screen.</StdOut>
        <ErrorInfo>
          <Message>Assert.IsTrue failed. </Message>
          <StackTrace>   at PegasusTests.PageHelper.Comm.DriverHelper.Click(String locator) in d:\pegqa\TestAutomationProject\PegasusTests\PageHelper\Comm\DriverHelper.cs:line 233
   at PegasusTests.PageHelper.CreatePDFsHelper.ClickElement(String XmlNode) in d:\pegqa\TestAutomationProject\PegasusTests\PageHelper\CreatePDFsHelper.cs:line 23
   at PegasusTests.Scripts.ClientsTests.ClientUserSharePDFsFileShare.clientUserSharePDFsFileShare() in d:\pegqa\TestAutomationProject\PegasusTests\Scripts\ClientsTests\ClientUserSharePDFsFileShare.cs:line 43
</StackTrace>
        </ErrorInfo>
      </Output>
    </UnitTestResult>
    <UnitTestResult executionId="5ea5c595-84bd-465b-82df-324d4c03bf1e" testId="ef3eaa39-fc33-1ebd-e72c-b503c73ce94a" testName="backToPDFSection" computerName="USER-PC" duration="00:00:44.6483514" startTime="2015-08-11T00:12:09.2441396+05:30" endTime="2015-08-11T00:12:53.8936934+05:30" testType="13cdc9d9-ddb5-4fa4-a97d-d965ccfc6d4b" outcome="Failed" testListId="8c84fa94-04c1-424b-9868-57a2d4851a1d" relativeResultsDirectory="5ea5c595-84bd-465b-82df-324d4c03bf1e">
      <Output>
        <StdOut>Logged in as: AslamKhan / 1qaz!QAZ
Redirected at Dashboard screen.</StdOut>
        <ErrorInfo>
          <Message>Assert.IsTrue failed. </Message>
          <StackTrace>   at PegasusTests.PageHelper.Comm.DriverHelper.Click(String locator) in d:\pegqa\TestAutomationProject\PegasusTests\PageHelper\Comm\DriverHelper.cs:line 233
   at PegasusTests.PageHelper.CreatePDFsHelper.ClickElement(String XmlNode) in d:\pegqa\TestAutomationProject\PegasusTests\PageHelper\CreatePDFsHelper.cs:line 23
   at PegasusTests.Scripts.ClientsTests.BackToPDFSection.backToPDFSection() in d:\pegqa\TestAutomationProject\PegasusTests\Scripts\ClientsTests\BackToPDFSection.cs:line 42
</StackTrace>
        </ErrorInfo>
      </Output>
    </UnitTestResult>
    <UnitTestResult executionId="470c5360-dbcf-4e60-9aeb-bc39511fbdc0" testId="da6c7317-e115-2665-fa4f-ce54afc60617" testName="clientFileShare" computerName="USER-PC" duration="00:00:46.2015437" startTime="2015-08-11T00:12:53.8936934+05:30" endTime="2015-08-11T00:13:40.0973361+05:30" testType="13cdc9d9-ddb5-4fa4-a97d-d965ccfc6d4b" outcome="Failed" testListId="8c84fa94-04c1-424b-9868-57a2d4851a1d" relativeResultsDirectory="470c5360-dbcf-4e60-9aeb-bc39511fbdc0">
      <Output>
        <StdOut>Logged in as: AslamKhan / 1qaz!QAZ
Redirected at Dashboard screen.</StdOut>
        <ErrorInfo>
          <Message>Assert.IsTrue failed. </Message>
          <StackTrace>   at PegasusTests.PageHelper.Comm.DriverHelper.Click(String locator) in d:\pegqa\TestAutomationProject\PegasusTests\PageHelper\Comm\DriverHelper.cs:line 233
   at PegasusTests.PageHelper.CreatePDFsHelper.ClickElement(String XmlNode) in d:\pegqa\TestAutomationProject\PegasusTests\PageHelper\CreatePDFsHelper.cs:line 23
   at PegasusTests.Scripts.ClientsTests.ClientFileShare.clientFileShare() in d:\pegqa\TestAutomationProject\PegasusTests\Scripts\ClientsTests\ClinetFileShare.cs:line 43
</StackTrace>
        </ErrorInfo>
      </Output>
    </UnitTestResult>
    <UnitTestResult executionId="f3f157c0-f9c3-4dff-acc4-8e7967e0b38c" testId="901963da-ab50-33c0-ff2c-8f0a67254499" testName="clientUserHomePage" computerName="USER-PC" duration="00:00:40.0124137" startTime="2015-08-11T00:13:40.0973361+05:30" endTime="2015-08-11T00:14:20.1106247+05:30" testType="13cdc9d9-ddb5-4fa4-a97d-d965ccfc6d4b" outcome="Failed" testListId="8c84fa94-04c1-424b-9868-57a2d4851a1d" relativeResultsDirectory="f3f157c0-f9c3-4dff-acc4-8e7967e0b38c">
      <Output>
        <ErrorInfo>
          <Message>Assert.IsTrue failed. </Message>
          <StackTrace>   at PegasusTests.PageHelper.Comm.DriverHelper.Click(String locator) in d:\pegqa\TestAutomationProject\PegasusTests\PageHelper\Comm\DriverHelper.cs:line 233
   at PegasusTests.PageHelper.CreatePDFsHelper.ClickElement(String XmlNode) in d:\pegqa\TestAutomationProject\PegasusTests\PageHelper\CreatePDFsHelper.cs:line 23
   at PegasusTests.Scripts.ClientsTests.ClientUserHomePage.clientUserHomePage() in d:\pegqa\TestAutomationProject\PegasusTests\Scripts\ClientsTests\ClientUserHomePage.cs:line 39
</StackTrace>
        </ErrorInfo>
      </Output>
    </UnitTestResult>
    <UnitTestResult executionId="e1a5fbfd-45b0-423f-9de3-18abb9d55def" testId="746eb886-e9ea-b6a4-6020-9e84a5d63a1c" testName="contactRecycleBin" computerName="USER-PC" duration="00:01:07.3020420" startTime="2015-08-11T00:14:20.1106247+05:30" endTime="2015-08-11T00:15:27.4144743+05:30" testType="13cdc9d9-ddb5-4fa4-a97d-d965ccfc6d4b" outcome="Failed" testListId="8c84fa94-04c1-424b-9868-57a2d4851a1d" relativeResultsDirectory="e1a5fbfd-45b0-423f-9de3-18abb9d55def">
      <Output>
        <StdOut>Logged in as: AslamKhan / 1qaz!QAZ
Redirected at Dashboard screen.</StdOut>
        <ErrorInfo>
          <Message>Assert.IsTrue failed. </Message>
          <StackTrace>   at PegasusTests.PageHelper.Comm.DriverHelper.Click(String locator) in d:\pegqa\TestAutomationProject\PegasusTests\PageHelper\Comm\DriverHelper.cs:line 233
   at PegasusTests.PageHelper.AddContactHelper.ClickElement(String xmlNode) in d:\pegqa\TestAutomationProject\PegasusTests\PageHelper\AddContactHelper.cs:line 50
   at PegasusTests.Scripts.ClientsTests.ContactRecycleBin.contactRecycleBin() in d:\pegqa\TestAutomationProject\PegasusTests\Scripts\ClientsTests\ContactRecycleBin.cs:line 48
</StackTrace>
        </ErrorInfo>
      </Output>
    </UnitTestResult>
    <UnitTestResult executionId="d9a6f821-650c-444c-b012-ced9dee225ca" testId="5480ead0-3e8c-6227-51f5-16a6ffa077d7" testName="contactsRecentlyAdded" computerName="USER-PC" duration="00:01:07.0628011" startTime="2015-08-11T00:15:27.4144743+05:30" endTime="2015-08-11T00:16:34.4793101+05:30" testType="13cdc9d9-ddb5-4fa4-a97d-d965ccfc6d4b" outcome="Failed" testListId="8c84fa94-04c1-424b-9868-57a2d4851a1d" relativeResultsDirectory="d9a6f821-650c-444c-b012-ced9dee225ca">
      <Output>
        <StdOut>Logged in as: AslamKhan / 1qaz!QAZ
Redirected at Dashboard screen.</StdOut>
        <ErrorInfo>
          <Message>Assert.IsTrue failed. </Message>
          <StackTrace>   at PegasusTests.PageHelper.Comm.DriverHelper.Click(String locator) in d:\pegqa\TestAutomationProject\PegasusTests\PageHelper\Comm\DriverHelper.cs:line 233
   at PegasusTests.PageHelper.AddContactHelper.ClickElement(String xmlNode) in d:\pegqa\TestAutomationProject\PegasusTests\PageHelper\AddContactHelper.cs:line 50
   at PegasusTests.Scripts.ClientsTests.ContactsRecentlyAdded.contactsRecentlyAdded() in d:\pegqa\TestAutomationProject\PegasusTests\Scripts\ClientsTests\ContactsRecentlyAdded.cs:line 48
</StackTrace>
        </ErrorInfo>
      </Output>
    </UnitTestResult>
    <UnitTestResult executionId="890ff523-f593-44dd-8804-0cdd2f8504a0" testId="cae4aaf3-3166-b681-d17d-87cc8f22108e" testName="createClient1099SaleAgent" computerName="USER-PC" duration="00:00:17.7238358" startTime="2015-08-11T00:16:34.4793101+05:30" endTime="2015-08-11T00:16:52.2043240+05:30" testType="13cdc9d9-ddb5-4fa4-a97d-d965ccfc6d4b" outcome="Failed" testListId="8c84fa94-04c1-424b-9868-57a2d4851a1d" relativeResultsDirectory="890ff523-f593-44dd-8804-0cdd2f8504a0">
      <Output>
        <StdOut>Logged in as: dnelms16 / dnelms16</StdOut>
        <ErrorInfo>
          <Message>Assert.IsTrue failed. </Message>
          <StackTrace>   at PegasusTests.PageHelper.Comm.DriverTestCase.VerifyTitle(String title) in d:\pegqa\TestAutomationProject\PegasusTests\PageHelper\Comm\DriverTestCase.cs:line 107
   at PegasusTests.Scripts.ClientsTests.CreateClient1099SaleAgent.createClient1099SaleAgent() in d:\pegqa\TestAutomationProject\PegasusTests\Scripts\1099SaleAgent\CreateClient1099SaleAgent.cs:line 44
</StackTrace>
        </ErrorInfo>
      </Output>
    </UnitTestResult>
    <UnitTestResult executionId="74127c2c-5d58-4f50-a1e6-7049d182c2c1" testId="dd101952-46ca-4935-4d58-b6d59db531de" testName="bulkUpdateChangeStatusForLead" computerName="USER-PC" duration="00:00:45.7397798" startTime="2015-08-11T00:16:52.2043240+05:30" endTime="2015-08-11T00:17:37.9459402+05:30" testType="13cdc9d9-ddb5-4fa4-a97d-d965ccfc6d4b" outcome="Failed" testListId="8c84fa94-04c1-424b-9868-57a2d4851a1d" relativeResultsDirectory="74127c2c-5d58-4f50-a1e6-7049d182c2c1">
      <Output>
        <StdOut>Logged in as: AslamKhan / 1qaz!QAZ
Redirected at Dashboard screen.</StdOut>
        <ErrorInfo>
          <Message>Assert.IsTrue failed. </Message>
          <StackTrace>   at PegasusTests.PageHelper.Comm.DriverHelper.Click(String locator) in d:\pegqa\TestAutomationProject\PegasusTests\PageHelper\Comm\DriverHelper.cs:line 233
   at PegasusTests.PageHelper.ClientBugsHelper.ClickElement(String XmlNode) in d:\pegqa\TestAutomationProject\PegasusTests\PageHelper\ClientBugsHelper.cs:line 23
   at PegasusTests.Scripts.ClientsTests.BulkUpdateChangeStatusForLead.bulkUpdateChangeStatusForLead() in d:\pegqa\TestAutomationProject\PegasusTests\Scripts\ClientsTests\BulkUpdateChangeStatusForLead.cs:line 43
</StackTrace>
        </ErrorInfo>
      </Output>
    </UnitTestResult>
    <UnitTestResult executionId="d89653f6-2c20-47da-a81d-67cee2b5b73e" testId="41670aef-c525-baa0-476e-8b02aca0c5b9" testName="bulkUpdateChangeSourceForLead" computerName="USER-PC" duration="00:00:45.3041398" startTime="2015-08-11T00:17:37.9459402+05:30" endTime="2015-08-11T00:18:23.2515316+05:30" testType="13cdc9d9-ddb5-4fa4-a97d-d965ccfc6d4b" outcome="Failed" testListId="8c84fa94-04c1-424b-9868-57a2d4851a1d" relativeResultsDirectory="d89653f6-2c20-47da-a81d-67cee2b5b73e">
      <Output>
        <StdOut>Logged in as: AslamKhan / 1qaz!QAZ
Redirected at Dashboard screen.</StdOut>
        <ErrorInfo>
          <Message>Assert.IsTrue failed. </Message>
          <StackTrace>   at PegasusTests.PageHelper.Comm.DriverHelper.Click(String locator) in d:\pegqa\TestAutomationProject\PegasusTests\PageHelper\Comm\DriverHelper.cs:line 233
   at PegasusTests.PageHelper.ClientBugsHelper.ClickElement(String XmlNode) in d:\pegqa\TestAutomationProject\PegasusTests\PageHelper\ClientBugsHelper.cs:line 23
   at PegasusTests.Scripts.ClientsTests.BulkUpdateChangeSourceForLead.bulkUpdateChangeSourceForLead() in d:\pegqa\TestAutomationProject\PegasusTests\Scripts\ClientsTests\BulkUpdateChangeSourceForLead.cs:line 43
</StackTrace>
        </ErrorInfo>
      </Output>
    </UnitTestResult>
    <UnitTestResult executionId="28087a91-b701-43ff-9972-c4b797d345df" testId="9335b298-8784-a57c-08d5-92d18c170c5a" testName="bulkUpdateAccountManagerForLead" computerName="USER-PC" duration="00:00:43.2947923" startTime="2015-08-11T00:18:23.2515316+05:30" endTime="2015-08-11T00:19:06.5470079+05:30" testType="13cdc9d9-ddb5-4fa4-a97d-d965ccfc6d4b" outcome="Failed" testListId="8c84fa94-04c1-424b-9868-57a2d4851a1d" relativeResultsDirectory="28087a91-b701-43ff-9972-c4b797d345df">
      <Output>
        <StdOut>Logged in as: AslamKhan / 1qaz!QAZ
Redirected at Dashboard screen.</StdOut>
        <ErrorInfo>
          <Message>Assert.IsTrue failed. </Message>
          <StackTrace>   at PegasusTests.PageHelper.Comm.DriverHelper.Click(String locator) in d:\pegqa\TestAutomationProject\PegasusTests\PageHelper\Comm\DriverHelper.cs:line 233
   at PegasusTests.PageHelper.ClientBugsHelper.ClickElement(String XmlNode) in d:\pegqa\TestAutomationProject\PegasusTests\PageHelper\ClientBugsHelper.cs:line 23
   at PegasusTests.Scripts.ClientsTests.BulkUpdateAccountManagerForLead.bulkUpdateAccountManagerForLead() in d:\pegqa\TestAutomationProject\PegasusTests\Scripts\ClientsTests\BulkUpdateAccountManagerForLead.cs:line 43
</StackTrace>
        </ErrorInfo>
      </Output>
    </UnitTestResult>
    <UnitTestResult executionId="daec5dc2-3b1a-4afc-8745-faed12dee58b" testId="06e452d6-294d-e36a-3093-c69cc97c6d43" testName="bulkUpdateChangeGroupForLead" computerName="USER-PC" duration="00:00:43.9366955" startTime="2015-08-11T00:19:06.5480080+05:30" endTime="2015-08-11T00:19:50.4855211+05:30" testType="13cdc9d9-ddb5-4fa4-a97d-d965ccfc6d4b" outcome="Failed" testListId="8c84fa94-04c1-424b-9868-57a2d4851a1d" relativeResultsDirectory="daec5dc2-3b1a-4afc-8745-faed12dee58b">
      <Output>
        <StdOut>Logged in as: AslamKhan / 1qaz!QAZ
Redirected at Dashboard screen.</StdOut>
        <ErrorInfo>
          <Message>Assert.IsTrue failed. </Message>
          <StackTrace>   at PegasusTests.PageHelper.Comm.DriverHelper.Click(String locator) in d:\pegqa\TestAutomationProject\PegasusTests\PageHelper\Comm\DriverHelper.cs:line 233
   at PegasusTests.PageHelper.ClientBugsHelper.ClickElement(String XmlNode) in d:\pegqa\TestAutomationProject\PegasusTests\PageHelper\ClientBugsHelper.cs:line 23
   at PegasusTests.Scripts.ClientsTests.BulkUpdateChangeGroupForLead.bulkUpdateChangeGroupForLead() in d:\pegqa\TestAutomationProject\PegasusTests\Scripts\ClientsTests\BulkUpdateChangeGroupForLead.cs:line 43
</StackTrace>
        </ErrorInfo>
      </Output>
    </UnitTestResult>
    <UnitTestResult executionId="34efa865-2d72-4997-84f2-1097061846db" testId="bf6a72db-2f13-e5b0-0743-03838081da43" testName="bulkUpdateChangeClinetForLead" computerName="USER-PC" duration="00:00:44.4560831" startTime="2015-08-11T00:19:50.4855211+05:30" endTime="2015-08-11T00:20:34.9430639+05:30" testType="13cdc9d9-ddb5-4fa4-a97d-d965ccfc6d4b" outcome="Failed" testListId="8c84fa94-04c1-424b-9868-57a2d4851a1d" relativeResultsDirectory="34efa865-2d72-4997-84f2-1097061846db">
      <Output>
        <StdOut>Logged in as: AslamKhan / 1qaz!QAZ
Redirected at Dashboard screen.</StdOut>
        <ErrorInfo>
          <Message>Assert.IsTrue failed. </Message>
          <StackTrace>   at PegasusTests.PageHelper.Comm.DriverHelper.Click(String locator) in d:\pegqa\TestAutomationProject\PegasusTests\PageHelper\Comm\DriverHelper.cs:line 233
   at PegasusTests.PageHelper.ClientBugsHelper.ClickElement(String XmlNode) in d:\pegqa\TestAutomationProject\PegasusTests\PageHelper\ClientBugsHelper.cs:line 23
   at PegasusTests.Scripts.ClientsTests.BulkUpdateChangeClinetForLead.bulkUpdateChangeClinetForLead() in d:\pegqa\TestAutomationProject\PegasusTests\Scripts\ClientsTests\BulkUpdateChangeClinetForLead.cs:line 43
</StackTrace>
        </ErrorInfo>
      </Output>
    </UnitTestResult>
    <UnitTestResult executionId="4f4583c1-1c17-4c96-bb2b-cc2bef8ad8b5" testId="ab18020c-38e6-9766-b520-16115d172527" testName="bulkUpdateChangePermissionLead" computerName="USER-PC" duration="00:00:43.5271247" startTime="2015-08-11T00:20:34.9430639+05:30" endTime="2015-08-11T00:21:18.4715536+05:30" testType="13cdc9d9-ddb5-4fa4-a97d-d965ccfc6d4b" outcome="Failed" testListId="8c84fa94-04c1-424b-9868-57a2d4851a1d" relativeResultsDirectory="4f4583c1-1c17-4c96-bb2b-cc2bef8ad8b5">
      <Output>
        <StdOut>Logged in as: AslamKhan / 1qaz!QAZ
Redirected at Dashboard screen.</StdOut>
        <ErrorInfo>
          <Message>Assert.IsTrue failed. </Message>
          <StackTrace>   at PegasusTests.PageHelper.Comm.DriverHelper.Click(String locator) in d:\pegqa\TestAutomationProject\PegasusTests\PageHelper\Comm\DriverHelper.cs:line 233
   at PegasusTests.PageHelper.ClientBugsHelper.ClickElement(String XmlNode) in d:\pegqa\TestAutomationProject\PegasusTests\PageHelper\ClientBugsHelper.cs:line 23
   at PegasusTests.Scripts.ClientsTests.BulkUpdateChangePermissionLead.bulkUpdateChangePermissionLead() in d:\pegqa\TestAutomationProject\PegasusTests\Scripts\ClientsTests\BulkUpdateChangePermissionLead.cs:line 43
</StackTrace>
        </ErrorInfo>
      </Output>
    </UnitTestResult>
    <UnitTestResult executionId="fccf2819-fb9a-458c-993c-5dfe66db18e6" testId="ab98d086-9ec6-9b9e-74d3-dc8eb32c7483" testName="addNoteForLead" computerName="USER-PC" duration="00:00:41.4936198" startTime="2015-08-11T00:21:18.4715536+05:30" endTime="2015-08-11T00:21:59.9669270+05:30" testType="13cdc9d9-ddb5-4fa4-a97d-d965ccfc6d4b" outcome="Failed" testListId="8c84fa94-04c1-424b-9868-57a2d4851a1d" relativeResultsDirectory="fccf2819-fb9a-458c-993c-5dfe66db18e6">
      <Output>
        <ErrorInfo>
          <Message>Assert.IsTrue failed. </Message>
          <StackTrace>   at PegasusTests.PageHelper.Comm.DriverHelper.SendKeys(String locator, String value) in d:\pegqa\TestAutomationProject\PegasusTests\PageHelper\Comm\DriverHelper.cs:line 209
   at PegasusTests.PageHelper.LoginHelper.EnterUserName(String username) in d:\pegqa\TestAutomationProject\PegasusTests\PageHelper\LoginHelper.cs:line 21
   at PegasusTests.PageHelper.Comm.DriverTestCase.Login(String userName, String password) in d:\pegqa\TestAutomationProject\PegasusTests\PageHelper\Comm\DriverTestCase.cs:line 121
   at PegasusTests.Scripts.ClientsTests.AddNoteForLead.addNoteForLead() in d:\pegqa\TestAutomationProject\PegasusTests\Scripts\ClientsTests\AddNoteForLead.cs:line 36
</StackTrace>
        </ErrorInfo>
      </Output>
    </UnitTestResult>
    <UnitTestResult executionId="4a1494de-7966-48d1-a1e1-2b187d17ba02" testId="494540f4-9630-6f0c-411e-280851dcd911" testName="addDocumentForLead" computerName="USER-PC" duration="00:00:44.9852104" startTime="2015-08-11T00:21:59.9669270+05:30" endTime="2015-08-11T00:22:44.9535001+05:30" testType="13cdc9d9-ddb5-4fa4-a97d-d965ccfc6d4b" outcome="Failed" testListId="8c84fa94-04c1-424b-9868-57a2d4851a1d" relativeResultsDirectory="4a1494de-7966-48d1-a1e1-2b187d17ba02">
      <Output>
        <StdOut>Logged in as: AslamKhan / 1qaz!QAZ
Redirected at Dashboard screen.</StdOut>
        <ErrorInfo>
          <Message>Assert.IsTrue failed. </Message>
          <StackTrace>   at PegasusTests.PageHelper.Comm.DriverHelper.Click(String locator) in d:\pegqa\TestAutomationProject\PegasusTests\PageHelper\Comm\DriverHelper.cs:line 233
   at PegasusTests.PageHelper.ClientBugsHelper.ClickElement(String XmlNode) in d:\pegqa\TestAutomationProject\PegasusTests\PageHelper\ClientBugsHelper.cs:line 23
   at PegasusTests.Scripts.ClientsTests.AddDocumentForLead.addDocumentForLead() in d:\pegqa\TestAutomationProject\PegasusTests\Scripts\ClientsTests\AddDocumentForLead.cs:line 43
</StackTrace>
        </ErrorInfo>
      </Output>
    </UnitTestResult>
    <UnitTestResult executionId="590b0e4a-bd1f-4267-94ea-30dee30f3a98" testId="0b55d3fe-c731-2d14-e4a6-7d9a74ed8253" testName="addNewMeetingForLead" computerName="USER-PC" duration="00:00:43.0697671" startTime="2015-08-11T00:22:44.9535001+05:30" endTime="2015-08-11T00:23:28.0249636+05:30" testType="13cdc9d9-ddb5-4fa4-a97d-d965ccfc6d4b" outcome="Failed" testListId="8c84fa94-04c1-424b-9868-57a2d4851a1d" relativeResultsDirectory="590b0e4a-bd1f-4267-94ea-30dee30f3a98">
      <Output>
        <StdOut>Logged in as: AslamKhan / 1qaz!QAZ
Redirected at Dashboard screen.</StdOut>
        <ErrorInfo>
          <Message>Assert.IsTrue failed. </Message>
          <StackTrace>   at PegasusTests.PageHelper.Comm.DriverHelper.Click(String locator) in d:\pegqa\TestAutomationProject\PegasusTests\PageHelper\Comm\DriverHelper.cs:line 233
   at PegasusTests.PageHelper.ClientBugsHelper.ClickElement(String XmlNode) in d:\pegqa\TestAutomationProject\PegasusTests\PageHelper\ClientBugsHelper.cs:line 23
   at PegasusTests.Scripts.ClientsTests.AddNewMeetingForLead.addNewMeetingForLead() in d:\pegqa\TestAutomationProject\PegasusTests\Scripts\ClientsTests\AddNewMeetingForLead.cs:line 70
</StackTrace>
        </ErrorInfo>
      </Output>
    </UnitTestResult>
    <UnitTestResult executionId="6e999f5d-5663-4282-a0f2-eeb12c83ca77" testId="cae7fa28-0671-d429-b91e-4d65f083cfd2" testName="cloneLead" computerName="USER-PC" duration="00:00:44.0265691" startTime="2015-08-11T00:23:28.0249636+05:30" endTime="2015-08-11T00:24:12.0524818+05:30" testType="13cdc9d9-ddb5-4fa4-a97d-d965ccfc6d4b" outcome="Failed" testListId="8c84fa94-04c1-424b-9868-57a2d4851a1d" relativeResultsDirectory="6e999f5d-5663-4282-a0f2-eeb12c83ca77">
      <Output>
        <StdOut>Logged in as: AslamKhan / 1qaz!QAZ
Redirected at Dashboard screen.</StdOut>
        <ErrorInfo>
          <Message>Assert.IsTrue failed. </Message>
          <StackTrace>   at PegasusTests.PageHelper.Comm.DriverHelper.Click(String locator) in d:\pegqa\TestAutomationProject\PegasusTests\PageHelper\Comm\DriverHelper.cs:line 233
   at PegasusTests.PageHelper.ClientBugsHelper.ClickElement(String XmlNode) in d:\pegqa\TestAutomationProject\PegasusTests\PageHelper\ClientBugsHelper.cs:line 23
   at PegasusTests.Scripts.ClientsTests.CloneLead.cloneLead() in d:\pegqa\TestAutomationProject\PegasusTests\Scripts\ClientsTests\CloneLead.cs:line 43
</StackTrace>
        </ErrorInfo>
      </Output>
    </UnitTestResult>
    <UnitTestResult executionId="36c0027d-39c3-433d-aa1b-dceaf02b996b" testId="eac6335d-359b-fe95-24f1-a77afddaaa52" testName="addNewTaskForLead" computerName="USER-PC" duration="00:00:41.7216906" startTime="2015-08-11T00:24:12.0534819+05:30" endTime="2015-08-11T00:24:53.7758683+05:30" testType="13cdc9d9-ddb5-4fa4-a97d-d965ccfc6d4b" outcome="Failed" testListId="8c84fa94-04c1-424b-9868-57a2d4851a1d" relativeResultsDirectory="36c0027d-39c3-433d-aa1b-dceaf02b996b">
      <Output>
        <StdOut>Logged in as: AslamKhan / 1qaz!QAZ
Redirected at Dashboard screen.</StdOut>
        <ErrorInfo>
          <Message>Assert.IsTrue failed. </Message>
          <StackTrace>   at PegasusTests.PageHelper.Comm.DriverHelper.Click(String locator) in d:\pegqa\TestAutomationProject\PegasusTests\PageHelper\Comm\DriverHelper.cs:line 233
   at PegasusTests.PageHelper.ClientBugsHelper.ClickElement(String XmlNode) in d:\pegqa\TestAutomationProject\PegasusTests\PageHelper\ClientBugsHelper.cs:line 23
   at PegasusTests.Scripts.ClientsTests.AddNewTaskForLead.addNewTaskForLead() in d:\pegqa\TestAutomationProject\PegasusTests\Scripts\ClientsTests\AddNewTaskForLead.cs:line 70
</StackTrace>
        </ErrorInfo>
      </Output>
    </UnitTestResult>
    <UnitTestResult executionId="c73859c5-f94f-4884-a5e0-bff533701b8e" testId="3db6fab6-2305-6a82-09ad-ed1c8917439c" testName="bulkUpdateChangeStatusForOpportunities" computerName="USER-PC" duration="00:00:43.9302660" startTime="2015-08-11T00:24:53.7758683+05:30" endTime="2015-08-11T00:25:37.7073810+05:30" testType="13cdc9d9-ddb5-4fa4-a97d-d965ccfc6d4b" outcome="Failed" testListId="8c84fa94-04c1-424b-9868-57a2d4851a1d" relativeResultsDirectory="c73859c5-f94f-4884-a5e0-bff533701b8e">
      <Output>
        <StdOut>Logged in as: AslamKhan / 1qaz!QAZ
Redirected at Dashboard screen.</StdOut>
        <ErrorInfo>
          <Message>Assert.IsTrue failed. </Message>
          <StackTrace>   at PegasusTests.PageHelper.Comm.DriverHelper.Click(String locator) in d:\pegqa\TestAutomationProject\PegasusTests\PageHelper\Comm\DriverHelper.cs:line 233
   at PegasusTests.PageHelper.BulkUpdateOfficeOpportunitiesHelper.ClickElement(String XmlNode) in d:\pegqa\TestAutomationProject\PegasusTests\PageHelper\BulkUpdateOfficeOpportunitiesHelper.cs:line 23
   at PegasusTests.Scripts.ClientsTests.BulkUpdateChangeStatusForOpportunities.bulkUpdateChangeStatusForOpportunities() in d:\pegqa\TestAutomationProject\PegasusTests\Scripts\ClientsTests\BulkUpdateChangeStatusForOpportunities.cs:line 43
</StackTrace>
        </ErrorInfo>
      </Output>
    </UnitTestResult>
    <UnitTestResult executionId="5c2b95ef-ca21-4492-9d13-30c501d3e4dd" testId="b1dc85f7-496b-5c29-1123-7b1f459a2dfd" testName="bulkUpdateChangeSourceForOpportunities" computerName="USER-PC" duration="00:00:43.9201498" startTime="2015-08-11T00:25:37.7073810+05:30" endTime="2015-08-11T00:26:21.6288932+05:30" testType="13cdc9d9-ddb5-4fa4-a97d-d965ccfc6d4b" outcome="Failed" testListId="8c84fa94-04c1-424b-9868-57a2d4851a1d" relativeResultsDirectory="5c2b95ef-ca21-4492-9d13-30c501d3e4dd">
      <Output>
        <StdOut>Logged in as: AslamKhan / 1qaz!QAZ
Redirected at Dashboard screen.</StdOut>
        <ErrorInfo>
          <Message>Assert.IsTrue failed. </Message>
          <StackTrace>   at PegasusTests.PageHelper.Comm.DriverHelper.Click(String locator) in d:\pegqa\TestAutomationProject\PegasusTests\PageHelper\Comm\DriverHelper.cs:line 233
   at PegasusTests.PageHelper.BulkUpdateOfficeOpportunitiesHelper.ClickElement(String XmlNode) in d:\pegqa\TestAutomationProject\PegasusTests\PageHelper\BulkUpdateOfficeOpportunitiesHelper.cs:line 23
   at PegasusTests.Scripts.ClientsTests.BulkUpdateChangeSourceForOpportunities.bulkUpdateChangeSourceForOpportunities() in d:\pegqa\TestAutomationProject\PegasusTests\Scripts\ClientsTests\BulkUpdateChangeSourceForOpportunities.cs:line 43
</StackTrace>
        </ErrorInfo>
      </Output>
    </UnitTestResult>
    <UnitTestResult executionId="b3016a57-5215-4086-b711-87091d040696" testId="d3e1bef7-9c87-b3cf-40e4-f7f6e00e9a00" testName="bulkUpdateChangeResponsibilityForOpportunities" computerName="USER-PC" duration="00:00:42.3459479" startTime="2015-08-11T00:26:21.6298932+05:30" endTime="2015-08-11T00:27:03.9763153+05:30" testType="13cdc9d9-ddb5-4fa4-a97d-d965ccfc6d4b" outcome="Failed" testListId="8c84fa94-04c1-424b-9868-57a2d4851a1d" relativeResultsDirectory="b3016a57-5215-4086-b711-87091d040696">
      <Output>
        <StdOut>Logged in as: AslamKhan / 1qaz!QAZ
Redirected at Dashboard screen.</StdOut>
        <ErrorInfo>
          <Message>Assert.IsTrue failed. </Message>
          <StackTrace>   at PegasusTests.PageHelper.Comm.DriverHelper.Click(String locator) in d:\pegqa\TestAutomationProject\PegasusTests\PageHelper\Comm\DriverHelper.cs:line 233
   at PegasusTests.PageHelper.BulkUpdateOfficeOpportunitiesHelper.ClickElement(String XmlNode) in d:\pegqa\TestAutomationProject\PegasusTests\PageHelper\BulkUpdateOfficeOpportunitiesHelper.cs:line 23
   at PegasusTests.Scripts.ClientsTests.BulkUpdateChangeResponsibilityForOpportunities.bulkUpdateChangeResponsibilityForOpportunities() in d:\pegqa\TestAutomationProject\PegasusTests\Scripts\ClientsTests\BulkUpdateChangeResponsibilityForOpportunities.cs:line 43
</StackTrace>
        </ErrorInfo>
      </Output>
    </UnitTestResult>
    <UnitTestResult executionId="30d45012-d5c5-4639-9968-cafe8bfa2cbc" testId="d4f3b9e7-27e4-04a7-001f-c06be0bff38f" testName="sendEmailFromLead" computerName="USER-PC" duration="00:00:46.0189531" startTime="2015-08-11T00:27:03.9773154+05:30" endTime="2015-08-11T00:27:49.9969475+05:30" testType="13cdc9d9-ddb5-4fa4-a97d-d965ccfc6d4b" outcome="Failed" testListId="8c84fa94-04c1-424b-9868-57a2d4851a1d" relativeResultsDirectory="30d45012-d5c5-4639-9968-cafe8bfa2cbc">
      <Output>
        <StdOut>Logged in as: AslamKhan / 1qaz!QAZ
Redirected at Dashboard screen.</StdOut>
        <ErrorInfo>
          <Message>Assert.IsTrue failed. </Message>
          <StackTrace>   at PegasusTests.PageHelper.Comm.DriverHelper.Click(String locator) in d:\pegqa\TestAutomationProject\PegasusTests\PageHelper\Comm\DriverHelper.cs:line 233
   at PegasusTests.PageHelper.ClientBugsHelper.ClickElement(String XmlNode) in d:\pegqa\TestAutomationProject\PegasusTests\PageHelper\ClientBugsHelper.cs:line 23
   at PegasusTests.Scripts.ClientsTests.SendEmailFromLead.sendEmailFromLead() in d:\pegqa\TestAutomationProject\PegasusTests\Scripts\ClientsTests\SendEmailFromLead.cs:line 43
</StackTrace>
        </ErrorInfo>
      </Output>
    </UnitTestResult>
    <UnitTestResult executionId="36e2fdcf-6146-4810-b515-7d90576a8795" testId="edf777f2-a095-8241-1a51-da962ca1e900" testName="importOpportunities" computerName="USER-PC" duration="00:00:45.2196438" startTime="2015-08-11T00:27:49.9969475+05:30" endTime="2015-08-11T00:28:35.2185341+05:30" testType="13cdc9d9-ddb5-4fa4-a97d-d965ccfc6d4b" outcome="Failed" testListId="8c84fa94-04c1-424b-9868-57a2d4851a1d" relativeResultsDirectory="36e2fdcf-6146-4810-b515-7d90576a8795">
      <Output>
        <StdOut>Logged in as: AslamKhan / 1qaz!QAZ
Redirected at Dashboard screen.</StdOut>
        <ErrorInfo>
          <Message>Assert.IsTrue failed. </Message>
          <StackTrace>   at PegasusTests.PageHelper.Comm.DriverHelper.Click(String locator) in d:\pegqa\TestAutomationProject\PegasusTests\PageHelper\Comm\DriverHelper.cs:line 233
   at PegasusTests.PageHelper.ConvertOppotunitiesToLeadHelper.ClickOnButton(String Node) in d:\pegqa\TestAutomationProject\PegasusTests\PageHelper\CovertOppotunitiesToLeadHelper.cs:line 20
   at PegasusTests.Scripts.ClientsTests.ImportOpportunities.importOpportunities() in d:\pegqa\TestAutomationProject\PegasusTests\Scripts\ClientsTests\ImportOpportunities.cs:line 39
</StackTrace>
        </ErrorInfo>
      </Output>
    </UnitTestResult>
    <UnitTestResult executionId="42949d67-4d40-4f12-a1d8-c656a39dd4fc" testId="d73a32ce-4ffc-7045-cf9a-8f2c7cc92252" testName="resdualIncomeSummaryReportExportToExcel" computerName="USER-PC" duration="00:01:05.3483107" startTime="2015-08-11T00:28:35.2185341+05:30" endTime="2015-08-11T00:29:40.5682719+05:30" testType="13cdc9d9-ddb5-4fa4-a97d-d965ccfc6d4b" outcome="Failed" testListId="8c84fa94-04c1-424b-9868-57a2d4851a1d" relativeResultsDirectory="42949d67-4d40-4f12-a1d8-c656a39dd4fc">
      <Output>
        <StdOut>Logged in as: AslamKhan / 1qaz!QAZ
Redirected at Dashboard screen.</StdOut>
        <ErrorInfo>
          <Message>Assert.IsTrue failed. </Message>
          <StackTrace>   at PegasusTests.PageHelper.Comm.DriverHelper.Click(String locator) in d:\pegqa\TestAutomationProject\PegasusTests\PageHelper\Comm\DriverHelper.cs:line 233
   at PegasusTests.PageHelper.ResidualIncmeOfficeHelper.ClickElement(String xmlNode) in d:\pegqa\TestAutomationProject\PegasusTests\PageHelper\Corp\ResidualIncmeOfficeHelper.cs:line 58
   at PegasusTests.Scripts.ClientsTests.ResdualIncomeSummaryReportExportToExcel.resdualIncomeSummaryReportExportToExcel() in d:\pegqa\TestAutomationProject\PegasusTests\Scripts\ClientsTests\ResdualIncomeSummaryReportExportToExcel.cs:line 43
</StackTrace>
        </ErrorInfo>
      </Output>
    </UnitTestResult>
    <UnitTestResult executionId="4a4851cf-1347-4313-9767-3a6ff648e5f1" testId="dcb623bf-d4f0-a380-2a4a-37ceef9c9410" testName="resdualIncomeSummaryReportExportToCSV" computerName="USER-PC" duration="00:01:05.4237777" startTime="2015-08-11T00:29:40.5682719+05:30" endTime="2015-08-11T00:30:45.9940140+05:30" testType="13cdc9d9-ddb5-4fa4-a97d-d965ccfc6d4b" outcome="Failed" testListId="8c84fa94-04c1-424b-9868-57a2d4851a1d" relativeResultsDirectory="4a4851cf-1347-4313-9767-3a6ff648e5f1">
      <Output>
        <StdOut>Logged in as: AslamKhan / 1qaz!QAZ
Redirected at Dashboard screen.</StdOut>
        <ErrorInfo>
          <Message>Assert.IsTrue failed. </Message>
          <StackTrace>   at PegasusTests.PageHelper.Comm.DriverHelper.Click(String locator) in d:\pegqa\TestAutomationProject\PegasusTests\PageHelper\Comm\DriverHelper.cs:line 233
   at PegasusTests.PageHelper.ResidualIncmeOfficeHelper.ClickElement(String xmlNode) in d:\pegqa\TestAutomationProject\PegasusTests\PageHelper\Corp\ResidualIncmeOfficeHelper.cs:line 58
   at PegasusTests.Scripts.ClientsTests.ResdualIncomeSummaryReportExportToCSV.resdualIncomeSummaryReportExportToCSV() in d:\pegqa\TestAutomationProject\PegasusTests\Scripts\ClientsTests\ResdualIncomeSummaryReportExportToCSV.cs:line 43
</StackTrace>
        </ErrorInfo>
      </Output>
    </UnitTestResult>
    <UnitTestResult executionId="90f35cbc-9db6-4c43-9422-7def4aefa9f4" testId="ffa06708-3a4f-7ad4-7a94-a05db9c7bc12" testName="importContacts" computerName="USER-PC" duration="00:01:09.7725840" startTime="2015-08-11T00:30:45.9940140+05:30" endTime="2015-08-11T00:31:55.7690049+05:30" testType="13cdc9d9-ddb5-4fa4-a97d-d965ccfc6d4b" outcome="Failed" testListId="8c84fa94-04c1-424b-9868-57a2d4851a1d" relativeResultsDirectory="90f35cbc-9db6-4c43-9422-7def4aefa9f4">
      <Output>
        <StdOut>Logged in as: AslamKhan / 1qaz!QAZ
Redirected at Dashboard screen.</StdOut>
        <ErrorInfo>
          <Message>Assert.IsTrue failed. </Message>
          <StackTrace>   at PegasusTests.PageHelper.Comm.DriverHelper.Click(String locator) in d:\pegqa\TestAutomationProject\PegasusTests\PageHelper\Comm\DriverHelper.cs:line 233
   at PegasusTests.PageHelper.AddContactHelper.ClickElement(String xmlNode) in d:\pegqa\TestAutomationProject\PegasusTests\PageHelper\AddContactHelper.cs:line 50
   at PegasusTests.Scripts.ClientsTests.ImportContacts.importContacts() in d:\pegqa\TestAutomationProject\PegasusTests\Scripts\ClientsTests\ImportContacts.cs:line 48
</StackTrace>
        </ErrorInfo>
      </Output>
    </UnitTestResult>
    <UnitTestResult executionId="719907aa-2379-4ee5-8fbb-32efd9c9767d" testId="bac01a75-04cb-122c-7c01-cab056611935" testName="exportContacts" computerName="USER-PC" duration="00:01:08.2132714" startTime="2015-08-11T00:31:55.7690049+05:30" endTime="2015-08-11T00:33:03.9839066+05:30" testType="13cdc9d9-ddb5-4fa4-a97d-d965ccfc6d4b" outcome="Failed" testListId="8c84fa94-04c1-424b-9868-57a2d4851a1d" relativeResultsDirectory="719907aa-2379-4ee5-8fbb-32efd9c9767d">
      <Output>
        <StdOut>Logged in as: AslamKhan / 1qaz!QAZ
Redirected at Dashboard screen.</StdOut>
        <ErrorInfo>
          <Message>Assert.IsTrue failed. </Message>
          <StackTrace>   at PegasusTests.PageHelper.Comm.DriverHelper.Click(String locator) in d:\pegqa\TestAutomationProject\PegasusTests\PageHelper\Comm\DriverHelper.cs:line 233
   at PegasusTests.PageHelper.AddContactHelper.ClickElement(String xmlNode) in d:\pegqa\TestAutomationProject\PegasusTests\PageHelper\AddContactHelper.cs:line 50
   at PegasusTests.Scripts.ClientsTests.ExportContacts.exportContacts() in d:\pegqa\TestAutomationProject\PegasusTests\Scripts\ClientsTests\ExportContacts.cs:line 48
</StackTrace>
        </ErrorInfo>
      </Output>
    </UnitTestResult>
    <UnitTestResult executionId="7ec71c26-b817-411c-b5e7-70e7bfa10801" testId="94a59183-59be-09fa-823f-23c15370126e" testName="resdualIncomeAdjustmentToolAgentAdd" computerName="USER-PC" duration="00:01:06.4253742" startTime="2015-08-11T00:33:03.9839066+05:30" endTime="2015-08-11T00:34:10.4117060+05:30" testType="13cdc9d9-ddb5-4fa4-a97d-d965ccfc6d4b" outcome="Failed" testListId="8c84fa94-04c1-424b-9868-57a2d4851a1d" relativeResultsDirectory="7ec71c26-b817-411c-b5e7-70e7bfa10801">
      <Output>
        <StdOut>Logged in as: AslamKhan / 1qaz!QAZ
Redirected at Dashboard screen.</StdOut>
        <ErrorInfo>
          <Message>Assert.IsTrue failed. </Message>
          <StackTrace>   at PegasusTests.PageHelper.Comm.DriverHelper.Click(String locator) in d:\pegqa\TestAutomationProject\PegasusTests\PageHelper\Comm\DriverHelper.cs:line 233
   at PegasusTests.PageHelper.ResidualIncmeOfficeHelper.ClickElement(String xmlNode) in d:\pegqa\TestAutomationProject\PegasusTests\PageHelper\Corp\ResidualIncmeOfficeHelper.cs:line 58
   at PegasusTests.Scripts.ClientsTests.ResdualIncomeAdjustmentToolAgentAdd.resdualIncomeAdjustmentToolAgentAdd() in d:\pegqa\TestAutomationProject\PegasusTests\Scripts\ClientsTests\ResdualIncomeAdjustmentToolAgentAdd.cs:line 43
</StackTrace>
        </ErrorInfo>
      </Output>
    </UnitTestResult>
    <UnitTestResult executionId="b0ec62cd-ae39-49c0-813f-6a86737b20b0" testId="fed95ae4-cddd-0f0c-476e-2e25c94a391e" testName="resdualIncomeAdjustmentToolAgentRemove" computerName="USER-PC" duration="00:01:08.0912962" startTime="2015-08-11T00:34:10.4117060+05:30" endTime="2015-08-11T00:35:18.5046007+05:30" testType="13cdc9d9-ddb5-4fa4-a97d-d965ccfc6d4b" outcome="Failed" testListId="8c84fa94-04c1-424b-9868-57a2d4851a1d" relativeResultsDirectory="b0ec62cd-ae39-49c0-813f-6a86737b20b0">
      <Output>
        <StdOut>Logged in as: AslamKhan / 1qaz!QAZ
Redirected at Dashboard screen.</StdOut>
        <ErrorInfo>
          <Message>Assert.IsTrue failed. </Message>
          <StackTrace>   at PegasusTests.PageHelper.Comm.DriverHelper.Click(String locator) in d:\pegqa\TestAutomationProject\PegasusTests\PageHelper\Comm\DriverHelper.cs:line 233
   at PegasusTests.PageHelper.ResidualIncmeOfficeHelper.ClickElement(String xmlNode) in d:\pegqa\TestAutomationProject\PegasusTests\PageHelper\Corp\ResidualIncmeOfficeHelper.cs:line 58
   at PegasusTests.Scripts.ClientsTests.ResdualIncomeAdjustmentToolAgentRemove.resdualIncomeAdjustmentToolAgentRemove() in d:\pegqa\TestAutomationProject\PegasusTests\Scripts\ClientsTests\ResdualIncomeAdjustmentToolAgentRemove.cs:line 43
</StackTrace>
        </ErrorInfo>
      </Output>
    </UnitTestResult>
    <UnitTestResult executionId="a832b936-4554-4dc9-a5f6-4d1e623cd9c1" testId="7402c8b4-61c8-bc55-a322-64c8446fe888" testName="resdualIncomeAdjustmentToolSpecificPeriodOffice" computerName="USER-PC" duration="00:01:02.8946435" startTime="2015-08-11T00:35:18.5046007+05:30" endTime="2015-08-11T00:36:21.4011982+05:30" testType="13cdc9d9-ddb5-4fa4-a97d-d965ccfc6d4b" outcome="Failed" testListId="8c84fa94-04c1-424b-9868-57a2d4851a1d" relativeResultsDirectory="a832b936-4554-4dc9-a5f6-4d1e623cd9c1">
      <Output>
        <StdOut>Logged in as: AslamKhan / 1qaz!QAZ
Redirected at Dashboard screen.</StdOut>
        <ErrorInfo>
          <Message>Assert.IsTrue failed. </Message>
          <StackTrace>   at PegasusTests.PageHelper.Comm.DriverHelper.Click(String locator) in d:\pegqa\TestAutomationProject\PegasusTests\PageHelper\Comm\DriverHelper.cs:line 233
   at PegasusTests.PageHelper.ResidualIncmeOfficeHelper.ClickElement(String xmlNode) in d:\pegqa\TestAutomationProject\PegasusTests\PageHelper\Corp\ResidualIncmeOfficeHelper.cs:line 58
   at PegasusTests.Scripts.ClientsTests.ResdualIncomeAdjustmentToolSpecificPeriodOffice.resdualIncomeAdjustmentToolSpecificPeriodOffice() in d:\pegqa\TestAutomationProject\PegasusTests\Scripts\ClientsTests\ResdualIncomeAdjustmentToolSpecificPeriodOffice.cs:line 43
</StackTrace>
        </ErrorInfo>
      </Output>
    </UnitTestResult>
    <UnitTestResult executionId="3e9beef8-2781-49de-b5e0-2ef0d72ee995" testId="9489bd34-0e19-baa1-54e3-f042c5cafa12" testName="resdualIncomeAdjustmentClearSpecificMerchant" computerName="USER-PC" duration="00:01:03.6896400" startTime="2015-08-11T00:36:21.4011982+05:30" endTime="2015-08-11T00:37:25.0928411+05:30" testType="13cdc9d9-ddb5-4fa4-a97d-d965ccfc6d4b" outcome="Failed" testListId="8c84fa94-04c1-424b-9868-57a2d4851a1d" relativeResultsDirectory="3e9beef8-2781-49de-b5e0-2ef0d72ee995">
      <Output>
        <StdOut>Logged in as: AslamKhan / 1qaz!QAZ
Redirected at Dashboard screen.</StdOut>
        <ErrorInfo>
          <Message>Assert.IsTrue failed. </Message>
          <StackTrace>   at PegasusTests.PageHelper.Comm.DriverHelper.Click(String locator) in d:\pegqa\TestAutomationProject\PegasusTests\PageHelper\Comm\DriverHelper.cs:line 233
   at PegasusTests.PageHelper.ResidualIncmeOfficeHelper.ClickElement(String xmlNode) in d:\pegqa\TestAutomationProject\PegasusTests\PageHelper\Corp\ResidualIncmeOfficeHelper.cs:line 58
   at PegasusTests.Scripts.ClientsTests.ResdualIncomeAdjustmentClearSpecificMerchant.resdualIncomeAdjustmentClearSpecificMerchant() in d:\pegqa\TestAutomationProject\PegasusTests\Scripts\ClientsTests\ResdualIncomeAdjustmentClearSpecificMerchant.cs:line 43
</StackTrace>
        </ErrorInfo>
      </Output>
    </UnitTestResult>
    <UnitTestResult executionId="c1a92f98-6eed-4c12-a9f0-8754429420c6" testId="97a735c4-7c1e-b034-397a-873619066499" testName="resdualIncomeAdjustmentSpecificAgent" computerName="USER-PC" duration="00:01:08.6634923" startTime="2015-08-11T00:37:25.0928411+05:30" endTime="2015-08-11T00:38:33.7577686+05:30" testType="13cdc9d9-ddb5-4fa4-a97d-d965ccfc6d4b" outcome="Failed" testListId="8c84fa94-04c1-424b-9868-57a2d4851a1d" relativeResultsDirectory="c1a92f98-6eed-4c12-a9f0-8754429420c6">
      <Output>
        <StdOut>Logged in as: AslamKhan / 1qaz!QAZ
Redirected at Dashboard screen.</StdOut>
        <ErrorInfo>
          <Message>Assert.IsTrue failed. </Message>
          <StackTrace>   at PegasusTests.PageHelper.Comm.DriverHelper.Click(String locator) in d:\pegqa\TestAutomationProject\PegasusTests\PageHelper\Comm\DriverHelper.cs:line 233
   at PegasusTests.PageHelper.ResidualIncmeOfficeHelper.ClickElement(String xmlNode) in d:\pegqa\TestAutomationProject\PegasusTests\PageHelper\Corp\ResidualIncmeOfficeHelper.cs:line 58
   at PegasusTests.Scripts.ClientsTests.ResdualIncomeAdjustmentSpecificAgent.resdualIncomeAdjustmentSpecificAgent() in d:\pegqa\TestAutomationProject\PegasusTests\Scripts\ClientsTests\ResdualIncomeAdjustmentSpecificAgent.cs:line 43
</StackTrace>
        </ErrorInfo>
      </Output>
    </UnitTestResult>
    <UnitTestResult executionId="f09618d5-9444-41b6-99fe-1f4a4a5f874f" testId="42d5d57c-7e91-d501-2724-042247e738a8" testName="resdualIncomeAdjustmentOfficeSpecificMerchant" computerName="USER-PC" duration="00:01:04.5299109" startTime="2015-08-11T00:38:33.7577686+05:30" endTime="2015-08-11T00:39:38.2904596+05:30" testType="13cdc9d9-ddb5-4fa4-a97d-d965ccfc6d4b" outcome="Failed" testListId="8c84fa94-04c1-424b-9868-57a2d4851a1d" relativeResultsDirectory="f09618d5-9444-41b6-99fe-1f4a4a5f874f">
      <Output>
        <StdOut>Logged in as: AslamKhan / 1qaz!QAZ
Redirected at Dashboard screen.</StdOut>
        <ErrorInfo>
          <Message>Assert.IsTrue failed. </Message>
          <StackTrace>   at PegasusTests.PageHelper.Comm.DriverHelper.Click(String locator) in d:\pegqa\TestAutomationProject\PegasusTests\PageHelper\Comm\DriverHelper.cs:line 233
   at PegasusTests.PageHelper.ResidualIncmeOfficeHelper.ClickElement(String xmlNode) in d:\pegqa\TestAutomationProject\PegasusTests\PageHelper\Corp\ResidualIncmeOfficeHelper.cs:line 58
   at PegasusTests.Scripts.ClientsTests.ResdualIncomeAdjustmentOfficeSpecificMerchant.resdualIncomeAdjustmentOfficeSpecificMerchant() in d:\pegqa\TestAutomationProject\PegasusTests\Scripts\ClientsTests\ResdualIncomeAdjustmentOfficeSpecificMerchant.cs:line 43
</StackTrace>
        </ErrorInfo>
      </Output>
    </UnitTestResult>
    <UnitTestResult executionId="47f489e4-32bb-43b1-b92d-cb7a35aacec4" testId="4c2659a0-d949-3ef0-f370-9186550c5f1b" testName="emailClientPDFs" computerName="USER-PC" duration="00:00:25.6005664" startTime="2015-08-11T00:39:38.2904596+05:30" endTime="2015-08-11T00:40:03.8919239+05:30" testType="13cdc9d9-ddb5-4fa4-a97d-d965ccfc6d4b" outcome="Failed" testListId="8c84fa94-04c1-424b-9868-57a2d4851a1d" relativeResultsDirectory="47f489e4-32bb-43b1-b92d-cb7a35aacec4">
      <Output>
        <ErrorInfo>
          <Message>Assert.IsTrue failed. </Message>
          <StackTrace>   at PegasusTests.PageHelper.Comm.DriverHelper.SendKeys(String locator, String value) in d:\pegqa\TestAutomationProject\PegasusTests\PageHelper\Comm\DriverHelper.cs:line 209
   at PegasusTests.PageHelper.LoginHelper.EnterUserName(String username) in d:\pegqa\TestAutomationProject\PegasusTests\PageHelper\LoginHelper.cs:line 21
   at PegasusTests.PageHelper.Comm.DriverTestCase.Login(String userName, String password) in d:\pegqa\TestAutomationProject\PegasusTests\PageHelper\Comm\DriverTestCase.cs:line 121
   at PegasusTests.Scripts.ClientsTests.EmailClientPDFs.emailClientPDFs() in d:\pegqa\TestAutomationProject\PegasusTests\Scripts\ClientsTests\EmailClientPDFs.cs:line 32
</StackTrace>
        </ErrorInfo>
      </Output>
    </UnitTestResult>
    <UnitTestResult executionId="df57ea00-8eac-4c35-a8d3-ece37fc200e3" testId="05e03265-4c2b-2963-fc97-9e34f894fb4e" testName="reshareDocumentFilesShare" computerName="USER-PC" duration="00:00:25.7833016" startTime="2015-08-11T00:40:03.8919239+05:30" endTime="2015-08-11T00:40:29.6763987+05:30" testType="13cdc9d9-ddb5-4fa4-a97d-d965ccfc6d4b" outcome="Failed" testListId="8c84fa94-04c1-424b-9868-57a2d4851a1d" relativeResultsDirectory="df57ea00-8eac-4c35-a8d3-ece37fc200e3">
      <Output>
        <ErrorInfo>
          <Message>Assert.IsTrue failed. </Message>
          <StackTrace>   at PegasusTests.PageHelper.Comm.DriverHelper.SendKeys(String locator, String value) in d:\pegqa\TestAutomationProject\PegasusTests\PageHelper\Comm\DriverHelper.cs:line 209
   at PegasusTests.PageHelper.LoginHelper.EnterUserName(String username) in d:\pegqa\TestAutomationProject\PegasusTests\PageHelper\LoginHelper.cs:line 21
   at PegasusTests.PageHelper.Comm.DriverTestCase.Login(String userName, String password) in d:\pegqa\TestAutomationProject\PegasusTests\PageHelper\Comm\DriverTestCase.cs:line 121
   at PegasusTests.Scripts.ClientsTests.ReshareDocumentFilesShare.reshareDocumentFilesShare() in d:\pegqa\TestAutomationProject\PegasusTests\Scripts\ClientsTests\ReshareDocumentFilesShare.cs:line 33
</StackTrace>
        </ErrorInfo>
      </Output>
    </UnitTestResult>
    <UnitTestResult executionId="c42f20b0-489f-4650-adb6-f4b999fccbc3" testId="464c23c2-01e8-7f7c-4672-76d6d9546dcb" testName="editAndDelClientUserTicket" computerName="USER-PC" duration="00:01:02.8616225" startTime="2015-08-11T00:40:29.6763987+05:30" endTime="2015-08-11T00:41:32.5399943+05:30" testType="13cdc9d9-ddb5-4fa4-a97d-d965ccfc6d4b" outcome="Failed" testListId="8c84fa94-04c1-424b-9868-57a2d4851a1d" relativeResultsDirectory="c42f20b0-489f-4650-adb6-f4b999fccbc3">
      <Output>
        <ErrorInfo>
          <Message>Assert.IsTrue failed. </Message>
          <StackTrace>   at PegasusTests.PageHelper.Comm.DriverHelper.Click(String locator) in d:\pegqa\TestAutomationProject\PegasusTests\PageHelper\Comm\DriverHelper.cs:line 233
   at PegasusTests.PageHelper.CreatePDFsHelper.ClickElement(String XmlNode) in d:\pegqa\TestAutomationProject\PegasusTests\PageHelper\CreatePDFsHelper.cs:line 23
   at PegasusTests.Scripts.ClientsTests.EditAndDelClientUserTicket.editAndDelClientUserTicket() in d:\pegqa\TestAutomationProject\PegasusTests\Scripts\ClientsTests\EditAndDelClientUserTicket.cs:line 52
</StackTrace>
        </ErrorInfo>
      </Output>
    </UnitTestResult>
    <UnitTestResult executionId="a9155660-2dc7-4e31-9b69-086594a5ec77" testId="9f551fad-59f4-0b5d-8e50-1fe2ed23b35a" testName="createClientUserTicket" computerName="USER-PC" duration="00:00:38.5600902" startTime="2015-08-11T00:41:32.5399943+05:30" endTime="2015-08-11T00:42:11.1011999+05:30" testType="13cdc9d9-ddb5-4fa4-a97d-d965ccfc6d4b" outcome="Failed" testListId="8c84fa94-04c1-424b-9868-57a2d4851a1d" relativeResultsDirectory="a9155660-2dc7-4e31-9b69-086594a5ec77">
      <Output>
        <ErrorInfo>
          <Message>Assert.IsTrue failed. </Message>
          <StackTrace>   at PegasusTests.PageHelper.Comm.DriverHelper.Click(String locator) in d:\pegqa\TestAutomationProject\PegasusTests\PageHelper\Comm\DriverHelper.cs:line 233
   at PegasusTests.PageHelper.CreatePDFsHelper.ClickElement(String XmlNode) in d:\pegqa\TestAutomationProject\PegasusTests\PageHelper\CreatePDFsHelper.cs:line 23
   at PegasusTests.Scripts.ClientsTests.CreateClientUserTicket.createClientUserTicket() in d:\pegqa\TestAutomationProject\PegasusTests\Scripts\ClientsTests\CreateClientUserTicket.cs:line 52
</StackTrace>
        </ErrorInfo>
      </Output>
    </UnitTestResult>
    <UnitTestResult executionId="7d66060e-21a8-4bd5-8c27-a871100ed679" testId="0171e9be-0066-8f96-af0b-ed24c236aa04" testName="employeeAgentRevenueAdjustment" computerName="USER-PC" duration="00:00:41.5635130" startTime="2015-08-11T00:42:11.1011999+05:30" endTime="2015-08-11T00:42:52.6655772+05:30" testType="13cdc9d9-ddb5-4fa4-a97d-d965ccfc6d4b" outcome="Failed" testListId="8c84fa94-04c1-424b-9868-57a2d4851a1d" relativeResultsDirectory="7d66060e-21a8-4bd5-8c27-a871100ed679">
      <Output>
        <StdOut>Logged in as: AslamKhan / 1qaz!QAZ
Redirected at Dashboard screen.</StdOut>
        <ErrorInfo>
          <Message>Test method PegasusTests.Scripts.ClientsTests.EmployeeAgentRevenueAdjustment.employeeAgentRevenueAdjustment threw exception: 
OpenQA.Selenium.NoSuchElementException: no such element
  (Session info: chrome=44.0.2403.130)
  (Driver info: chromedriver=2.14.313457 (3d645c400edf2e2c500566c9aa096063e707c9cf),platform=Windows NT 6.1 SP1 x86_64)</Message>
          <StackTrace>    at OpenQA.Selenium.Remote.RemoteWebDriver.UnpackAndThrowOnError(Response errorResponse) in c:\Projects\webdriver\dotnet\src\webdriver\Remote\RemoteWebDriver.cs:line 1107
   at OpenQA.Selenium.Remote.RemoteWebDriver.Execute(String driverCommandToExecute, Dictionary`2 parameters) in c:\Projects\webdriver\dotnet\src\webdriver\Remote\RemoteWebDriver.cs:line 920
   at OpenQA.Selenium.Remote.RemoteWebDriver.FindElement(String mechanism, String value) in c:\Projects\webdriver\dotnet\src\webdriver\Remote\RemoteWebDriver.cs:line 954
   at OpenQA.Selenium.Remote.RemoteWebDriver.FindElementByXPath(String xpath) in c:\Projects\webdriver\dotnet\src\webdriver\Remote\RemoteWebDriver.cs:line 700
   at OpenQA.Selenium.By.&lt;&gt;c__DisplayClasse.&lt;XPath&gt;b__c(ISearchContext context) in c:\Projects\webdriver\dotnet\src\webdriver\By.cs:line 167
   at OpenQA.Selenium.By.FindElement(ISearchContext context) in c:\Projects\webdriver\dotnet\src\webdriver\By.cs:line 309
   at OpenQA.Selenium.Remote.RemoteWebDriver.FindElement(By by) in c:\Projects\webdriver\dotnet\src\webdriver\Remote\RemoteWebDriver.cs:line 330
   at PegasusTests.PageHelper.Comm.DriverHelper.MouseOver(String locator) in d:\pegqa\TestAutomationProject\PegasusTests\PageHelper\Comm\DriverHelper.cs:line 423
   at PegasusTests.PageHelper.PartnerAgentDetailHelper.MouseHover(String field) in d:\pegqa\TestAutomationProject\PegasusTests\PageHelper\PartnerAgentDetailHelper.cs:line 58
   at PegasusTests.Scripts.ClientsTests.EmployeeAgentRevenueAdjustment.employeeAgentRevenueAdjustment() in d:\pegqa\TestAutomationProject\PegasusTests\Scripts\ClientsTests\EmployeeAgentRevenueAdjustment.cs:line 48
</StackTrace>
        </ErrorInfo>
      </Output>
    </UnitTestResult>
    <UnitTestResult executionId="03979344-a07e-4a33-8304-296a768534b7" testId="7be1f8b8-3179-16cf-eb5c-935aa3f6c8ee" testName="partnerAssocaitionRevenueAdjustment" computerName="USER-PC" duration="00:00:42.3364525" startTime="2015-08-11T00:42:52.6655772+05:30" endTime="2015-08-11T00:43:35.0039989+05:30" testType="13cdc9d9-ddb5-4fa4-a97d-d965ccfc6d4b" outcome="Failed" testListId="8c84fa94-04c1-424b-9868-57a2d4851a1d" relativeResultsDirectory="03979344-a07e-4a33-8304-296a768534b7">
      <Output>
        <StdOut>Logged in as: AslamKhan / 1qaz!QAZ
Redirected at Dashboard screen.</StdOut>
        <ErrorInfo>
          <Message>Test method PegasusTests.Scripts.ClientsTests.PartnerAssocaitionRevenueAdjustment.partnerAssocaitionRevenueAdjustment threw exception: 
OpenQA.Selenium.NoSuchElementException: no such element
  (Session info: chrome=44.0.2403.130)
  (Driver info: chromedriver=2.14.313457 (3d645c400edf2e2c500566c9aa096063e707c9cf),platform=Windows NT 6.1 SP1 x86_64)</Message>
          <StackTrace>    at OpenQA.Selenium.Remote.RemoteWebDriver.UnpackAndThrowOnError(Response errorResponse) in c:\Projects\webdriver\dotnet\src\webdriver\Remote\RemoteWebDriver.cs:line 1107
   at OpenQA.Selenium.Remote.RemoteWebDriver.Execute(String driverCommandToExecute, Dictionary`2 parameters) in c:\Projects\webdriver\dotnet\src\webdriver\Remote\RemoteWebDriver.cs:line 920
   at OpenQA.Selenium.Remote.RemoteWebDriver.FindElement(String mechanism, String value) in c:\Projects\webdriver\dotnet\src\webdriver\Remote\RemoteWebDriver.cs:line 954
   at OpenQA.Selenium.Remote.RemoteWebDriver.FindElementByXPath(String xpath) in c:\Projects\webdriver\dotnet\src\webdriver\Remote\RemoteWebDriver.cs:line 700
   at OpenQA.Selenium.By.&lt;&gt;c__DisplayClasse.&lt;XPath&gt;b__c(ISearchContext context) in c:\Projects\webdriver\dotnet\src\webdriver\By.cs:line 167
   at OpenQA.Selenium.By.FindElement(ISearchContext context) in c:\Projects\webdriver\dotnet\src\webdriver\By.cs:line 309
   at OpenQA.Selenium.Remote.RemoteWebDriver.FindElement(By by) in c:\Projects\webdriver\dotnet\src\webdriver\Remote\RemoteWebDriver.cs:line 330
   at PegasusTests.PageHelper.Comm.DriverHelper.MouseOver(String locator) in d:\pegqa\TestAutomationProject\PegasusTests\PageHelper\Comm\DriverHelper.cs:line 423
   at PegasusTests.PageHelper.PartnerAgentDetailHelper.MouseHover(String field) in d:\pegqa\TestAutomationProject\PegasusTests\PageHelper\PartnerAgentDetailHelper.cs:line 58
   at PegasusTests.Scripts.ClientsTests.PartnerAssocaitionRevenueAdjustment.partnerAssocaitionRevenueAdjustment() in d:\pegqa\TestAutomationProject\PegasusTests\Scripts\ClientsTests\PartnerAssocaitionRevenueAdjustment.cs:line 48
</StackTrace>
        </ErrorInfo>
      </Output>
    </UnitTestResult>
    <UnitTestResult executionId="9872cb38-8672-4b91-baf2-2be382f998ad" testId="97ee64a7-7f84-8b88-e837-c45ec5db61b8" testName="partnerAgentRevenueAdjustment" computerName="USER-PC" duration="00:00:41.3994076" startTime="2015-08-11T00:43:35.0039989+05:30" endTime="2015-08-11T00:44:16.4043668+05:30" testType="13cdc9d9-ddb5-4fa4-a97d-d965ccfc6d4b" outcome="Failed" testListId="8c84fa94-04c1-424b-9868-57a2d4851a1d" relativeResultsDirectory="9872cb38-8672-4b91-baf2-2be382f998ad">
      <Output>
        <StdOut>Logged in as: AslamKhan / 1qaz!QAZ
Redirected at Dashboard screen.</StdOut>
        <ErrorInfo>
          <Message>Test method PegasusTests.Scripts.ClientsTests.PartnerAgentRevenueAdjustment.partnerAgentRevenueAdjustment threw exception: 
OpenQA.Selenium.NoSuchElementException: no such element
  (Session info: chrome=44.0.2403.130)
  (Driver info: chromedriver=2.14.313457 (3d645c400edf2e2c500566c9aa096063e707c9cf),platform=Windows NT 6.1 SP1 x86_64)</Message>
          <StackTrace>    at OpenQA.Selenium.Remote.RemoteWebDriver.UnpackAndThrowOnError(Response errorResponse) in c:\Projects\webdriver\dotnet\src\webdriver\Remote\RemoteWebDriver.cs:line 1107
   at OpenQA.Selenium.Remote.RemoteWebDriver.Execute(String driverCommandToExecute, Dictionary`2 parameters) in c:\Projects\webdriver\dotnet\src\webdriver\Remote\RemoteWebDriver.cs:line 920
   at OpenQA.Selenium.Remote.RemoteWebDriver.FindElement(String mechanism, String value) in c:\Projects\webdriver\dotnet\src\webdriver\Remote\RemoteWebDriver.cs:line 954
   at OpenQA.Selenium.Remote.RemoteWebDriver.FindElementByXPath(String xpath) in c:\Projects\webdriver\dotnet\src\webdriver\Remote\RemoteWebDriver.cs:line 700
   at OpenQA.Selenium.By.&lt;&gt;c__DisplayClasse.&lt;XPath&gt;b__c(ISearchContext context) in c:\Projects\webdriver\dotnet\src\webdriver\By.cs:line 167
   at OpenQA.Selenium.By.FindElement(ISearchContext context) in c:\Projects\webdriver\dotnet\src\webdriver\By.cs:line 309
   at OpenQA.Selenium.Remote.RemoteWebDriver.FindElement(By by) in c:\Projects\webdriver\dotnet\src\webdriver\Remote\RemoteWebDriver.cs:line 330
   at PegasusTests.PageHelper.Comm.DriverHelper.MouseOver(String locator) in d:\pegqa\TestAutomationProject\PegasusTests\PageHelper\Comm\DriverHelper.cs:line 423
   at PegasusTests.PageHelper.PartnerAgentDetailHelper.MouseHover(String field) in d:\pegqa\TestAutomationProject\PegasusTests\PageHelper\PartnerAgentDetailHelper.cs:line 58
   at PegasusTests.Scripts.ClientsTests.PartnerAgentRevenueAdjustment.partnerAgentRevenueAdjustment() in d:\pegqa\TestAutomationProject\PegasusTests\Scripts\ClientsTests\PartnerAgentRevenueAdjustment.cs:line 48
</StackTrace>
        </ErrorInfo>
      </Output>
    </UnitTestResult>
    <UnitTestResult executionId="1d297cdb-7327-4751-a8b9-288087fa39eb" testId="86995839-b468-a6af-2f85-98dacbe41683" testName="resdualIncomeAdjustmentToolFinalPayoutAgent" computerName="USER-PC" duration="00:01:07.9653816" startTime="2015-08-11T00:44:16.4043668+05:30" endTime="2015-08-11T00:45:24.3722544+05:30" testType="13cdc9d9-ddb5-4fa4-a97d-d965ccfc6d4b" outcome="Failed" testListId="8c84fa94-04c1-424b-9868-57a2d4851a1d" relativeResultsDirectory="1d297cdb-7327-4751-a8b9-288087fa39eb">
      <Output>
        <StdOut>Logged in as: AslamKhan / 1qaz!QAZ
Redirected at Dashboard screen.</StdOut>
        <ErrorInfo>
          <Message>Assert.IsTrue failed. </Message>
          <StackTrace>   at PegasusTests.PageHelper.Comm.DriverHelper.Click(String locator) in d:\pegqa\TestAutomationProject\PegasusTests\PageHelper\Comm\DriverHelper.cs:line 233
   at PegasusTests.PageHelper.ResidualIncmeOfficeHelper.ClickElement(String xmlNode) in d:\pegqa\TestAutomationProject\PegasusTests\PageHelper\Corp\ResidualIncmeOfficeHelper.cs:line 58
   at PegasusTests.Scripts.ClientsTests.ResdualIncomeAdjustmentToolFinalPayoutAgent.resdualIncomeAdjustmentToolFinalPayoutAgent() in d:\pegqa\TestAutomationProject\PegasusTests\Scripts\ClientsTests\ResdualIncomeAdjustmentToolFinalPayoutAgent.cs:line 43
</StackTrace>
        </ErrorInfo>
      </Output>
    </UnitTestResult>
    <UnitTestResult executionId="f6dabdf7-1707-4e62-a5b8-7b85343fc599" testId="3d6754bf-df02-e1a6-109e-70483f855c28" testName="editTicketDraftAndSubmit" computerName="USER-PC" duration="00:00:44.5665177" startTime="2015-08-11T00:45:24.3722544+05:30" endTime="2015-08-11T00:46:08.9398035+05:30" testType="13cdc9d9-ddb5-4fa4-a97d-d965ccfc6d4b" outcome="Failed" testListId="8c84fa94-04c1-424b-9868-57a2d4851a1d" relativeResultsDirectory="f6dabdf7-1707-4e62-a5b8-7b85343fc599">
      <Output>
        <StdOut>Logged in as: AslamKhan / 1qaz!QAZ
Redirected at Dashboard screen.</StdOut>
        <ErrorInfo>
          <Message>Assert.IsTrue failed. </Message>
          <StackTrace>   at PegasusTests.PageHelper.Comm.DriverHelper.Click(String locator) in d:\pegqa\TestAutomationProject\PegasusTests\PageHelper\Comm\DriverHelper.cs:line 233
   at PegasusTests.PageHelper.TicketHelper.ClickElement(String XmlNode) in d:\pegqa\TestAutomationProject\PegasusTests\PageHelper\TicketHelper.cs:line 146
   at PegasusTests.Scripts.ClientsTests.EditTicketDraftAndSubmit.editTicketDraftAndSubmit() in d:\pegqa\TestAutomationProject\PegasusTests\Scripts\ClientsTests\EditTicketDraftAndSubmit.cs:line 46
</StackTrace>
        </ErrorInfo>
      </Output>
    </UnitTestResult>
    <UnitTestResult executionId="b92ef460-c025-4214-bc94-dbf895e86869" testId="0a82e43e-47a0-7c43-de64-c32f4873003f" testName="homeLink" computerName="USER-PC" duration="00:00:43.2950800" startTime="2015-08-11T00:46:08.9398035+05:30" endTime="2015-08-11T00:46:52.2362799+05:30" testType="13cdc9d9-ddb5-4fa4-a97d-d965ccfc6d4b" outcome="Failed" testListId="8c84fa94-04c1-424b-9868-57a2d4851a1d" relativeResultsDirectory="b92ef460-c025-4214-bc94-dbf895e86869">
      <Output>
        <StdOut>Logged in as: AslamKhan / 1qaz!QAZ
Redirected at Dashboard screen.</StdOut>
        <ErrorInfo>
          <Message>Assert.IsTrue failed. </Message>
          <StackTrace>   at PegasusTests.PageHelper.Comm.DriverHelper.Click(String locator) in d:\pegqa\TestAutomationProject\PegasusTests\PageHelper\Comm\DriverHelper.cs:line 233
   at PegasusTests.PageHelper.TicketHelper.ClickElement(String XmlNode) in d:\pegqa\TestAutomationProject\PegasusTests\PageHelper\TicketHelper.cs:line 146
   at PegasusTests.Scripts.ClientsTests.HomeLink.homeLink() in d:\pegqa\TestAutomationProject\PegasusTests\Scripts\ClientsTests\HomeLink.cs:line 46
</StackTrace>
        </ErrorInfo>
      </Output>
    </UnitTestResult>
    <UnitTestResult executionId="5e72577c-76f5-4bb3-9181-98a139b1a943" testId="1fdd6ff8-ee10-ad42-3bbf-d0afa89a33c0" testName="createTicketDarft" computerName="USER-PC" duration="00:00:42.2656678" startTime="2015-08-11T00:46:52.2362799+05:30" endTime="2015-08-11T00:47:34.5036975+05:30" testType="13cdc9d9-ddb5-4fa4-a97d-d965ccfc6d4b" outcome="Failed" testListId="8c84fa94-04c1-424b-9868-57a2d4851a1d" relativeResultsDirectory="5e72577c-76f5-4bb3-9181-98a139b1a943">
      <Output>
        <StdOut>Logged in as: AslamKhan / 1qaz!QAZ
Redirected at Dashboard screen.</StdOut>
        <ErrorInfo>
          <Message>Assert.IsTrue failed. </Message>
          <StackTrace>   at PegasusTests.PageHelper.Comm.DriverHelper.Click(String locator) in d:\pegqa\TestAutomationProject\PegasusTests\PageHelper\Comm\DriverHelper.cs:line 233
   at PegasusTests.PageHelper.TicketHelper.ClickElement(String XmlNode) in d:\pegqa\TestAutomationProject\PegasusTests\PageHelper\TicketHelper.cs:line 146
   at PegasusTests.Scripts.ClientsTests.CreateTicketDarft.createTicketDarft() in d:\pegqa\TestAutomationProject\PegasusTests\Scripts\ClientsTests\CreateTicketDarft.cs:line 46
</StackTrace>
        </ErrorInfo>
      </Output>
    </UnitTestResult>
    <UnitTestResult executionId="f550c863-fe7e-42e4-a442-a478b9ca4bef" testId="edf636e2-1b9f-72a0-3b93-8d0b3980893b" testName="createAndDeleteTicket" computerName="USER-PC" duration="00:00:41.6294303" startTime="2015-08-11T00:47:34.5036975+05:30" endTime="2015-08-11T00:48:16.1350786+05:30" testType="13cdc9d9-ddb5-4fa4-a97d-d965ccfc6d4b" outcome="Failed" testListId="8c84fa94-04c1-424b-9868-57a2d4851a1d" relativeResultsDirectory="f550c863-fe7e-42e4-a442-a478b9ca4bef">
      <Output>
        <StdOut>Logged in as: AslamKhan / 1qaz!QAZ
Redirected at Dashboard screen.</StdOut>
        <ErrorInfo>
          <Message>Assert.IsTrue failed. </Message>
          <StackTrace>   at PegasusTests.PageHelper.Comm.DriverHelper.Click(String locator) in d:\pegqa\TestAutomationProject\PegasusTests\PageHelper\Comm\DriverHelper.cs:line 233
   at PegasusTests.PageHelper.TicketHelper.ClickElement(String XmlNode) in d:\pegqa\TestAutomationProject\PegasusTests\PageHelper\TicketHelper.cs:line 146
   at PegasusTests.Scripts.ClientsTests.CreateAndDeleteTicket.createAndDeleteTicket() in d:\pegqa\TestAutomationProject\PegasusTests\Scripts\ClientsTests\CreateAndDeleteTicket.cs:line 46
</StackTrace>
        </ErrorInfo>
      </Output>
    </UnitTestResult>
    <UnitTestResult executionId="07841aa7-4cae-4ecf-8778-a07664e59618" testId="7566cfac-9bec-6fb6-9682-a7bd7254a13d" testName="resdualIncomeAdjustmentToolAgent" computerName="USER-PC" duration="00:01:03.8780916" startTime="2015-08-11T00:48:16.1350786+05:30" endTime="2015-08-11T00:49:20.0147323+05:30" testType="13cdc9d9-ddb5-4fa4-a97d-d965ccfc6d4b" outcome="Failed" testListId="8c84fa94-04c1-424b-9868-57a2d4851a1d" relativeResultsDirectory="07841aa7-4cae-4ecf-8778-a07664e59618">
      <Output>
        <StdOut>Logged in as: AslamKhan / 1qaz!QAZ
Redirected at Dashboard screen.</StdOut>
        <ErrorInfo>
          <Message>Assert.IsTrue failed. </Message>
          <StackTrace>   at PegasusTests.PageHelper.Comm.DriverHelper.Click(String locator) in d:\pegqa\TestAutomationProject\PegasusTests\PageHelper\Comm\DriverHelper.cs:line 233
   at PegasusTests.PageHelper.ResidualIncmeOfficeHelper.ClickElement(String xmlNode) in d:\pegqa\TestAutomationProject\PegasusTests\PageHelper\Corp\ResidualIncmeOfficeHelper.cs:line 58
   at PegasusTests.Scripts.ClientsTests.ResdualIncomeAdjustmentToolAllAgent.resdualIncomeAdjustmentToolAgent() in d:\pegqa\TestAutomationProject\PegasusTests\Scripts\ClientsTests\ResdualIncomeAdjustmentToolAllAgent.cs:line 43
</StackTrace>
        </ErrorInfo>
      </Output>
    </UnitTestResult>
    <UnitTestResult executionId="e5334f4e-e7f1-46af-82a1-61f0cc4ad62b" testId="af414012-94cf-0e1f-1554-2c8512adbcde" testName="resdualIncomeAdjustmentToolOfficeAllMerchant" computerName="USER-PC" duration="00:01:04.9327560" startTime="2015-08-11T00:49:20.0147323+05:30" endTime="2015-08-11T00:50:24.9494464+05:30" testType="13cdc9d9-ddb5-4fa4-a97d-d965ccfc6d4b" outcome="Failed" testListId="8c84fa94-04c1-424b-9868-57a2d4851a1d" relativeResultsDirectory="e5334f4e-e7f1-46af-82a1-61f0cc4ad62b">
      <Output>
        <StdOut>Logged in as: AslamKhan / 1qaz!QAZ
Redirected at Dashboard screen.</StdOut>
        <ErrorInfo>
          <Message>Assert.IsTrue failed. </Message>
          <StackTrace>   at PegasusTests.PageHelper.Comm.DriverHelper.Click(String locator) in d:\pegqa\TestAutomationProject\PegasusTests\PageHelper\Comm\DriverHelper.cs:line 233
   at PegasusTests.PageHelper.ResidualIncmeOfficeHelper.ClickElement(String xmlNode) in d:\pegqa\TestAutomationProject\PegasusTests\PageHelper\Corp\ResidualIncmeOfficeHelper.cs:line 58
   at PegasusTests.Scripts.ClientsTests.ResdualIncomeAdjustmentToolOfficeAllMerchant.resdualIncomeAdjustmentToolOfficeAllMerchant() in d:\pegqa\TestAutomationProject\PegasusTests\Scripts\ClientsTests\ResdualIncomeAdjustmentToolOfficeAllMerchant.cs:line 43
</StackTrace>
        </ErrorInfo>
      </Output>
    </UnitTestResult>
    <UnitTestResult executionId="35c4d18d-0200-4613-bdc1-99720f9d071e" testId="b87a23e1-690f-a165-d78c-511dbf39a4ba" testName="importResidualIncome2014" computerName="USER-PC" duration="00:00:56.3664818" startTime="2015-08-11T00:50:24.9494464+05:30" endTime="2015-08-11T00:51:21.3516724+05:30" testType="13cdc9d9-ddb5-4fa4-a97d-d965ccfc6d4b" outcome="Failed" testListId="8c84fa94-04c1-424b-9868-57a2d4851a1d" relativeResultsDirectory="35c4d18d-0200-4613-bdc1-99720f9d071e">
      <Output>
        <ErrorInfo>
          <Message>Assert.IsTrue failed. </Message>
          <StackTrace>   at PegasusTests.PageHelper.Comm.DriverHelper.Click(String locator) in d:\pegqa\TestAutomationProject\PegasusTests\PageHelper\Comm\DriverHelper.cs:line 233
   at PegasusTests.PageHelper.LoginAsCorpHelper.ClickElement(String xmlNode) in d:\pegqa\TestAutomationProject\PegasusTests\PageHelper\Corp\LoginAsCorpHelper.cs:line 58
   at PegasusTests.Scripts.ClientsTests.ImportResidualIncome2014.importResidualIncome2014() in d:\pegqa\TestAutomationProject\PegasusTests\Scripts\BugTest\ImportResidualIncome2014.cs:line 33
</StackTrace>
        </ErrorInfo>
      </Output>
    </UnitTestResult>
    <UnitTestResult executionId="9271b278-33a4-426d-af05-e045970af0e4" testId="03d541b6-b641-96a8-4827-10cc72e0c528" testName="partnerAgentExistingUser" computerName="USER-PC" duration="00:00:42.4556345" startTime="2015-08-11T00:51:21.3516724+05:30" endTime="2015-08-11T00:52:03.8081008+05:30" testType="13cdc9d9-ddb5-4fa4-a97d-d965ccfc6d4b" outcome="Failed" testListId="8c84fa94-04c1-424b-9868-57a2d4851a1d" relativeResultsDirectory="9271b278-33a4-426d-af05-e045970af0e4">
      <Output>
        <StdOut>Logged in as: AslamKhan / 1qaz!QAZ
Redirected at Dashboard screen.</StdOut>
        <ErrorInfo>
          <Message>Test method PegasusTests.Scripts.ClientsTests.PartnerAgentExistingUser.partnerAgentExistingUser threw exception: 
OpenQA.Selenium.NoSuchElementException: no such element
  (Session info: chrome=44.0.2403.130)
  (Driver info: chromedriver=2.14.313457 (3d645c400edf2e2c500566c9aa096063e707c9cf),platform=Windows NT 6.1 SP1 x86_64)</Message>
          <StackTrace>    at OpenQA.Selenium.Remote.RemoteWebDriver.UnpackAndThrowOnError(Response errorResponse) in c:\Projects\webdriver\dotnet\src\webdriver\Remote\RemoteWebDriver.cs:line 1107
   at OpenQA.Selenium.Remote.RemoteWebDriver.Execute(String driverCommandToExecute, Dictionary`2 parameters) in c:\Projects\webdriver\dotnet\src\webdriver\Remote\RemoteWebDriver.cs:line 920
   at OpenQA.Selenium.Remote.RemoteWebDriver.FindElement(String mechanism, String value) in c:\Projects\webdriver\dotnet\src\webdriver\Remote\RemoteWebDriver.cs:line 954
   at OpenQA.Selenium.Remote.RemoteWebDriver.FindElementByXPath(String xpath) in c:\Projects\webdriver\dotnet\src\webdriver\Remote\RemoteWebDriver.cs:line 700
   at OpenQA.Selenium.By.&lt;&gt;c__DisplayClasse.&lt;XPath&gt;b__c(ISearchContext context) in c:\Projects\webdriver\dotnet\src\webdriver\By.cs:line 167
   at OpenQA.Selenium.By.FindElement(ISearchContext context) in c:\Projects\webdriver\dotnet\src\webdriver\By.cs:line 309
   at OpenQA.Selenium.Remote.RemoteWebDriver.FindElement(By by) in c:\Projects\webdriver\dotnet\src\webdriver\Remote\RemoteWebDriver.cs:line 330
   at PegasusTests.PageHelper.Comm.DriverHelper.MouseOver(String locator) in d:\pegqa\TestAutomationProject\PegasusTests\PageHelper\Comm\DriverHelper.cs:line 423
   at PegasusTests.PageHelper.CreateAgentHelper.MouseHover(String field) in d:\pegqa\TestAutomationProject\PegasusTests\PageHelper\CreateAgentHelper.cs:line 57
   at PegasusTests.Scripts.ClientsTests.PartnerAgentExistingUser.partnerAgentExistingUser() in d:\pegqa\TestAutomationProject\PegasusTests\Scripts\JiraTask\PartnerAgentExistingUser.cs:line 41
</StackTrace>
        </ErrorInfo>
      </Output>
    </UnitTestResult>
    <UnitTestResult executionId="9fabe4bf-8b81-47bc-895c-151f09a96554" testId="dac57b35-45b4-7728-d1d6-7af78ba4d436" testName="residualIcomeViewReportWithReportingPeroid" computerName="USER-PC" duration="00:00:56.1301321" startTime="2015-08-11T00:52:03.8091008+05:30" endTime="2015-08-11T00:52:59.9403114+05:30" testType="13cdc9d9-ddb5-4fa4-a97d-d965ccfc6d4b" outcome="Failed" testListId="8c84fa94-04c1-424b-9868-57a2d4851a1d" relativeResultsDirectory="9fabe4bf-8b81-47bc-895c-151f09a96554">
      <Output>
        <ErrorInfo>
          <Message>Assert.IsTrue failed. </Message>
          <StackTrace>   at PegasusTests.PageHelper.Comm.DriverHelper.Click(String locator) in d:\pegqa\TestAutomationProject\PegasusTests\PageHelper\Comm\DriverHelper.cs:line 233
   at PegasusTests.PageHelper.LoginAsCorpHelper.ClickElement(String xmlNode) in d:\pegqa\TestAutomationProject\PegasusTests\PageHelper\Corp\LoginAsCorpHelper.cs:line 58
   at PegasusTests.Scripts.ClientsTests.ResidualIcomeViewReportWithReportingPeroid.residualIcomeViewReportWithReportingPeroid() in d:\pegqa\TestAutomationProject\PegasusTests\Scripts\JiraTask\ResidualIcomeViewReportWithReportingPeroid.cs:line 42
</StackTrace>
        </ErrorInfo>
      </Output>
    </UnitTestResult>
    <UnitTestResult executionId="2a6518e0-e3c1-44fd-8d0b-27730d03b6ac" testId="3799ad7b-a6e3-9803-8d4f-470d35f9c4fe" testName="residualIcomeViewOfficePayoutWithReportingPeroid" computerName="USER-PC" duration="00:00:55.3661682" startTime="2015-08-11T00:52:59.9403114+05:30" endTime="2015-08-11T00:53:55.3084782+05:30" testType="13cdc9d9-ddb5-4fa4-a97d-d965ccfc6d4b" outcome="Failed" testListId="8c84fa94-04c1-424b-9868-57a2d4851a1d" relativeResultsDirectory="2a6518e0-e3c1-44fd-8d0b-27730d03b6ac">
      <Output>
        <ErrorInfo>
          <Message>Assert.IsTrue failed. </Message>
          <StackTrace>   at PegasusTests.PageHelper.Comm.DriverHelper.Click(String locator) in d:\pegqa\TestAutomationProject\PegasusTests\PageHelper\Comm\DriverHelper.cs:line 233
   at PegasusTests.PageHelper.LoginAsCorpHelper.ClickElement(String xmlNode) in d:\pegqa\TestAutomationProject\PegasusTests\PageHelper\Corp\LoginAsCorpHelper.cs:line 58
   at PegasusTests.Scripts.ClientsTests.ResidualIcomeViewOfficePayoutWithReportingPeroid.residualIcomeViewOfficePayoutWithReportingPeroid() in d:\pegqa\TestAutomationProject\PegasusTests\Scripts\JiraTask\ResidualIcomeViewOfficePayoutWithReportingPeroid.cs:line 42
</StackTrace>
        </ErrorInfo>
      </Output>
    </UnitTestResult>
    <UnitTestResult executionId="b80b1ecd-baf2-4c1f-9445-b762511a9fd4" testId="6e2d0b32-2257-3a65-e136-01e3e3fea016" testName="residualIcomeCalculationWizardOffice" computerName="USER-PC" duration="00:00:55.4871692" startTime="2015-08-11T00:53:55.3084782+05:30" endTime="2015-08-11T00:54:50.7966520+05:30" testType="13cdc9d9-ddb5-4fa4-a97d-d965ccfc6d4b" outcome="Failed" testListId="8c84fa94-04c1-424b-9868-57a2d4851a1d" relativeResultsDirectory="b80b1ecd-baf2-4c1f-9445-b762511a9fd4">
      <Output>
        <ErrorInfo>
          <Message>Assert.IsTrue failed. </Message>
          <StackTrace>   at PegasusTests.PageHelper.Comm.DriverHelper.Click(String locator) in d:\pegqa\TestAutomationProject\PegasusTests\PageHelper\Comm\DriverHelper.cs:line 233
   at PegasusTests.PageHelper.LoginAsCorpHelper.ClickElement(String xmlNode) in d:\pegqa\TestAutomationProject\PegasusTests\PageHelper\Corp\LoginAsCorpHelper.cs:line 58
   at PegasusTests.Scripts.ClientsTests.ResidualIcomeCalculationWizardOffice.residualIcomeCalculationWizardOffice() in d:\pegqa\TestAutomationProject\PegasusTests\Scripts\JiraTask\ResidualIcomeCalculationWizardOffice.cs:line 42
</StackTrace>
        </ErrorInfo>
      </Output>
    </UnitTestResult>
    <UnitTestResult executionId="54a609c0-34d3-400c-b1dc-48e49aa30ef8" testId="1f4ca8ac-25d5-4c91-f912-65c5cac0a989" testName="createPDFTemplate" computerName="USER-PC" duration="00:01:03.4124426" startTime="2015-08-11T00:54:50.7976520+05:30" endTime="2015-08-11T00:55:54.2112791+05:30" testType="13cdc9d9-ddb5-4fa4-a97d-d965ccfc6d4b" outcome="Failed" testListId="8c84fa94-04c1-424b-9868-57a2d4851a1d" relativeResultsDirectory="54a609c0-34d3-400c-b1dc-48e49aa30ef8">
      <Output>
        <StdOut>Logged in as: AslamKhan / 1qaz!QAZ
Redirected at Dashboard screen.</StdOut>
        <ErrorInfo>
          <Message>Assert.IsTrue failed. </Message>
          <StackTrace>   at PegasusTests.PageHelper.Comm.DriverHelper.Click(String locator) in d:\pegqa\TestAutomationProject\PegasusTests\PageHelper\Comm\DriverHelper.cs:line 233
   at PegasusTests.PageHelper.PDFImportWizardHelper.ClickElement(String xmlNode) in d:\pegqa\TestAutomationProject\PegasusTests\PageHelper\PDFImportWizardHelper.cs:line 56
   at PegasusTests.Scripts.ClientsTests.CreatePDFTemplate.createPDFTemplate() in d:\pegqa\TestAutomationProject\PegasusTests\Scripts\Corp\CreatePDFTemplate.cs:line 48
</StackTrace>
        </ErrorInfo>
      </Output>
    </UnitTestResult>
    <UnitTestResult executionId="7e9be895-a2a8-4e5d-8ebf-7411e5df89fb" testId="c54c0152-d43d-5475-ee4a-814d5680bc60" testName="editEmployeeCorp" computerName="USER-PC" duration="00:01:32.9570175" startTime="2015-08-11T00:55:54.2112791+05:30" endTime="2015-08-11T00:57:27.1705961+05:30" testType="13cdc9d9-ddb5-4fa4-a97d-d965ccfc6d4b" outcome="Failed" testListId="8c84fa94-04c1-424b-9868-57a2d4851a1d" relativeResultsDirectory="7e9be895-a2a8-4e5d-8ebf-7411e5df89fb">
      <Output>
        <ErrorInfo>
          <Message>Assert.IsTrue failed. </Message>
          <StackTrace>   at PegasusTests.PageHelper.Comm.DriverHelper.Click(String locator) in d:\pegqa\TestAutomationProject\PegasusTests\PageHelper\Comm\DriverHelper.cs:line 233
   at PegasusTests.PageHelper.CreateEmployeeCorp.ClickElement(String xmlNode) in d:\pegqa\TestAutomationProject\PegasusTests\PageHelper\CreateEmployeeCorp.cs:line 51
   at PegasusTests.Scripts.Corp.EditEmployeeCorp.editEmployeeCorp() in d:\pegqa\TestAutomationProject\PegasusTests\Scripts\Corp\EditEmployeeCorp.cs:line 37
</StackTrace>
        </ErrorInfo>
      </Output>
    </UnitTestResult>
    <UnitTestResult executionId="8e433408-4c3a-481e-894a-724ea36ae150" testId="f9a89781-8d50-4d9d-7746-163e99438c45" testName="editProfileCorp" computerName="USER-PC" duration="00:00:54.9618550" startTime="2015-08-11T00:57:27.1705961+05:30" endTime="2015-08-11T00:58:22.1347398+05:30" testType="13cdc9d9-ddb5-4fa4-a97d-d965ccfc6d4b" outcome="Failed" testListId="8c84fa94-04c1-424b-9868-57a2d4851a1d" relativeResultsDirectory="8e433408-4c3a-481e-894a-724ea36ae150">
      <Output>
        <ErrorInfo>
          <Message>Assert.IsTrue failed. </Message>
          <StackTrace>   at PegasusTests.PageHelper.Comm.DriverHelper.Click(String locator) in d:\pegqa\TestAutomationProject\PegasusTests\PageHelper\Comm\DriverHelper.cs:line 233
   at PegasusTests.PageHelper.LoginAsCorpHelper.ClickElement(String xmlNode) in d:\pegqa\TestAutomationProject\PegasusTests\PageHelper\Corp\LoginAsCorpHelper.cs:line 58
   at PegasusTests.Scripts.Corp.EditProfileCorp.editProfileCorp() in d:\pegqa\TestAutomationProject\PegasusTests\Scripts\Corp\EditProfileCorp.cs:line 35
</StackTrace>
        </ErrorInfo>
      </Output>
    </UnitTestResult>
    <UnitTestResult executionId="2c95012b-e76f-432e-b10d-fb1810d27d3c" testId="5c8a4e0f-54d4-8e88-ed7c-3baa3f35b523" testName="editRatesAndFeesCorp" computerName="USER-PC" duration="00:00:54.4527786" startTime="2015-08-11T00:58:22.1347398+05:30" endTime="2015-08-11T00:59:16.5888544+05:30" testType="13cdc9d9-ddb5-4fa4-a97d-d965ccfc6d4b" outcome="Failed" testListId="8c84fa94-04c1-424b-9868-57a2d4851a1d" relativeResultsDirectory="2c95012b-e76f-432e-b10d-fb1810d27d3c">
      <Output>
        <ErrorInfo>
          <Message>Assert.IsTrue failed. </Message>
          <StackTrace>   at PegasusTests.PageHelper.Comm.DriverHelper.Click(String locator) in d:\pegqa\TestAutomationProject\PegasusTests\PageHelper\Comm\DriverHelper.cs:line 233
   at PegasusTests.PageHelper.LoginAsCorpHelper.ClickElement(String xmlNode) in d:\pegqa\TestAutomationProject\PegasusTests\PageHelper\Corp\LoginAsCorpHelper.cs:line 58
   at PegasusTests.Scripts.ClientsTests.EditRatesAndFeesCorp.editRatesAndFeesCorp() in d:\pegqa\TestAutomationProject\PegasusTests\Scripts\Corp\EditRatesAndFeesCorp.cs:line 43
</StackTrace>
        </ErrorInfo>
      </Output>
    </UnitTestResult>
    <UnitTestResult executionId="f0e8fc6f-1aab-4d37-a370-161f0265f841" testId="6c32a507-b867-53ec-2541-0bffb464f8f0" testName="createRatesAndFeesCorp" computerName="USER-PC" duration="00:00:55.4107767" startTime="2015-08-11T00:59:16.5888544+05:30" endTime="2015-08-11T01:00:12.0020239+05:30" testType="13cdc9d9-ddb5-4fa4-a97d-d965ccfc6d4b" outcome="Failed" testListId="8c84fa94-04c1-424b-9868-57a2d4851a1d" relativeResultsDirectory="f0e8fc6f-1aab-4d37-a370-161f0265f841">
      <Output>
        <ErrorInfo>
          <Message>Assert.IsTrue failed. </Message>
          <StackTrace>   at PegasusTests.PageHelper.Comm.DriverHelper.Click(String locator) in d:\pegqa\TestAutomationProject\PegasusTests\PageHelper\Comm\DriverHelper.cs:line 233
   at PegasusTests.PageHelper.LoginAsCorpHelper.ClickElement(String xmlNode) in d:\pegqa\TestAutomationProject\PegasusTests\PageHelper\Corp\LoginAsCorpHelper.cs:line 58
   at PegasusTests.Scripts.ClientsTests.CreateRatesAndFeesCorp.createRatesAndFeesCorp() in d:\pegqa\TestAutomationProject\PegasusTests\Scripts\Corp\CreateRatesAndFeesCorp.cs:line 43
</StackTrace>
        </ErrorInfo>
      </Output>
    </UnitTestResult>
    <UnitTestResult executionId="139c6682-caf9-4b74-93a6-9101ac23e818" testId="665bc609-6c8d-2867-13d3-f25e978b8e6c" testName="omahaAuthGridPushToOffice" computerName="USER-PC" duration="00:00:55.3634443" startTime="2015-08-11T01:00:12.0020239+05:30" endTime="2015-08-11T01:01:07.3671906+05:30" testType="13cdc9d9-ddb5-4fa4-a97d-d965ccfc6d4b" outcome="Failed" testListId="8c84fa94-04c1-424b-9868-57a2d4851a1d" relativeResultsDirectory="139c6682-caf9-4b74-93a6-9101ac23e818">
      <Output>
        <ErrorInfo>
          <Message>Assert.IsTrue failed. </Message>
          <StackTrace>   at PegasusTests.PageHelper.Comm.DriverHelper.Click(String locator) in d:\pegqa\TestAutomationProject\PegasusTests\PageHelper\Comm\DriverHelper.cs:line 233
   at PegasusTests.PageHelper.LoginAsCorpHelper.ClickElement(String xmlNode) in d:\pegqa\TestAutomationProject\PegasusTests\PageHelper\Corp\LoginAsCorpHelper.cs:line 58
   at PegasusTests.Scripts.ClientsTests.OmahaAuthGridPushToOffice.omahaAuthGridPushToOffice() in d:\pegqa\TestAutomationProject\PegasusTests\Scripts\Corp\OmahaAuthGridPushToOffice.cs:line 39
</StackTrace>
        </ErrorInfo>
      </Output>
    </UnitTestResult>
    <UnitTestResult executionId="84fb4c0e-60b1-42f4-a570-7122ce57a204" testId="47fe74aa-f572-bb6e-85d5-674552c81a5a" testName="editAndDeleteOmahaAuthGrid" computerName="USER-PC" duration="00:00:55.0669205" startTime="2015-08-11T01:01:07.3671906+05:30" endTime="2015-08-11T01:02:02.4353403+05:30" testType="13cdc9d9-ddb5-4fa4-a97d-d965ccfc6d4b" outcome="Failed" testListId="8c84fa94-04c1-424b-9868-57a2d4851a1d" relativeResultsDirectory="84fb4c0e-60b1-42f4-a570-7122ce57a204">
      <Output>
        <ErrorInfo>
          <Message>Assert.IsTrue failed. </Message>
          <StackTrace>   at PegasusTests.PageHelper.Comm.DriverHelper.Click(String locator) in d:\pegqa\TestAutomationProject\PegasusTests\PageHelper\Comm\DriverHelper.cs:line 233
   at PegasusTests.PageHelper.LoginAsCorpHelper.ClickElement(String xmlNode) in d:\pegqa\TestAutomationProject\PegasusTests\PageHelper\Corp\LoginAsCorpHelper.cs:line 58
   at PegasusTests.Scripts.ClientsTests.EditAndDeleteOmahaAuthGrid.editAndDeleteOmahaAuthGrid() in d:\pegqa\TestAutomationProject\PegasusTests\Scripts\Corp\EditAndDeleteOmahaAuthGrid.cs:line 39
</StackTrace>
        </ErrorInfo>
      </Output>
    </UnitTestResult>
    <UnitTestResult executionId="4bea22e7-087e-429f-9243-cf1e4e9d6613" testId="316b781a-837e-b487-11c6-71ea2cc3970c" testName="merchnatTypePushToOffice" computerName="USER-PC" duration="00:00:55.9815833" startTime="2015-08-11T01:02:02.4353403+05:30" endTime="2015-08-11T01:02:58.4185424+05:30" testType="13cdc9d9-ddb5-4fa4-a97d-d965ccfc6d4b" outcome="Failed" testListId="8c84fa94-04c1-424b-9868-57a2d4851a1d" relativeResultsDirectory="4bea22e7-087e-429f-9243-cf1e4e9d6613">
      <Output>
        <ErrorInfo>
          <Message>Assert.IsTrue failed. </Message>
          <StackTrace>   at PegasusTests.PageHelper.Comm.DriverHelper.Click(String locator) in d:\pegqa\TestAutomationProject\PegasusTests\PageHelper\Comm\DriverHelper.cs:line 233
   at PegasusTests.PageHelper.CreateMerchantTypeHelper.ClickElement(String xmlNode) in d:\pegqa\TestAutomationProject\PegasusTests\PageHelper\CreateMerchantTypeHelper.cs:line 51
   at PegasusTests.Scripts.Corp.MerchnatTypePushToOffice.merchnatTypePushToOffice() in d:\pegqa\TestAutomationProject\PegasusTests\Scripts\Corp\MerchnatTypePushToOffice.cs:line 34
</StackTrace>
        </ErrorInfo>
      </Output>
    </UnitTestResult>
    <UnitTestResult executionId="edf859e4-a525-46ff-a665-68dd5d65888a" testId="41a9ce1d-9969-4d12-b30b-11c62eb10a5e" testName="editAndDeleteMerchnatType" computerName="USER-PC" duration="00:00:55.5258580" startTime="2015-08-11T01:02:58.4185424+05:30" endTime="2015-08-11T01:03:53.9467184+05:30" testType="13cdc9d9-ddb5-4fa4-a97d-d965ccfc6d4b" outcome="Failed" testListId="8c84fa94-04c1-424b-9868-57a2d4851a1d" relativeResultsDirectory="edf859e4-a525-46ff-a665-68dd5d65888a">
      <Output>
        <ErrorInfo>
          <Message>Assert.IsTrue failed. </Message>
          <StackTrace>   at PegasusTests.PageHelper.Comm.DriverHelper.Click(String locator) in d:\pegqa\TestAutomationProject\PegasusTests\PageHelper\Comm\DriverHelper.cs:line 233
   at PegasusTests.PageHelper.CreateMerchantTypeHelper.ClickElement(String xmlNode) in d:\pegqa\TestAutomationProject\PegasusTests\PageHelper\CreateMerchantTypeHelper.cs:line 51
   at PegasusTests.Scripts.Corp.EditAndDeleteMerchnatType.editAndDeleteMerchnatType() in d:\pegqa\TestAutomationProject\PegasusTests\Scripts\Corp\EditAndDeleteMerchnatType.cs:line 34
</StackTrace>
        </ErrorInfo>
      </Output>
    </UnitTestResult>
    <UnitTestResult executionId="eee3e07e-ff83-47c8-898a-7efc1e8752ab" testId="47bfb1a8-feeb-a852-66e8-24df3224a269" testName="languagePushToOffice" computerName="USER-PC" duration="00:00:56.3559422" startTime="2015-08-11T01:03:53.9467184+05:30" endTime="2015-08-11T01:04:50.3039418+05:30" testType="13cdc9d9-ddb5-4fa4-a97d-d965ccfc6d4b" outcome="Failed" testListId="8c84fa94-04c1-424b-9868-57a2d4851a1d" relativeResultsDirectory="eee3e07e-ff83-47c8-898a-7efc1e8752ab">
      <Output>
        <ErrorInfo>
          <Message>Assert.IsTrue failed. </Message>
          <StackTrace>   at PegasusTests.PageHelper.Comm.DriverHelper.Click(String locator) in d:\pegqa\TestAutomationProject\PegasusTests\PageHelper\Comm\DriverHelper.cs:line 233
   at PegasusTests.PageHelper.LoginAsCorpHelper.ClickElement(String xmlNode) in d:\pegqa\TestAutomationProject\PegasusTests\PageHelper\Corp\LoginAsCorpHelper.cs:line 58
   at PegasusTests.Scripts.ClientsTests.LanguagePushToOffice.languagePushToOffice() in d:\pegqa\TestAutomationProject\PegasusTests\Scripts\Corp\LanguagePushToOffice.cs:line 34
</StackTrace>
        </ErrorInfo>
      </Output>
    </UnitTestResult>
    <UnitTestResult executionId="17e34bbd-2bf1-4e64-bd8b-e3d93e1cc3e8" testId="dffc5190-2d91-89f3-b719-c3de8f92ff73" testName="editAndDeleteLanguageCorp" computerName="USER-PC" duration="00:00:58.1985986" startTime="2015-08-11T01:04:50.3039418+05:30" endTime="2015-08-11T01:05:48.5042707+05:30" testType="13cdc9d9-ddb5-4fa4-a97d-d965ccfc6d4b" outcome="Failed" testListId="8c84fa94-04c1-424b-9868-57a2d4851a1d" relativeResultsDirectory="17e34bbd-2bf1-4e64-bd8b-e3d93e1cc3e8">
      <Output>
        <ErrorInfo>
          <Message>Assert.IsTrue failed. </Message>
          <StackTrace>   at PegasusTests.PageHelper.Comm.DriverHelper.Click(String locator) in d:\pegqa\TestAutomationProject\PegasusTests\PageHelper\Comm\DriverHelper.cs:line 233
   at PegasusTests.PageHelper.LoginAsCorpHelper.ClickElement(String xmlNode) in d:\pegqa\TestAutomationProject\PegasusTests\PageHelper\Corp\LoginAsCorpHelper.cs:line 58
   at PegasusTests.Scripts.ClientsTests.EditAndDeleteLanguageCorp.editAndDeleteLanguageCorp() in d:\pegqa\TestAutomationProject\PegasusTests\Scripts\Corp\EditAndDeleteLanguageCorp.cs:line 38
</StackTrace>
        </ErrorInfo>
      </Output>
    </UnitTestResult>
    <UnitTestResult executionId="6b2e93f6-032f-4e79-bcc9-7b4da5da0cb9" testId="cb1c0a37-2be2-48a6-6beb-cb766f6c53ce" testName="createLanguageCorp" computerName="USER-PC" duration="00:00:55.5019191" startTime="2015-08-11T01:05:48.5042707+05:30" endTime="2015-08-11T01:06:44.0084454+05:30" testType="13cdc9d9-ddb5-4fa4-a97d-d965ccfc6d4b" outcome="Failed" testListId="8c84fa94-04c1-424b-9868-57a2d4851a1d" relativeResultsDirectory="6b2e93f6-032f-4e79-bcc9-7b4da5da0cb9">
      <Output>
        <ErrorInfo>
          <Message>Assert.IsTrue failed. </Message>
          <StackTrace>   at PegasusTests.PageHelper.Comm.DriverHelper.Click(String locator) in d:\pegqa\TestAutomationProject\PegasusTests\PageHelper\Comm\DriverHelper.cs:line 233
   at PegasusTests.PageHelper.LoginAsCorpHelper.ClickElement(String xmlNode) in d:\pegqa\TestAutomationProject\PegasusTests\PageHelper\Corp\LoginAsCorpHelper.cs:line 58
   at PegasusTests.Scripts.ClientsTests.CreateLanguageCorp.createLanguageCorp() in d:\pegqa\TestAutomationProject\PegasusTests\Scripts\Corp\CreateLanguageCorp.cs:line 38
</StackTrace>
        </ErrorInfo>
      </Output>
    </UnitTestResult>
    <UnitTestResult executionId="2d735578-e4ea-43fa-91a8-759115768366" testId="58f16504-9ce9-e145-56b1-b037c8d2ab78" testName="pDFImportWizard" computerName="USER-PC" duration="00:01:06.4919062" startTime="2015-08-11T01:06:44.0084454+05:30" endTime="2015-08-11T01:07:50.5022486+05:30" testType="13cdc9d9-ddb5-4fa4-a97d-d965ccfc6d4b" outcome="Failed" testListId="8c84fa94-04c1-424b-9868-57a2d4851a1d" relativeResultsDirectory="2d735578-e4ea-43fa-91a8-759115768366">
      <Output>
        <StdOut>Logged in as: AslamKhan / 1qaz!QAZ
Redirected at Dashboard screen.</StdOut>
        <ErrorInfo>
          <Message>Assert.IsTrue failed. </Message>
          <StackTrace>   at PegasusTests.PageHelper.Comm.DriverHelper.Click(String locator) in d:\pegqa\TestAutomationProject\PegasusTests\PageHelper\Comm\DriverHelper.cs:line 233
   at PegasusTests.PageHelper.PDFImportWizardHelper.ClickElement(String xmlNode) in d:\pegqa\TestAutomationProject\PegasusTests\PageHelper\PDFImportWizardHelper.cs:line 56
   at PegasusTests.Scripts.ClientsTests.PDFImportWizard1.pDFImportWizard() in d:\pegqa\TestAutomationProject\PegasusTests\Scripts\Corp\PDFImportWizard.cs:line 53
</StackTrace>
        </ErrorInfo>
      </Output>
    </UnitTestResult>
    <UnitTestResult executionId="79a365f9-1097-4397-8a94-17384adac89d" testId="fbc1c1c9-fb9c-0fbd-e4f2-185e1dddb50a" testName="pricingPlanPushToOffice" computerName="USER-PC" duration="00:00:54.8569212" startTime="2015-08-11T01:07:50.5022486+05:30" endTime="2015-08-11T01:08:45.3603863+05:30" testType="13cdc9d9-ddb5-4fa4-a97d-d965ccfc6d4b" outcome="Failed" testListId="8c84fa94-04c1-424b-9868-57a2d4851a1d" relativeResultsDirectory="79a365f9-1097-4397-8a94-17384adac89d">
      <Output>
        <ErrorInfo>
          <Message>Assert.IsTrue failed. </Message>
          <StackTrace>   at PegasusTests.PageHelper.Comm.DriverHelper.Click(String locator) in d:\pegqa\TestAutomationProject\PegasusTests\PageHelper\Comm\DriverHelper.cs:line 233
   at PegasusTests.PageHelper.CreatePricingPlanHelper.ClickElement(String xmlNode) in d:\pegqa\TestAutomationProject\PegasusTests\PageHelper\CreatePricingPlanHelper.cs:line 51
   at PegasusTests.Scripts.Corp.PricingPlanPushToOffice.pricingPlanPushToOffice() in d:\pegqa\TestAutomationProject\PegasusTests\Scripts\Corp\PricingPlanPushToOffice.cs:line 34
</StackTrace>
        </ErrorInfo>
      </Output>
    </UnitTestResult>
    <UnitTestResult executionId="735dae63-4ffa-43e5-b77c-5199959b8a14" testId="0711b460-cfb8-8a96-e01e-8c5a545d1014" testName="editAndDeletePricingPlan" computerName="USER-PC" duration="00:00:57.1608685" startTime="2015-08-11T01:08:45.3603863+05:30" endTime="2015-08-11T01:09:42.5236559+05:30" testType="13cdc9d9-ddb5-4fa4-a97d-d965ccfc6d4b" outcome="Failed" testListId="8c84fa94-04c1-424b-9868-57a2d4851a1d" relativeResultsDirectory="735dae63-4ffa-43e5-b77c-5199959b8a14">
      <Output>
        <ErrorInfo>
          <Message>Assert.IsTrue failed. </Message>
          <StackTrace>   at PegasusTests.PageHelper.Comm.DriverHelper.Click(String locator) in d:\pegqa\TestAutomationProject\PegasusTests\PageHelper\Comm\DriverHelper.cs:line 233
   at PegasusTests.PageHelper.CreatePricingPlanHelper.ClickElement(String xmlNode) in d:\pegqa\TestAutomationProject\PegasusTests\PageHelper\CreatePricingPlanHelper.cs:line 51
   at PegasusTests.Scripts.Corp.EditAndDeletePricingPlan.editAndDeletePricingPlan() in d:\pegqa\TestAutomationProject\PegasusTests\Scripts\Corp\EditAndDeletePricingPlan.cs:line 34
</StackTrace>
        </ErrorInfo>
      </Output>
    </UnitTestResult>
    <UnitTestResult executionId="574705d3-b153-4c4e-ac2e-15df1b4b93f3" testId="24230fba-3729-246d-eb19-d56a9fbebdbb" testName="createAmexRates" computerName="USER-PC" duration="00:00:55.7385362" startTime="2015-08-11T01:09:42.5236559+05:30" endTime="2015-08-11T01:10:38.2638440+05:30" testType="13cdc9d9-ddb5-4fa4-a97d-d965ccfc6d4b" outcome="Failed" testListId="8c84fa94-04c1-424b-9868-57a2d4851a1d" relativeResultsDirectory="574705d3-b153-4c4e-ac2e-15df1b4b93f3">
      <Output>
        <ErrorInfo>
          <Message>Assert.IsTrue failed. </Message>
          <StackTrace>   at PegasusTests.PageHelper.Comm.DriverHelper.Click(String locator) in d:\pegqa\TestAutomationProject\PegasusTests\PageHelper\Comm\DriverHelper.cs:line 233
   at PegasusTests.PageHelper.CreateAmexRateHelper.ClickElement(String xmlNode) in d:\pegqa\TestAutomationProject\PegasusTests\PageHelper\CreateAmexRateHelper.cs:line 51
   at PegasusTests.Scripts.Corp.CreateAmexRates.createAmexRates() in d:\pegqa\TestAutomationProject\PegasusTests\Scripts\Corp\CreateAmexRates.cs:line 40
</StackTrace>
        </ErrorInfo>
      </Output>
    </UnitTestResult>
    <UnitTestResult executionId="15306e39-ec1e-420e-907b-a68f79a6975f" testId="615aa700-1b8f-9c1e-6151-0a52a5a583a0" testName="editAndDeleteAmexRates" computerName="USER-PC" duration="00:00:55.5838613" startTime="2015-08-11T01:10:38.2638440+05:30" endTime="2015-08-11T01:11:33.8490233+05:30" testType="13cdc9d9-ddb5-4fa4-a97d-d965ccfc6d4b" outcome="Failed" testListId="8c84fa94-04c1-424b-9868-57a2d4851a1d" relativeResultsDirectory="15306e39-ec1e-420e-907b-a68f79a6975f">
      <Output>
        <ErrorInfo>
          <Message>Assert.IsTrue failed. </Message>
          <StackTrace>   at PegasusTests.PageHelper.Comm.DriverHelper.Click(String locator) in d:\pegqa\TestAutomationProject\PegasusTests\PageHelper\Comm\DriverHelper.cs:line 233
   at PegasusTests.PageHelper.CreateAmexRateHelper.ClickElement(String xmlNode) in d:\pegqa\TestAutomationProject\PegasusTests\PageHelper\CreateAmexRateHelper.cs:line 51
   at PegasusTests.Scripts.Corp.EditAndDeleteAmexRates.editAndDeleteAmexRates() in d:\pegqa\TestAutomationProject\PegasusTests\Scripts\Corp\EditAndDeleteAmexRates.cs:line 40
</StackTrace>
        </ErrorInfo>
      </Output>
    </UnitTestResult>
    <UnitTestResult executionId="5c991f1a-a3a2-42bd-bce2-c78ec34474ce" testId="ad02ccd5-2f04-525f-a1f7-8d11973e499e" testName="residualIcomeImportFile" computerName="USER-PC" duration="00:00:55.7339812" startTime="2015-08-11T01:11:33.8490233+05:30" endTime="2015-08-11T01:12:29.5852112+05:30" testType="13cdc9d9-ddb5-4fa4-a97d-d965ccfc6d4b" outcome="Failed" testListId="8c84fa94-04c1-424b-9868-57a2d4851a1d" relativeResultsDirectory="5c991f1a-a3a2-42bd-bce2-c78ec34474ce">
      <Output>
        <ErrorInfo>
          <Message>Assert.IsTrue failed. </Message>
          <StackTrace>   at PegasusTests.PageHelper.Comm.DriverHelper.Click(String locator) in d:\pegqa\TestAutomationProject\PegasusTests\PageHelper\Comm\DriverHelper.cs:line 233
   at PegasusTests.PageHelper.LoginAsCorpHelper.ClickElement(String xmlNode) in d:\pegqa\TestAutomationProject\PegasusTests\PageHelper\Corp\LoginAsCorpHelper.cs:line 58
   at PegasusTests.Scripts.ClientsTests.ResidualIcomeImportFile.residualIcomeImportFile() in d:\pegqa\TestAutomationProject\PegasusTests\Scripts\Corp\ResidualIcomeImportFile.cs:line 41
</StackTrace>
        </ErrorInfo>
      </Output>
    </UnitTestResult>
    <UnitTestResult executionId="d8b85511-2785-4b33-9cbb-b70edd8af5cd" testId="c6c95555-0c45-f35c-08be-fa73ca1a692c" testName="deleteProcessor" computerName="USER-PC" duration="00:00:54.4010917" startTime="2015-08-11T01:12:29.5852112+05:30" endTime="2015-08-11T01:13:23.9873229+05:30" testType="13cdc9d9-ddb5-4fa4-a97d-d965ccfc6d4b" outcome="Failed" testListId="8c84fa94-04c1-424b-9868-57a2d4851a1d" relativeResultsDirectory="d8b85511-2785-4b33-9cbb-b70edd8af5cd">
      <Output>
        <ErrorInfo>
          <Message>Assert.IsTrue failed. </Message>
          <StackTrace>   at PegasusTests.PageHelper.Comm.DriverHelper.Click(String locator) in d:\pegqa\TestAutomationProject\PegasusTests\PageHelper\Comm\DriverHelper.cs:line 233
   at PegasusTests.PageHelper.CreateProcessorHelper.ClickElement(String xmlNode) in d:\pegqa\TestAutomationProject\PegasusTests\PageHelper\CreateProcessorHelper.cs:line 51
   at PegasusTests.Scripts.Corp.DeleteProcessor.deleteProcessor() in d:\pegqa\TestAutomationProject\PegasusTests\Scripts\Corp\DeleteProcessor.cs:line 40
</StackTrace>
        </ErrorInfo>
      </Output>
    </UnitTestResult>
    <UnitTestResult executionId="5e04137c-1368-4312-adc3-d95e3bcc5207" testId="faf1ed7d-d93c-d5ce-c30a-b139ac7f451f" testName="processorPuchToOffice" computerName="USER-PC" duration="00:00:58.5321652" startTime="2015-08-11T01:13:23.9873229+05:30" endTime="2015-08-11T01:14:22.5216708+05:30" testType="13cdc9d9-ddb5-4fa4-a97d-d965ccfc6d4b" outcome="Failed" testListId="8c84fa94-04c1-424b-9868-57a2d4851a1d" relativeResultsDirectory="5e04137c-1368-4312-adc3-d95e3bcc5207">
      <Output>
        <ErrorInfo>
          <Message>Assert.IsTrue failed. </Message>
          <StackTrace>   at PegasusTests.PageHelper.Comm.DriverHelper.Click(String locator) in d:\pegqa\TestAutomationProject\PegasusTests\PageHelper\Comm\DriverHelper.cs:line 233
   at PegasusTests.PageHelper.CreateProcessorHelper.ClickElement(String xmlNode) in d:\pegqa\TestAutomationProject\PegasusTests\PageHelper\CreateProcessorHelper.cs:line 51
   at PegasusTests.Scripts.Corp.ProcessorPuchToOffice.processorPuchToOffice() in d:\pegqa\TestAutomationProject\PegasusTests\Scripts\Corp\ProcessorPuchToOffice.cs:line 40
</StackTrace>
        </ErrorInfo>
      </Output>
    </UnitTestResult>
    <UnitTestResult executionId="36aaf763-3533-4337-b2df-b1396868c6b8" testId="3bf1f67f-56fe-4ab9-a6d1-3742f2b88458" testName="editProcessor" computerName="USER-PC" duration="00:00:55.2521737" startTime="2015-08-11T01:14:22.5216708+05:30" endTime="2015-08-11T01:15:17.7758312+05:30" testType="13cdc9d9-ddb5-4fa4-a97d-d965ccfc6d4b" outcome="Failed" testListId="8c84fa94-04c1-424b-9868-57a2d4851a1d" relativeResultsDirectory="36aaf763-3533-4337-b2df-b1396868c6b8">
      <Output>
        <ErrorInfo>
          <Message>Assert.IsTrue failed. </Message>
          <StackTrace>   at PegasusTests.PageHelper.Comm.DriverHelper.Click(String locator) in d:\pegqa\TestAutomationProject\PegasusTests\PageHelper\Comm\DriverHelper.cs:line 233
   at PegasusTests.PageHelper.CreateProcessorHelper.ClickElement(String xmlNode) in d:\pegqa\TestAutomationProject\PegasusTests\PageHelper\CreateProcessorHelper.cs:line 51
   at PegasusTests.Scripts.Corp.EditProcessor.editProcessor() in d:\pegqa\TestAutomationProject\PegasusTests\Scripts\Corp\EditProcessor.cs:line 40
</StackTrace>
        </ErrorInfo>
      </Output>
    </UnitTestResult>
    <UnitTestResult executionId="ad6199cf-6b51-4bb4-a828-944b3ffd6b88" testId="9d14163f-a33f-5a69-5cb4-95392f8885a9" testName="residualIncomeViewReportExcelPdfScv" computerName="USER-PC" duration="00:00:55.7931414" startTime="2015-08-11T01:15:17.7758312+05:30" endTime="2015-08-11T01:16:13.5700224+05:30" testType="13cdc9d9-ddb5-4fa4-a97d-d965ccfc6d4b" outcome="Failed" testListId="8c84fa94-04c1-424b-9868-57a2d4851a1d" relativeResultsDirectory="ad6199cf-6b51-4bb4-a828-944b3ffd6b88">
      <Output>
        <ErrorInfo>
          <Message>Assert.IsTrue failed. </Message>
          <StackTrace>   at PegasusTests.PageHelper.Comm.DriverHelper.Click(String locator) in d:\pegqa\TestAutomationProject\PegasusTests\PageHelper\Comm\DriverHelper.cs:line 233
   at PegasusTests.PageHelper.LoginAsCorpHelper.ClickElement(String xmlNode) in d:\pegqa\TestAutomationProject\PegasusTests\PageHelper\Corp\LoginAsCorpHelper.cs:line 58
   at PegasusTests.Scripts.ClientsTests.ResidualIncomeViewReportExcelPdfScv.residualIncomeViewReportExcelPdfScv() in d:\pegqa\TestAutomationProject\PegasusTests\Scripts\Corp\ResidualIncomeReports.cs:line 42
</StackTrace>
        </ErrorInfo>
      </Output>
    </UnitTestResult>
    <UnitTestResult executionId="4d6abad8-9c4f-4e5f-915b-3662bc238cd8" testId="b3a309c3-4b0f-b95f-84fb-a672f71c8117" testName="residualIncmeImportPublishPayout" computerName="USER-PC" duration="00:00:56.5151927" startTime="2015-08-11T01:16:13.5700224+05:30" endTime="2015-08-11T01:17:10.0872550+05:30" testType="13cdc9d9-ddb5-4fa4-a97d-d965ccfc6d4b" outcome="Failed" testListId="8c84fa94-04c1-424b-9868-57a2d4851a1d" relativeResultsDirectory="4d6abad8-9c4f-4e5f-915b-3662bc238cd8">
      <Output>
        <ErrorInfo>
          <Message>Assert.IsTrue failed. </Message>
          <StackTrace>   at PegasusTests.PageHelper.Comm.DriverHelper.Click(String locator) in d:\pegqa\TestAutomationProject\PegasusTests\PageHelper\Comm\DriverHelper.cs:line 233
   at PegasusTests.PageHelper.LoginAsCorpHelper.ClickElement(String xmlNode) in d:\pegqa\TestAutomationProject\PegasusTests\PageHelper\Corp\LoginAsCorpHelper.cs:line 58
   at PegasusTests.Scripts.ClientsTests.ResidualIncmeImportPublishPayout.residualIncmeImportPublishPayout() in d:\pegqa\TestAutomationProject\PegasusTests\Scripts\Corp\ResidualIncmeImportPublishPayout.cs:line 42
</StackTrace>
        </ErrorInfo>
      </Output>
    </UnitTestResult>
    <UnitTestResult executionId="354acc32-76e3-465c-bfad-3a5a0f4348c1" testId="2b2ff2a0-d18a-936c-78b6-912708f9def8" testName="residualIncmeRevenueShareSetupCancel" computerName="USER-PC" duration="00:00:57.1360349" startTime="2015-08-11T01:17:10.0872550+05:30" endTime="2015-08-11T01:18:07.2245231+05:30" testType="13cdc9d9-ddb5-4fa4-a97d-d965ccfc6d4b" outcome="Failed" testListId="8c84fa94-04c1-424b-9868-57a2d4851a1d" relativeResultsDirectory="354acc32-76e3-465c-bfad-3a5a0f4348c1">
      <Output>
        <ErrorInfo>
          <Message>Assert.IsTrue failed. </Message>
          <StackTrace>   at PegasusTests.PageHelper.Comm.DriverHelper.Click(String locator) in d:\pegqa\TestAutomationProject\PegasusTests\PageHelper\Comm\DriverHelper.cs:line 233
   at PegasusTests.PageHelper.LoginAsCorpHelper.ClickElement(String xmlNode) in d:\pegqa\TestAutomationProject\PegasusTests\PageHelper\Corp\LoginAsCorpHelper.cs:line 58
   at PegasusTests.Scripts.ClientsTests.ResidualIncmeRevenueShareSetupCancel.residualIncmeRevenueShareSetupCancel() in d:\pegqa\TestAutomationProject\PegasusTests\Scripts\Corp\ResidualIncmeRevenueShareSetupCancel.cs:line 42
</StackTrace>
        </ErrorInfo>
      </Output>
    </UnitTestResult>
    <UnitTestResult executionId="46b26d97-92f3-4d94-ab61-3b0c3de3ccec" testId="6dd6b4cc-b9a8-1bfc-6f51-9eb8e9a18b5d" testName="residualIncmeSetUpOverRideRevenueShareSet" computerName="USER-PC" duration="00:00:56.4897050" startTime="2015-08-11T01:18:07.2255231+05:30" endTime="2015-08-11T01:19:03.7167543+05:30" testType="13cdc9d9-ddb5-4fa4-a97d-d965ccfc6d4b" outcome="Failed" testListId="8c84fa94-04c1-424b-9868-57a2d4851a1d" relativeResultsDirectory="46b26d97-92f3-4d94-ab61-3b0c3de3ccec">
      <Output>
        <ErrorInfo>
          <Message>Assert.IsTrue failed. </Message>
          <StackTrace>   at PegasusTests.PageHelper.Comm.DriverHelper.Click(String locator) in d:\pegqa\TestAutomationProject\PegasusTests\PageHelper\Comm\DriverHelper.cs:line 233
   at PegasusTests.PageHelper.LoginAsCorpHelper.ClickElement(String xmlNode) in d:\pegqa\TestAutomationProject\PegasusTests\PageHelper\Corp\LoginAsCorpHelper.cs:line 58
   at PegasusTests.Scripts.ClientsTests.ResidualIncmeSetUpOverRideRevenueShareSet.residualIncmeSetUpOverRideRevenueShareSet() in d:\pegqa\TestAutomationProject\PegasusTests\Scripts\Corp\ResidualIncmeSetUpOverRideRevenueShareSet.cs:line 42
</StackTrace>
        </ErrorInfo>
      </Output>
    </UnitTestResult>
    <UnitTestResult executionId="54bf6e5a-fdf9-469d-931e-cdb43220d339" testId="ef4cb727-4e00-2133-605a-8880fdedee85" testName="residualIncomeCalulationWizardViewSteps" computerName="USER-PC" duration="00:00:55.0116617" startTime="2015-08-11T01:19:03.7167543+05:30" endTime="2015-08-11T01:19:58.7299008+05:30" testType="13cdc9d9-ddb5-4fa4-a97d-d965ccfc6d4b" outcome="Failed" testListId="8c84fa94-04c1-424b-9868-57a2d4851a1d" relativeResultsDirectory="54bf6e5a-fdf9-469d-931e-cdb43220d339">
      <Output>
        <ErrorInfo>
          <Message>Assert.IsTrue failed. </Message>
          <StackTrace>   at PegasusTests.PageHelper.Comm.DriverHelper.Click(String locator) in d:\pegqa\TestAutomationProject\PegasusTests\PageHelper\Comm\DriverHelper.cs:line 233
   at PegasusTests.PageHelper.LoginAsCorpHelper.ClickElement(String xmlNode) in d:\pegqa\TestAutomationProject\PegasusTests\PageHelper\Corp\LoginAsCorpHelper.cs:line 58
   at PegasusTests.Scripts.ClientsTests.ResidualIncomeCalulationWizardViewSteps.residualIncomeCalulationWizardViewSteps() in d:\pegqa\TestAutomationProject\PegasusTests\Scripts\Corp\ResidualIncomeCalulationWizardViewSteps.cs:line 42
</StackTrace>
        </ErrorInfo>
      </Output>
    </UnitTestResult>
    <UnitTestResult executionId="3d75157a-fde8-4f68-91cb-7b7b8f3ff660" testId="18c8a7fd-1b91-c4f1-6465-295fe4bd5b9b" testName="residualIncomeRecalculate" computerName="USER-PC" duration="00:00:54.0254767" startTime="2015-08-11T01:19:58.7299008+05:30" endTime="2015-08-11T01:20:52.7569910+05:30" testType="13cdc9d9-ddb5-4fa4-a97d-d965ccfc6d4b" outcome="Failed" testListId="8c84fa94-04c1-424b-9868-57a2d4851a1d" relativeResultsDirectory="3d75157a-fde8-4f68-91cb-7b7b8f3ff660">
      <Output>
        <ErrorInfo>
          <Message>Assert.IsTrue failed. </Message>
          <StackTrace>   at PegasusTests.PageHelper.Comm.DriverHelper.Click(String locator) in d:\pegqa\TestAutomationProject\PegasusTests\PageHelper\Comm\DriverHelper.cs:line 233
   at PegasusTests.PageHelper.LoginAsCorpHelper.ClickElement(String xmlNode) in d:\pegqa\TestAutomationProject\PegasusTests\PageHelper\Corp\LoginAsCorpHelper.cs:line 58
   at PegasusTests.Scripts.ClientsTests.ResidualIncomeRecalculate.residualIncomeRecalculate() in d:\pegqa\TestAutomationProject\PegasusTests\Scripts\Corp\ResidualIncomeRecalculate.cs:line 42
</StackTrace>
        </ErrorInfo>
      </Output>
    </UnitTestResult>
    <UnitTestResult executionId="6450b604-5b92-467b-9f11-63ce0cce97a8" testId="5d9ea8b3-6dc7-ab1b-24be-fbaa4de47d4d" testName="residualIncomeReportsSendSelectedOfficeCSVExcelPDF" computerName="USER-PC" duration="00:00:55.2842498" startTime="2015-08-11T01:20:52.7569910+05:30" endTime="2015-08-11T01:21:48.0431532+05:30" testType="13cdc9d9-ddb5-4fa4-a97d-d965ccfc6d4b" outcome="Failed" testListId="8c84fa94-04c1-424b-9868-57a2d4851a1d" relativeResultsDirectory="6450b604-5b92-467b-9f11-63ce0cce97a8">
      <Output>
        <ErrorInfo>
          <Message>Assert.IsTrue failed. </Message>
          <StackTrace>   at PegasusTests.PageHelper.Comm.DriverHelper.Click(String locator) in d:\pegqa\TestAutomationProject\PegasusTests\PageHelper\Comm\DriverHelper.cs:line 233
   at PegasusTests.PageHelper.LoginAsCorpHelper.ClickElement(String xmlNode) in d:\pegqa\TestAutomationProject\PegasusTests\PageHelper\Corp\LoginAsCorpHelper.cs:line 58
   at PegasusTests.Scripts.ClientsTests.ResidualIncomeReportsSendSelectedOfficeCSVExcelPDF.residualIncomeReportsSendSelectedOfficeCSVExcelPDF() in d:\pegqa\TestAutomationProject\PegasusTests\Scripts\Corp\ResidualIncomeReportsSendSelectedOfficeCSVExcelPDF.cs:line 42
</StackTrace>
        </ErrorInfo>
      </Output>
    </UnitTestResult>
    <UnitTestResult executionId="3d0653db-b214-4bde-80fa-a06b9a38cf46" testId="013bb3b9-f54f-af71-f57a-0e9f903312cc" testName="residualIncomeReportsSendAllOfficeCSVExcelPDF" computerName="USER-PC" duration="00:01:06.9101636" startTime="2015-08-11T01:21:48.0431532+05:30" endTime="2015-08-11T01:22:54.9549803+05:30" testType="13cdc9d9-ddb5-4fa4-a97d-d965ccfc6d4b" outcome="Failed" testListId="8c84fa94-04c1-424b-9868-57a2d4851a1d" relativeResultsDirectory="3d0653db-b214-4bde-80fa-a06b9a38cf46">
      <Output>
        <ErrorInfo>
          <Message>Assert.IsTrue failed. </Message>
          <StackTrace>   at PegasusTests.PageHelper.Comm.DriverHelper.Click(String locator) in d:\pegqa\TestAutomationProject\PegasusTests\PageHelper\Comm\DriverHelper.cs:line 233
   at PegasusTests.PageHelper.LoginAsCorpHelper.ClickElement(String xmlNode) in d:\pegqa\TestAutomationProject\PegasusTests\PageHelper\Corp\LoginAsCorpHelper.cs:line 58
   at PegasusTests.Scripts.ClientsTests.ResidualIncomeReportsSendAllOfficeCSVExcelPDF.residualIncomeReportsSendAllOfficeCSVExcelPDF() in d:\pegqa\TestAutomationProject\PegasusTests\Scripts\Corp\ResidualIncomeReportsSendAllOfficeCSVExcelPDF.cs:line 42
</StackTrace>
        </ErrorInfo>
      </Output>
    </UnitTestResult>
    <UnitTestResult executionId="f8905c6a-f852-4263-becd-5e04bbbf17b6" testId="1a7353f5-0f2e-c0bd-ae8c-61bb1377d85c" testName="residualIncomeViewReportExcelPdfCSv" computerName="USER-PC" duration="00:00:55.7648695" startTime="2015-08-11T01:22:54.9549803+05:30" endTime="2015-08-11T01:23:50.7211700+05:30" testType="13cdc9d9-ddb5-4fa4-a97d-d965ccfc6d4b" outcome="Failed" testListId="8c84fa94-04c1-424b-9868-57a2d4851a1d" relativeResultsDirectory="f8905c6a-f852-4263-becd-5e04bbbf17b6">
      <Output>
        <ErrorInfo>
          <Message>Assert.IsTrue failed. </Message>
          <StackTrace>   at PegasusTests.PageHelper.Comm.DriverHelper.Click(String locator) in d:\pegqa\TestAutomationProject\PegasusTests\PageHelper\Comm\DriverHelper.cs:line 233
   at PegasusTests.PageHelper.LoginAsCorpHelper.ClickElement(String xmlNode) in d:\pegqa\TestAutomationProject\PegasusTests\PageHelper\Corp\LoginAsCorpHelper.cs:line 58
   at PegasusTests.Scripts.ClientsTests.ResidualIncomeViewReportExcelPdfCSv.residualIncomeViewReportExcelPdfCSv() in d:\pegqa\TestAutomationProject\PegasusTests\Scripts\Corp\ResidualIncomeViewReportExcelPdfScv.cs:line 42
</StackTrace>
        </ErrorInfo>
      </Output>
    </UnitTestResult>
    <UnitTestResult executionId="d687163d-3e73-4cd5-a1f4-2173eed5edeb" testId="ee410044-577b-a48f-59ad-f81a64e6b4d9" testName="residualIncomeViewOfficePayoutExportToExcelAndCsv" computerName="USER-PC" duration="00:00:55.8374931" startTime="2015-08-11T01:23:50.7221700+05:30" endTime="2015-08-11T01:24:46.5603638+05:30" testType="13cdc9d9-ddb5-4fa4-a97d-d965ccfc6d4b" outcome="Failed" testListId="8c84fa94-04c1-424b-9868-57a2d4851a1d" relativeResultsDirectory="d687163d-3e73-4cd5-a1f4-2173eed5edeb">
      <Output>
        <ErrorInfo>
          <Message>Assert.IsTrue failed. </Message>
          <StackTrace>   at PegasusTests.PageHelper.Comm.DriverHelper.Click(String locator) in d:\pegqa\TestAutomationProject\PegasusTests\PageHelper\Comm\DriverHelper.cs:line 233
   at PegasusTests.PageHelper.LoginAsCorpHelper.ClickElement(String xmlNode) in d:\pegqa\TestAutomationProject\PegasusTests\PageHelper\Corp\LoginAsCorpHelper.cs:line 58
   at PegasusTests.Scripts.ClientsTests.ResidualIncomeViewOfficePayoutExportToExcelAndCsv.residualIncomeViewOfficePayoutExportToExcelAndCsv() in d:\pegqa\TestAutomationProject\PegasusTests\Scripts\Corp\ResidualIncomeViewOfficePayoutExportToExcelAndCsv.cs:line 42
</StackTrace>
        </ErrorInfo>
      </Output>
    </UnitTestResult>
    <UnitTestResult executionId="1c96af05-d2c9-422b-8008-fe33fb9cb80c" testId="ab67de6c-d2af-9902-681a-bf7322aecca4" testName="residualIncomeViewOfficePayoutPrint" computerName="USER-PC" duration="00:00:56.1213932" startTime="2015-08-11T01:24:46.5613639+05:30" endTime="2015-08-11T01:25:42.6835739+05:30" testType="13cdc9d9-ddb5-4fa4-a97d-d965ccfc6d4b" outcome="Failed" testListId="8c84fa94-04c1-424b-9868-57a2d4851a1d" relativeResultsDirectory="1c96af05-d2c9-422b-8008-fe33fb9cb80c">
      <Output>
        <ErrorInfo>
          <Message>Assert.IsTrue failed. </Message>
          <StackTrace>   at PegasusTests.PageHelper.Comm.DriverHelper.Click(String locator) in d:\pegqa\TestAutomationProject\PegasusTests\PageHelper\Comm\DriverHelper.cs:line 233
   at PegasusTests.PageHelper.LoginAsCorpHelper.ClickElement(String xmlNode) in d:\pegqa\TestAutomationProject\PegasusTests\PageHelper\Corp\LoginAsCorpHelper.cs:line 58
   at PegasusTests.Scripts.ClientsTests.ResidualIncomeViewOfficePayoutPrint.residualIncomeViewOfficePayoutPrint() in d:\pegqa\TestAutomationProject\PegasusTests\Scripts\Corp\ResidualIncomeViewOfficePayoutPrint.cs:line 42
</StackTrace>
        </ErrorInfo>
      </Output>
    </UnitTestResult>
    <UnitTestResult executionId="0108c107-e72a-4168-90ed-dc6ac50cebdb" testId="c69b2184-df15-00ab-64cc-b218ddd932c4" testName="residualIcomeDownloadImportedFile" computerName="USER-PC" duration="00:00:55.4056204" startTime="2015-08-11T01:25:42.6835739+05:30" endTime="2015-08-11T01:26:38.0907430+05:30" testType="13cdc9d9-ddb5-4fa4-a97d-d965ccfc6d4b" outcome="Failed" testListId="8c84fa94-04c1-424b-9868-57a2d4851a1d" relativeResultsDirectory="0108c107-e72a-4168-90ed-dc6ac50cebdb">
      <Output>
        <ErrorInfo>
          <Message>Assert.IsTrue failed. </Message>
          <StackTrace>   at PegasusTests.PageHelper.Comm.DriverHelper.Click(String locator) in d:\pegqa\TestAutomationProject\PegasusTests\PageHelper\Comm\DriverHelper.cs:line 233
   at PegasusTests.PageHelper.LoginAsCorpHelper.ClickElement(String xmlNode) in d:\pegqa\TestAutomationProject\PegasusTests\PageHelper\Corp\LoginAsCorpHelper.cs:line 58
   at PegasusTests.Scripts.ClientsTests.ResidualIcomeDownloadImportedFile.residualIcomeDownloadImportedFile() in d:\pegqa\TestAutomationProject\PegasusTests\Scripts\Corp\ResidualIcomeDownloadImportedFile.cs:line 41
</StackTrace>
        </ErrorInfo>
      </Output>
    </UnitTestResult>
    <UnitTestResult executionId="42d6783f-3d54-4c2d-b1bb-bd2ed928be74" testId="24f85850-2210-7afa-d3f8-e442442d48f4" testName="residualIcomeDeleteImportedFile" computerName="USER-PC" duration="00:00:55.5807817" startTime="2015-08-11T01:26:38.0917430+05:30" endTime="2015-08-11T01:27:33.6739221+05:30" testType="13cdc9d9-ddb5-4fa4-a97d-d965ccfc6d4b" outcome="Failed" testListId="8c84fa94-04c1-424b-9868-57a2d4851a1d" relativeResultsDirectory="42d6783f-3d54-4c2d-b1bb-bd2ed928be74">
      <Output>
        <ErrorInfo>
          <Message>Assert.IsTrue failed. </Message>
          <StackTrace>   at PegasusTests.PageHelper.Comm.DriverHelper.Click(String locator) in d:\pegqa\TestAutomationProject\PegasusTests\PageHelper\Comm\DriverHelper.cs:line 233
   at PegasusTests.PageHelper.LoginAsCorpHelper.ClickElement(String xmlNode) in d:\pegqa\TestAutomationProject\PegasusTests\PageHelper\Corp\LoginAsCorpHelper.cs:line 58
   at PegasusTests.Scripts.ClientsTests.ResidualIcomeDeleteImportedFile.residualIcomeDeleteImportedFile() in d:\pegqa\TestAutomationProject\PegasusTests\Scripts\Corp\ResidualIcomeViewTransactionAndDeleteImportedFile.cs:line 41
</StackTrace>
        </ErrorInfo>
      </Output>
    </UnitTestResult>
    <UnitTestResult executionId="0a0993b7-ead7-4a47-b3ca-62f79a2479ba" testId="aa78569e-da34-4e6a-85e3-beb44d4c9019" testName="residualIncomeEmailThisReport" computerName="USER-PC" duration="00:00:55.1388045" startTime="2015-08-11T01:27:33.6739221+05:30" endTime="2015-08-11T01:28:28.8140760+05:30" testType="13cdc9d9-ddb5-4fa4-a97d-d965ccfc6d4b" outcome="Failed" testListId="8c84fa94-04c1-424b-9868-57a2d4851a1d" relativeResultsDirectory="0a0993b7-ead7-4a47-b3ca-62f79a2479ba">
      <Output>
        <ErrorInfo>
          <Message>Assert.IsTrue failed. </Message>
          <StackTrace>   at PegasusTests.PageHelper.Comm.DriverHelper.Click(String locator) in d:\pegqa\TestAutomationProject\PegasusTests\PageHelper\Comm\DriverHelper.cs:line 233
   at PegasusTests.PageHelper.LoginAsCorpHelper.ClickElement(String xmlNode) in d:\pegqa\TestAutomationProject\PegasusTests\PageHelper\Corp\LoginAsCorpHelper.cs:line 58
   at PegasusTests.Scripts.ClientsTests.ResidualIncomeEmailThisReport.residualIncomeEmailThisReport() in d:\pegqa\TestAutomationProject\PegasusTests\Scripts\Corp\ResidualIncomeEmailThisReport.cs:line 42
</StackTrace>
        </ErrorInfo>
      </Output>
    </UnitTestResult>
    <UnitTestResult executionId="6ed93907-2f27-4b74-bbc5-970eb6cab6a9" testId="26c90cae-fb17-bbca-c8f8-b6d06929fbff" testName="residualIncomeSendReportOffice" computerName="USER-PC" duration="00:00:56.7817930" startTime="2015-08-11T01:28:28.8140760+05:30" endTime="2015-08-11T01:29:25.5983239+05:30" testType="13cdc9d9-ddb5-4fa4-a97d-d965ccfc6d4b" outcome="Failed" testListId="8c84fa94-04c1-424b-9868-57a2d4851a1d" relativeResultsDirectory="6ed93907-2f27-4b74-bbc5-970eb6cab6a9">
      <Output>
        <ErrorInfo>
          <Message>Assert.IsTrue failed. </Message>
          <StackTrace>   at PegasusTests.PageHelper.Comm.DriverHelper.Click(String locator) in d:\pegqa\TestAutomationProject\PegasusTests\PageHelper\Comm\DriverHelper.cs:line 233
   at PegasusTests.PageHelper.LoginAsCorpHelper.ClickElement(String xmlNode) in d:\pegqa\TestAutomationProject\PegasusTests\PageHelper\Corp\LoginAsCorpHelper.cs:line 58
   at PegasusTests.Scripts.ClientsTests.ResidualIncomeSendReportOffice.residualIncomeSendReportOffice() in d:\pegqa\TestAutomationProject\PegasusTests\Scripts\Corp\ResidualIncomeSendReportOffice.cs:line 42
</StackTrace>
        </ErrorInfo>
      </Output>
    </UnitTestResult>
    <UnitTestResult executionId="827197f9-28b1-4113-9f83-7ddf83724672" testId="793ec49a-211f-8c5d-3588-685d5b39825e" testName="editAmexRates" computerName="USER-PC" duration="00:00:54.5868348" startTime="2015-08-11T01:29:25.5983239+05:30" endTime="2015-08-11T01:30:20.1864461+05:30" testType="13cdc9d9-ddb5-4fa4-a97d-d965ccfc6d4b" outcome="Failed" testListId="8c84fa94-04c1-424b-9868-57a2d4851a1d" relativeResultsDirectory="827197f9-28b1-4113-9f83-7ddf83724672">
      <Output>
        <ErrorInfo>
          <Message>Assert.IsTrue failed. </Message>
          <StackTrace>   at PegasusTests.PageHelper.Comm.DriverHelper.Click(String locator) in d:\pegqa\TestAutomationProject\PegasusTests\PageHelper\Comm\DriverHelper.cs:line 233
   at PegasusTests.PageHelper.LoginAsCorpHelper.ClickElement(String xmlNode) in d:\pegqa\TestAutomationProject\PegasusTests\PageHelper\Corp\LoginAsCorpHelper.cs:line 58
   at PegasusTests.Scripts.ClientsTests.EditAmexRates.editAmexRates() in d:\pegqa\TestAutomationProject\PegasusTests\Scripts\Corp\EditAmexRates.cs:line 46
</StackTrace>
        </ErrorInfo>
      </Output>
    </UnitTestResult>
    <UnitTestResult executionId="6c6f047f-20d7-4152-b4f5-83cc5278328e" testId="da0422e3-b65e-6829-79be-1cf5ec6f16a7" testName="createPDFCategories" computerName="USER-PC" duration="00:00:55.5541307" startTime="2015-08-11T01:30:20.1864461+05:30" endTime="2015-08-11T01:31:15.7426237+05:30" testType="13cdc9d9-ddb5-4fa4-a97d-d965ccfc6d4b" outcome="Failed" testListId="8c84fa94-04c1-424b-9868-57a2d4851a1d" relativeResultsDirectory="6c6f047f-20d7-4152-b4f5-83cc5278328e">
      <Output>
        <ErrorInfo>
          <Message>Assert.IsTrue failed. </Message>
          <StackTrace>   at PegasusTests.PageHelper.Comm.DriverHelper.Click(String locator) in d:\pegqa\TestAutomationProject\PegasusTests\PageHelper\Comm\DriverHelper.cs:line 233
   at PegasusTests.PageHelper.LoginAsCorpHelper.ClickElement(String xmlNode) in d:\pegqa\TestAutomationProject\PegasusTests\PageHelper\Corp\LoginAsCorpHelper.cs:line 58
   at PegasusTests.Scripts.ClientsTests.CreatePDFCategories.createPDFCategories() in d:\pegqa\TestAutomationProject\PegasusTests\Scripts\Corp\CreatePDFCategories.cs:line 46
</StackTrace>
        </ErrorInfo>
      </Output>
    </UnitTestResult>
    <UnitTestResult executionId="f2651ce0-b77d-44dc-8ef2-d941c82c8776" testId="40c577b8-10c6-3216-b930-d3680d5b592e" testName="createResdualIncomeAdjustmentTool" computerName="USER-PC" duration="00:00:55.8999490" startTime="2015-08-11T01:31:15.7426237+05:30" endTime="2015-08-11T01:32:11.6438211+05:30" testType="13cdc9d9-ddb5-4fa4-a97d-d965ccfc6d4b" outcome="Failed" testListId="8c84fa94-04c1-424b-9868-57a2d4851a1d" relativeResultsDirectory="f2651ce0-b77d-44dc-8ef2-d941c82c8776">
      <Output>
        <ErrorInfo>
          <Message>Assert.IsTrue failed. </Message>
          <StackTrace>   at PegasusTests.PageHelper.Comm.DriverHelper.Click(String locator) in d:\pegqa\TestAutomationProject\PegasusTests\PageHelper\Comm\DriverHelper.cs:line 233
   at PegasusTests.PageHelper.LoginAsCorpHelper.ClickElement(String xmlNode) in d:\pegqa\TestAutomationProject\PegasusTests\PageHelper\Corp\LoginAsCorpHelper.cs:line 58
   at PegasusTests.Scripts.ClientsTests.CreateResdualIncomeAdjustmentTool.createResdualIncomeAdjustmentTool() in d:\pegqa\TestAutomationProject\PegasusTests\Scripts\Corp\CreateResdualIncomeAdjustmentTool.cs:line 41
</StackTrace>
        </ErrorInfo>
      </Output>
    </UnitTestResult>
    <UnitTestResult executionId="0e2d6565-58aa-4358-aac1-c0fff19aa684" testId="1df0c91e-8940-2b80-ff62-9b619d2c7211" testName="createOmahaAuthGrid" computerName="USER-PC" duration="00:00:53.9537223" startTime="2015-08-11T01:32:11.6438211+05:30" endTime="2015-08-11T01:33:05.5999072+05:30" testType="13cdc9d9-ddb5-4fa4-a97d-d965ccfc6d4b" outcome="Failed" testListId="8c84fa94-04c1-424b-9868-57a2d4851a1d" relativeResultsDirectory="0e2d6565-58aa-4358-aac1-c0fff19aa684">
      <Output>
        <ErrorInfo>
          <Message>Assert.IsTrue failed. </Message>
          <StackTrace>   at PegasusTests.PageHelper.Comm.DriverHelper.Click(String locator) in d:\pegqa\TestAutomationProject\PegasusTests\PageHelper\Comm\DriverHelper.cs:line 233
   at PegasusTests.PageHelper.LoginAsCorpHelper.ClickElement(String xmlNode) in d:\pegqa\TestAutomationProject\PegasusTests\PageHelper\Corp\LoginAsCorpHelper.cs:line 58
   at PegasusTests.Scripts.ClientsTests.CreateOmahaAuthGrid.createOmahaAuthGrid() in d:\pegqa\TestAutomationProject\PegasusTests\Scripts\Corp\CreateOmahaAuthGrid.cs:line 44
</StackTrace>
        </ErrorInfo>
      </Output>
    </UnitTestResult>
    <UnitTestResult executionId="c2d4d8e8-a718-4ddc-a925-6bd2aba289d7" testId="e9f307bd-fa73-7570-9c85-c7e02107d868" testName="officeVerifyFND" computerName="USER-PC" duration="00:00:55.9392233" startTime="2015-08-11T01:33:05.5999072+05:30" endTime="2015-08-11T01:34:01.5401068+05:30" testType="13cdc9d9-ddb5-4fa4-a97d-d965ccfc6d4b" outcome="Failed" testListId="8c84fa94-04c1-424b-9868-57a2d4851a1d" relativeResultsDirectory="c2d4d8e8-a718-4ddc-a925-6bd2aba289d7">
      <Output>
        <ErrorInfo>
          <Message>Assert.IsTrue failed. </Message>
          <StackTrace>   at PegasusTests.PageHelper.Comm.DriverHelper.Click(String locator) in d:\pegqa\TestAutomationProject\PegasusTests\PageHelper\Comm\DriverHelper.cs:line 233
   at PegasusTests.PageHelper.LoginAsCorpHelper.ClickElement(String xmlNode) in d:\pegqa\TestAutomationProject\PegasusTests\PageHelper\Corp\LoginAsCorpHelper.cs:line 58
   at PegasusTests.Scripts.ClientsTests.OfficeVerifyFND.officeVerifyFND() in d:\pegqa\TestAutomationProject\PegasusTests\Scripts\Corp\OfficeVerifyFND.cs:line 48
</StackTrace>
        </ErrorInfo>
      </Output>
    </UnitTestResult>
    <UnitTestResult executionId="6894d4c3-819e-495e-9756-79140e4d3705" testId="600b2423-9ad2-c0ad-1531-a44a7fa836e0" testName="officeVerifyCodes" computerName="USER-PC" duration="00:00:56.7563276" startTime="2015-08-11T01:34:01.5411069+05:30" endTime="2015-08-11T01:34:58.2983532+05:30" testType="13cdc9d9-ddb5-4fa4-a97d-d965ccfc6d4b" outcome="Failed" testListId="8c84fa94-04c1-424b-9868-57a2d4851a1d" relativeResultsDirectory="6894d4c3-819e-495e-9756-79140e4d3705">
      <Output>
        <ErrorInfo>
          <Message>Assert.IsTrue failed. </Message>
          <StackTrace>   at PegasusTests.PageHelper.Comm.DriverHelper.Click(String locator) in d:\pegqa\TestAutomationProject\PegasusTests\PageHelper\Comm\DriverHelper.cs:line 233
   at PegasusTests.PageHelper.LoginAsCorpHelper.ClickElement(String xmlNode) in d:\pegqa\TestAutomationProject\PegasusTests\PageHelper\Corp\LoginAsCorpHelper.cs:line 58
   at PegasusTests.Scripts.ClientsTests.OfficeVerifyCodes.officeVerifyCodes() in d:\pegqa\TestAutomationProject\PegasusTests\Scripts\Corp\OfficeVerifyCodes.cs:line 48
</StackTrace>
        </ErrorInfo>
      </Output>
    </UnitTestResult>
    <UnitTestResult executionId="aeb66c15-d084-4561-b12a-e59c6eaf95e5" testId="deb4c152-5137-8025-47ab-2b1492adf7a5" testName="residualIncmeImportRevenueAdustment" computerName="USER-PC" duration="00:00:54.8944218" startTime="2015-08-11T01:34:58.2983532+05:30" endTime="2015-08-11T01:35:53.1944931+05:30" testType="13cdc9d9-ddb5-4fa4-a97d-d965ccfc6d4b" outcome="Failed" testListId="8c84fa94-04c1-424b-9868-57a2d4851a1d" relativeResultsDirectory="aeb66c15-d084-4561-b12a-e59c6eaf95e5">
      <Output>
        <ErrorInfo>
          <Message>Assert.IsTrue failed. </Message>
          <StackTrace>   at PegasusTests.PageHelper.Comm.DriverHelper.Click(String locator) in d:\pegqa\TestAutomationProject\PegasusTests\PageHelper\Comm\DriverHelper.cs:line 233
   at PegasusTests.PageHelper.LoginAsCorpHelper.ClickElement(String xmlNode) in d:\pegqa\TestAutomationProject\PegasusTests\PageHelper\Corp\LoginAsCorpHelper.cs:line 58
   at PegasusTests.Scripts.ClientsTests.ResidualIncmeImportRevenueAdustment.residualIncmeImportRevenueAdustment() in d:\pegqa\TestAutomationProject\PegasusTests\Scripts\Corp\ResidualIncmeImportRevenueAdustment.cs:line 41
</StackTrace>
        </ErrorInfo>
      </Output>
    </UnitTestResult>
    <UnitTestResult executionId="86609c4d-46ed-4d01-bb83-73e1eecba1e8" testId="78c1bc75-920c-f715-6e6c-a2a1eecc25ef" testName="residualIncmeImportFirstDatanorthRevenueShareSet" computerName="USER-PC" duration="00:00:56.4027425" startTime="2015-08-11T01:35:53.1944931+05:30" endTime="2015-08-11T01:36:49.5997193+05:30" testType="13cdc9d9-ddb5-4fa4-a97d-d965ccfc6d4b" outcome="Failed" testListId="8c84fa94-04c1-424b-9868-57a2d4851a1d" relativeResultsDirectory="86609c4d-46ed-4d01-bb83-73e1eecba1e8">
      <Output>
        <ErrorInfo>
          <Message>Assert.IsTrue failed. </Message>
          <StackTrace>   at PegasusTests.PageHelper.Comm.DriverHelper.Click(String locator) in d:\pegqa\TestAutomationProject\PegasusTests\PageHelper\Comm\DriverHelper.cs:line 233
   at PegasusTests.PageHelper.LoginAsCorpHelper.ClickElement(String xmlNode) in d:\pegqa\TestAutomationProject\PegasusTests\PageHelper\Corp\LoginAsCorpHelper.cs:line 58
   at PegasusTests.Scripts.ClientsTests.ResidualIncmeImportFirstDatanorthRevenueShareSet.residualIncmeImportFirstDatanorthRevenueShareSet() in d:\pegqa\TestAutomationProject\PegasusTests\Scripts\Corp\ResidualIncmeImportFirstDatanorthRevenueShareSet.cs:line 42
</StackTrace>
        </ErrorInfo>
      </Output>
    </UnitTestResult>
    <UnitTestResult executionId="ded1bdf4-2d0d-460e-a4eb-57011d21555b" testId="7d44110a-b462-aed2-e6e5-010fe7c4c9b6" testName="residualIncmeImportWorldPay" computerName="USER-PC" duration="00:00:55.0713357" startTime="2015-08-11T01:36:49.5997193+05:30" endTime="2015-08-11T01:37:44.6718692+05:30" testType="13cdc9d9-ddb5-4fa4-a97d-d965ccfc6d4b" outcome="Failed" testListId="8c84fa94-04c1-424b-9868-57a2d4851a1d" relativeResultsDirectory="ded1bdf4-2d0d-460e-a4eb-57011d21555b">
      <Output>
        <ErrorInfo>
          <Message>Assert.IsTrue failed. </Message>
          <StackTrace>   at PegasusTests.PageHelper.Comm.DriverHelper.Click(String locator) in d:\pegqa\TestAutomationProject\PegasusTests\PageHelper\Comm\DriverHelper.cs:line 233
   at PegasusTests.PageHelper.LoginAsCorpHelper.ClickElement(String xmlNode) in d:\pegqa\TestAutomationProject\PegasusTests\PageHelper\Corp\LoginAsCorpHelper.cs:line 58
   at PegasusTests.Scripts.ClientsTests.ResidualIncmeImportWorldPay.residualIncmeImportWorldPay() in d:\pegqa\TestAutomationProject\PegasusTests\Scripts\Corp\ResidualIncmeImportWorldPay.cs:line 41
</StackTrace>
        </ErrorInfo>
      </Output>
    </UnitTestResult>
    <UnitTestResult executionId="26cf262a-856f-418f-8685-527e057701d9" testId="18698c55-995c-1ef0-35bb-fa298f6c8ac3" testName="residualIncmeImportFirstDatanorth" computerName="USER-PC" duration="00:00:54.2984238" startTime="2015-08-11T01:37:44.6728693+05:30" endTime="2015-08-11T01:38:38.9719750+05:30" testType="13cdc9d9-ddb5-4fa4-a97d-d965ccfc6d4b" outcome="Failed" testListId="8c84fa94-04c1-424b-9868-57a2d4851a1d" relativeResultsDirectory="26cf262a-856f-418f-8685-527e057701d9">
      <Output>
        <ErrorInfo>
          <Message>Assert.IsTrue failed. </Message>
          <StackTrace>   at PegasusTests.PageHelper.Comm.DriverHelper.Click(String locator) in d:\pegqa\TestAutomationProject\PegasusTests\PageHelper\Comm\DriverHelper.cs:line 233
   at PegasusTests.PageHelper.LoginAsCorpHelper.ClickElement(String xmlNode) in d:\pegqa\TestAutomationProject\PegasusTests\PageHelper\Corp\LoginAsCorpHelper.cs:line 58
   at PegasusTests.Scripts.ClientsTests.ResidualIncmeImportFirstDatanorth.residualIncmeImportFirstDatanorth() in d:\pegqa\TestAutomationProject\PegasusTests\Scripts\Corp\ResidualIncmeImportFirstDatanorth.cs:line 41
</StackTrace>
        </ErrorInfo>
      </Output>
    </UnitTestResult>
    <UnitTestResult executionId="9f73ca09-4ff6-4120-bd84-0a68bcf3b912" testId="9fd001f3-c6c1-1930-aa21-108347d59a42" testName="resdualIncomeAdjustmentTool" computerName="USER-PC" duration="00:00:54.2800590" startTime="2015-08-11T01:38:38.9729751+05:30" endTime="2015-08-11T01:39:33.2870817+05:30" testType="13cdc9d9-ddb5-4fa4-a97d-d965ccfc6d4b" outcome="Failed" testListId="8c84fa94-04c1-424b-9868-57a2d4851a1d" relativeResultsDirectory="9f73ca09-4ff6-4120-bd84-0a68bcf3b912">
      <Output>
        <ErrorInfo>
          <Message>Assert.IsTrue failed. </Message>
          <StackTrace>   at PegasusTests.PageHelper.Comm.DriverHelper.Click(String locator) in d:\pegqa\TestAutomationProject\PegasusTests\PageHelper\Comm\DriverHelper.cs:line 233
   at PegasusTests.PageHelper.LoginAsCorpHelper.ClickElement(String xmlNode) in d:\pegqa\TestAutomationProject\PegasusTests\PageHelper\Corp\LoginAsCorpHelper.cs:line 58
   at PegasusTests.Scripts.ClientsTests.ResdualIncomeAdjustmentTool.resdualIncomeAdjustmentTool() in d:\pegqa\TestAutomationProject\PegasusTests\Scripts\Corp\ResdualIncomeAdjustmentTool.cs:line 41
</StackTrace>
        </ErrorInfo>
      </Output>
    </UnitTestResult>
    <UnitTestResult executionId="5d130241-3dee-47f6-b298-1467128ea5c6" testId="7a170954-c454-2991-a308-fd88b2a4a618" testName="residualIncomeRevenueShareSetup" computerName="USER-PC" duration="00:00:54.3580306" startTime="2015-08-11T01:39:33.2880817+05:30" endTime="2015-08-11T01:40:27.6491910+05:30" testType="13cdc9d9-ddb5-4fa4-a97d-d965ccfc6d4b" outcome="Failed" testListId="8c84fa94-04c1-424b-9868-57a2d4851a1d" relativeResultsDirectory="5d130241-3dee-47f6-b298-1467128ea5c6">
      <Output>
        <ErrorInfo>
          <Message>Assert.IsTrue failed. </Message>
          <StackTrace>   at PegasusTests.PageHelper.Comm.DriverHelper.Click(String locator) in d:\pegqa\TestAutomationProject\PegasusTests\PageHelper\Comm\DriverHelper.cs:line 233
   at PegasusTests.PageHelper.LoginAsCorpHelper.ClickElement(String xmlNode) in d:\pegqa\TestAutomationProject\PegasusTests\PageHelper\Corp\LoginAsCorpHelper.cs:line 58
   at PegasusTests.Scripts.ClientsTests.ResidualIncomeRevenueShareSetup.residualIncomeRevenueShareSetup() in d:\pegqa\TestAutomationProject\PegasusTests\Scripts\Corp\ResidualIncomeRevenueShareSetup.cs:line 41
</StackTrace>
        </ErrorInfo>
      </Output>
    </UnitTestResult>
    <UnitTestResult executionId="f22c73fb-60a9-494a-b237-d717190f378d" testId="7df66986-444a-4ee4-fa75-e242461b029a" testName="loginAsCorp" computerName="USER-PC" duration="00:00:54.4232554" startTime="2015-08-11T01:40:27.6491910+05:30" endTime="2015-08-11T01:41:22.0743039+05:30" testType="13cdc9d9-ddb5-4fa4-a97d-d965ccfc6d4b" outcome="Failed" testListId="8c84fa94-04c1-424b-9868-57a2d4851a1d" relativeResultsDirectory="f22c73fb-60a9-494a-b237-d717190f378d">
      <Output>
        <ErrorInfo>
          <Message>Assert.IsTrue failed. </Message>
          <StackTrace>   at PegasusTests.PageHelper.Comm.DriverHelper.Click(String locator) in d:\pegqa\TestAutomationProject\PegasusTests\PageHelper\Comm\DriverHelper.cs:line 233
   at PegasusTests.PageHelper.LoginAsCorpHelper.ClickElement(String xmlNode) in d:\pegqa\TestAutomationProject\PegasusTests\PageHelper\Corp\LoginAsCorpHelper.cs:line 58
   at PegasusTests.Scripts.ClientsTests.LoginAsCorp.loginAsCorp() in d:\pegqa\TestAutomationProject\PegasusTests\Scripts\Corp\LoginAsCorp.cs:line 35
</StackTrace>
        </ErrorInfo>
      </Output>
    </UnitTestResult>
    <UnitTestResult executionId="bf2873e5-9f90-4312-b9ee-8f3a671863bd" testId="e3349a80-72da-5993-16f5-7d7ace3ca358" testName="createEmployee" computerName="USER-PC" duration="00:01:32.6453245" startTime="2015-08-11T01:41:22.0743039+05:30" endTime="2015-08-11T01:42:54.7216031+05:30" testType="13cdc9d9-ddb5-4fa4-a97d-d965ccfc6d4b" outcome="Failed" testListId="8c84fa94-04c1-424b-9868-57a2d4851a1d" relativeResultsDirectory="bf2873e5-9f90-4312-b9ee-8f3a671863bd">
      <Output>
        <ErrorInfo>
          <Message>Assert.IsTrue failed. </Message>
          <StackTrace>   at PegasusTests.PageHelper.Comm.DriverHelper.Click(String locator) in d:\pegqa\TestAutomationProject\PegasusTests\PageHelper\Comm\DriverHelper.cs:line 233
   at PegasusTests.PageHelper.CreateEmployeeCorp.ClickElement(String xmlNode) in d:\pegqa\TestAutomationProject\PegasusTests\PageHelper\CreateEmployeeCorp.cs:line 51
   at PegasusTests.Scripts.Corp.CreateEmployee.createEmployee() in d:\pegqa\TestAutomationProject\PegasusTests\Scripts\Corp\CreateEmployee.cs:line 40
</StackTrace>
        </ErrorInfo>
      </Output>
    </UnitTestResult>
    <UnitTestResult executionId="33d14a47-d67d-4581-9a6c-aa646366472b" testId="3d8e31e1-bb9c-99dc-a4dc-caefa06bdb17" testName="createAvatars" computerName="USER-PC" duration="00:00:56.3180119" startTime="2015-08-11T01:42:54.7216031+05:30" endTime="2015-08-11T01:43:51.0418244+05:30" testType="13cdc9d9-ddb5-4fa4-a97d-d965ccfc6d4b" outcome="Failed" testListId="8c84fa94-04c1-424b-9868-57a2d4851a1d" relativeResultsDirectory="33d14a47-d67d-4581-9a6c-aa646366472b">
      <Output>
        <ErrorInfo>
          <Message>Assert.IsTrue failed. </Message>
          <StackTrace>   at PegasusTests.PageHelper.Comm.DriverHelper.Click(String locator) in d:\pegqa\TestAutomationProject\PegasusTests\PageHelper\Comm\DriverHelper.cs:line 233
   at PegasusTests.PageHelper.CreateAvatarsHelper.ClickElement(String xmlNode) in d:\pegqa\TestAutomationProject\PegasusTests\PageHelper\CreateAvatarsHelper.cs:line 51
   at PegasusTests.Scripts.Corp.CreateAvatars.createAvatars() in d:\pegqa\TestAutomationProject\PegasusTests\Scripts\Corp\CreateAvatars.cs:line 40
</StackTrace>
        </ErrorInfo>
      </Output>
    </UnitTestResult>
    <UnitTestResult executionId="6b42a9a3-b4d0-4596-95fc-6c5843dc16f7" testId="3c9a0942-4a69-ff0d-2430-9da906261fa9" testName="createPricingPlan" computerName="USER-PC" duration="00:00:55.5575543" startTime="2015-08-11T01:43:51.0418244+05:30" endTime="2015-08-11T01:44:46.6010022+05:30" testType="13cdc9d9-ddb5-4fa4-a97d-d965ccfc6d4b" outcome="Failed" testListId="8c84fa94-04c1-424b-9868-57a2d4851a1d" relativeResultsDirectory="6b42a9a3-b4d0-4596-95fc-6c5843dc16f7">
      <Output>
        <ErrorInfo>
          <Message>Assert.IsTrue failed. </Message>
          <StackTrace>   at PegasusTests.PageHelper.Comm.DriverHelper.Click(String locator) in d:\pegqa\TestAutomationProject\PegasusTests\PageHelper\Comm\DriverHelper.cs:line 233
   at PegasusTests.PageHelper.CreatePricingPlanHelper.ClickElement(String xmlNode) in d:\pegqa\TestAutomationProject\PegasusTests\PageHelper\CreatePricingPlanHelper.cs:line 51
   at PegasusTests.Scripts.Corp.CreatePricingPlan.createPricingPlan() in d:\pegqa\TestAutomationProject\PegasusTests\Scripts\Corp\CreatePricingPlan.cs:line 34
</StackTrace>
        </ErrorInfo>
      </Output>
    </UnitTestResult>
    <UnitTestResult executionId="19e52afe-ab86-4c85-8e64-e1254d196042" testId="f963723c-69c5-d98e-f2b7-66c84d0ef571" testName="merchnatType" computerName="USER-PC" duration="00:00:54.8107440" startTime="2015-08-11T01:44:46.6010022+05:30" endTime="2015-08-11T01:45:41.4141373+05:30" testType="13cdc9d9-ddb5-4fa4-a97d-d965ccfc6d4b" outcome="Failed" testListId="8c84fa94-04c1-424b-9868-57a2d4851a1d" relativeResultsDirectory="19e52afe-ab86-4c85-8e64-e1254d196042">
      <Output>
        <ErrorInfo>
          <Message>Assert.IsTrue failed. </Message>
          <StackTrace>   at PegasusTests.PageHelper.Comm.DriverHelper.Click(String locator) in d:\pegqa\TestAutomationProject\PegasusTests\PageHelper\Comm\DriverHelper.cs:line 233
   at PegasusTests.PageHelper.CreateMerchantTypeHelper.ClickElement(String xmlNode) in d:\pegqa\TestAutomationProject\PegasusTests\PageHelper\CreateMerchantTypeHelper.cs:line 51
   at PegasusTests.Scripts.Corp.CreateMerchnatType.merchnatType() in d:\pegqa\TestAutomationProject\PegasusTests\Scripts\Corp\CreateMerchnatType.cs:line 34
</StackTrace>
        </ErrorInfo>
      </Output>
    </UnitTestResult>
    <UnitTestResult executionId="dcebdb69-4d30-43ce-b63c-200fe655267b" testId="d92b19d9-fdbf-ff75-6ddb-e6687f2925b2" testName="amexRatesPushToOffice" computerName="USER-PC" duration="00:00:55.3615459" startTime="2015-08-11T01:45:41.4141373+05:30" endTime="2015-08-11T01:46:36.7773039+05:30" testType="13cdc9d9-ddb5-4fa4-a97d-d965ccfc6d4b" outcome="Failed" testListId="8c84fa94-04c1-424b-9868-57a2d4851a1d" relativeResultsDirectory="dcebdb69-4d30-43ce-b63c-200fe655267b">
      <Output>
        <ErrorInfo>
          <Message>Assert.IsTrue failed. </Message>
          <StackTrace>   at PegasusTests.PageHelper.Comm.DriverHelper.Click(String locator) in d:\pegqa\TestAutomationProject\PegasusTests\PageHelper\Comm\DriverHelper.cs:line 233
   at PegasusTests.PageHelper.CreateAmexRateHelper.ClickElement(String xmlNode) in d:\pegqa\TestAutomationProject\PegasusTests\PageHelper\CreateAmexRateHelper.cs:line 51
   at PegasusTests.Scripts.Corp.AmexRatesPushToOffice.amexRatesPushToOffice() in d:\pegqa\TestAutomationProject\PegasusTests\Scripts\Corp\AmexRatesPushToOffice.cs:line 37
</StackTrace>
        </ErrorInfo>
      </Output>
    </UnitTestResult>
    <UnitTestResult executionId="695dffd6-69cb-413b-955d-85e4000c63cc" testId="10f5d51b-13d5-2ace-1b40-88e4885c0a0b" testName="deleteOpportunities" computerName="USER-PC" duration="00:00:44.7019205" startTime="2015-08-11T01:46:36.7773039+05:30" endTime="2015-08-11T01:47:21.4798608+05:30" testType="13cdc9d9-ddb5-4fa4-a97d-d965ccfc6d4b" outcome="Failed" testListId="8c84fa94-04c1-424b-9868-57a2d4851a1d" relativeResultsDirectory="695dffd6-69cb-413b-955d-85e4000c63cc">
      <Output>
        <StdOut>Logged in as: AslamKhan / 1qaz!QAZ
Redirected at Dashboard screen.</StdOut>
        <ErrorInfo>
          <Message>Assert.IsTrue failed. </Message>
          <StackTrace>   at PegasusTests.PageHelper.Comm.DriverHelper.Click(String locator) in d:\pegqa\TestAutomationProject\PegasusTests\PageHelper\Comm\DriverHelper.cs:line 233
   at PegasusTests.PageHelper.DeleteOpportunitiesHelper.ClickOnButton(String Node) in d:\pegqa\TestAutomationProject\PegasusTests\PageHelper\DeleteOpportunitiesHelper.cs:line 20
   at PegasusTests.Scripts.ClientsTests.DeleteOpportunities.deleteOpportunities() in d:\pegqa\TestAutomationProject\PegasusTests\Scripts\ClientsTests\DeleteOpportunities.cs:line 38
</StackTrace>
        </ErrorInfo>
      </Output>
    </UnitTestResult>
    <UnitTestResult executionId="6ae87509-1cfb-4f02-8083-7ec7af83bbee" testId="d88bd7d2-8d38-8f6a-8bdf-b2aa6c86f783" testName="mergeClients" computerName="USER-PC" duration="00:00:48.3115516" startTime="2015-08-11T01:47:21.4808608+05:30" endTime="2015-08-11T01:48:09.7936241+05:30" testType="13cdc9d9-ddb5-4fa4-a97d-d965ccfc6d4b" outcome="Failed" testListId="8c84fa94-04c1-424b-9868-57a2d4851a1d" relativeResultsDirectory="6ae87509-1cfb-4f02-8083-7ec7af83bbee">
      <Output>
        <StdOut>Logged in as: AslamKhan / 1qaz!QAZ
Redirected at Dashboard screen.</StdOut>
        <ErrorInfo>
          <Message>Assert.IsTrue failed. </Message>
          <StackTrace>   at PegasusTests.PageHelper.Comm.DriverHelper.Click(String locator) in d:\pegqa\TestAutomationProject\PegasusTests\PageHelper\Comm\DriverHelper.cs:line 233
   at PegasusTests.PageHelper.MergeClientHelper.ClickElement(String XmlNode) in d:\pegqa\TestAutomationProject\PegasusTests\PageHelper\MergeClientHelper.cs:line 23
   at PegasusTests.Scripts.ClientsTests.MergeClients.mergeClients() in d:\pegqa\TestAutomationProject\PegasusTests\Scripts\ClientsTests\MergeClients.cs:line 39
</StackTrace>
        </ErrorInfo>
      </Output>
    </UnitTestResult>
    <UnitTestResult executionId="10b6b57d-993e-47d8-ab0d-54ac2cd02742" testId="a53e6525-87bd-37fd-ea0f-55a5bfffa523" testName="createPDFs" computerName="USER-PC" duration="00:00:48.9098192" startTime="2015-08-11T01:48:09.7936241+05:30" endTime="2015-08-11T01:48:58.7044217+05:30" testType="13cdc9d9-ddb5-4fa4-a97d-d965ccfc6d4b" outcome="Failed" testListId="8c84fa94-04c1-424b-9868-57a2d4851a1d" relativeResultsDirectory="10b6b57d-993e-47d8-ab0d-54ac2cd02742">
      <Output>
        <StdOut>Logged in as: AslamKhan / 1qaz!QAZ
Redirected at Dashboard screen.</StdOut>
        <ErrorInfo>
          <Message>Assert.IsTrue failed. </Message>
          <StackTrace>   at PegasusTests.PageHelper.Comm.DriverHelper.Click(String locator) in d:\pegqa\TestAutomationProject\PegasusTests\PageHelper\Comm\DriverHelper.cs:line 233
   at PegasusTests.PageHelper.CreatePDFsHelper.ClickElement(String XmlNode) in d:\pegqa\TestAutomationProject\PegasusTests\PageHelper\CreatePDFsHelper.cs:line 23
   at PegasusTests.Scripts.ClientsTests.CreatePDFs.createPDFs() in d:\pegqa\TestAutomationProject\PegasusTests\Scripts\ClientsTests\CreatePDFs.cs:line 39
</StackTrace>
        </ErrorInfo>
      </Output>
    </UnitTestResult>
    <UnitTestResult executionId="82e1456d-634d-4de1-b453-44356a37d457" testId="f4b03900-22f4-35c9-c034-ec16ec3c2e1d" testName="covertOpportuntiestoLead" computerName="USER-PC" duration="00:00:49.1596026" startTime="2015-08-11T01:48:58.7054217+05:30" endTime="2015-08-11T01:49:47.8662336+05:30" testType="13cdc9d9-ddb5-4fa4-a97d-d965ccfc6d4b" outcome="Failed" testListId="8c84fa94-04c1-424b-9868-57a2d4851a1d" relativeResultsDirectory="82e1456d-634d-4de1-b453-44356a37d457">
      <Output>
        <StdOut>Logged in as: AslamKhan / 1qaz!QAZ
Redirected at Dashboard screen.</StdOut>
        <ErrorInfo>
          <Message>Assert.IsTrue failed. </Message>
          <StackTrace>   at PegasusTests.PageHelper.Comm.DriverHelper.Click(String locator) in d:\pegqa\TestAutomationProject\PegasusTests\PageHelper\Comm\DriverHelper.cs:line 233
   at PegasusTests.PageHelper.ConvertOppotunitiesToLeadHelper.ClickOnButton(String Node) in d:\pegqa\TestAutomationProject\PegasusTests\PageHelper\CovertOppotunitiesToLeadHelper.cs:line 20
   at PegasusTests.Scripts.ClientsTests.CovertOpportuntiestoLead.covertOpportuntiestoLead() in d:\pegqa\TestAutomationProject\PegasusTests\Scripts\ClientsTests\CovertOpportuntiestoLead.cs:line 39
</StackTrace>
        </ErrorInfo>
      </Output>
    </UnitTestResult>
    <UnitTestResult executionId="29a34c9f-747d-41db-913a-4ae62dc21ea2" testId="0140ca1e-d7df-61d7-0e5e-96c0eaefd780" testName="createLanguage" computerName="USER-PC" duration="00:01:07.9233409" startTime="2015-08-11T01:49:47.8662336+05:30" endTime="2015-08-11T01:50:55.7921187+05:30" testType="13cdc9d9-ddb5-4fa4-a97d-d965ccfc6d4b" outcome="Failed" testListId="8c84fa94-04c1-424b-9868-57a2d4851a1d" relativeResultsDirectory="29a34c9f-747d-41db-913a-4ae62dc21ea2">
      <Output>
        <StdOut>Logged in as: AslamKhan / 1qaz!QAZ
Redirected at Dashboard screen.</StdOut>
        <ErrorInfo>
          <Message>Assert.IsTrue failed. </Message>
          <StackTrace>   at PegasusTests.PageHelper.Comm.DriverHelper.Click(String locator) in d:\pegqa\TestAutomationProject\PegasusTests\PageHelper\Comm\DriverHelper.cs:line 233
   at PegasusTests.PageHelper.CreateLanguageHelper.ClickElement(String xmlNode) in d:\pegqa\TestAutomationProject\PegasusTests\PageHelper\CreateLanguageHelper.cs:line 51
   at PegasusTests.Scripts.ClientsTests.CreateLanguage.createLanguage() in d:\pegqa\TestAutomationProject\PegasusTests\Scripts\Admin\CreateLanguage.cs:line 42
</StackTrace>
        </ErrorInfo>
      </Output>
    </UnitTestResult>
    <UnitTestResult executionId="0b1ffa04-7ce9-497a-a46f-ca6225ba06d6" testId="2f9b893c-3fc9-a6f7-df2f-a3475076b715" testName="createDashboard" computerName="USER-PC" duration="00:01:11.1452823" startTime="2015-08-11T01:50:55.7921187+05:30" endTime="2015-08-11T01:52:06.9391881+05:30" testType="13cdc9d9-ddb5-4fa4-a97d-d965ccfc6d4b" outcome="Failed" testListId="8c84fa94-04c1-424b-9868-57a2d4851a1d" relativeResultsDirectory="0b1ffa04-7ce9-497a-a46f-ca6225ba06d6">
      <Output>
        <StdOut>Logged in as: AslamKhan / 1qaz!QAZ
Redirected at Dashboard screen.</StdOut>
        <ErrorInfo>
          <Message>Assert.IsTrue failed. </Message>
          <StackTrace>   at PegasusTests.PageHelper.Comm.DriverHelper.Click(String locator) in d:\pegqa\TestAutomationProject\PegasusTests\PageHelper\Comm\DriverHelper.cs:line 233
   at PegasusTests.PageHelper.CreateDashboardHelper.ClickElement(String xmlNode) in d:\pegqa\TestAutomationProject\PegasusTests\PageHelper\CreateDashboardHelper.cs:line 50
   at PegasusTests.Scripts.ClientsTests.CreateDashboard.createDashboard() in d:\pegqa\TestAutomationProject\PegasusTests\Scripts\ClientsTests\CreateDashboard.cs:line 43
</StackTrace>
        </ErrorInfo>
      </Output>
    </UnitTestResult>
    <UnitTestResult executionId="fa848499-1193-4139-adf6-dfe4dcad8610" testId="9197fdf9-bb8d-6a49-8867-67f3700c3b50" testName="createProcessor" computerName="USER-PC" duration="00:01:00.8716925" startTime="2015-08-11T01:52:06.9391881+05:30" endTime="2015-08-11T01:53:07.8126699+05:30" testType="13cdc9d9-ddb5-4fa4-a97d-d965ccfc6d4b" outcome="Failed" testListId="8c84fa94-04c1-424b-9868-57a2d4851a1d" relativeResultsDirectory="fa848499-1193-4139-adf6-dfe4dcad8610">
      <Output>
        <ErrorInfo>
          <Message>Assert.IsTrue failed. </Message>
          <StackTrace>   at PegasusTests.PageHelper.Comm.DriverHelper.Click(String locator) in d:\pegqa\TestAutomationProject\PegasusTests\PageHelper\Comm\DriverHelper.cs:line 233
   at PegasusTests.PageHelper.CreateProcessorHelper.ClickElement(String xmlNode) in d:\pegqa\TestAutomationProject\PegasusTests\PageHelper\CreateProcessorHelper.cs:line 51
   at PegasusTests.Scripts.Corp.CreateProcessor.createProcessor() in d:\pegqa\TestAutomationProject\PegasusTests\Scripts\Corp\CreateProcessor.cs:line 40
</StackTrace>
        </ErrorInfo>
      </Output>
    </UnitTestResult>
    <UnitTestResult executionId="ae7ae455-476d-47f6-bbf4-806a50365911" testId="ce8f631d-a4bd-0798-efdf-26c9533ababd" testName="deletePublihedFileRI" computerName="USER-PC" duration="00:00:56.4136003" startTime="2015-08-11T01:53:07.8126699+05:30" endTime="2015-08-11T01:54:04.2278966+05:30" testType="13cdc9d9-ddb5-4fa4-a97d-d965ccfc6d4b" outcome="Failed" testListId="8c84fa94-04c1-424b-9868-57a2d4851a1d" relativeResultsDirectory="ae7ae455-476d-47f6-bbf4-806a50365911">
      <Output>
        <ErrorInfo>
          <Message>Assert.IsTrue failed. </Message>
          <StackTrace>   at PegasusTests.PageHelper.Comm.DriverHelper.Click(String locator) in d:\pegqa\TestAutomationProject\PegasusTests\PageHelper\Comm\DriverHelper.cs:line 233
   at PegasusTests.PageHelper.LoginAsCorpHelper.ClickElement(String xmlNode) in d:\pegqa\TestAutomationProject\PegasusTests\PageHelper\Corp\LoginAsCorpHelper.cs:line 58
   at PegasusTests.Scripts.ClientsTests.DeletePublihedFileRI.deletePublihedFileRI() in d:\pegqa\TestAutomationProject\PegasusTests\Scripts\Corp\DeletePublihedFileRI.cs:line 41
</StackTrace>
        </ErrorInfo>
      </Output>
    </UnitTestResult>
    <UnitTestResult executionId="3859265f-a6e4-4d38-908b-405cafa410c6" testId="6e69eb07-d95e-ed5b-e439-0a6d19067e3d" testName="editOffice" computerName="USER-PC" duration="00:01:31.5119510" startTime="2015-08-11T01:54:04.2278966+05:30" endTime="2015-08-11T01:55:35.7431310+05:30" testType="13cdc9d9-ddb5-4fa4-a97d-d965ccfc6d4b" outcome="Failed" testListId="8c84fa94-04c1-424b-9868-57a2d4851a1d" relativeResultsDirectory="3859265f-a6e4-4d38-908b-405cafa410c6">
      <Output>
        <ErrorInfo>
          <Message>Assert.IsTrue failed. </Message>
          <StackTrace>   at PegasusTests.PageHelper.Comm.DriverHelper.Click(String locator) in d:\pegqa\TestAutomationProject\PegasusTests\PageHelper\Comm\DriverHelper.cs:line 233
   at PegasusTests.PageHelper.EditOfficeHelper.ClickElement(String xmlNode) in d:\pegqa\TestAutomationProject\PegasusTests\PageHelper\EditOfficeHelper.cs:line 51
   at PegasusTests.Scripts.Corp.EditOffice.editOffice() in d:\pegqa\TestAutomationProject\PegasusTests\Scripts\Corp\EditOffice.cs:line 34
</StackTrace>
        </ErrorInfo>
      </Output>
    </UnitTestResult>
    <UnitTestResult executionId="963cbbac-0475-4ae0-b22a-892d3e5f3192" testId="65c1e37b-d8fd-1b09-1a97-c921dd96bb57" testName="createOffice" computerName="USER-PC" duration="00:01:33.8935218" startTime="2015-08-11T01:55:35.7431310+05:30" endTime="2015-08-11T01:57:09.6385015+05:30" testType="13cdc9d9-ddb5-4fa4-a97d-d965ccfc6d4b" outcome="Failed" testListId="8c84fa94-04c1-424b-9868-57a2d4851a1d" relativeResultsDirectory="963cbbac-0475-4ae0-b22a-892d3e5f3192">
      <Output>
        <ErrorInfo>
          <Message>Assert.IsTrue failed. </Message>
          <StackTrace>   at PegasusTests.PageHelper.Comm.DriverHelper.Click(String locator) in d:\pegqa\TestAutomationProject\PegasusTests\PageHelper\Comm\DriverHelper.cs:line 233
   at PegasusTests.PageHelper.CreateOfficeHelper.ClickElement(String xmlNode) in d:\pegqa\TestAutomationProject\PegasusTests\PageHelper\Corp\CreateOfficeHelper.cs:line 51
   at PegasusTests.Scripts.Corp.CreateOffice.createOffice() in d:\pegqa\TestAutomationProject\PegasusTests\Scripts\Corp\CreateOffice.cs:line 41
</StackTrace>
        </ErrorInfo>
      </Output>
    </UnitTestResult>
    <UnitTestResult executionId="82d440f9-0259-4c25-aeb6-83dd0e99e065" testId="f402cbe4-efcf-8a82-f35b-fc6e0c004c32" testName="partnerAssociationCodes" computerName="USER-PC" duration="00:01:55.0696756" startTime="2015-08-11T01:57:09.6395016+05:30" endTime="2015-08-11T01:59:04.7110833+05:30" testType="13cdc9d9-ddb5-4fa4-a97d-d965ccfc6d4b" outcome="Failed" testListId="8c84fa94-04c1-424b-9868-57a2d4851a1d" relativeResultsDirectory="82d440f9-0259-4c25-aeb6-83dd0e99e065">
      <Output>
        <StdOut>Logged in as: AslamKhan / 1qaz!QAZ
Redirected at Dashboard screen.</StdOut>
        <ErrorInfo>
          <Message>Assert.IsTrue failed. </Message>
          <StackTrace>   at PegasusTests.PageHelper.Comm.DriverHelper.Click(String locator) in d:\pegqa\TestAutomationProject\PegasusTests\PageHelper\Comm\DriverHelper.cs:line 233
   at PegasusTests.PageHelper.PartnnerAssociationCodeHelper.ClickElement(String xmlNode) in d:\pegqa\TestAutomationProject\PegasusTests\PageHelper\PartnnerAssociationCodeHelper.cs:line 52
   at PegasusTests.Scripts.ClientsTests.PartnerAssociationCodes.partnerAssociationCodes() in d:\pegqa\TestAutomationProject\PegasusTests\Scripts\ClientsTests\PartnerAssociationCodes.cs:line 41
</StackTrace>
        </ErrorInfo>
      </Output>
    </UnitTestResult>
    <UnitTestResult executionId="046024b3-265a-4c1d-b847-5e58dc8bcb35" testId="af0010d2-89e3-4ac2-cef5-1301f3cdbce0" testName="employeeAgentCode" computerName="USER-PC" duration="00:01:41.3888343" startTime="2015-08-11T01:59:04.7120833+05:30" endTime="2015-08-11T02:00:46.1028826+05:30" testType="13cdc9d9-ddb5-4fa4-a97d-d965ccfc6d4b" outcome="Failed" testListId="8c84fa94-04c1-424b-9868-57a2d4851a1d" relativeResultsDirectory="046024b3-265a-4c1d-b847-5e58dc8bcb35">
      <Output>
        <StdOut>Logged in as: AslamKhan / 1qaz!QAZ
Redirected at Dashboard screen.</StdOut>
        <ErrorInfo>
          <Message>Assert.IsTrue failed. </Message>
          <StackTrace>   at PegasusTests.PageHelper.Comm.DriverHelper.Click(String locator) in d:\pegqa\TestAutomationProject\PegasusTests\PageHelper\Comm\DriverHelper.cs:line 233
   at PegasusTests.PageHelper.EmployeeAgentCodeHelper.ClickElement(String xmlNode) in d:\pegqa\TestAutomationProject\PegasusTests\PageHelper\EmployeeAgentCodeHelper.cs:line 52
   at PegasusTests.Scripts.ClientsTests.EmployeeAgentCode.employeeAgentCode() in d:\pegqa\TestAutomationProject\PegasusTests\Scripts\ClientsTests\EmployeeAgentCode.cs:line 41
</StackTrace>
        </ErrorInfo>
      </Output>
    </UnitTestResult>
    <UnitTestResult executionId="d116eb7a-1215-4d11-a7b3-a697763c3c81" testId="f05c8d9c-2414-18ef-025e-39dcc970e9fd" testName="saleAgentCode" computerName="USER-PC" duration="00:01:43.9951860" startTime="2015-08-11T02:00:46.1028826+05:30" endTime="2015-08-11T02:02:30.1008309+05:30" testType="13cdc9d9-ddb5-4fa4-a97d-d965ccfc6d4b" outcome="Failed" testListId="8c84fa94-04c1-424b-9868-57a2d4851a1d" relativeResultsDirectory="d116eb7a-1215-4d11-a7b3-a697763c3c81">
      <Output>
        <StdOut>Logged in as: AslamKhan / 1qaz!QAZ
Redirected at Dashboard screen.</StdOut>
        <ErrorInfo>
          <Message>Assert.IsTrue failed. </Message>
          <StackTrace>   at PegasusTests.PageHelper.Comm.DriverHelper.Click(String locator) in d:\pegqa\TestAutomationProject\PegasusTests\PageHelper\Comm\DriverHelper.cs:line 233
   at PegasusTests.PageHelper.SaleAgentCodeHelper.ClickElement(String xmlNode) in d:\pegqa\TestAutomationProject\PegasusTests\PageHelper\SaleAgentCodeHelper.cs:line 52
   at PegasusTests.Scripts.ClientsTests.SaleAgentCode.saleAgentCode() in d:\pegqa\TestAutomationProject\PegasusTests\Scripts\ClientsTests\SaleAgentCode.cs:line 41
</StackTrace>
        </ErrorInfo>
      </Output>
    </UnitTestResult>
    <UnitTestResult executionId="17282665-18f7-4159-8c61-b0d5f8c1d95b" testId="96f0ce2e-3131-59a9-686e-d4448af92ee1" testName="importAndCalculationRI" computerName="USER-PC" duration="00:00:55.3746429" startTime="2015-08-11T02:02:30.1028310+05:30" endTime="2015-08-11T02:03:25.4789984+05:30" testType="13cdc9d9-ddb5-4fa4-a97d-d965ccfc6d4b" outcome="Failed" testListId="8c84fa94-04c1-424b-9868-57a2d4851a1d" relativeResultsDirectory="17282665-18f7-4159-8c61-b0d5f8c1d95b">
      <Output>
        <ErrorInfo>
          <Message>Assert.IsTrue failed. </Message>
          <StackTrace>   at PegasusTests.PageHelper.Comm.DriverHelper.Click(String locator) in d:\pegqa\TestAutomationProject\PegasusTests\PageHelper\Comm\DriverHelper.cs:line 233
   at PegasusTests.PageHelper.LoginAsCorpHelper.ClickElement(String xmlNode) in d:\pegqa\TestAutomationProject\PegasusTests\PageHelper\Corp\LoginAsCorpHelper.cs:line 58
   at PegasusTests.Scripts.ClientsTests.ImportAndCalculationRI.importAndCalculationRI() in d:\pegqa\TestAutomationProject\PegasusTests\Scripts\Corp\ImportAndCalculationRI.cs:line 37
</StackTrace>
        </ErrorInfo>
      </Output>
    </UnitTestResult>
    <UnitTestResult executionId="7d7a845b-080e-44a1-9496-c70c92df630b" testId="8785145b-0c97-2398-30be-2ae245b47618" testName="editReport" computerName="USER-PC" duration="00:01:05.3333202" startTime="2015-08-11T02:03:25.4789984+05:30" endTime="2015-08-11T02:04:30.8137353+05:30" testType="13cdc9d9-ddb5-4fa4-a97d-d965ccfc6d4b" outcome="Failed" testListId="8c84fa94-04c1-424b-9868-57a2d4851a1d" relativeResultsDirectory="7d7a845b-080e-44a1-9496-c70c92df630b">
      <Output>
        <StdOut>Logged in as: AslamKhan / 1qaz!QAZ
Redirected at Dashboard screen.</StdOut>
        <ErrorInfo>
          <Message>Assert.IsTrue failed. </Message>
          <StackTrace>   at PegasusTests.PageHelper.Comm.DriverHelper.Click(String locator) in d:\pegqa\TestAutomationProject\PegasusTests\PageHelper\Comm\DriverHelper.cs:line 233
   at PegasusTests.PageHelper.EditReportHelper.ClickElement(String xmlNode) in d:\pegqa\TestAutomationProject\PegasusTests\PageHelper\EditReportHelper.cs:line 50
   at PegasusTests.Scripts.ClientsTests.EditReport.editReport() in d:\pegqa\TestAutomationProject\PegasusTests\Scripts\ClientsTests\EditReport.cs:line 45
</StackTrace>
        </ErrorInfo>
      </Output>
    </UnitTestResult>
    <UnitTestResult executionId="f32a7770-f060-42d5-8b34-a22e23c5cc16" testId="b9b5cb07-d8d5-f72c-0385-77579d867391" testName="createReport" computerName="USER-PC" duration="00:01:04.8332310" startTime="2015-08-11T02:04:30.8147353+05:30" endTime="2015-08-11T02:05:35.6494437+05:30" testType="13cdc9d9-ddb5-4fa4-a97d-d965ccfc6d4b" outcome="Failed" testListId="8c84fa94-04c1-424b-9868-57a2d4851a1d" relativeResultsDirectory="f32a7770-f060-42d5-8b34-a22e23c5cc16">
      <Output>
        <StdOut>Logged in as: AslamKhan / 1qaz!QAZ
Redirected at Dashboard screen.</StdOut>
        <ErrorInfo>
          <Message>Assert.IsTrue failed. </Message>
          <StackTrace>   at PegasusTests.PageHelper.Comm.DriverHelper.Click(String locator) in d:\pegqa\TestAutomationProject\PegasusTests\PageHelper\Comm\DriverHelper.cs:line 233
   at PegasusTests.PageHelper.CreateReportHelper.ClickElement(String xmlNode) in d:\pegqa\TestAutomationProject\PegasusTests\PageHelper\CreateReportHelper.cs:line 50
   at PegasusTests.Scripts.ClientsTests.CreateReport.createReport() in d:\pegqa\TestAutomationProject\PegasusTests\Scripts\ClientsTests\CreateReport.cs:line 43
</StackTrace>
        </ErrorInfo>
      </Output>
    </UnitTestResult>
    <UnitTestResult executionId="77d32477-db55-4060-ad68-5d5b9f66bf3d" testId="132b0dfc-e1db-fd53-ae03-eb4bf9164062" testName="TestCreateOpportunities" computerName="USER-PC" duration="00:00:45.0161263" startTime="2015-08-11T02:05:35.6494437+05:30" endTime="2015-08-11T02:06:20.6670185+05:30" testType="13cdc9d9-ddb5-4fa4-a97d-d965ccfc6d4b" outcome="Failed" testListId="8c84fa94-04c1-424b-9868-57a2d4851a1d" relativeResultsDirectory="77d32477-db55-4060-ad68-5d5b9f66bf3d">
      <Output>
        <StdOut>Logged in as: AslamKhan / 1qaz!QAZ
Redirected at Dashboard screen.</StdOut>
        <ErrorInfo>
          <Message>Assert.IsTrue failed. </Message>
          <StackTrace>   at PegasusTests.PageHelper.Comm.DriverHelper.Click(String locator) in d:\pegqa\TestAutomationProject\PegasusTests\PageHelper\Comm\DriverHelper.cs:line 233
   at PegasusTests.PageHelper.OpportunitiesHelper.ClickOnButton(String Node) in d:\pegqa\TestAutomationProject\PegasusTests\PageHelper\OpportunitiesHelper.cs:line 20
   at PegasusTests.Scripts.ClientsTests.CreateOpportunities.TestCreateOpportunities() in d:\pegqa\TestAutomationProject\PegasusTests\Scripts\ClientsTests\CreateOpportunities.cs:line 37
</StackTrace>
        </ErrorInfo>
      </Output>
    </UnitTestResult>
    <UnitTestResult executionId="0db8e9a9-a42d-4e26-9386-3c581cb348fd" testId="5dcb25ce-f333-3371-a25b-dde656ce504f" testName="leadMarketing" computerName="USER-PC" duration="00:01:06.8629333" startTime="2015-08-11T02:06:20.6670185+05:30" endTime="2015-08-11T02:07:27.5318430+05:30" testType="13cdc9d9-ddb5-4fa4-a97d-d965ccfc6d4b" outcome="Failed" testListId="8c84fa94-04c1-424b-9868-57a2d4851a1d" relativeResultsDirectory="0db8e9a9-a42d-4e26-9386-3c581cb348fd">
      <Output>
        <StdOut>Logged in as: AslamKhan / 1qaz!QAZ
Redirected at Dashboard screen.</StdOut>
        <ErrorInfo>
          <Message>Assert.IsTrue failed. </Message>
          <StackTrace>   at PegasusTests.PageHelper.Comm.DriverHelper.Click(String locator) in d:\pegqa\TestAutomationProject\PegasusTests\PageHelper\Comm\DriverHelper.cs:line 233
   at PegasusTests.PageHelper.LeadMarketingHelper.ClickElement(String xmlNode) in d:\pegqa\TestAutomationProject\PegasusTests\PageHelper\LeadMarketingHelper.cs:line 50
   at PegasusTests.Scripts.ClientsTests.LeadMarketing.leadMarketing() in d:\pegqa\TestAutomationProject\PegasusTests\Scripts\ClientsTests\LeadMarketing.cs:line 43
</StackTrace>
        </ErrorInfo>
      </Output>
    </UnitTestResult>
    <UnitTestResult executionId="673bccc5-5f63-4552-b1d1-49eee9657299" testId="b1d5e4eb-ed41-a498-560b-b06e89b4b54a" testName="leadTerminalsAndEquipments" computerName="USER-PC" duration="00:01:07.8768197" startTime="2015-08-11T02:07:27.5318430+05:30" endTime="2015-08-11T02:08:35.4107254+05:30" testType="13cdc9d9-ddb5-4fa4-a97d-d965ccfc6d4b" outcome="Failed" testListId="8c84fa94-04c1-424b-9868-57a2d4851a1d" relativeResultsDirectory="673bccc5-5f63-4552-b1d1-49eee9657299">
      <Output>
        <StdOut>Logged in as: AslamKhan / 1qaz!QAZ
Redirected at Dashboard screen.</StdOut>
        <ErrorInfo>
          <Message>Assert.IsTrue failed. </Message>
          <StackTrace>   at PegasusTests.PageHelper.Comm.DriverHelper.Click(String locator) in d:\pegqa\TestAutomationProject\PegasusTests\PageHelper\Comm\DriverHelper.cs:line 233
   at PegasusTests.PageHelper.LeadTerminalsAndEquipmentHelper.ClickElement(String xmlNode) in d:\pegqa\TestAutomationProject\PegasusTests\PageHelper\LeadTerminalsAndEquipmentHelper.cs:line 50
   at PegasusTests.Scripts.ClientsTests.LeadTerminalsAndEquipments.leadTerminalsAndEquipments() in d:\pegqa\TestAutomationProject\PegasusTests\Scripts\ClientsTests\LeadTerminalsAndEquipments.cs:line 43
</StackTrace>
        </ErrorInfo>
      </Output>
    </UnitTestResult>
    <UnitTestResult executionId="3964dfa2-aee7-4063-a7ba-2ae03a55d44c" testId="c324e651-44c1-cfcf-fa88-3fbad7cc5d32" testName="editOpportunities" computerName="USER-PC" duration="00:00:46.3371876" startTime="2015-08-11T02:08:35.4107254+05:30" endTime="2015-08-11T02:09:21.7493759+05:30" testType="13cdc9d9-ddb5-4fa4-a97d-d965ccfc6d4b" outcome="Failed" testListId="8c84fa94-04c1-424b-9868-57a2d4851a1d" relativeResultsDirectory="3964dfa2-aee7-4063-a7ba-2ae03a55d44c">
      <Output>
        <StdOut>Logged in as: AslamKhan / 1qaz!QAZ
Redirected at Dashboard screen.</StdOut>
        <ErrorInfo>
          <Message>Assert.IsTrue failed. </Message>
          <StackTrace>   at PegasusTests.PageHelper.Comm.DriverHelper.Click(String locator) in d:\pegqa\TestAutomationProject\PegasusTests\PageHelper\Comm\DriverHelper.cs:line 233
   at PegasusTests.PageHelper.EditOpportunitiesHelper.ClickOnButton(String Node) in d:\pegqa\TestAutomationProject\PegasusTests\PageHelper\EditOpportunitiesHelper.cs:line 20
   at PegasusTests.Scripts.ClientsTests.EditOpportunities.editOpportunities() in d:\pegqa\TestAutomationProject\PegasusTests\Scripts\ClientsTests\EditOpportunities.cs:line 38
</StackTrace>
        </ErrorInfo>
      </Output>
    </UnitTestResult>
    <UnitTestResult executionId="21f5e193-8166-4848-aa13-cef67d3a7770" testId="377822cc-3174-f5a3-a3bb-3efec62fcd8d" testName="leadRatesAndFees" computerName="USER-PC" duration="00:01:09.1040958" startTime="2015-08-11T02:09:21.7493759+05:30" endTime="2015-08-11T02:10:30.8553285+05:30" testType="13cdc9d9-ddb5-4fa4-a97d-d965ccfc6d4b" outcome="Failed" testListId="8c84fa94-04c1-424b-9868-57a2d4851a1d" relativeResultsDirectory="21f5e193-8166-4848-aa13-cef67d3a7770">
      <Output>
        <StdOut>Logged in as: AslamKhan / 1qaz!QAZ
Redirected at Dashboard screen.</StdOut>
        <ErrorInfo>
          <Message>Assert.IsTrue failed. </Message>
          <StackTrace>   at PegasusTests.PageHelper.Comm.DriverHelper.Click(String locator) in d:\pegqa\TestAutomationProject\PegasusTests\PageHelper\Comm\DriverHelper.cs:line 233
   at PegasusTests.PageHelper.LeadsRatesAndFeesHelper.ClickElement(String xmlNode) in d:\pegqa\TestAutomationProject\PegasusTests\PageHelper\LeadsRatesAndFeesHelper.cs:line 50
   at PegasusTests.Scripts.ClientsTests.LeadRatesAndFees.leadRatesAndFees() in d:\pegqa\TestAutomationProject\PegasusTests\Scripts\ClientsTests\LeadRatesAndFees.cs:line 43
</StackTrace>
        </ErrorInfo>
      </Output>
    </UnitTestResult>
    <UnitTestResult executionId="0011e6fb-3c80-4fa5-a9a8-0932a273a075" testId="9c33e055-9744-9e4b-1dad-f5dde395f625" testName="leadBusinessDetails" computerName="USER-PC" duration="00:01:06.8443809" startTime="2015-08-11T02:10:30.8553285+05:30" endTime="2015-08-11T02:11:37.7021519+05:30" testType="13cdc9d9-ddb5-4fa4-a97d-d965ccfc6d4b" outcome="Failed" testListId="8c84fa94-04c1-424b-9868-57a2d4851a1d" relativeResultsDirectory="0011e6fb-3c80-4fa5-a9a8-0932a273a075">
      <Output>
        <StdOut>Logged in as: AslamKhan / 1qaz!QAZ
Redirected at Dashboard screen.</StdOut>
        <ErrorInfo>
          <Message>Assert.IsTrue failed. </Message>
          <StackTrace>   at PegasusTests.PageHelper.Comm.DriverHelper.Click(String locator) in d:\pegqa\TestAutomationProject\PegasusTests\PageHelper\Comm\DriverHelper.cs:line 233
   at PegasusTests.PageHelper.LeadsBusinessDetailHelper.ClickElement(String xmlNode) in d:\pegqa\TestAutomationProject\PegasusTests\PageHelper\LeadsBusinessDetailHelper.cs:line 50
   at PegasusTests.Scripts.ClientsTests.LeadBusinessDetails.leadBusinessDetails() in d:\pegqa\TestAutomationProject\PegasusTests\Scripts\ClientsTests\LeadBusinessDetails.cs:line 43
</StackTrace>
        </ErrorInfo>
      </Output>
    </UnitTestResult>
    <UnitTestResult executionId="9dc5da2b-4b3e-403d-9301-a37d0c3ad629" testId="da0d5727-be04-2809-98e7-209be39ea364" testName="editLeads" computerName="USER-PC" duration="00:01:03.8110799" startTime="2015-08-11T02:11:37.7021519+05:30" endTime="2015-08-11T02:12:41.5148018+05:30" testType="13cdc9d9-ddb5-4fa4-a97d-d965ccfc6d4b" outcome="Failed" testListId="8c84fa94-04c1-424b-9868-57a2d4851a1d" relativeResultsDirectory="9dc5da2b-4b3e-403d-9301-a37d0c3ad629">
      <Output>
        <StdOut>Logged in as: AslamKhan / 1qaz!QAZ
Redirected at Dashboard screen.</StdOut>
        <ErrorInfo>
          <Message>Assert.IsTrue failed. </Message>
          <StackTrace>   at PegasusTests.PageHelper.Comm.DriverHelper.Click(String locator) in d:\pegqa\TestAutomationProject\PegasusTests\PageHelper\Comm\DriverHelper.cs:line 233
   at PegasusTests.PageHelper.EditLeadsHelper.ClickElement(String xmlNode) in d:\pegqa\TestAutomationProject\PegasusTests\PageHelper\EditLeadsHelper.cs:line 50
   at PegasusTests.Scripts.ClientsTests.EditLeads.editLeads() in d:\pegqa\TestAutomationProject\PegasusTests\Scripts\ClientsTests\EditLeads.cs:line 43
</StackTrace>
        </ErrorInfo>
      </Output>
    </UnitTestResult>
    <UnitTestResult executionId="494b7639-d2a9-4d55-82f2-5fb0f0af34b3" testId="490bab27-ccdf-de3f-fce1-7b7b394e0af5" testName="createPartnerDetail" computerName="USER-PC" duration="00:00:42.7408245" startTime="2015-08-11T02:12:41.5148018+05:30" endTime="2015-08-11T02:13:24.2572465+05:30" testType="13cdc9d9-ddb5-4fa4-a97d-d965ccfc6d4b" outcome="Failed" testListId="8c84fa94-04c1-424b-9868-57a2d4851a1d" relativeResultsDirectory="494b7639-d2a9-4d55-82f2-5fb0f0af34b3">
      <Output>
        <StdOut>Logged in as: AslamKhan / 1qaz!QAZ
Redirected at Dashboard screen.</StdOut>
        <ErrorInfo>
          <Message>Test method PegasusTests.Scripts.ClientsTests.CreatePartnerDetail.createPartnerDetail threw exception: 
OpenQA.Selenium.NoSuchElementException: no such element
  (Session info: chrome=44.0.2403.130)
  (Driver info: chromedriver=2.14.313457 (3d645c400edf2e2c500566c9aa096063e707c9cf),platform=Windows NT 6.1 SP1 x86_64)</Message>
          <StackTrace>    at OpenQA.Selenium.Remote.RemoteWebDriver.UnpackAndThrowOnError(Response errorResponse) in c:\Projects\webdriver\dotnet\src\webdriver\Remote\RemoteWebDriver.cs:line 1107
   at OpenQA.Selenium.Remote.RemoteWebDriver.Execute(String driverCommandToExecute, Dictionary`2 parameters) in c:\Projects\webdriver\dotnet\src\webdriver\Remote\RemoteWebDriver.cs:line 920
   at OpenQA.Selenium.Remote.RemoteWebDriver.FindElement(String mechanism, String value) in c:\Projects\webdriver\dotnet\src\webdriver\Remote\RemoteWebDriver.cs:line 954
   at OpenQA.Selenium.Remote.RemoteWebDriver.FindElementByXPath(String xpath) in c:\Projects\webdriver\dotnet\src\webdriver\Remote\RemoteWebDriver.cs:line 700
   at OpenQA.Selenium.By.&lt;&gt;c__DisplayClasse.&lt;XPath&gt;b__c(ISearchContext context) in c:\Projects\webdriver\dotnet\src\webdriver\By.cs:line 167
   at OpenQA.Selenium.By.FindElement(ISearchContext context) in c:\Projects\webdriver\dotnet\src\webdriver\By.cs:line 309
   at OpenQA.Selenium.Remote.RemoteWebDriver.FindElement(By by) in c:\Projects\webdriver\dotnet\src\webdriver\Remote\RemoteWebDriver.cs:line 330
   at PegasusTests.PageHelper.Comm.DriverHelper.MouseOver(String locator) in d:\pegqa\TestAutomationProject\PegasusTests\PageHelper\Comm\DriverHelper.cs:line 423
   at PegasusTests.PageHelper.PartnerAgentDetailHelper.MouseHover(String field) in d:\pegqa\TestAutomationProject\PegasusTests\PageHelper\PartnerAgentDetailHelper.cs:line 58
   at PegasusTests.Scripts.ClientsTests.CreatePartnerDetail.createPartnerDetail() in d:\pegqa\TestAutomationProject\PegasusTests\Scripts\ClientsTests\CreatePartnerDetail.cs:line 41
</StackTrace>
        </ErrorInfo>
      </Output>
    </UnitTestResult>
    <UnitTestResult executionId="176d438e-3c18-44cc-8439-37dc7d0bb379" testId="18e80da7-d049-773c-0921-0cebe4d5b0e0" testName="editPartnerAssociation" computerName="USER-PC" duration="00:00:47.2340699" startTime="2015-08-11T02:13:24.2572465+05:30" endTime="2015-08-11T02:14:11.4929482+05:30" testType="13cdc9d9-ddb5-4fa4-a97d-d965ccfc6d4b" outcome="Failed" testListId="8c84fa94-04c1-424b-9868-57a2d4851a1d" relativeResultsDirectory="176d438e-3c18-44cc-8439-37dc7d0bb379">
      <Output>
        <StdOut>Logged in as: AslamKhan / 1qaz!QAZ
Redirected at Dashboard screen.</StdOut>
        <ErrorInfo>
          <Message>Test method PegasusTests.Scripts.ClientsTests.EditPartnerAssociation.editPartnerAssociation threw exception: 
OpenQA.Selenium.NoSuchElementException: no such element
  (Session info: chrome=44.0.2403.130)
  (Driver info: chromedriver=2.14.313457 (3d645c400edf2e2c500566c9aa096063e707c9cf),platform=Windows NT 6.1 SP1 x86_64)</Message>
          <StackTrace>    at OpenQA.Selenium.Remote.RemoteWebDriver.UnpackAndThrowOnError(Response errorResponse) in c:\Projects\webdriver\dotnet\src\webdriver\Remote\RemoteWebDriver.cs:line 1107
   at OpenQA.Selenium.Remote.RemoteWebDriver.Execute(String driverCommandToExecute, Dictionary`2 parameters) in c:\Projects\webdriver\dotnet\src\webdriver\Remote\RemoteWebDriver.cs:line 920
   at OpenQA.Selenium.Remote.RemoteWebDriver.FindElement(String mechanism, String value) in c:\Projects\webdriver\dotnet\src\webdriver\Remote\RemoteWebDriver.cs:line 954
   at OpenQA.Selenium.Remote.RemoteWebDriver.FindElementByXPath(String xpath) in c:\Projects\webdriver\dotnet\src\webdriver\Remote\RemoteWebDriver.cs:line 700
   at OpenQA.Selenium.By.&lt;&gt;c__DisplayClasse.&lt;XPath&gt;b__c(ISearchContext context) in c:\Projects\webdriver\dotnet\src\webdriver\By.cs:line 167
   at OpenQA.Selenium.By.FindElement(ISearchContext context) in c:\Projects\webdriver\dotnet\src\webdriver\By.cs:line 309
   at OpenQA.Selenium.Remote.RemoteWebDriver.FindElement(By by) in c:\Projects\webdriver\dotnet\src\webdriver\Remote\RemoteWebDriver.cs:line 330
   at PegasusTests.PageHelper.Comm.DriverHelper.MouseOver(String locator) in d:\pegqa\TestAutomationProject\PegasusTests\PageHelper\Comm\DriverHelper.cs:line 423
   at PegasusTests.PageHelper.EditPartnerAssociationHelper.MouseHover(String field) in d:\pegqa\TestAutomationProject\PegasusTests\PageHelper\EditPartnerAssociationHelper.cs:line 58
   at PegasusTests.Scripts.ClientsTests.EditPartnerAssociation.editPartnerAssociation() in d:\pegqa\TestAutomationProject\PegasusTests\Scripts\ClientsTests\EditPartnerAssociation.cs:line 41
</StackTrace>
        </ErrorInfo>
      </Output>
    </UnitTestResult>
    <UnitTestResult executionId="dd866afb-2124-4312-a6c2-d960af017e0c" testId="5e5ad2f2-a2df-1305-282c-7ce122e6ef96" testName="editPartnerAgent" computerName="USER-PC" duration="00:00:42.2960140" startTime="2015-08-11T02:14:11.4929482+05:30" endTime="2015-08-11T02:14:53.7903675+05:30" testType="13cdc9d9-ddb5-4fa4-a97d-d965ccfc6d4b" outcome="Failed" testListId="8c84fa94-04c1-424b-9868-57a2d4851a1d" relativeResultsDirectory="dd866afb-2124-4312-a6c2-d960af017e0c">
      <Output>
        <StdOut>Logged in as: AslamKhan / 1qaz!QAZ
Redirected at Dashboard screen.</StdOut>
        <ErrorInfo>
          <Message>Test method PegasusTests.Scripts.ClientsTests.EditPartnerAgent.editPartnerAgent threw exception: 
OpenQA.Selenium.NoSuchElementException: no such element
  (Session info: chrome=44.0.2403.130)
  (Driver info: chromedriver=2.14.313457 (3d645c400edf2e2c500566c9aa096063e707c9cf),platform=Windows NT 6.1 SP1 x86_64)</Message>
          <StackTrace>    at OpenQA.Selenium.Remote.RemoteWebDriver.UnpackAndThrowOnError(Response errorResponse) in c:\Projects\webdriver\dotnet\src\webdriver\Remote\RemoteWebDriver.cs:line 1107
   at OpenQA.Selenium.Remote.RemoteWebDriver.Execute(String driverCommandToExecute, Dictionary`2 parameters) in c:\Projects\webdriver\dotnet\src\webdriver\Remote\RemoteWebDriver.cs:line 920
   at OpenQA.Selenium.Remote.RemoteWebDriver.FindElement(String mechanism, String value) in c:\Projects\webdriver\dotnet\src\webdriver\Remote\RemoteWebDriver.cs:line 954
   at OpenQA.Selenium.Remote.RemoteWebDriver.FindElementByXPath(String xpath) in c:\Projects\webdriver\dotnet\src\webdriver\Remote\RemoteWebDriver.cs:line 700
   at OpenQA.Selenium.By.&lt;&gt;c__DisplayClasse.&lt;XPath&gt;b__c(ISearchContext context) in c:\Projects\webdriver\dotnet\src\webdriver\By.cs:line 167
   at OpenQA.Selenium.By.FindElement(ISearchContext context) in c:\Projects\webdriver\dotnet\src\webdriver\By.cs:line 309
   at OpenQA.Selenium.Remote.RemoteWebDriver.FindElement(By by) in c:\Projects\webdriver\dotnet\src\webdriver\Remote\RemoteWebDriver.cs:line 330
   at PegasusTests.PageHelper.Comm.DriverHelper.MouseOver(String locator) in d:\pegqa\TestAutomationProject\PegasusTests\PageHelper\Comm\DriverHelper.cs:line 423
   at PegasusTests.PageHelper.EditPartnerAgentHelper.MouseHover(String field) in d:\pegqa\TestAutomationProject\PegasusTests\PageHelper\EditPartnerAgentHelper.cs:line 57
   at PegasusTests.Scripts.ClientsTests.EditPartnerAgent.editPartnerAgent() in d:\pegqa\TestAutomationProject\PegasusTests\Scripts\ClientsTests\EditPartnerAgent.cs:line 41
</StackTrace>
        </ErrorInfo>
      </Output>
    </UnitTestResult>
    <UnitTestResult executionId="e51d0ee7-6ba1-47de-83a0-35da854d0293" testId="e235584f-f90c-510d-f58e-dc48c5e83c0d" testName="editSaleAgent" computerName="USER-PC" duration="00:01:44.5044881" startTime="2015-08-11T02:14:53.7903675+05:30" endTime="2015-08-11T02:16:38.2973450+05:30" testType="13cdc9d9-ddb5-4fa4-a97d-d965ccfc6d4b" outcome="Failed" testListId="8c84fa94-04c1-424b-9868-57a2d4851a1d" relativeResultsDirectory="e51d0ee7-6ba1-47de-83a0-35da854d0293">
      <Output>
        <StdOut>Logged in as: AslamKhan / 1qaz!QAZ
Redirected at Dashboard screen.</StdOut>
        <ErrorInfo>
          <Message>Assert.IsTrue failed. </Message>
          <StackTrace>   at PegasusTests.PageHelper.Comm.DriverHelper.Click(String locator) in d:\pegqa\TestAutomationProject\PegasusTests\PageHelper\Comm\DriverHelper.cs:line 233
   at PegasusTests.PageHelper.EditSaleAgentHelper.ClickElement(String xmlNode) in d:\pegqa\TestAutomationProject\PegasusTests\PageHelper\EditSaleAgentHelper.cs:line 52
   at PegasusTests.Scripts.ClientsTests.EditSaleAgent.editSaleAgent() in d:\pegqa\TestAutomationProject\PegasusTests\Scripts\ClientsTests\EditSaleAgent.cs:line 41
</StackTrace>
        </ErrorInfo>
      </Output>
    </UnitTestResult>
    <UnitTestResult executionId="39ceddc4-b728-492f-9823-218013e1ad43" testId="f635792e-78b3-a9ff-986a-ca24964ea725" testName="editEmployeeAgent" computerName="USER-PC" duration="00:01:10.3922499" startTime="2015-08-11T02:16:38.2973450+05:30" endTime="2015-08-11T02:17:48.6913713+05:30" testType="13cdc9d9-ddb5-4fa4-a97d-d965ccfc6d4b" outcome="Failed" testListId="8c84fa94-04c1-424b-9868-57a2d4851a1d" relativeResultsDirectory="39ceddc4-b728-492f-9823-218013e1ad43">
      <Output>
        <StdOut>Logged in as: AslamKhan / 1qaz!QAZ
Redirected at Dashboard screen.</StdOut>
        <ErrorInfo>
          <Message>Assert.IsTrue failed. </Message>
          <StackTrace>   at PegasusTests.PageHelper.Comm.DriverHelper.Click(String locator) in d:\pegqa\TestAutomationProject\PegasusTests\PageHelper\Comm\DriverHelper.cs:line 233
   at PegasusTests.PageHelper.EditEmployeeAgentHelper.ClickElement(String xmlNode) in d:\pegqa\TestAutomationProject\PegasusTests\PageHelper\EditEmployeeAgentHelper.cs:line 50
   at PegasusTests.Scripts.ClientsTests.EditEmployeeAgent.editEmployeeAgent() in d:\pegqa\TestAutomationProject\PegasusTests\Scripts\ClientsTests\EditEmployeeAgent.cs:line 41
</StackTrace>
        </ErrorInfo>
      </Output>
    </UnitTestResult>
    <UnitTestResult executionId="485846b8-9b5c-4a29-b179-86892187e7fa" testId="42ee74b3-0dbf-5f34-ad8a-20f10d38c1c2" testName="testMarketing" computerName="USER-PC" duration="00:00:44.6417699" startTime="2015-08-11T02:17:48.6913713+05:30" endTime="2015-08-11T02:18:33.3349247+05:30" testType="13cdc9d9-ddb5-4fa4-a97d-d965ccfc6d4b" outcome="Failed" testListId="8c84fa94-04c1-424b-9868-57a2d4851a1d" relativeResultsDirectory="485846b8-9b5c-4a29-b179-86892187e7fa">
      <Output>
        <StdOut>Logged in as: AslamKhan / 1qaz!QAZ
Redirected at Dashboard screen.</StdOut>
        <ErrorInfo>
          <Message>Assert.IsTrue failed. </Message>
          <StackTrace>   at PegasusTests.PageHelper.Comm.DriverHelper.Click(String locator) in d:\pegqa\TestAutomationProject\PegasusTests\PageHelper\Comm\DriverHelper.cs:line 233
   at PegasusTests.PageHelper.ClientsHelper.ClickElement(String XmlNode) in d:\pegqa\TestAutomationProject\PegasusTests\PageHelper\ClientsHelper.cs:line 156
   at PegasusTests.Scripts.ClientsTests.Marketing.testMarketing() in d:\pegqa\TestAutomationProject\PegasusTests\Scripts\ClientsTests\Marketing.cs:line 39
</StackTrace>
        </ErrorInfo>
      </Output>
    </UnitTestResult>
    <UnitTestResult executionId="fa67860c-2901-43b0-b181-c6f6f68471b4" testId="f2633e0b-71cc-f5bc-a89d-fc4e947b93fd" testName="merchantNumber" computerName="USER-PC" duration="00:00:41.9861752" startTime="2015-08-11T02:18:33.3349247+05:30" endTime="2015-08-11T02:19:15.3233263+05:30" testType="13cdc9d9-ddb5-4fa4-a97d-d965ccfc6d4b" outcome="Failed" testListId="8c84fa94-04c1-424b-9868-57a2d4851a1d" relativeResultsDirectory="fa67860c-2901-43b0-b181-c6f6f68471b4">
      <Output>
        <StdOut>Logged in as: AslamKhan / 1qaz!QAZ
Redirected at Dashboard screen.</StdOut>
        <ErrorInfo>
          <Message>Assert.IsTrue failed. </Message>
          <StackTrace>   at PegasusTests.PageHelper.Comm.DriverHelper.Click(String locator) in d:\pegqa\TestAutomationProject\PegasusTests\PageHelper\Comm\DriverHelper.cs:line 233
   at PegasusTests.PageHelper.ClientsHelper.ClickElement(String XmlNode) in d:\pegqa\TestAutomationProject\PegasusTests\PageHelper\ClientsHelper.cs:line 156
   at PegasusTests.Scripts.ClientsTests.MerchantNumber.merchantNumber() in d:\pegqa\TestAutomationProject\PegasusTests\Scripts\ClientsTests\MerchantNumber.cs:line 39
</StackTrace>
        </ErrorInfo>
      </Output>
    </UnitTestResult>
    <UnitTestResult executionId="359be83e-ecda-482e-9a2a-9edebb42c3c0" testId="aa5b1a3e-9a5c-ab9d-52a0-70334dfda876" testName="testOwners" computerName="USER-PC" duration="00:00:47.5752059" startTime="2015-08-11T02:19:15.3233263+05:30" endTime="2015-08-11T02:20:02.9000476+05:30" testType="13cdc9d9-ddb5-4fa4-a97d-d965ccfc6d4b" outcome="Failed" testListId="8c84fa94-04c1-424b-9868-57a2d4851a1d" relativeResultsDirectory="359be83e-ecda-482e-9a2a-9edebb42c3c0">
      <Output>
        <StdOut>Logged in as: AslamKhan / 1qaz!QAZ
Redirected at Dashboard screen.</StdOut>
        <ErrorInfo>
          <Message>Assert.IsTrue failed. </Message>
          <StackTrace>   at PegasusTests.PageHelper.Comm.DriverHelper.Click(String locator) in d:\pegqa\TestAutomationProject\PegasusTests\PageHelper\Comm\DriverHelper.cs:line 233
   at PegasusTests.PageHelper.ClientsHelper.ClickElement(String XmlNode) in d:\pegqa\TestAutomationProject\PegasusTests\PageHelper\ClientsHelper.cs:line 156
   at PegasusTests.Scripts.ClientsTests.Owners.testOwners() in d:\pegqa\TestAutomationProject\PegasusTests\Scripts\ClientsTests\Owners.cs:line 39
</StackTrace>
        </ErrorInfo>
      </Output>
    </UnitTestResult>
    <UnitTestResult executionId="443f3c5e-a901-4ea0-a967-ebb0f4263e8e" testId="055b10d9-c61f-b469-2f0c-87708a526d0d" testName="partnerAssociation" computerName="USER-PC" duration="00:00:44.9957124" startTime="2015-08-11T02:20:02.9000476+05:30" endTime="2015-08-11T02:20:47.9396237+05:30" testType="13cdc9d9-ddb5-4fa4-a97d-d965ccfc6d4b" outcome="Failed" testListId="8c84fa94-04c1-424b-9868-57a2d4851a1d" relativeResultsDirectory="443f3c5e-a901-4ea0-a967-ebb0f4263e8e">
      <Output>
        <StdOut>FILE = D:\pegqa\TestAutomationProject\PegasusTests\Screenshots\EXLFile\AgentImport.xlsx
Logged in as: AslamKhan / 1qaz!QAZ
Redirected at Dashboard screen.</StdOut>
        <ErrorInfo>
          <Message>Test method PegasusTests.Scripts.ClientsTests.PartnerAssociation.partnerAssociation threw exception: 
OpenQA.Selenium.NoSuchElementException: no such element
  (Session info: chrome=44.0.2403.130)
  (Driver info: chromedriver=2.14.313457 (3d645c400edf2e2c500566c9aa096063e707c9cf),platform=Windows NT 6.1 SP1 x86_64)</Message>
          <StackTrace>    at OpenQA.Selenium.Remote.RemoteWebDriver.UnpackAndThrowOnError(Response errorResponse) in c:\Projects\webdriver\dotnet\src\webdriver\Remote\RemoteWebDriver.cs:line 1107
   at OpenQA.Selenium.Remote.RemoteWebDriver.Execute(String driverCommandToExecute, Dictionary`2 parameters) in c:\Projects\webdriver\dotnet\src\webdriver\Remote\RemoteWebDriver.cs:line 920
   at OpenQA.Selenium.Remote.RemoteWebDriver.FindElement(String mechanism, String value) in c:\Projects\webdriver\dotnet\src\webdriver\Remote\RemoteWebDriver.cs:line 954
   at OpenQA.Selenium.Remote.RemoteWebDriver.FindElementByXPath(String xpath) in c:\Projects\webdriver\dotnet\src\webdriver\Remote\RemoteWebDriver.cs:line 700
   at OpenQA.Selenium.By.&lt;&gt;c__DisplayClasse.&lt;XPath&gt;b__c(ISearchContext context) in c:\Projects\webdriver\dotnet\src\webdriver\By.cs:line 167
   at OpenQA.Selenium.By.FindElement(ISearchContext context) in c:\Projects\webdriver\dotnet\src\webdriver\By.cs:line 309
   at OpenQA.Selenium.Remote.RemoteWebDriver.FindElement(By by) in c:\Projects\webdriver\dotnet\src\webdriver\Remote\RemoteWebDriver.cs:line 330
   at PegasusTests.PageHelper.Comm.DriverHelper.MouseOver(String locator) in d:\pegqa\TestAutomationProject\PegasusTests\PageHelper\Comm\DriverHelper.cs:line 423
   at PegasusTests.PageHelper.PartnerAssociationHelper.MouseHover(String field) in d:\pegqa\TestAutomationProject\PegasusTests\PageHelper\PartnerAssociationHelper.cs:line 58
   at PegasusTests.Scripts.ClientsTests.PartnerAssociation.partnerAssociation() in d:\pegqa\TestAutomationProject\PegasusTests\Scripts\ClientsTests\PartnerAssociation.cs:line 43
</StackTrace>
        </ErrorInfo>
      </Output>
    </UnitTestResult>
    <UnitTestResult executionId="5a7a6476-f2df-484d-ae39-e4941f50970f" testId="5908053f-44d5-1538-9d47-7412c5b11ec2" testName="testProducts" computerName="USER-PC" duration="00:00:46.1649482" startTime="2015-08-11T02:20:47.9396237+05:30" endTime="2015-08-11T02:21:34.1062643+05:30" testType="13cdc9d9-ddb5-4fa4-a97d-d965ccfc6d4b" outcome="Failed" testListId="8c84fa94-04c1-424b-9868-57a2d4851a1d" relativeResultsDirectory="5a7a6476-f2df-484d-ae39-e4941f50970f">
      <Output>
        <StdOut>Logged in as: AslamKhan / 1qaz!QAZ
Redirected at Dashboard screen.</StdOut>
        <ErrorInfo>
          <Message>Assert.IsTrue failed. </Message>
          <StackTrace>   at PegasusTests.PageHelper.Comm.DriverHelper.Click(String locator) in d:\pegqa\TestAutomationProject\PegasusTests\PageHelper\Comm\DriverHelper.cs:line 233
   at PegasusTests.PageHelper.ClientsHelper.ClickElement(String XmlNode) in d:\pegqa\TestAutomationProject\PegasusTests\PageHelper\ClientsHelper.cs:line 156
   at PegasusTests.Scripts.ClientsTests.Products.testProducts() in d:\pegqa\TestAutomationProject\PegasusTests\Scripts\ClientsTests\Products.cs:line 40
</StackTrace>
        </ErrorInfo>
      </Output>
    </UnitTestResult>
    <UnitTestResult executionId="79f446fa-17d6-46c6-b742-3586f6adbf89" testId="acc50bff-08e9-65d9-fb14-0535269d308b" testName="residualIcome" computerName="USER-PC" duration="00:00:51.7824535" startTime="2015-08-11T02:21:34.1062643+05:30" endTime="2015-08-11T02:22:25.8902261+05:30" testType="13cdc9d9-ddb5-4fa4-a97d-d965ccfc6d4b" outcome="Failed" testListId="8c84fa94-04c1-424b-9868-57a2d4851a1d" relativeResultsDirectory="79f446fa-17d6-46c6-b742-3586f6adbf89">
      <Output>
        <StdOut>Logged in as: AslamKhan / 1qaz!QAZ
Redirected at Dashboard screen.</StdOut>
        <ErrorInfo>
          <Message>Assert.IsTrue failed. </Message>
          <StackTrace>   at PegasusTests.PageHelper.Comm.DriverHelper.Click(String locator) in d:\pegqa\TestAutomationProject\PegasusTests\PageHelper\Comm\DriverHelper.cs:line 233
   at PegasusTests.PageHelper.ClientsHelper.ClickElement(String XmlNode) in d:\pegqa\TestAutomationProject\PegasusTests\PageHelper\ClientsHelper.cs:line 156
   at PegasusTests.Scripts.ClientsTests.ResidualIncome.residualIcome() in d:\pegqa\TestAutomationProject\PegasusTests\Scripts\ClientsTests\ResidualIncome.cs:line 39
</StackTrace>
        </ErrorInfo>
      </Output>
    </UnitTestResult>
    <UnitTestResult executionId="e65ce0be-86d9-496c-aed6-34bd5fc7f7f7" testId="dddff192-80c3-c0e2-4fa0-63263390073e" testName="saleAgent" computerName="USER-PC" duration="00:01:44.9557030" startTime="2015-08-11T02:22:25.8902261+05:30" endTime="2015-08-11T02:24:10.8492295+05:30" testType="13cdc9d9-ddb5-4fa4-a97d-d965ccfc6d4b" outcome="Failed" testListId="8c84fa94-04c1-424b-9868-57a2d4851a1d" relativeResultsDirectory="e65ce0be-86d9-496c-aed6-34bd5fc7f7f7">
      <Output>
        <StdOut>FILE = D:\pegqa\TestAutomationProject\PegasusTests\Screenshots\EXLFile\AgentImport.xlsx
Logged in as: AslamKhan / 1qaz!QAZ
Redirected at Dashboard screen.</StdOut>
        <ErrorInfo>
          <Message>Assert.IsTrue failed. </Message>
          <StackTrace>   at PegasusTests.PageHelper.Comm.DriverHelper.Click(String locator) in d:\pegqa\TestAutomationProject\PegasusTests\PageHelper\Comm\DriverHelper.cs:line 233
   at PegasusTests.PageHelper.SaleAgentHelper.ClickElement(String xmlNode) in d:\pegqa\TestAutomationProject\PegasusTests\PageHelper\SaleAgentHelper.cs:line 51
   at PegasusTests.Scripts.ClientsTests.SaleAgent.saleAgent() in d:\pegqa\TestAutomationProject\PegasusTests\Scripts\ClientsTests\SaleAgent.cs:line 43
</StackTrace>
        </ErrorInfo>
      </Output>
    </UnitTestResult>
    <UnitTestResult executionId="4b9d91dc-f2bb-48f3-ad28-74eb22d871dc" testId="c3b86861-de04-bbb2-15bb-4f60aa74ad89" testName="employeeAgent" computerName="USER-PC" duration="00:01:08.0914125" startTime="2015-08-11T02:24:10.8492295+05:30" endTime="2015-08-11T02:25:18.9421241+05:30" testType="13cdc9d9-ddb5-4fa4-a97d-d965ccfc6d4b" outcome="Failed" testListId="8c84fa94-04c1-424b-9868-57a2d4851a1d" relativeResultsDirectory="4b9d91dc-f2bb-48f3-ad28-74eb22d871dc">
      <Output>
        <StdOut>Logged in as: AslamKhan / 1qaz!QAZ
Redirected at Dashboard screen.</StdOut>
        <ErrorInfo>
          <Message>Assert.IsTrue failed. </Message>
          <StackTrace>   at PegasusTests.PageHelper.Comm.DriverHelper.Click(String locator) in d:\pegqa\TestAutomationProject\PegasusTests\PageHelper\Comm\DriverHelper.cs:line 233
   at PegasusTests.PageHelper.EmployeeAgentHelper.ClickElement(String xmlNode) in d:\pegqa\TestAutomationProject\PegasusTests\PageHelper\EmployeeAgentHelper.cs:line 50
   at PegasusTests.Scripts.ClientsTests.EmployeeAgent.employeeAgent() in d:\pegqa\TestAutomationProject\PegasusTests\Scripts\ClientsTests\EmployeeAgent.cs:line 46
</StackTrace>
        </ErrorInfo>
      </Output>
    </UnitTestResult>
    <UnitTestResult executionId="b06a1d6d-4e3f-4ba2-91f6-691b191995ad" testId="ee08fc30-825d-39e1-f006-465a7d2667a2" testName="createPartnerAgent" computerName="USER-PC" duration="00:00:44.5196999" startTime="2015-08-11T02:25:18.9431242+05:30" endTime="2015-08-11T02:26:03.4636706+05:30" testType="13cdc9d9-ddb5-4fa4-a97d-d965ccfc6d4b" outcome="Failed" testListId="8c84fa94-04c1-424b-9868-57a2d4851a1d" relativeResultsDirectory="b06a1d6d-4e3f-4ba2-91f6-691b191995ad">
      <Output>
        <StdOut>FILE = D:\pegqa\TestAutomationProject\PegasusTests\Screenshots\EXLFile\AgentImport.xlsx
Logged in as: AslamKhan / 1qaz!QAZ
Redirected at Dashboard screen.</StdOut>
        <ErrorInfo>
          <Message>Test method PegasusTests.Scripts.ClientsTests.CreatePartnerAgent.createPartnerAgent threw exception: 
OpenQA.Selenium.NoSuchElementException: no such element
  (Session info: chrome=44.0.2403.130)
  (Driver info: chromedriver=2.14.313457 (3d645c400edf2e2c500566c9aa096063e707c9cf),platform=Windows NT 6.1 SP1 x86_64)</Message>
          <StackTrace>    at OpenQA.Selenium.Remote.RemoteWebDriver.UnpackAndThrowOnError(Response errorResponse) in c:\Projects\webdriver\dotnet\src\webdriver\Remote\RemoteWebDriver.cs:line 1107
   at OpenQA.Selenium.Remote.RemoteWebDriver.Execute(String driverCommandToExecute, Dictionary`2 parameters) in c:\Projects\webdriver\dotnet\src\webdriver\Remote\RemoteWebDriver.cs:line 920
   at OpenQA.Selenium.Remote.RemoteWebDriver.FindElement(String mechanism, String value) in c:\Projects\webdriver\dotnet\src\webdriver\Remote\RemoteWebDriver.cs:line 954
   at OpenQA.Selenium.Remote.RemoteWebDriver.FindElementByXPath(String xpath) in c:\Projects\webdriver\dotnet\src\webdriver\Remote\RemoteWebDriver.cs:line 700
   at OpenQA.Selenium.By.&lt;&gt;c__DisplayClasse.&lt;XPath&gt;b__c(ISearchContext context) in c:\Projects\webdriver\dotnet\src\webdriver\By.cs:line 167
   at OpenQA.Selenium.By.FindElement(ISearchContext context) in c:\Projects\webdriver\dotnet\src\webdriver\By.cs:line 309
   at OpenQA.Selenium.Remote.RemoteWebDriver.FindElement(By by) in c:\Projects\webdriver\dotnet\src\webdriver\Remote\RemoteWebDriver.cs:line 330
   at PegasusTests.PageHelper.Comm.DriverHelper.MouseOver(String locator) in d:\pegqa\TestAutomationProject\PegasusTests\PageHelper\Comm\DriverHelper.cs:line 423
   at PegasusTests.PageHelper.CreateAgentHelper.MouseHover(String field) in d:\pegqa\TestAutomationProject\PegasusTests\PageHelper\CreateAgentHelper.cs:line 57
   at PegasusTests.Scripts.ClientsTests.CreatePartnerAgent.createPartnerAgent() in d:\pegqa\TestAutomationProject\PegasusTests\Scripts\ClientsTests\CreatePartnerAgent.cs:line 43
</StackTrace>
        </ErrorInfo>
      </Output>
    </UnitTestResult>
    <UnitTestResult executionId="1d0405d2-a52a-4bd8-b937-d60503c171b5" testId="05655070-9b41-dab2-2fc8-80ad3051d361" testName="testReference" computerName="USER-PC" duration="00:00:45.6964922" startTime="2015-08-11T02:26:03.4636706+05:30" endTime="2015-08-11T02:26:49.1622844+05:30" testType="13cdc9d9-ddb5-4fa4-a97d-d965ccfc6d4b" outcome="Failed" testListId="8c84fa94-04c1-424b-9868-57a2d4851a1d" relativeResultsDirectory="1d0405d2-a52a-4bd8-b937-d60503c171b5">
      <Output>
        <StdOut>Logged in as: AslamKhan / 1qaz!QAZ
Redirected at Dashboard screen.</StdOut>
        <ErrorInfo>
          <Message>Assert.IsTrue failed. </Message>
          <StackTrace>   at PegasusTests.PageHelper.Comm.DriverHelper.Click(String locator) in d:\pegqa\TestAutomationProject\PegasusTests\PageHelper\Comm\DriverHelper.cs:line 233
   at PegasusTests.PageHelper.ClientsHelper.ClickElement(String XmlNode) in d:\pegqa\TestAutomationProject\PegasusTests\PageHelper\ClientsHelper.cs:line 156
   at PegasusTests.Scripts.ClientsTests.Reference.testReference() in d:\pegqa\TestAutomationProject\PegasusTests\Scripts\ClientsTests\Reference.cs:line 42
</StackTrace>
        </ErrorInfo>
      </Output>
    </UnitTestResult>
    <UnitTestResult executionId="264655eb-3d8e-4d6b-93ec-560bf6e6d361" testId="fd6255db-065b-6d26-8fc6-d5c331134f1b" testName="terminalsAndEquipment" computerName="USER-PC" duration="00:00:43.1116871" startTime="2015-08-11T02:26:49.1622844+05:30" endTime="2015-08-11T02:27:32.2747503+05:30" testType="13cdc9d9-ddb5-4fa4-a97d-d965ccfc6d4b" outcome="Failed" testListId="8c84fa94-04c1-424b-9868-57a2d4851a1d" relativeResultsDirectory="264655eb-3d8e-4d6b-93ec-560bf6e6d361">
      <Output>
        <StdOut>Logged in as: AslamKhan / 1qaz!QAZ
Redirected at Dashboard screen.</StdOut>
        <ErrorInfo>
          <Message>Assert.IsTrue failed. </Message>
          <StackTrace>   at PegasusTests.PageHelper.Comm.DriverHelper.Click(String locator) in d:\pegqa\TestAutomationProject\PegasusTests\PageHelper\Comm\DriverHelper.cs:line 233
   at PegasusTests.PageHelper.ClientsHelper.ClickElement(String XmlNode) in d:\pegqa\TestAutomationProject\PegasusTests\PageHelper\ClientsHelper.cs:line 156
   at PegasusTests.Scripts.ClientsTests.TerminalsAndEquipment.terminalsAndEquipment() in d:\pegqa\TestAutomationProject\PegasusTests\Scripts\ClientsTests\TerminalsAndEquipment.cs:line 39
</StackTrace>
        </ErrorInfo>
      </Output>
    </UnitTestResult>
    <UnitTestResult executionId="4baedbe2-0f3c-4a13-b132-4e688ad44508" testId="2cd27ee6-503e-5f3d-fea9-6e8a7192580d" testName="customerRelationship" computerName="USER-PC" duration="00:00:45.1292771" startTime="2015-08-11T02:27:32.2747503+05:30" endTime="2015-08-11T02:28:17.4063317+05:30" testType="13cdc9d9-ddb5-4fa4-a97d-d965ccfc6d4b" outcome="Failed" testListId="8c84fa94-04c1-424b-9868-57a2d4851a1d" relativeResultsDirectory="4baedbe2-0f3c-4a13-b132-4e688ad44508">
      <Output>
        <StdOut>Logged in as: AslamKhan / 1qaz!QAZ
Redirected at Dashboard screen.</StdOut>
        <ErrorInfo>
          <Message>Assert.IsTrue failed. </Message>
          <StackTrace>   at PegasusTests.PageHelper.Comm.DriverHelper.Click(String locator) in d:\pegqa\TestAutomationProject\PegasusTests\PageHelper\Comm\DriverHelper.cs:line 233
   at PegasusTests.PageHelper.ClientsHelper.ClickElement(String XmlNode) in d:\pegqa\TestAutomationProject\PegasusTests\PageHelper\ClientsHelper.cs:line 156
   at PegasusTests.Scripts.ClientsTests.CustomerRelationship.customerRelationship() in d:\pegqa\TestAutomationProject\PegasusTests\Scripts\ClientsTests\CustomerRelationship.cs:line 41
</StackTrace>
        </ErrorInfo>
      </Output>
    </UnitTestResult>
    <UnitTestResult executionId="2e73372d-f6e1-4331-9c22-c7299ce85414" testId="cf06b53d-0381-073b-12a2-73d56d21eba8" testName="updateBusinessDetails" computerName="USER-PC" duration="00:00:43.6205658" startTime="2015-08-11T02:28:17.4063317+05:30" endTime="2015-08-11T02:29:01.0278267+05:30" testType="13cdc9d9-ddb5-4fa4-a97d-d965ccfc6d4b" outcome="Failed" testListId="8c84fa94-04c1-424b-9868-57a2d4851a1d" relativeResultsDirectory="2e73372d-f6e1-4331-9c22-c7299ce85414">
      <Output>
        <StdOut>Logged in as: AslamKhan / 1qaz!QAZ
Redirected at Dashboard screen.</StdOut>
        <ErrorInfo>
          <Message>Assert.IsTrue failed. </Message>
          <StackTrace>   at PegasusTests.PageHelper.Comm.DriverHelper.Click(String locator) in d:\pegqa\TestAutomationProject\PegasusTests\PageHelper\Comm\DriverHelper.cs:line 233
   at PegasusTests.PageHelper.ClientsHelper.ClickElement(String XmlNode) in d:\pegqa\TestAutomationProject\PegasusTests\PageHelper\ClientsHelper.cs:line 156
   at PegasusTests.Scripts.ClientsTests.UpdateBusinessDetails.updateBusinessDetails() in d:\pegqa\TestAutomationProject\PegasusTests\Scripts\ClientsTests\UpdateBusinessDetails.cs:line 37
</StackTrace>
        </ErrorInfo>
      </Output>
    </UnitTestResult>
    <UnitTestResult executionId="c9542700-511b-4adc-833b-c6e748f5b80b" testId="51e56244-044f-55e2-8c12-cfbd939504f0" testName="updateContact" computerName="USER-PC" duration="00:01:05.8334340" startTime="2015-08-11T02:29:01.0278267+05:30" endTime="2015-08-11T02:30:06.8635923+05:30" testType="13cdc9d9-ddb5-4fa4-a97d-d965ccfc6d4b" outcome="Failed" testListId="8c84fa94-04c1-424b-9868-57a2d4851a1d" relativeResultsDirectory="c9542700-511b-4adc-833b-c6e748f5b80b">
      <Output>
        <StdOut>Logged in as: AslamKhan / 1qaz!QAZ
Redirected at Dashboard screen.</StdOut>
        <ErrorInfo>
          <Message>Assert.IsTrue failed. </Message>
          <StackTrace>   at PegasusTests.PageHelper.Comm.DriverHelper.Click(String locator) in d:\pegqa\TestAutomationProject\PegasusTests\PageHelper\Comm\DriverHelper.cs:line 233
   at PegasusTests.PageHelper.UpdateContactHelper.ClickElement(String xmlNode) in d:\pegqa\TestAutomationProject\PegasusTests\PageHelper\UpdateContactHelper.cs:line 51
   at PegasusTests.Scripts.ClientsTests.UpdateContact.updateContact() in d:\pegqa\TestAutomationProject\PegasusTests\Scripts\ClientsTests\UpdateContact.cs:line 38
</StackTrace>
        </ErrorInfo>
      </Output>
    </UnitTestResult>
    <UnitTestResult executionId="91f941f1-c1dc-4766-b93b-dd8496c7645a" testId="558b50ec-61a8-39b8-a5b9-f8c40fddc08c" testName="updateRatesAndFee" computerName="USER-PC" duration="00:00:43.2788592" startTime="2015-08-11T02:30:06.8635923+05:30" endTime="2015-08-11T02:30:50.1430678+05:30" testType="13cdc9d9-ddb5-4fa4-a97d-d965ccfc6d4b" outcome="Failed" testListId="8c84fa94-04c1-424b-9868-57a2d4851a1d" relativeResultsDirectory="91f941f1-c1dc-4766-b93b-dd8496c7645a">
      <Output>
        <StdOut>Logged in as: AslamKhan / 1qaz!QAZ
Redirected at Dashboard screen.</StdOut>
        <ErrorInfo>
          <Message>Assert.IsTrue failed. </Message>
          <StackTrace>   at PegasusTests.PageHelper.Comm.DriverHelper.Click(String locator) in d:\pegqa\TestAutomationProject\PegasusTests\PageHelper\Comm\DriverHelper.cs:line 233
   at PegasusTests.PageHelper.ClientsHelper.ClickElement(String XmlNode) in d:\pegqa\TestAutomationProject\PegasusTests\PageHelper\ClientsHelper.cs:line 156
   at PegasusTests.Scripts.ClientsTests.UpdateRatesAndFee.updateRatesAndFee() in d:\pegqa\TestAutomationProject\PegasusTests\Scripts\ClientsTests\UpdateRatesAndFee.cs:line 41
</StackTrace>
        </ErrorInfo>
      </Output>
    </UnitTestResult>
    <UnitTestResult executionId="e00b7b11-61ec-4000-be73-593492074a3f" testId="f30816f8-222b-31cb-afff-80ab911e20ed" testName="updateAddressContacts" computerName="USER-PC" duration="00:00:44.6597635" startTime="2015-08-11T02:30:50.1440678+05:30" endTime="2015-08-11T02:31:34.8046223+05:30" testType="13cdc9d9-ddb5-4fa4-a97d-d965ccfc6d4b" outcome="Failed" testListId="8c84fa94-04c1-424b-9868-57a2d4851a1d" relativeResultsDirectory="e00b7b11-61ec-4000-be73-593492074a3f">
      <Output>
        <StdOut>Logged in as: AslamKhan / 1qaz!QAZ
Redirected at Dashboard screen.</StdOut>
        <ErrorInfo>
          <Message>Assert.IsTrue failed. </Message>
          <StackTrace>   at PegasusTests.PageHelper.Comm.DriverHelper.Click(String locator) in d:\pegqa\TestAutomationProject\PegasusTests\PageHelper\Comm\DriverHelper.cs:line 233
   at PegasusTests.PageHelper.ClientsHelper.ClickElement(String XmlNode) in d:\pegqa\TestAutomationProject\PegasusTests\PageHelper\ClientsHelper.cs:line 156
   at PegasusTests.Scripts.ClientsTests.UpdateAddressContacts.updateAddressContacts() in d:\pegqa\TestAutomationProject\PegasusTests\Scripts\ClientsTests\UpdateAddressContacts.cs:line 37
</StackTrace>
        </ErrorInfo>
      </Output>
    </UnitTestResult>
    <UnitTestResult executionId="f76de7de-6c9a-4a48-a231-91b484f920cc" testId="6c423f43-d3d7-9026-4269-99b9cb46e8ec" testName="logACall" computerName="USER-PC" duration="00:00:45.2252054" startTime="2015-08-11T02:31:34.8046223+05:30" endTime="2015-08-11T02:32:20.0312091+05:30" testType="13cdc9d9-ddb5-4fa4-a97d-d965ccfc6d4b" outcome="Failed" testListId="8c84fa94-04c1-424b-9868-57a2d4851a1d" relativeResultsDirectory="f76de7de-6c9a-4a48-a231-91b484f920cc">
      <Output>
        <StdOut>Logged in as: AslamKhan / 1qaz!QAZ
Redirected at Dashboard screen.</StdOut>
        <ErrorInfo>
          <Message>Assert.IsTrue failed. </Message>
          <StackTrace>   at PegasusTests.PageHelper.Comm.DriverHelper.Click(String locator) in d:\pegqa\TestAutomationProject\PegasusTests\PageHelper\Comm\DriverHelper.cs:line 233
   at PegasusTests.PageHelper.ClientsHelper.ClickElement(String XmlNode) in d:\pegqa\TestAutomationProject\PegasusTests\PageHelper\ClientsHelper.cs:line 156
   at PegasusTests.Scripts.ClientsTests.LogACall.logACall() in d:\pegqa\TestAutomationProject\PegasusTests\Scripts\ClientsTests\LogACall.cs:line 37
</StackTrace>
        </ErrorInfo>
      </Output>
    </UnitTestResult>
    <UnitTestResult executionId="2bc38b42-21e5-4e3b-9ffd-8aa5e98e41b6" testId="23b73c29-e3c2-3508-d692-1afbe569380f" testName="clientHistory" computerName="USER-PC" duration="00:00:48.2231319" startTime="2015-08-11T02:32:20.0312091+05:30" endTime="2015-08-11T02:33:08.2559674+05:30" testType="13cdc9d9-ddb5-4fa4-a97d-d965ccfc6d4b" outcome="Failed" testListId="8c84fa94-04c1-424b-9868-57a2d4851a1d" relativeResultsDirectory="2bc38b42-21e5-4e3b-9ffd-8aa5e98e41b6">
      <Output>
        <StdOut>Logged in as: AslamKhan / 1qaz!QAZ
Redirected at Dashboard screen.</StdOut>
        <ErrorInfo>
          <Message>Assert.IsTrue failed. </Message>
          <StackTrace>   at PegasusTests.PageHelper.Comm.DriverHelper.Click(String locator) in d:\pegqa\TestAutomationProject\PegasusTests\PageHelper\Comm\DriverHelper.cs:line 233
   at PegasusTests.PageHelper.ClientsHelper.ClickElement(String XmlNode) in d:\pegqa\TestAutomationProject\PegasusTests\PageHelper\ClientsHelper.cs:line 156
   at PegasusTests.Scripts.ClientsTests.ClientHistory.clientHistory() in d:\pegqa\TestAutomationProject\PegasusTests\Scripts\ClientsTests\ClientHistory.cs:line 37
</StackTrace>
        </ErrorInfo>
      </Output>
    </UnitTestResult>
    <UnitTestResult executionId="fa16fc0e-b6cf-4e66-badb-a947282c64ad" testId="de8df07f-e9d7-88bc-9e5b-3201e50701a3" testName="addNewMeeting" computerName="USER-PC" duration="00:00:47.2654433" startTime="2015-08-11T02:33:08.2559674+05:30" endTime="2015-08-11T02:33:55.5236709+05:30" testType="13cdc9d9-ddb5-4fa4-a97d-d965ccfc6d4b" outcome="Failed" testListId="8c84fa94-04c1-424b-9868-57a2d4851a1d" relativeResultsDirectory="fa16fc0e-b6cf-4e66-badb-a947282c64ad">
      <Output>
        <StdOut>Logged in as: AslamKhan / 1qaz!QAZ
Redirected at Dashboard screen.</StdOut>
        <ErrorInfo>
          <Message>Assert.IsTrue failed. </Message>
          <StackTrace>   at PegasusTests.PageHelper.Comm.DriverHelper.Click(String locator) in d:\pegqa\TestAutomationProject\PegasusTests\PageHelper\Comm\DriverHelper.cs:line 233
   at PegasusTests.PageHelper.ClientsHelper.ClickElement(String XmlNode) in d:\pegqa\TestAutomationProject\PegasusTests\PageHelper\ClientsHelper.cs:line 156
   at PegasusTests.Scripts.ClientsTests.AddNewMeeting.addNewMeeting() in d:\pegqa\TestAutomationProject\PegasusTests\Scripts\ClientsTests\AddNewMeeting.cs:line 38
</StackTrace>
        </ErrorInfo>
      </Output>
    </UnitTestResult>
    <UnitTestResult executionId="86a5a92c-84ac-4d95-b01f-c085fd511a37" testId="5cec9ad1-db7c-0920-d330-c7c666fa4a15" testName="updateCompanyDetails" computerName="USER-PC" duration="00:00:52.0011925" startTime="2015-08-11T02:33:55.5236709+05:30" endTime="2015-08-11T02:34:47.5256453+05:30" testType="13cdc9d9-ddb5-4fa4-a97d-d965ccfc6d4b" outcome="Failed" testListId="8c84fa94-04c1-424b-9868-57a2d4851a1d" relativeResultsDirectory="86a5a92c-84ac-4d95-b01f-c085fd511a37">
      <Output>
        <StdOut>Logged in as: AslamKhan / 1qaz!QAZ
Redirected at Dashboard screen.</StdOut>
        <ErrorInfo>
          <Message>Assert.IsTrue failed. </Message>
          <StackTrace>   at PegasusTests.PageHelper.Comm.DriverHelper.Click(String locator) in d:\pegqa\TestAutomationProject\PegasusTests\PageHelper\Comm\DriverHelper.cs:line 233
   at PegasusTests.PageHelper.ClientsHelper.ClickElement(String XmlNode) in d:\pegqa\TestAutomationProject\PegasusTests\PageHelper\ClientsHelper.cs:line 156
   at PegasusTests.Scripts.ClientsTests.UpdateCompanyDetails.updateCompanyDetails() in d:\pegqa\TestAutomationProject\PegasusTests\Scripts\ClientsTests\UpdateCompanyDetails.cs:line 37
</StackTrace>
        </ErrorInfo>
      </Output>
    </UnitTestResult>
    <UnitTestResult executionId="f05f4166-eb1d-4ab1-9da9-1655317fa325" testId="24fa16f1-a596-da43-e6a7-297b464ef550" testName="addNote" computerName="USER-PC" duration="00:00:45.9315898" startTime="2015-08-11T02:34:47.5266453+05:30" endTime="2015-08-11T02:35:33.4592725+05:30" testType="13cdc9d9-ddb5-4fa4-a97d-d965ccfc6d4b" outcome="Failed" testListId="8c84fa94-04c1-424b-9868-57a2d4851a1d" relativeResultsDirectory="f05f4166-eb1d-4ab1-9da9-1655317fa325">
      <Output>
        <StdOut>Logged in as: AslamKhan / 1qaz!QAZ
Redirected at Dashboard screen.</StdOut>
        <ErrorInfo>
          <Message>Assert.IsTrue failed. </Message>
          <StackTrace>   at PegasusTests.PageHelper.Comm.DriverHelper.Click(String locator) in d:\pegqa\TestAutomationProject\PegasusTests\PageHelper\Comm\DriverHelper.cs:line 233
   at PegasusTests.PageHelper.ClientsHelper.ClickElement(String XmlNode) in d:\pegqa\TestAutomationProject\PegasusTests\PageHelper\ClientsHelper.cs:line 156
   at PegasusTests.Scripts.ClientsTests.AddNote.addNote() in d:\pegqa\TestAutomationProject\PegasusTests\Scripts\ClientsTests\AddNote.cs:line 37
</StackTrace>
        </ErrorInfo>
      </Output>
    </UnitTestResult>
    <UnitTestResult executionId="1c086b02-ab00-4d7b-899d-5df54d9d498b" testId="33b13b4e-397c-322c-98eb-6ffc65859ae6" testName="addNewTask" computerName="USER-PC" duration="00:00:41.9894117" startTime="2015-08-11T02:35:33.4592725+05:30" endTime="2015-08-11T02:36:15.4496742+05:30" testType="13cdc9d9-ddb5-4fa4-a97d-d965ccfc6d4b" outcome="Failed" testListId="8c84fa94-04c1-424b-9868-57a2d4851a1d" relativeResultsDirectory="1c086b02-ab00-4d7b-899d-5df54d9d498b">
      <Output>
        <StdOut>Logged in as: AslamKhan / 1qaz!QAZ
Redirected at Dashboard screen.</StdOut>
        <ErrorInfo>
          <Message>Assert.IsTrue failed. </Message>
          <StackTrace>   at PegasusTests.PageHelper.Comm.DriverHelper.Click(String locator) in d:\pegqa\TestAutomationProject\PegasusTests\PageHelper\Comm\DriverHelper.cs:line 233
   at PegasusTests.PageHelper.ClientsHelper.ClickElement(String XmlNode) in d:\pegqa\TestAutomationProject\PegasusTests\PageHelper\ClientsHelper.cs:line 156
   at PegasusTests.Scripts.ClientsTests.AddNewTask.addNewTask() in d:\pegqa\TestAutomationProject\PegasusTests\Scripts\ClientsTests\AddNewTask.cs:line 38
</StackTrace>
        </ErrorInfo>
      </Output>
    </UnitTestResult>
    <UnitTestResult executionId="750b01f4-d893-4264-bac5-76bdf51cb094" testId="9a118e46-4317-fffe-f94a-3216f64e11c2" testName="addNewClient" computerName="USER-PC" duration="00:00:42.2396509" startTime="2015-08-11T02:36:15.4506743+05:30" endTime="2015-08-11T02:36:57.6910903+05:30" testType="13cdc9d9-ddb5-4fa4-a97d-d965ccfc6d4b" outcome="Failed" testListId="8c84fa94-04c1-424b-9868-57a2d4851a1d" relativeResultsDirectory="750b01f4-d893-4264-bac5-76bdf51cb094">
      <Output>
        <StdOut>Logged in as: AslamKhan / 1qaz!QAZ
Redirected at Dashboard screen.</StdOut>
        <ErrorInfo>
          <Message>Assert.IsTrue failed. </Message>
          <StackTrace>   at PegasusTests.PageHelper.Comm.DriverHelper.Click(String locator) in d:\pegqa\TestAutomationProject\PegasusTests\PageHelper\Comm\DriverHelper.cs:line 233
   at PegasusTests.PageHelper.ClientsHelper.ClickElement(String XmlNode) in d:\pegqa\TestAutomationProject\PegasusTests\PageHelper\ClientsHelper.cs:line 156
   at PegasusTests.Scripts.ClientsTests.AddNewClient.addNewClient() in d:\pegqa\TestAutomationProject\PegasusTests\Scripts\ClientsTests\AddNewClient.cs:line 48
</StackTrace>
        </ErrorInfo>
      </Output>
    </UnitTestResult>
    <UnitTestResult executionId="84b137d0-5007-4b29-aba2-4daa3e8e7ee0" testId="75e7a812-368a-e9a9-ddae-6b6350eaee1c" testName="sendEmail" computerName="USER-PC" duration="00:00:42.7432116" startTime="2015-08-11T02:36:57.6910903+05:30" endTime="2015-08-11T02:37:40.4355351+05:30" testType="13cdc9d9-ddb5-4fa4-a97d-d965ccfc6d4b" outcome="Failed" testListId="8c84fa94-04c1-424b-9868-57a2d4851a1d" relativeResultsDirectory="84b137d0-5007-4b29-aba2-4daa3e8e7ee0">
      <Output>
        <StdOut>Logged in as: AslamKhan / 1qaz!QAZ
Redirected at Dashboard screen.</StdOut>
        <ErrorInfo>
          <Message>Assert.IsTrue failed. </Message>
          <StackTrace>   at PegasusTests.PageHelper.Comm.DriverHelper.Click(String locator) in d:\pegqa\TestAutomationProject\PegasusTests\PageHelper\Comm\DriverHelper.cs:line 233
   at PegasusTests.PageHelper.ClientsHelper.ClickElement(String XmlNode) in d:\pegqa\TestAutomationProject\PegasusTests\PageHelper\ClientsHelper.cs:line 156
   at PegasusTests.Scripts.ClientsTests.SendEmail.sendEmail() in d:\pegqa\TestAutomationProject\PegasusTests\Scripts\ClientsTests\SendEmail.cs:line 37
</StackTrace>
        </ErrorInfo>
      </Output>
    </UnitTestResult>
    <UnitTestResult executionId="1e52d3ee-1c46-4f6b-9fd8-69cec0163017" testId="f13109e8-3360-54c6-258a-223f2d0671ef" testName="languageForClientOwner" computerName="USER-PC" duration="00:01:07.3659652" startTime="2015-08-11T02:37:40.4355351+05:30" endTime="2015-08-11T02:38:47.8033884+05:30" testType="13cdc9d9-ddb5-4fa4-a97d-d965ccfc6d4b" outcome="Failed" testListId="8c84fa94-04c1-424b-9868-57a2d4851a1d" relativeResultsDirectory="1e52d3ee-1c46-4f6b-9fd8-69cec0163017">
      <Output>
        <StdOut>Logged in as: AslamKhan / 1qaz!QAZ
Redirected at Dashboard screen.</StdOut>
        <ErrorInfo>
          <Message>Assert.IsTrue failed. </Message>
          <StackTrace>   at PegasusTests.PageHelper.Comm.DriverHelper.Click(String locator) in d:\pegqa\TestAutomationProject\PegasusTests\PageHelper\Comm\DriverHelper.cs:line 233
   at PegasusTests.PageHelper.CreateLanguageHelper.ClickElement(String xmlNode) in d:\pegqa\TestAutomationProject\PegasusTests\PageHelper\CreateLanguageHelper.cs:line 51
   at PegasusTests.Scripts.ClientsTests.LanguageForClientOwner.languageForClientOwner() in d:\pegqa\TestAutomationProject\PegasusTests\Scripts\JiraTask\LanguageForClientOwner.cs:line 42
</StackTrace>
        </ErrorInfo>
      </Output>
    </UnitTestResult>
    <UnitTestResult executionId="b35a8d53-6826-4a1d-b6ef-b8e1ab94d67e" testId="1db49302-fd68-901a-1fff-20af734f6ba5" testName="languageForContacts" computerName="USER-PC" duration="00:01:05.0164302" startTime="2015-08-11T02:38:47.8033884+05:30" endTime="2015-08-11T02:39:52.8221072+05:30" testType="13cdc9d9-ddb5-4fa4-a97d-d965ccfc6d4b" outcome="Failed" testListId="8c84fa94-04c1-424b-9868-57a2d4851a1d" relativeResultsDirectory="b35a8d53-6826-4a1d-b6ef-b8e1ab94d67e">
      <Output>
        <StdOut>Logged in as: AslamKhan / 1qaz!QAZ
Redirected at Dashboard screen.</StdOut>
        <ErrorInfo>
          <Message>Assert.IsTrue failed. </Message>
          <StackTrace>   at PegasusTests.PageHelper.Comm.DriverHelper.Click(String locator) in d:\pegqa\TestAutomationProject\PegasusTests\PageHelper\Comm\DriverHelper.cs:line 233
   at PegasusTests.PageHelper.CreateLanguageHelper.ClickElement(String xmlNode) in d:\pegqa\TestAutomationProject\PegasusTests\PageHelper\CreateLanguageHelper.cs:line 51
   at PegasusTests.Scripts.ClientsTests.LanguageForContacts.languageForContacts() in d:\pegqa\TestAutomationProject\PegasusTests\Scripts\JiraTask\LanguageForContacts.cs:line 42
</StackTrace>
        </ErrorInfo>
      </Output>
    </UnitTestResult>
    <UnitTestResult executionId="935e1b0b-fd10-49d6-a380-80e5845d3f10" testId="2a41fd6d-698b-08f7-df50-e628cdb765c4" testName="residualIncomeReportingPeriod" computerName="USER-PC" duration="00:00:55.7711654" startTime="2015-08-11T02:39:52.8221072+05:30" endTime="2015-08-11T02:40:48.5952973+05:30" testType="13cdc9d9-ddb5-4fa4-a97d-d965ccfc6d4b" outcome="Failed" testListId="8c84fa94-04c1-424b-9868-57a2d4851a1d" relativeResultsDirectory="935e1b0b-fd10-49d6-a380-80e5845d3f10">
      <Output>
        <ErrorInfo>
          <Message>Assert.IsTrue failed. </Message>
          <StackTrace>   at PegasusTests.PageHelper.Comm.DriverHelper.Click(String locator) in d:\pegqa\TestAutomationProject\PegasusTests\PageHelper\Comm\DriverHelper.cs:line 233
   at PegasusTests.PageHelper.LoginAsCorpHelper.ClickElement(String xmlNode) in d:\pegqa\TestAutomationProject\PegasusTests\PageHelper\Corp\LoginAsCorpHelper.cs:line 58
   at PegasusTests.Scripts.ClientsTests.ResidualIncomeReportingPeriod.residualIncomeReportingPeriod() in d:\pegqa\TestAutomationProject\PegasusTests\Scripts\JiraTask\ResidualIncomeReportingPeriod.cs:line 41
</StackTrace>
        </ErrorInfo>
      </Output>
    </UnitTestResult>
    <UnitTestResult executionId="4858160a-9c0f-4ff6-a636-4ab030940a25" testId="3bc5b38f-c464-1196-f2ec-a3c16fe98f0a" testName="residualIncomeViewOfficePayoutExportToExcelAndCsv" computerName="USER-PC" duration="00:00:54.5453363" startTime="2015-08-11T02:40:48.5952973+05:30" endTime="2015-08-11T02:41:43.1424172+05:30" testType="13cdc9d9-ddb5-4fa4-a97d-d965ccfc6d4b" outcome="Failed" testListId="8c84fa94-04c1-424b-9868-57a2d4851a1d" relativeResultsDirectory="4858160a-9c0f-4ff6-a636-4ab030940a25">
      <Output>
        <ErrorInfo>
          <Message>Assert.IsTrue failed. </Message>
          <StackTrace>   at PegasusTests.PageHelper.Comm.DriverHelper.Click(String locator) in d:\pegqa\TestAutomationProject\PegasusTests\PageHelper\Comm\DriverHelper.cs:line 233
   at PegasusTests.PageHelper.LoginAsCorpHelper.ClickElement(String xmlNode) in d:\pegqa\TestAutomationProject\PegasusTests\PageHelper\Corp\LoginAsCorpHelper.cs:line 58
   at PegasusTests.Scripts.ClientsTests.ResidualIncomeViewOfficePayoutExportToExcelAndCsv1.residualIncomeViewOfficePayoutExportToExcelAndCsv() in d:\pegqa\TestAutomationProject\PegasusTests\Scripts\JiraTask\ResidualIncomeOffivc.cs:line 42
</StackTrace>
        </ErrorInfo>
      </Output>
    </UnitTestResult>
    <UnitTestResult executionId="e3ba421a-ba40-40cb-9dab-50dd71195e1b" testId="ad9e0b13-1e1f-def3-d2e7-45efa0260539" testName="contactUs" computerName="USER-PC" duration="00:00:15.8511286" startTime="2015-08-11T02:41:43.1424172+05:30" endTime="2015-08-11T02:41:58.9943239+05:30" testType="13cdc9d9-ddb5-4fa4-a97d-d965ccfc6d4b" outcome="Passed" testListId="8c84fa94-04c1-424b-9868-57a2d4851a1d" relativeResultsDirectory="e3ba421a-ba40-40cb-9dab-50dd71195e1b" />
    <UnitTestResult executionId="cd38c762-c6dd-4a26-851e-e3d6a5f6e03f" testId="4c4b490b-a45a-9233-2c4d-5b56cfde5345" testName="loginWithValidCredentials" computerName="USER-PC" duration="00:00:16.5343132" startTime="2015-08-11T02:41:58.9943239+05:30" endTime="2015-08-11T02:42:15.5292696+05:30" testType="13cdc9d9-ddb5-4fa4-a97d-d965ccfc6d4b" outcome="Failed" testListId="8c84fa94-04c1-424b-9868-57a2d4851a1d" relativeResultsDirectory="cd38c762-c6dd-4a26-851e-e3d6a5f6e03f">
      <Output>
        <StdOut>Logged in as: dnelms16 / dnelms16</StdOut>
        <ErrorInfo>
          <Message>Assert.IsTrue failed. </Message>
          <StackTrace>   at PegasusTests.PageHelper.Comm.DriverTestCase.VerifyTitle(String title) in d:\pegqa\TestAutomationProject\PegasusTests\PageHelper\Comm\DriverTestCase.cs:line 107
   at PegasusTests.Scripts.LoginTests.Login1099SaleAgent.loginWithValidCredentials() in d:\pegqa\TestAutomationProject\PegasusTests\Scripts\1099SaleAgent\Login1099SaleAgent.cs:line 35
</StackTrace>
        </ErrorInfo>
      </Output>
    </UnitTestResult>
    <UnitTestResult executionId="8154d362-6e63-4c62-a62c-e1bab6cdb04d" testId="3c70c7cc-aac9-c8d6-7a77-492280d601be" testName="LoginWithoutCredentials" computerName="USER-PC" duration="00:00:12.5650383" startTime="2015-08-11T02:42:15.5302697+05:30" endTime="2015-08-11T02:42:28.0959884+05:30" testType="13cdc9d9-ddb5-4fa4-a97d-d965ccfc6d4b" outcome="Passed" testListId="8c84fa94-04c1-424b-9868-57a2d4851a1d" relativeResultsDirectory="8154d362-6e63-4c62-a62c-e1bab6cdb04d">
      <Output>
        <StdOut>Logged in as:  /</StdOut>
      </Output>
    </UnitTestResult>
    <UnitTestResult executionId="0f9ae647-7290-4101-b7d5-ee4dc3fa2b30" testId="0ffb3020-bdcc-8ecf-905a-04eacc5bd1f3" testName="loginWithInvalidPassword" computerName="USER-PC" duration="00:00:10.9447063" startTime="2015-08-11T02:42:28.0959884+05:30" endTime="2015-08-11T02:42:39.0406144+05:30" testType="13cdc9d9-ddb5-4fa4-a97d-d965ccfc6d4b" outcome="Passed" testListId="8c84fa94-04c1-424b-9868-57a2d4851a1d" relativeResultsDirectory="0f9ae647-7290-4101-b7d5-ee4dc3fa2b30">
      <Output>
        <StdOut>Logged in as: AslamKhan / 123456</StdOut>
      </Output>
    </UnitTestResult>
    <UnitTestResult executionId="437c7af2-9f4c-47cf-bce2-a21b32b5e203" testId="539a2f31-4424-3c33-e7ad-abc68a16ff71" testName="loginWithValidCredentials" computerName="USER-PC" duration="00:00:22.5140354" startTime="2015-08-11T02:42:39.0406144+05:30" endTime="2015-08-11T02:43:01.5559022+05:30" testType="13cdc9d9-ddb5-4fa4-a97d-d965ccfc6d4b" outcome="Passed" testListId="8c84fa94-04c1-424b-9868-57a2d4851a1d" relativeResultsDirectory="437c7af2-9f4c-47cf-bce2-a21b32b5e203">
      <Output>
        <StdOut>Logged in as: AslamKhan / 1qaz!QAZ</StdOut>
      </Output>
    </UnitTestResult>
    <UnitTestResult executionId="4f24a22c-53d6-4f15-8fc9-fcd167ac912b" testId="afba5918-1f83-9617-8851-302085711f05" testName="verifyMyAccount" computerName="USER-PC" duration="00:00:13.0270692" startTime="2015-08-11T02:43:01.5559022+05:30" endTime="2015-08-11T02:43:14.5836473+05:30" testType="13cdc9d9-ddb5-4fa4-a97d-d965ccfc6d4b" outcome="Failed" testListId="8c84fa94-04c1-424b-9868-57a2d4851a1d" relativeResultsDirectory="4f24a22c-53d6-4f15-8fc9-fcd167ac912b">
      <Output>
        <ErrorInfo>
          <Message>Test method PegasusTests.Scripts.LoginTests.VerifyMyAccount.verifyMyAccount threw exception: 
OpenQA.Selenium.UnhandledAlertException: unexpected alert open
  (Session info: chrome=44.0.2403.130)
  (Driver info: chromedriver=2.14.313457 (3d645c400edf2e2c500566c9aa096063e707c9cf),platform=Windows NT 6.1 SP1 x86_64)</Message>
          <StackTrace>    at OpenQA.Selenium.Remote.RemoteWebDriver.UnpackAndThrowOnError(Response errorResponse) in c:\Projects\webdriver\dotnet\src\webdriver\Remote\RemoteWebDriver.cs:line 1158
   at OpenQA.Selenium.Remote.RemoteWebDriver.Execute(String driverCommandToExecute, Dictionary`2 parameters) in c:\Projects\webdriver\dotnet\src\webdriver\Remote\RemoteWebDriver.cs:line 920
   at OpenQA.Selenium.Remote.RemoteWebDriver.GetScreenshot() in c:\Projects\webdriver\dotnet\src\webdriver\Remote\RemoteWebDriver.cs:line 751
   at PegasusTests.PageHelper.Comm.DriverTestCase.TakeScreenshot(String saveLocation) in d:\pegqa\TestAutomationProject\PegasusTests\PageHelper\Comm\DriverTestCase.cs:line 86
   at PegasusTests.Scripts.LoginTests.VerifyMyAccount.verifyMyAccount() in d:\pegqa\TestAutomationProject\PegasusTests\Scripts\LoginTests\VerifyMyAccount.cs:line 42
</StackTrace>
        </ErrorInfo>
      </Output>
    </UnitTestResult>
    <UnitTestResult executionId="26faaa46-592c-48d7-8847-aaec64e685d1" testId="78b5d5ce-3bf4-07ed-7bbc-4f7171936cf1" testName="forgetPassword" computerName="USER-PC" duration="00:00:13.6541869" startTime="2015-08-11T02:43:14.5836473+05:30" endTime="2015-08-11T02:43:28.2384283+05:30" testType="13cdc9d9-ddb5-4fa4-a97d-d965ccfc6d4b" outcome="Failed" testListId="8c84fa94-04c1-424b-9868-57a2d4851a1d" relativeResultsDirectory="26faaa46-592c-48d7-8847-aaec64e685d1">
      <Output>
        <ErrorInfo>
          <Message>Test method PegasusTests.Scripts.LoginTests.ForgetPassword.forgetPassword threw exception: 
OpenQA.Selenium.UnhandledAlertException: unexpected alert open
  (Session info: chrome=44.0.2403.130)
  (Driver info: chromedriver=2.14.313457 (3d645c400edf2e2c500566c9aa096063e707c9cf),platform=Windows NT 6.1 SP1 x86_64)</Message>
          <StackTrace>    at OpenQA.Selenium.Remote.RemoteWebDriver.UnpackAndThrowOnError(Response errorResponse) in c:\Projects\webdriver\dotnet\src\webdriver\Remote\RemoteWebDriver.cs:line 1158
   at OpenQA.Selenium.Remote.RemoteWebDriver.Execute(String driverCommandToExecute, Dictionary`2 parameters) in c:\Projects\webdriver\dotnet\src\webdriver\Remote\RemoteWebDriver.cs:line 920
   at OpenQA.Selenium.Remote.RemoteWebDriver.GetScreenshot() in c:\Projects\webdriver\dotnet\src\webdriver\Remote\RemoteWebDriver.cs:line 751
   at PegasusTests.PageHelper.Comm.DriverTestCase.TakeScreenshot(String saveLocation) in d:\pegqa\TestAutomationProject\PegasusTests\PageHelper\Comm\DriverTestCase.cs:line 86
   at PegasusTests.Scripts.LoginTests.ForgetPassword.forgetPassword() in d:\pegqa\TestAutomationProject\PegasusTests\Scripts\LoginTests\ForgetPassword.cs:line 42
</StackTrace>
        </ErrorInfo>
      </Output>
    </UnitTestResult>
    <UnitTestResult executionId="7ddf8ea2-7d6a-4c5a-ab7c-889dacaedec4" testId="bdc07066-41b3-6e13-a736-f2f68dbc0d74" testName="addLeadsPartnerAgnet" computerName="USER-PC" duration="00:00:56.3926596" startTime="2015-08-11T02:43:28.2384283+05:30" endTime="2015-08-11T02:44:24.6336540+05:30" testType="13cdc9d9-ddb5-4fa4-a97d-d965ccfc6d4b" outcome="Failed" testListId="8c84fa94-04c1-424b-9868-57a2d4851a1d" relativeResultsDirectory="7ddf8ea2-7d6a-4c5a-ab7c-889dacaedec4">
      <Output>
        <StdOut>Logged in as: MyPartnerAgent / 1qaz!QAZ</StdOut>
        <ErrorInfo>
          <Message>Assert.IsTrue failed. </Message>
          <StackTrace>   at PegasusTests.PageHelper.Comm.DriverHelper.Click(String locator) in d:\pegqa\TestAutomationProject\PegasusTests\PageHelper\Comm\DriverHelper.cs:line 233
   at PegasusTests.PageHelper.AddLeadsHelper.ClickElement(String xmlNode) in d:\pegqa\TestAutomationProject\PegasusTests\PageHelper\AddLeadsHelper.cs:line 50
   at PegasusTests.Scripts.ClientsTests.AddLeadsPartnerAgnet.addLeadsPartnerAgnet() in d:\pegqa\TestAutomationProject\PegasusTests\Scripts\PartnerAgnet\AddLeadsPartnerAgnet.cs:line 42
</StackTrace>
        </ErrorInfo>
      </Output>
    </UnitTestResult>
    <UnitTestResult executionId="7685b6be-a6f5-44d5-8fdd-e2f22e5712b9" testId="85396f91-de65-3e6e-b43f-aff9afadf6bb" testName="bulkChangePartnerAgentForLead" computerName="USER-PC" duration="00:01:04.3327537" startTime="2015-08-11T02:44:24.6336540+05:30" endTime="2015-08-11T02:45:28.9683337+05:30" testType="13cdc9d9-ddb5-4fa4-a97d-d965ccfc6d4b" outcome="Failed" testListId="8c84fa94-04c1-424b-9868-57a2d4851a1d" relativeResultsDirectory="7685b6be-a6f5-44d5-8fdd-e2f22e5712b9">
      <Output>
        <StdOut>Logged in as: AslamKhan / 1qaz!QAZ
Redirected at Dashboard screen.</StdOut>
        <ErrorInfo>
          <Message>Assert.IsTrue failed. </Message>
          <StackTrace>   at PegasusTests.PageHelper.Comm.DriverHelper.Click(String locator) in d:\pegqa\TestAutomationProject\PegasusTests\PageHelper\Comm\DriverHelper.cs:line 233
   at PegasusTests.PageHelper.AddLeadsHelper.ClickElement(String xmlNode) in d:\pegqa\TestAutomationProject\PegasusTests\PageHelper\AddLeadsHelper.cs:line 50
   at PegasusTests.Scripts.ClientsTests.BulkChangePartnerAgentForLead.bulkChangePartnerAgentForLead() in d:\pegqa\TestAutomationProject\PegasusTests\Scripts\PartnerAgnet\BulkChangePartnerAgentForLead.cs:line 43
</StackTrace>
        </ErrorInfo>
      </Output>
    </UnitTestResult>
    <UnitTestResult executionId="a3cbb2f6-1901-4348-aa42-49af32438000" testId="7a8acec7-b507-2dbe-fb30-76bca53789c8" testName="changePartnerAgentForLead" computerName="USER-PC" duration="00:00:57.4727241" startTime="2015-08-11T02:45:28.9683337+05:30" endTime="2015-08-11T02:46:26.4426210+05:30" testType="13cdc9d9-ddb5-4fa4-a97d-d965ccfc6d4b" outcome="Failed" testListId="8c84fa94-04c1-424b-9868-57a2d4851a1d" relativeResultsDirectory="a3cbb2f6-1901-4348-aa42-49af32438000">
      <Output>
        <StdOut>Logged in as: MyPartnerAgent / 1qaz!QAZ</StdOut>
        <ErrorInfo>
          <Message>Assert.IsTrue failed. </Message>
          <StackTrace>   at PegasusTests.PageHelper.Comm.DriverHelper.Click(String locator) in d:\pegqa\TestAutomationProject\PegasusTests\PageHelper\Comm\DriverHelper.cs:line 233
   at PegasusTests.PageHelper.AddLeadsHelper.ClickElement(String xmlNode) in d:\pegqa\TestAutomationProject\PegasusTests\PageHelper\AddLeadsHelper.cs:line 50
   at PegasusTests.Scripts.ClientsTests.ChangePartnerAgentForLead.changePartnerAgentForLead() in d:\pegqa\TestAutomationProject\PegasusTests\Scripts\PartnerAgnet\ChangePartnerAgentForLead.cs:line 42
</StackTrace>
        </ErrorInfo>
      </Output>
    </UnitTestResult>
    <UnitTestResult executionId="a311c64d-f2e4-480f-9be1-234eea4b551b" testId="fa1abf44-a19f-a27d-1162-7aedc27f8b2b" testName="convertLeadWithMovingRecycleBinPartnerAgnet" computerName="USER-PC" duration="00:00:56.7375714" startTime="2015-08-11T02:46:26.4426210+05:30" endTime="2015-08-11T02:47:23.1818663+05:30" testType="13cdc9d9-ddb5-4fa4-a97d-d965ccfc6d4b" outcome="Failed" testListId="8c84fa94-04c1-424b-9868-57a2d4851a1d" relativeResultsDirectory="a311c64d-f2e4-480f-9be1-234eea4b551b">
      <Output>
        <StdOut>Logged in as: MyPartnerAgent / 1qaz!QAZ</StdOut>
        <ErrorInfo>
          <Message>Assert.IsTrue failed. </Message>
          <StackTrace>   at PegasusTests.PageHelper.Comm.DriverHelper.Click(String locator) in d:\pegqa\TestAutomationProject\PegasusTests\PageHelper\Comm\DriverHelper.cs:line 233
   at PegasusTests.PageHelper.AddLeadsHelper.ClickElement(String xmlNode) in d:\pegqa\TestAutomationProject\PegasusTests\PageHelper\AddLeadsHelper.cs:line 50
   at PegasusTests.Scripts.ClientsTests.ConvertLeadWithMovingRecycleBinPartnerAgnet.convertLeadWithMovingRecycleBinPartnerAgnet() in d:\pegqa\TestAutomationProject\PegasusTests\Scripts\PartnerAgnet\ConvertLeadWithMovingRecycleBinPartnerAgnet.cs:line 42
</StackTrace>
        </ErrorInfo>
      </Output>
    </UnitTestResult>
    <UnitTestResult executionId="69a9ab43-415b-4492-9d8d-35c137a3b4e3" testId="b38443cb-9263-d47d-e97a-8217d5611fca" testName="convertLeadPartnerAgnet" computerName="USER-PC" duration="00:00:55.4808499" startTime="2015-08-11T02:47:23.1818663+05:30" endTime="2015-08-11T02:48:18.7040420+05:30" testType="13cdc9d9-ddb5-4fa4-a97d-d965ccfc6d4b" outcome="Failed" testListId="8c84fa94-04c1-424b-9868-57a2d4851a1d" relativeResultsDirectory="69a9ab43-415b-4492-9d8d-35c137a3b4e3">
      <Output>
        <StdOut>Logged in as: MyPartnerAgent / 1qaz!QAZ</StdOut>
        <ErrorInfo>
          <Message>Assert.IsTrue failed. </Message>
          <StackTrace>   at PegasusTests.PageHelper.Comm.DriverHelper.Click(String locator) in d:\pegqa\TestAutomationProject\PegasusTests\PageHelper\Comm\DriverHelper.cs:line 233
   at PegasusTests.PageHelper.AddLeadsHelper.ClickElement(String xmlNode) in d:\pegqa\TestAutomationProject\PegasusTests\PageHelper\AddLeadsHelper.cs:line 50
   at PegasusTests.Scripts.ClientsTests.ConvertLeadPartnerAgnet.convertLeadPartnerAgnet() in d:\pegqa\TestAutomationProject\PegasusTests\Scripts\PartnerAgnet\ConvertLeadWithoutRecyclePartnerAgnet.cs:line 42
</StackTrace>
        </ErrorInfo>
      </Output>
    </UnitTestResult>
    <UnitTestResult executionId="fcf9ec57-8f2a-4059-8fd5-be60b795e5eb" testId="ef4ddd7f-3169-db5b-3647-7751270dce7f" testName="deleteLeadsOfPartnerAgnetFromOffice" computerName="USER-PC" duration="00:00:54.8452801" startTime="2015-08-11T02:48:18.7040420+05:30" endTime="2015-08-11T02:49:13.5511791+05:30" testType="13cdc9d9-ddb5-4fa4-a97d-d965ccfc6d4b" outcome="Failed" testListId="8c84fa94-04c1-424b-9868-57a2d4851a1d" relativeResultsDirectory="fcf9ec57-8f2a-4059-8fd5-be60b795e5eb">
      <Output>
        <StdOut>Logged in as: MyPartnerAgent / 1qaz!QAZ</StdOut>
        <ErrorInfo>
          <Message>Assert.IsTrue failed. </Message>
          <StackTrace>   at PegasusTests.PageHelper.Comm.DriverHelper.Click(String locator) in d:\pegqa\TestAutomationProject\PegasusTests\PageHelper\Comm\DriverHelper.cs:line 233
   at PegasusTests.PageHelper.AddLeadsHelper.ClickElement(String xmlNode) in d:\pegqa\TestAutomationProject\PegasusTests\PageHelper\AddLeadsHelper.cs:line 50
   at PegasusTests.Scripts.ClientsTests.DeleteLeadsOfPartnerAgnetFromOffice.deleteLeadsOfPartnerAgnetFromOffice() in d:\pegqa\TestAutomationProject\PegasusTests\Scripts\PartnerAgnet\DeleteLeadsOfPartnerAgnetFromOffice.cs:line 41
</StackTrace>
        </ErrorInfo>
      </Output>
    </UnitTestResult>
    <UnitTestResult executionId="84300f71-88db-44fd-bfbc-b07d40b5ea6c" testId="f2bcd24e-9067-9346-f03b-69c6875d755e" testName="deSelectPartnerAgentAndAssociation" computerName="USER-PC" duration="00:01:04.3943773" startTime="2015-08-11T02:49:13.5511791+05:30" endTime="2015-08-11T02:50:17.9478624+05:30" testType="13cdc9d9-ddb5-4fa4-a97d-d965ccfc6d4b" outcome="Failed" testListId="8c84fa94-04c1-424b-9868-57a2d4851a1d" relativeResultsDirectory="84300f71-88db-44fd-bfbc-b07d40b5ea6c">
      <Output>
        <StdOut>Logged in as: AslamKhan / 1qaz!QAZ
Redirected at Dashboard screen.</StdOut>
        <ErrorInfo>
          <Message>Assert.IsTrue failed. </Message>
          <StackTrace>   at PegasusTests.PageHelper.Comm.DriverHelper.Click(String locator) in d:\pegqa\TestAutomationProject\PegasusTests\PageHelper\Comm\DriverHelper.cs:line 233
   at PegasusTests.PageHelper.AddLeadsHelper.ClickElement(String xmlNode) in d:\pegqa\TestAutomationProject\PegasusTests\PageHelper\AddLeadsHelper.cs:line 50
   at PegasusTests.Scripts.ClientsTests.DeSelectPartnerAgentAndAssociation.deSelectPartnerAgentAndAssociation() in d:\pegqa\TestAutomationProject\PegasusTests\Scripts\PartnerAgnet\DeSelectPartnerAgentAndAssociation.cs:line 43
</StackTrace>
        </ErrorInfo>
      </Output>
    </UnitTestResult>
    <UnitTestResult executionId="a31e3851-f749-4425-92b8-2300650cd579" testId="1cb61c1a-1d85-67cc-f934-0567de32cd41" testName="deSelectPartnerAgentForLead" computerName="USER-PC" duration="00:00:54.8578864" startTime="2015-08-11T02:50:17.9478624+05:30" endTime="2015-08-11T02:51:12.8070001+05:30" testType="13cdc9d9-ddb5-4fa4-a97d-d965ccfc6d4b" outcome="Failed" testListId="8c84fa94-04c1-424b-9868-57a2d4851a1d" relativeResultsDirectory="a31e3851-f749-4425-92b8-2300650cd579">
      <Output>
        <StdOut>Logged in as: MyPartnerAgent / 1qaz!QAZ</StdOut>
        <ErrorInfo>
          <Message>Assert.IsTrue failed. </Message>
          <StackTrace>   at PegasusTests.PageHelper.Comm.DriverHelper.Click(String locator) in d:\pegqa\TestAutomationProject\PegasusTests\PageHelper\Comm\DriverHelper.cs:line 233
   at PegasusTests.PageHelper.AddLeadsHelper.ClickElement(String xmlNode) in d:\pegqa\TestAutomationProject\PegasusTests\PageHelper\AddLeadsHelper.cs:line 50
   at PegasusTests.Scripts.ClientsTests.DeSelectPartnerAgentForLead.deSelectPartnerAgentForLead() in d:\pegqa\TestAutomationProject\PegasusTests\Scripts\PartnerAgnet\DeSelectPartnerAgentForLead.cs:line 42
</StackTrace>
        </ErrorInfo>
      </Output>
    </UnitTestResult>
    <UnitTestResult executionId="fe7634bd-39da-4287-a73a-876b34ef152e" testId="92a1bdcd-c11a-62c2-2434-e52cfdc14fc0" testName="editLeadsPartnerAgnet" computerName="USER-PC" duration="00:00:56.4732371" startTime="2015-08-11T02:51:12.8070001+05:30" endTime="2015-08-11T02:52:09.2822303+05:30" testType="13cdc9d9-ddb5-4fa4-a97d-d965ccfc6d4b" outcome="Failed" testListId="8c84fa94-04c1-424b-9868-57a2d4851a1d" relativeResultsDirectory="fe7634bd-39da-4287-a73a-876b34ef152e">
      <Output>
        <StdOut>Logged in as: MyPartnerAgent / 1qaz!QAZ</StdOut>
        <ErrorInfo>
          <Message>Assert.IsTrue failed. </Message>
          <StackTrace>   at PegasusTests.PageHelper.Comm.DriverHelper.Click(String locator) in d:\pegqa\TestAutomationProject\PegasusTests\PageHelper\Comm\DriverHelper.cs:line 233
   at PegasusTests.PageHelper.AddLeadsHelper.ClickElement(String xmlNode) in d:\pegqa\TestAutomationProject\PegasusTests\PageHelper\AddLeadsHelper.cs:line 50
   at PegasusTests.Scripts.ClientsTests.EditLeadsPartnerAgnet.editLeadsPartnerAgnet() in d:\pegqa\TestAutomationProject\PegasusTests\Scripts\PartnerAgnet\EditLeadsPartnerAgnet.cs:line 42
</StackTrace>
        </ErrorInfo>
      </Output>
    </UnitTestResult>
    <UnitTestResult executionId="6289b692-b43c-4e17-aefc-bb14454b0ef6" testId="e3c3b9f0-3a39-9b63-266c-9053b6746118" testName="editPartnerAgnet" computerName="USER-PC" duration="00:00:55.9881425" startTime="2015-08-11T02:52:09.2822303+05:30" endTime="2015-08-11T02:53:05.2724328+05:30" testType="13cdc9d9-ddb5-4fa4-a97d-d965ccfc6d4b" outcome="Failed" testListId="8c84fa94-04c1-424b-9868-57a2d4851a1d" relativeResultsDirectory="6289b692-b43c-4e17-aefc-bb14454b0ef6">
      <Output>
        <StdOut>Logged in as: MyPartnerAgent / 1qaz!QAZ</StdOut>
        <ErrorInfo>
          <Message>Assert.IsTrue failed. </Message>
          <StackTrace>   at PegasusTests.PageHelper.Comm.DriverHelper.Click(String locator) in d:\pegqa\TestAutomationProject\PegasusTests\PageHelper\Comm\DriverHelper.cs:line 233
   at PegasusTests.PageHelper.AddLeadsHelper.ClickElement(String xmlNode) in d:\pegqa\TestAutomationProject\PegasusTests\PageHelper\AddLeadsHelper.cs:line 50
   at PegasusTests.Scripts.ClientsTests.EditPartnerAgnet.editPartnerAgnet() in d:\pegqa\TestAutomationProject\PegasusTests\Scripts\PartnerAgnet\EditPartnerAgnet.cs:line 42
</StackTrace>
        </ErrorInfo>
      </Output>
    </UnitTestResult>
    <UnitTestResult executionId="f8d1381f-868c-4d52-951c-568dc9659631" testId="393ff653-a3a0-0abd-e2b9-460cce49cafb" testName="leadforPartnerAgentAndAssociation" computerName="USER-PC" duration="00:01:03.9285884" startTime="2015-08-11T02:53:05.2724328+05:30" endTime="2015-08-11T02:54:09.2020894+05:30" testType="13cdc9d9-ddb5-4fa4-a97d-d965ccfc6d4b" outcome="Failed" testListId="8c84fa94-04c1-424b-9868-57a2d4851a1d" relativeResultsDirectory="f8d1381f-868c-4d52-951c-568dc9659631">
      <Output>
        <StdOut>Logged in as: AslamKhan / 1qaz!QAZ
Redirected at Dashboard screen.</StdOut>
        <ErrorInfo>
          <Message>Assert.IsTrue failed. </Message>
          <StackTrace>   at PegasusTests.PageHelper.Comm.DriverHelper.Click(String locator) in d:\pegqa\TestAutomationProject\PegasusTests\PageHelper\Comm\DriverHelper.cs:line 233
   at PegasusTests.PageHelper.AddLeadsHelper.ClickElement(String xmlNode) in d:\pegqa\TestAutomationProject\PegasusTests\PageHelper\AddLeadsHelper.cs:line 50
   at PegasusTests.Scripts.ClientsTests.LeadforPartnerAgentAndAssociation.leadforPartnerAgentAndAssociation() in d:\pegqa\TestAutomationProject\PegasusTests\Scripts\PartnerAgnet\LeadforPartnerAgentAndAssociation.cs:line 43
</StackTrace>
        </ErrorInfo>
      </Output>
    </UnitTestResult>
    <UnitTestResult executionId="d7da7073-d321-4ed5-b73c-1d6ac75f85c0" testId="04bc96ff-0871-d18a-c379-235677b3f887" testName="leadswithPartnerAgentAndBlankPartnerAssociation" computerName="USER-PC" duration="00:01:05.0074515" startTime="2015-08-11T02:54:09.2030894+05:30" endTime="2015-08-11T02:55:14.2118077+05:30" testType="13cdc9d9-ddb5-4fa4-a97d-d965ccfc6d4b" outcome="Failed" testListId="8c84fa94-04c1-424b-9868-57a2d4851a1d" relativeResultsDirectory="d7da7073-d321-4ed5-b73c-1d6ac75f85c0">
      <Output>
        <StdOut>Logged in as: AslamKhan / 1qaz!QAZ
Redirected at Dashboard screen.</StdOut>
        <ErrorInfo>
          <Message>Assert.IsTrue failed. </Message>
          <StackTrace>   at PegasusTests.PageHelper.Comm.DriverHelper.Click(String locator) in d:\pegqa\TestAutomationProject\PegasusTests\PageHelper\Comm\DriverHelper.cs:line 233
   at PegasusTests.PageHelper.AddLeadsHelper.ClickElement(String xmlNode) in d:\pegqa\TestAutomationProject\PegasusTests\PageHelper\AddLeadsHelper.cs:line 50
   at PegasusTests.Scripts.ClientsTests.LeadswithPartnerAgentAndBlankPartnerAssociation.leadswithPartnerAgentAndBlankPartnerAssociation() in d:\pegqa\TestAutomationProject\PegasusTests\Scripts\PartnerAgnet\LeadswithPartnerAgentAndBlankPartnerAssociation.cs:line 43
</StackTrace>
        </ErrorInfo>
      </Output>
    </UnitTestResult>
    <UnitTestResult executionId="30c51bd4-f61d-479a-95bc-420a684d11c2" testId="88245557-3318-b62a-4f78-efe6823f020a" testName="loginAsPartnerAgent" computerName="USER-PC" duration="00:00:17.3019156" startTime="2015-08-11T02:55:14.2118077+05:30" endTime="2015-08-11T02:55:31.5147974+05:30" testType="13cdc9d9-ddb5-4fa4-a97d-d965ccfc6d4b" outcome="Passed" testListId="8c84fa94-04c1-424b-9868-57a2d4851a1d" relativeResultsDirectory="30c51bd4-f61d-479a-95bc-420a684d11c2">
      <Output>
        <StdOut>Logged in as: MyPartnerAgent / 1qaz!QAZ</StdOut>
      </Output>
    </UnitTestResult>
    <UnitTestResult executionId="1fa1c469-32a6-4135-8860-a021e3d48837" testId="ada679da-9b1e-bb0a-81d0-38da5304756b" testName="loginAsPartnerAssociation" computerName="USER-PC" duration="00:00:17.3792218" startTime="2015-08-11T02:55:31.5147974+05:30" endTime="2015-08-11T02:55:48.8947915+05:30" testType="13cdc9d9-ddb5-4fa4-a97d-d965ccfc6d4b" outcome="Passed" testListId="8c84fa94-04c1-424b-9868-57a2d4851a1d" relativeResultsDirectory="1fa1c469-32a6-4135-8860-a021e3d48837">
      <Output>
        <StdOut>Logged in as: MyPartnerAssociation / 1qaz!QAZ</StdOut>
      </Output>
    </UnitTestResult>
    <UnitTestResult executionId="a627db85-6afb-4997-81b1-d48091bde9a3" testId="f1076d8a-c072-3bc9-d09a-ad00fb451555" testName="partnerAgnetReportDownlaodToCSV" computerName="USER-PC" duration="00:00:56.8055807" startTime="2015-08-11T02:55:48.8947915+05:30" endTime="2015-08-11T02:56:45.7020406+05:30" testType="13cdc9d9-ddb5-4fa4-a97d-d965ccfc6d4b" outcome="Failed" testListId="8c84fa94-04c1-424b-9868-57a2d4851a1d" relativeResultsDirectory="a627db85-6afb-4997-81b1-d48091bde9a3">
      <Output>
        <StdOut>Logged in as: MyPartnerAgent / 1qaz!QAZ</StdOut>
        <ErrorInfo>
          <Message>Assert.IsTrue failed. </Message>
          <StackTrace>   at PegasusTests.PageHelper.Comm.DriverHelper.Click(String locator) in d:\pegqa\TestAutomationProject\PegasusTests\PageHelper\Comm\DriverHelper.cs:line 233
   at PegasusTests.PageHelper.PartnerAgnetHelper.ClickElement(String xmlNode) in d:\pegqa\TestAutomationProject\PegasusTests\PageHelper\PartnerAgnetHelper.cs:line 50
   at PegasusTests.Scripts.ClientsTests.PartnerAgnetReportDownlaodToCSV.partnerAgnetReportDownlaodToCSV() in d:\pegqa\TestAutomationProject\PegasusTests\Scripts\PartnerAgnet\PartnerAgnetReportDownlaodToCSV.cs:line 40
</StackTrace>
        </ErrorInfo>
      </Output>
    </UnitTestResult>
    <UnitTestResult executionId="959333c7-b22e-4dc7-94dd-7a0150c17fa7" testId="1406bb24-1420-0373-f4b3-5aa2e79ad216" testName="partnerAgnetDownlaodToCSV" computerName="USER-PC" duration="00:00:59.9137555" startTime="2015-08-11T02:56:45.7020406+05:30" endTime="2015-08-11T02:57:45.6174676+05:30" testType="13cdc9d9-ddb5-4fa4-a97d-d965ccfc6d4b" outcome="Failed" testListId="8c84fa94-04c1-424b-9868-57a2d4851a1d" relativeResultsDirectory="959333c7-b22e-4dc7-94dd-7a0150c17fa7">
      <Output>
        <StdOut>Logged in as: MyPartnerAgent / 1qaz!QAZ</StdOut>
        <ErrorInfo>
          <Message>Assert.IsTrue failed. </Message>
          <StackTrace>   at PegasusTests.PageHelper.Comm.DriverHelper.Click(String locator) in d:\pegqa\TestAutomationProject\PegasusTests\PageHelper\Comm\DriverHelper.cs:line 233
   at PegasusTests.PageHelper.PartnerAgnetHelper.ClickElement(String xmlNode) in d:\pegqa\TestAutomationProject\PegasusTests\PageHelper\PartnerAgnetHelper.cs:line 50
   at PegasusTests.Scripts.ClientsTests.PartnerAgnetReportDownlaodToExcel.partnerAgnetDownlaodToCSV() in d:\pegqa\TestAutomationProject\PegasusTests\Scripts\PartnerAgnet\PartnerAgnetReportDownlaodToExcel.cs:line 40
</StackTrace>
        </ErrorInfo>
      </Output>
    </UnitTestResult>
    <UnitTestResult executionId="cacf3ba7-411b-44bd-b12f-47195fdd2b14" testId="fbd11205-a53d-3b31-f61c-9733d9901426" testName="partnerAgnetReportDownlaodToPDF" computerName="USER-PC" duration="00:00:55.7584363" startTime="2015-08-11T02:57:45.6184677+05:30" endTime="2015-08-11T02:58:41.3776569+05:30" testType="13cdc9d9-ddb5-4fa4-a97d-d965ccfc6d4b" outcome="Failed" testListId="8c84fa94-04c1-424b-9868-57a2d4851a1d" relativeResultsDirectory="cacf3ba7-411b-44bd-b12f-47195fdd2b14">
      <Output>
        <StdOut>Logged in as: MyPartnerAgent / 1qaz!QAZ</StdOut>
        <ErrorInfo>
          <Message>Assert.IsTrue failed. </Message>
          <StackTrace>   at PegasusTests.PageHelper.Comm.DriverHelper.Click(String locator) in d:\pegqa\TestAutomationProject\PegasusTests\PageHelper\Comm\DriverHelper.cs:line 233
   at PegasusTests.PageHelper.PartnerAgnetHelper.ClickElement(String xmlNode) in d:\pegqa\TestAutomationProject\PegasusTests\PageHelper\PartnerAgnetHelper.cs:line 50
   at PegasusTests.Scripts.ClientsTests.PartnerAgnetReportDownlaodToPDF.partnerAgnetReportDownlaodToPDF() in d:\pegqa\TestAutomationProject\PegasusTests\Scripts\PartnerAgnet\PartnerAgnetReportDownlaodToPDF.cs:line 40
</StackTrace>
        </ErrorInfo>
      </Output>
    </UnitTestResult>
    <UnitTestResult executionId="23c20f51-48a4-419a-823a-4d12cde112a2" testId="e672af1c-bcaf-16c4-86a8-73bfba0e55d9" testName="payoutsPartnerAgnetExport" computerName="USER-PC" duration="00:00:56.2189874" startTime="2015-08-11T02:58:41.3786570+05:30" endTime="2015-08-11T02:59:37.5988726+05:30" testType="13cdc9d9-ddb5-4fa4-a97d-d965ccfc6d4b" outcome="Failed" testListId="8c84fa94-04c1-424b-9868-57a2d4851a1d" relativeResultsDirectory="23c20f51-48a4-419a-823a-4d12cde112a2">
      <Output>
        <StdOut>Logged in as: MyPartnerAgent / 1qaz!QAZ</StdOut>
        <ErrorInfo>
          <Message>Assert.IsTrue failed. </Message>
          <StackTrace>   at PegasusTests.PageHelper.Comm.DriverHelper.Click(String locator) in d:\pegqa\TestAutomationProject\PegasusTests\PageHelper\Comm\DriverHelper.cs:line 233
   at PegasusTests.PageHelper.PartnerAgnetHelper.ClickElement(String xmlNode) in d:\pegqa\TestAutomationProject\PegasusTests\PageHelper\PartnerAgnetHelper.cs:line 50
   at PegasusTests.Scripts.ClientsTests.PayoutsPartnerAgnetExport.payoutsPartnerAgnetExport() in d:\pegqa\TestAutomationProject\PegasusTests\Scripts\PartnerAgnet\PayoutsPartnerAgnetExportExcel.cs:line 42
</StackTrace>
        </ErrorInfo>
      </Output>
    </UnitTestResult>
    <UnitTestResult executionId="33efb06f-ea99-4583-9faa-0bca5fd0a45d" testId="53849bef-89f3-a2ef-9524-6b5eb35a9ba4" testName="payoutsPartnerAgnetReprtPrint" computerName="USER-PC" duration="00:00:55.4287229" startTime="2015-08-11T02:59:37.5988726+05:30" endTime="2015-08-11T03:00:33.0290430+05:30" testType="13cdc9d9-ddb5-4fa4-a97d-d965ccfc6d4b" outcome="Failed" testListId="8c84fa94-04c1-424b-9868-57a2d4851a1d" relativeResultsDirectory="33efb06f-ea99-4583-9faa-0bca5fd0a45d">
      <Output>
        <StdOut>Logged in as: MyPartnerAgent / 1qaz!QAZ</StdOut>
        <ErrorInfo>
          <Message>Assert.IsTrue failed. </Message>
          <StackTrace>   at PegasusTests.PageHelper.Comm.DriverHelper.Click(String locator) in d:\pegqa\TestAutomationProject\PegasusTests\PageHelper\Comm\DriverHelper.cs:line 233
   at PegasusTests.PageHelper.PartnerAgnetHelper.ClickElement(String xmlNode) in d:\pegqa\TestAutomationProject\PegasusTests\PageHelper\PartnerAgnetHelper.cs:line 50
   at PegasusTests.Scripts.ClientsTests.PayoutsPartnerAgnetReprtPrint.payoutsPartnerAgnetReprtPrint() in d:\pegqa\TestAutomationProject\PegasusTests\Scripts\PartnerAgnet\PayoutsPartnerAgnetReprtPrint.cs:line 42
</StackTrace>
        </ErrorInfo>
      </Output>
    </UnitTestResult>
    <UnitTestResult executionId="75423c1a-35ce-41f7-947e-d4bd9abc0c6b" testId="8101f2e3-e145-3ca1-3852-7412784f7c59" testName="selectPartnerAgentForLeads" computerName="USER-PC" duration="00:01:02.1157850" startTime="2015-08-11T03:00:33.0290430+05:30" endTime="2015-08-11T03:01:35.1465959+05:30" testType="13cdc9d9-ddb5-4fa4-a97d-d965ccfc6d4b" outcome="Failed" testListId="8c84fa94-04c1-424b-9868-57a2d4851a1d" relativeResultsDirectory="75423c1a-35ce-41f7-947e-d4bd9abc0c6b">
      <Output>
        <StdOut>Logged in as: AslamKhan / 1qaz!QAZ
Redirected at Dashboard screen.</StdOut>
        <ErrorInfo>
          <Message>Assert.IsTrue failed. </Message>
          <StackTrace>   at PegasusTests.PageHelper.Comm.DriverHelper.Click(String locator) in d:\pegqa\TestAutomationProject\PegasusTests\PageHelper\Comm\DriverHelper.cs:line 233
   at PegasusTests.PageHelper.AddLeadsHelper.ClickElement(String xmlNode) in d:\pegqa\TestAutomationProject\PegasusTests\PageHelper\AddLeadsHelper.cs:line 50
   at PegasusTests.Scripts.ClientsTests.SelectPartnerAgentForLeads.selectPartnerAgentForLeads() in d:\pegqa\TestAutomationProject\PegasusTests\Scripts\PartnerAgnet\SelectPartnerAgentForLeads.cs:line 43
</StackTrace>
        </ErrorInfo>
      </Output>
    </UnitTestResult>
    <UnitTestResult executionId="e72ef466-2899-4a02-b291-b59dd31608c1" testId="e1d948f9-6bb4-eeab-2a87-2f116760c039" testName="updatePartnerAgnetLeadFromOffice" computerName="USER-PC" duration="00:00:55.8791975" startTime="2015-08-11T03:01:35.1465959+05:30" endTime="2015-08-11T03:02:31.0277921+05:30" testType="13cdc9d9-ddb5-4fa4-a97d-d965ccfc6d4b" outcome="Failed" testListId="8c84fa94-04c1-424b-9868-57a2d4851a1d" relativeResultsDirectory="e72ef466-2899-4a02-b291-b59dd31608c1">
      <Output>
        <StdOut>Logged in as: MyPartnerAgent / 1qaz!QAZ</StdOut>
        <ErrorInfo>
          <Message>Assert.IsTrue failed. </Message>
          <StackTrace>   at PegasusTests.PageHelper.Comm.DriverHelper.Click(String locator) in d:\pegqa\TestAutomationProject\PegasusTests\PageHelper\Comm\DriverHelper.cs:line 233
   at PegasusTests.PageHelper.AddLeadsHelper.ClickElement(String xmlNode) in d:\pegqa\TestAutomationProject\PegasusTests\PageHelper\AddLeadsHelper.cs:line 50
   at PegasusTests.Scripts.ClientsTests.UpdatePartnerAgnetLeadFromOffice.updatePartnerAgnetLeadFromOffice() in d:\pegqa\TestAutomationProject\PegasusTests\Scripts\PartnerAgnet\UpdatePartnerAgnetLeadFromOffice.cs:line 42
</StackTrace>
        </ErrorInfo>
      </Output>
    </UnitTestResult>
  </Results>
  <TestDefinitions>
    <UnitTest name="addNote1099SaleAgent" storage="d:\newpeg\testautomationproject\pegasustests\bin\debug\pegasustests.dll" id="a6e6f0fe-2ffb-cd75-d4e8-925ffafeadc5">
      <Execution id="959273fa-7e16-4d59-abc2-e406ed8592e6" />
      <TestMethod codeBase="D:\NEWPEG\TestAutomationProject\PegasusTests\bin\Debug\PegasusTests.dll" adapterTypeName="Microsoft.VisualStudio.TestTools.TestTypes.Unit.UnitTestAdapter" className="PegasusTests.Scripts.ClientsTests.AddNote1099SaleAgent" name="addNote1099SaleAgent" />
    </UnitTest>
    <UnitTest name="createMeeting1099SaleAgent" storage="d:\newpeg\testautomationproject\pegasustests\bin\debug\pegasustests.dll" id="790ceffe-b590-3a28-5457-3de7b1374d10">
      <Execution id="4fee6b7e-470b-4e31-b439-ab4b21aa7d0b" />
      <TestMethod codeBase="D:\NEWPEG\TestAutomationProject\PegasusTests\bin\Debug\PegasusTests.dll" adapterTypeName="Microsoft.VisualStudio.TestTools.TestTypes.Unit.UnitTestAdapter" className="PegasusTests.Scripts.ClientsTests.CreateMeeting1099SaleAgent" name="createMeeting1099SaleAgent" />
    </UnitTest>
    <UnitTest name="newTask1099SaleAgent" storage="d:\newpeg\testautomationproject\pegasustests\bin\debug\pegasustests.dll" id="7ae0591f-6c70-9eb7-be22-477a27c77af2">
      <Execution id="d6f68f38-c377-4198-ae4f-2dd0093d1c13" />
      <TestMethod codeBase="D:\NEWPEG\TestAutomationProject\PegasusTests\bin\Debug\PegasusTests.dll" adapterTypeName="Microsoft.VisualStudio.TestTools.TestTypes.Unit.UnitTestAdapter" className="PegasusTests.Scripts.ClientsTests.NewTask1099SaleAgent" name="newTask1099SaleAgent" />
    </UnitTest>
    <UnitTest name="resisualIncomeReportsPrint1099SaleAgent" storage="d:\newpeg\testautomationproject\pegasustests\bin\debug\pegasustests.dll" id="dfcd1364-8715-1a63-1d78-3bcbb19f73f0">
      <Execution id="d4dbaf11-eb9c-4d79-a3df-8c5e713f7e94" />
      <TestMethod codeBase="D:\NEWPEG\TestAutomationProject\PegasusTests\bin\Debug\PegasusTests.dll" adapterTypeName="Microsoft.VisualStudio.TestTools.TestTypes.Unit.UnitTestAdapter" className="PegasusTests.Scripts.LoginTests.ResisualIncomeReportsPrint1099SaleAgent" name="resisualIncomeReportsPrint1099SaleAgent" />
    </UnitTest>
    <UnitTest name="resisualIncomeReportPDF1099SaleAgent" storage="d:\newpeg\testautomationproject\pegasustests\bin\debug\pegasustests.dll" id="3f542d8e-845e-a50b-2055-f981f685d611">
      <Execution id="ba60e891-0a7b-4b8a-8736-b36797f95cbd" />
      <TestMethod codeBase="D:\NEWPEG\TestAutomationProject\PegasusTests\bin\Debug\PegasusTests.dll" adapterTypeName="Microsoft.VisualStudio.TestTools.TestTypes.Unit.UnitTestAdapter" className="PegasusTests.Scripts.LoginTests.ResisualIncomeReportPDF1099SaleAgent" name="resisualIncomeReportPDF1099SaleAgent" />
    </UnitTest>
    <UnitTest name="resisualIncomeReportsCSV1099SaleAgent" storage="d:\newpeg\testautomationproject\pegasustests\bin\debug\pegasustests.dll" id="46fa97d1-ad6b-1ada-1404-d5f88c4c7781">
      <Execution id="d40e37f8-f565-4e7b-b5fb-f7b29f99b1bf" />
      <TestMethod codeBase="D:\NEWPEG\TestAutomationProject\PegasusTests\bin\Debug\PegasusTests.dll" adapterTypeName="Microsoft.VisualStudio.TestTools.TestTypes.Unit.UnitTestAdapter" className="PegasusTests.Scripts.LoginTests.ResisualIncomeReportsCSV1099SaleAgent" name="resisualIncomeReportsCSV1099SaleAgent" />
    </UnitTest>
    <UnitTest name="resisualIncomeReportsExcel1099SaleAgent" storage="d:\newpeg\testautomationproject\pegasustests\bin\debug\pegasustests.dll" id="50c39f3a-deab-e4dc-5731-c1604403f86c">
      <Execution id="ca78a64b-7fa9-44f5-8ba0-b007907d1e21" />
      <TestMethod codeBase="D:\NEWPEG\TestAutomationProject\PegasusTests\bin\Debug\PegasusTests.dll" adapterTypeName="Microsoft.VisualStudio.TestTools.TestTypes.Unit.UnitTestAdapter" className="PegasusTests.Scripts.LoginTests.ResisualIncomeReportsExcel1099SaleAgent" name="resisualIncomeReportsExcel1099SaleAgent" />
    </UnitTest>
    <UnitTest name="resisualIncomePayoutSumaryExportExcel1099SaleAgent" storage="d:\newpeg\testautomationproject\pegasustests\bin\debug\pegasustests.dll" id="008c5e5d-ef86-0ab1-9789-d60d0c1d3197">
      <Execution id="ac010a02-eaf3-4b5e-a350-976fe43f039a" />
      <TestMethod codeBase="D:\NEWPEG\TestAutomationProject\PegasusTests\bin\Debug\PegasusTests.dll" adapterTypeName="Microsoft.VisualStudio.TestTools.TestTypes.Unit.UnitTestAdapter" className="PegasusTests.Scripts.LoginTests.ResisualIncomePayoutSumaryExportExcel1099SaleAgent" name="resisualIncomePayoutSumaryExportExcel1099SaleAgent" />
    </UnitTest>
    <UnitTest name="resisualIncomePayoutSumaryExportCSV1099SaleAgent" storage="d:\newpeg\testautomationproject\pegasustests\bin\debug\pegasustests.dll" id="4d2d65e4-1d70-08a4-cffa-4d77a3741c53">
      <Execution id="4644c8bb-df95-44fe-992c-d646f94367a8" />
      <TestMethod codeBase="D:\NEWPEG\TestAutomationProject\PegasusTests\bin\Debug\PegasusTests.dll" adapterTypeName="Microsoft.VisualStudio.TestTools.TestTypes.Unit.UnitTestAdapter" className="PegasusTests.Scripts.LoginTests.ResisualIncomePayoutSumaryExportCSV1099SaleAgent" name="resisualIncomePayoutSumaryExportCSV1099SaleAgent" />
    </UnitTest>
    <UnitTest name="resisualIncomeReports1099SaleAgent" storage="d:\newpeg\testautomationproject\pegasustests\bin\debug\pegasustests.dll" id="248f47f9-36e5-bddc-4a68-33cabbbe11e2">
      <Execution id="38509073-b904-4fa6-a913-412fb5f80683" />
      <TestMethod codeBase="D:\NEWPEG\TestAutomationProject\PegasusTests\bin\Debug\PegasusTests.dll" adapterTypeName="Microsoft.VisualStudio.TestTools.TestTypes.Unit.UnitTestAdapter" className="PegasusTests.Scripts.LoginTests.ResisualIncomeReports1099SaleAgent" name="resisualIncomeReports1099SaleAgent" />
    </UnitTest>
    <UnitTest name="resisualIncomePayoutSumary1099SaleAgent" storage="d:\newpeg\testautomationproject\pegasustests\bin\debug\pegasustests.dll" id="fb6f0898-b493-d22e-5baa-a0a8cb2f401a">
      <Execution id="f28b0530-f8ca-47cc-8d37-3bec09edeb97" />
      <TestMethod codeBase="D:\NEWPEG\TestAutomationProject\PegasusTests\bin\Debug\PegasusTests.dll" adapterTypeName="Microsoft.VisualStudio.TestTools.TestTypes.Unit.UnitTestAdapter" className="PegasusTests.Scripts.LoginTests.ResisualIncomePayoutSumary1099SaleAgent" name="resisualIncomePayoutSumary1099SaleAgent" />
    </UnitTest>
    <UnitTest name="activitiesComposeEmai1099SA" storage="d:\newpeg\testautomationproject\pegasustests\bin\debug\pegasustests.dll" id="a620d826-239b-b69a-8a7e-41491137efb2">
      <Execution id="56b86602-6994-401e-81ce-db71d2e9e77f" />
      <TestMethod codeBase="D:\NEWPEG\TestAutomationProject\PegasusTests\bin\Debug\PegasusTests.dll" adapterTypeName="Microsoft.VisualStudio.TestTools.TestTypes.Unit.UnitTestAdapter" className="PegasusTests.Scripts.ClientsTests.ActivitiesComposeEmai1099SA" name="activitiesComposeEmai1099SA" />
    </UnitTest>
    <UnitTest name="viewTicket1099SaleAgnet" storage="d:\newpeg\testautomationproject\pegasustests\bin\debug\pegasustests.dll" id="7c6badc4-8ff7-69fe-06b2-deaa8fa7de49">
      <Execution id="201277c4-bd25-40ba-b2f2-b1178c6282dd" />
      <TestMethod codeBase="D:\NEWPEG\TestAutomationProject\PegasusTests\bin\Debug\PegasusTests.dll" adapterTypeName="Microsoft.VisualStudio.TestTools.TestTypes.Unit.UnitTestAdapter" className="PegasusTests.Scripts.ClientsTests.ViewTicket1099SaleAgnet" name="viewTicket1099SaleAgnet" />
    </UnitTest>
    <UnitTest name="editSettingProfile1099SaleAgent" storage="d:\newpeg\testautomationproject\pegasustests\bin\debug\pegasustests.dll" id="088a859a-f8d6-b8c3-7666-fd8df99b3c7c">
      <Execution id="d5f80d41-6719-439e-ac2b-f772213eaad4" />
      <TestMethod codeBase="D:\NEWPEG\TestAutomationProject\PegasusTests\bin\Debug\PegasusTests.dll" adapterTypeName="Microsoft.VisualStudio.TestTools.TestTypes.Unit.UnitTestAdapter" className="PegasusTests.Scripts.LoginTests.EditSettingProfile1099SaleAgent" name="editSettingProfile1099SaleAgent" />
    </UnitTest>
    <UnitTest name="createTicket1099SaleAgnet" storage="d:\newpeg\testautomationproject\pegasustests\bin\debug\pegasustests.dll" id="7f096431-aff4-bfac-7c6d-19b2f4b24a1f">
      <Execution id="55d742e5-b106-4960-a1a6-985a9da9cfca" />
      <TestMethod codeBase="D:\NEWPEG\TestAutomationProject\PegasusTests\bin\Debug\PegasusTests.dll" adapterTypeName="Microsoft.VisualStudio.TestTools.TestTypes.Unit.UnitTestAdapter" className="PegasusTests.Scripts.ClientsTests.CreateTicket1099SaleAgnet" name="createTicket1099SaleAgnet" />
    </UnitTest>
    <UnitTest name="loginWithValidCredentials" storage="d:\newpeg\testautomationproject\pegasustests\bin\debug\pegasustests.dll" id="05224286-d5f4-dcbe-2881-62f25f8222fb">
      <Execution id="25a0a107-fa2f-406e-ac6b-4ce03759e218" />
      <TestMethod codeBase="D:\NEWPEG\TestAutomationProject\PegasusTests\bin\Debug\PegasusTests.dll" adapterTypeName="Microsoft.VisualStudio.TestTools.TestTypes.Unit.UnitTestAdapter" className="PegasusTests.Scripts.LoginTests.EditProfile1099SaleAgent" name="loginWithValidCredentials" />
    </UnitTest>
    <UnitTest name="covertLeadToClient1099SaleAgent" storage="d:\newpeg\testautomationproject\pegasustests\bin\debug\pegasustests.dll" id="0b776fec-a2f6-f823-1e7f-ca6facbaf7a1">
      <Execution id="3fc5d1c2-44dd-4725-a13b-bfab7dc0fbf1" />
      <TestMethod codeBase="D:\NEWPEG\TestAutomationProject\PegasusTests\bin\Debug\PegasusTests.dll" adapterTypeName="Microsoft.VisualStudio.TestTools.TestTypes.Unit.UnitTestAdapter" className="PegasusTests.Scripts.ClientsTests.CovertLeadToClient1099SaleAgent" name="covertLeadToClient1099SaleAgent" />
    </UnitTest>
    <UnitTest name="covertOpportunitiesToLead1099SaleAgent" storage="d:\newpeg\testautomationproject\pegasustests\bin\debug\pegasustests.dll" id="47fd048a-c76e-e320-7b07-a8e3c3d2f99b">
      <Execution id="eb910d2e-45e5-41f2-9681-283d57fede3c" />
      <TestMethod codeBase="D:\NEWPEG\TestAutomationProject\PegasusTests\bin\Debug\PegasusTests.dll" adapterTypeName="Microsoft.VisualStudio.TestTools.TestTypes.Unit.UnitTestAdapter" className="PegasusTests.Scripts.ClientsTests.CovertOpportunitiesToLead1099SaleAgent" name="covertOpportunitiesToLead1099SaleAgent" />
    </UnitTest>
    <UnitTest name="editClient1099SaleAgent" storage="d:\newpeg\testautomationproject\pegasustests\bin\debug\pegasustests.dll" id="8f7e6d9d-4f84-b9f9-fcf2-70b2c43a6e7c">
      <Execution id="c2db6067-6856-4fde-8333-9447343121bd" />
      <TestMethod codeBase="D:\NEWPEG\TestAutomationProject\PegasusTests\bin\Debug\PegasusTests.dll" adapterTypeName="Microsoft.VisualStudio.TestTools.TestTypes.Unit.UnitTestAdapter" className="PegasusTests.Scripts.ClientsTests.EditClient1099SaleAgent" name="editClient1099SaleAgent" />
    </UnitTest>
    <UnitTest name="edit1099SaleAgentLeads" storage="d:\newpeg\testautomationproject\pegasustests\bin\debug\pegasustests.dll" id="c9c2ac7d-813d-0f45-2100-bc9ed43f7e6e">
      <Execution id="8419c9bf-df68-4721-be7b-b1608d60d622" />
      <TestMethod codeBase="D:\NEWPEG\TestAutomationProject\PegasusTests\bin\Debug\PegasusTests.dll" adapterTypeName="Microsoft.VisualStudio.TestTools.TestTypes.Unit.UnitTestAdapter" className="PegasusTests.Scripts.ClientsTests.Edit1099SaleAgentLeads" name="edit1099SaleAgentLeads" />
    </UnitTest>
    <UnitTest name="edit1099SaleAgentOpportunities" storage="d:\newpeg\testautomationproject\pegasustests\bin\debug\pegasustests.dll" id="1c98e8cb-2c21-68e1-4fbb-31a4b44a5e70">
      <Execution id="21db7e7d-50e8-4ad8-a666-3d9b71bf0650" />
      <TestMethod codeBase="D:\NEWPEG\TestAutomationProject\PegasusTests\bin\Debug\PegasusTests.dll" adapterTypeName="Microsoft.VisualStudio.TestTools.TestTypes.Unit.UnitTestAdapter" className="PegasusTests.Scripts.ClientsTests.Edit1099SaleAgentOpportunities" name="edit1099SaleAgentOpportunities" />
    </UnitTest>
    <UnitTest name="importCSVOpportunities1099SaleAgent" storage="d:\newpeg\testautomationproject\pegasustests\bin\debug\pegasustests.dll" id="a4c36a63-6d60-9932-2393-7b23fd064fa7">
      <Execution id="c8859fac-9dc9-4128-885a-31ad867b1924" />
      <TestMethod codeBase="D:\NEWPEG\TestAutomationProject\PegasusTests\bin\Debug\PegasusTests.dll" adapterTypeName="Microsoft.VisualStudio.TestTools.TestTypes.Unit.UnitTestAdapter" className="PegasusTests.Scripts.ClientsTests.ImportCSVOpportunities1099SaleAgent" name="importCSVOpportunities1099SaleAgent" />
    </UnitTest>
    <UnitTest name="importLeadCSV1099SaleAgent" storage="d:\newpeg\testautomationproject\pegasustests\bin\debug\pegasustests.dll" id="548eb0e3-21c4-4f0b-6b5a-58dc4d03c378">
      <Execution id="5bc15b00-fc3b-44c3-8f18-f08ca59c2b45" />
      <TestMethod codeBase="D:\NEWPEG\TestAutomationProject\PegasusTests\bin\Debug\PegasusTests.dll" adapterTypeName="Microsoft.VisualStudio.TestTools.TestTypes.Unit.UnitTestAdapter" className="PegasusTests.Scripts.ClientsTests.ImportLeadCSV1099SaleAgent" name="importLeadCSV1099SaleAgent" />
    </UnitTest>
    <UnitTest name="importCSVClient1099SaleAgent" storage="d:\newpeg\testautomationproject\pegasustests\bin\debug\pegasustests.dll" id="eb95b563-6c8f-738d-73ea-9e48afb409f8">
      <Execution id="34f8f26d-a6d5-45c2-90a8-2b3d90963998" />
      <TestMethod codeBase="D:\NEWPEG\TestAutomationProject\PegasusTests\bin\Debug\PegasusTests.dll" adapterTypeName="Microsoft.VisualStudio.TestTools.TestTypes.Unit.UnitTestAdapter" className="PegasusTests.Scripts.ClientsTests.ImportCSVClient1099SaleAgent" name="importCSVClient1099SaleAgent" />
    </UnitTest>
    <UnitTest name="create1099SaleAgentLeads" storage="d:\newpeg\testautomationproject\pegasustests\bin\debug\pegasustests.dll" id="f86c3330-00a8-424d-28ff-0ee2fe2002c8">
      <Execution id="595429b7-b1e4-4fd0-b3c7-c410f5e0e04e" />
      <TestMethod codeBase="D:\NEWPEG\TestAutomationProject\PegasusTests\bin\Debug\PegasusTests.dll" adapterTypeName="Microsoft.VisualStudio.TestTools.TestTypes.Unit.UnitTestAdapter" className="PegasusTests.Scripts.ClientsTests.Create1099SaleAgentLeads" name="create1099SaleAgentLeads" />
    </UnitTest>
    <UnitTest name="verifyAllCompainesInClientOppLead" storage="d:\newpeg\testautomationproject\pegasustests\bin\debug\pegasustests.dll" id="d24f2fae-89a0-1b3b-76b3-44baabcb5d6e">
      <Execution id="0f20f64c-74af-4699-b79f-4af67372b4a8" />
      <TestMethod codeBase="D:\NEWPEG\TestAutomationProject\PegasusTests\bin\Debug\PegasusTests.dll" adapterTypeName="Microsoft.VisualStudio.TestTools.TestTypes.Unit.UnitTestAdapter" className="PegasusTests.Scripts.ClientsTests.VerifyAllCompainesInClientOppLead" name="verifyAllCompainesInClientOppLead" />
    </UnitTest>
    <UnitTest name="create1099SaleAgentOpportunities" storage="d:\newpeg\testautomationproject\pegasustests\bin\debug\pegasustests.dll" id="648a1cba-e95b-959b-c7d9-e09e6e43f4f8">
      <Execution id="8f841a92-63fa-4ea1-a6fb-16f688598833" />
      <TestMethod codeBase="D:\NEWPEG\TestAutomationProject\PegasusTests\bin\Debug\PegasusTests.dll" adapterTypeName="Microsoft.VisualStudio.TestTools.TestTypes.Unit.UnitTestAdapter" className="PegasusTests.Scripts.ClientsTests.Create1099SaleAgentOpportunities" name="create1099SaleAgentOpportunities" />
    </UnitTest>
    <UnitTest name="addNotesAdmin" storage="d:\newpeg\testautomationproject\pegasustests\bin\debug\pegasustests.dll" id="a771f3bb-1db6-e6e4-01e7-f17c339df556">
      <Execution id="5ce85f02-9e0f-411c-b66a-b1f04be4bf1c" />
      <TestMethod codeBase="D:\NEWPEG\TestAutomationProject\PegasusTests\bin\Debug\PegasusTests.dll" adapterTypeName="Microsoft.VisualStudio.TestTools.TestTypes.Unit.UnitTestAdapter" className="PegasusTests.Scripts.ClientsTests.AddNotesAdmin" name="addNotesAdmin" />
    </UnitTest>
    <UnitTest name="addDocumentAdmin" storage="d:\newpeg\testautomationproject\pegasustests\bin\debug\pegasustests.dll" id="c0637c1d-f672-6fa8-3f85-f728e50bbc6c">
      <Execution id="2a690b74-e40e-4823-ae87-0268477ce197" />
      <TestMethod codeBase="D:\NEWPEG\TestAutomationProject\PegasusTests\bin\Debug\PegasusTests.dll" adapterTypeName="Microsoft.VisualStudio.TestTools.TestTypes.Unit.UnitTestAdapter" className="PegasusTests.Scripts.ClientsTests.AddDocumentAdmin" name="addDocumentAdmin" />
    </UnitTest>
    <UnitTest name="deleteVendor" storage="d:\newpeg\testautomationproject\pegasustests\bin\debug\pegasustests.dll" id="f72bb24f-988c-3b43-a32f-158b98110281">
      <Execution id="4832ae59-78f1-468b-8e54-290811802ef8" />
      <TestMethod codeBase="D:\NEWPEG\TestAutomationProject\PegasusTests\bin\Debug\PegasusTests.dll" adapterTypeName="Microsoft.VisualStudio.TestTools.TestTypes.Unit.UnitTestAdapter" className="PegasusTests.Scripts.Admin.DeleteVendor" name="deleteVendor" />
    </UnitTest>
    <UnitTest name="createClientSectionMasterData" storage="d:\newpeg\testautomationproject\pegasustests\bin\debug\pegasustests.dll" id="cfb0f6ec-6ce9-745c-c7a5-163c7d6a42fb">
      <Execution id="a800ace0-5e25-471c-a7c1-20f337ad5fcd" />
      <TestMethod codeBase="D:\NEWPEG\TestAutomationProject\PegasusTests\bin\Debug\PegasusTests.dll" adapterTypeName="Microsoft.VisualStudio.TestTools.TestTypes.Unit.UnitTestAdapter" className="PegasusTests.Scripts.ClientsTests.CreateClientSectionMasterData" name="createClientSectionMasterData" />
    </UnitTest>
    <UnitTest name="createLeadsSectionMasterData" storage="d:\newpeg\testautomationproject\pegasustests\bin\debug\pegasustests.dll" id="b2792e2e-fd0d-2979-2990-af7b9f75f852">
      <Execution id="e3b5131f-6afd-4827-93f4-f3980e56f6a2" />
      <TestMethod codeBase="D:\NEWPEG\TestAutomationProject\PegasusTests\bin\Debug\PegasusTests.dll" adapterTypeName="Microsoft.VisualStudio.TestTools.TestTypes.Unit.UnitTestAdapter" className="PegasusTests.Scripts.ClientsTests.CreateLeadsSectionMasterData" name="createLeadsSectionMasterData" />
    </UnitTest>
    <UnitTest name="createClientTabsMasterData" storage="d:\newpeg\testautomationproject\pegasustests\bin\debug\pegasustests.dll" id="4e87a394-78ea-6e75-6bbc-04fc2a824a8d">
      <Execution id="5e0ec70d-bef7-489b-94d9-afcbf3a2e96b" />
      <TestMethod codeBase="D:\NEWPEG\TestAutomationProject\PegasusTests\bin\Debug\PegasusTests.dll" adapterTypeName="Microsoft.VisualStudio.TestTools.TestTypes.Unit.UnitTestAdapter" className="PegasusTests.Scripts.ClientsTests.CreateClientTabsMasterData" name="createClientTabsMasterData" />
    </UnitTest>
    <UnitTest name="createLeadsTabsMasterData" storage="d:\newpeg\testautomationproject\pegasustests\bin\debug\pegasustests.dll" id="b781ea2d-3fa7-f022-b12b-7518aed4e80b">
      <Execution id="36073467-7737-4b47-9119-cf7397cd9c0d" />
      <TestMethod codeBase="D:\NEWPEG\TestAutomationProject\PegasusTests\bin\Debug\PegasusTests.dll" adapterTypeName="Microsoft.VisualStudio.TestTools.TestTypes.Unit.UnitTestAdapter" className="PegasusTests.Scripts.ClientsTests.CreateLeadsTabsMasterData" name="createLeadsTabsMasterData" />
    </UnitTest>
    <UnitTest name="editPDFImportWizard" storage="d:\newpeg\testautomationproject\pegasustests\bin\debug\pegasustests.dll" id="388d959a-5d03-4ba2-ec94-49e207d35a92">
      <Execution id="2b648eeb-22f1-488e-aa9b-fde5cdf842ab" />
      <TestMethod codeBase="D:\NEWPEG\TestAutomationProject\PegasusTests\bin\Debug\PegasusTests.dll" adapterTypeName="Microsoft.VisualStudio.TestTools.TestTypes.Unit.UnitTestAdapter" className="PegasusTests.Scripts.ClientsTests.EditPDFImportWizard" name="editPDFImportWizard" />
    </UnitTest>
    <UnitTest name="pDFImportWizard" storage="d:\newpeg\testautomationproject\pegasustests\bin\debug\pegasustests.dll" id="3ef6a145-6cdb-7d16-85c8-914d8ac1050f">
      <Execution id="2ab373e8-3c5c-45b9-baed-d57e12163e58" />
      <TestMethod codeBase="D:\NEWPEG\TestAutomationProject\PegasusTests\bin\Debug\PegasusTests.dll" adapterTypeName="Microsoft.VisualStudio.TestTools.TestTypes.Unit.UnitTestAdapter" className="PegasusTests.Scripts.ClientsTests.PDFImportWizard" name="pDFImportWizard" />
    </UnitTest>
    <UnitTest name="sendVerificationOfficeUser" storage="d:\newpeg\testautomationproject\pegasustests\bin\debug\pegasustests.dll" id="7961822f-678f-5674-a904-a5bb09b936af">
      <Execution id="2fcd5cb4-4a24-4833-977e-7f939b7a082a" />
      <TestMethod codeBase="D:\NEWPEG\TestAutomationProject\PegasusTests\bin\Debug\PegasusTests.dll" adapterTypeName="Microsoft.VisualStudio.TestTools.TestTypes.Unit.UnitTestAdapter" className="PegasusTests.Scripts.ClientsTests.SendVerificationOfficeUser" name="sendVerificationOfficeUser" />
    </UnitTest>
    <UnitTest name="resetPasswordOfficeUser" storage="d:\newpeg\testautomationproject\pegasustests\bin\debug\pegasustests.dll" id="efe6a825-39bd-2033-8402-8c8b5885a109">
      <Execution id="2fc835bd-0d6d-4cf3-b8de-80acbfbca723" />
      <TestMethod codeBase="D:\NEWPEG\TestAutomationProject\PegasusTests\bin\Debug\PegasusTests.dll" adapterTypeName="Microsoft.VisualStudio.TestTools.TestTypes.Unit.UnitTestAdapter" className="PegasusTests.Scripts.ClientsTests.ResetPasswordOfficeUser" name="resetPasswordOfficeUser" />
    </UnitTest>
    <UnitTest name="editPricingPlanAdmin" storage="d:\newpeg\testautomationproject\pegasustests\bin\debug\pegasustests.dll" id="9db6b81e-8fd2-b76a-e77b-2dadb0a8d54d">
      <Execution id="ad301ad0-86c3-4a9a-a8d8-d34535bb6aa6" />
      <TestMethod codeBase="D:\NEWPEG\TestAutomationProject\PegasusTests\bin\Debug\PegasusTests.dll" adapterTypeName="Microsoft.VisualStudio.TestTools.TestTypes.Unit.UnitTestAdapter" className="PegasusTests.Scripts.ClientsTests.EditPricingPlanAdmin" name="editPricingPlanAdmin" />
    </UnitTest>
    <UnitTest name="editDepartmentOffice" storage="d:\newpeg\testautomationproject\pegasustests\bin\debug\pegasustests.dll" id="a8c75908-ddb6-1db2-d0ba-4ed86c0e0e1c">
      <Execution id="775c652c-9a35-479b-a66f-76bd5fa1eada" />
      <TestMethod codeBase="D:\NEWPEG\TestAutomationProject\PegasusTests\bin\Debug\PegasusTests.dll" adapterTypeName="Microsoft.VisualStudio.TestTools.TestTypes.Unit.UnitTestAdapter" className="PegasusTests.Scripts.ClientsTests.EditDepartmentOffice" name="editDepartmentOffice" />
    </UnitTest>
    <UnitTest name="editIframeIntegration" storage="d:\newpeg\testautomationproject\pegasustests\bin\debug\pegasustests.dll" id="8c11438e-5f1c-d5e5-c11f-9bcfbcbfb539">
      <Execution id="5d689505-4214-4b4c-8eb4-fd50e98107b4" />
      <TestMethod codeBase="D:\NEWPEG\TestAutomationProject\PegasusTests\bin\Debug\PegasusTests.dll" adapterTypeName="Microsoft.VisualStudio.TestTools.TestTypes.Unit.UnitTestAdapter" className="PegasusTests.Scripts.ClientsTests.EditIframeIntegration" name="editIframeIntegration" />
    </UnitTest>
    <UnitTest name="createRatesAndFeesAdmin" storage="d:\newpeg\testautomationproject\pegasustests\bin\debug\pegasustests.dll" id="cb77648c-7227-f42f-ea63-16ebd87b0329">
      <Execution id="4f227f4f-54c4-4dea-bdd9-568af70b9bf1" />
      <TestMethod codeBase="D:\NEWPEG\TestAutomationProject\PegasusTests\bin\Debug\PegasusTests.dll" adapterTypeName="Microsoft.VisualStudio.TestTools.TestTypes.Unit.UnitTestAdapter" className="PegasusTests.Scripts.ClientsTests.CreateRatesAndFeesAdmin" name="createRatesAndFeesAdmin" />
    </UnitTest>
    <UnitTest name="viewSendEmailAdmin" storage="d:\newpeg\testautomationproject\pegasustests\bin\debug\pegasustests.dll" id="41bdd9db-f1be-28f2-1c70-9ac0e9297039">
      <Execution id="77651fe2-d8d5-4f2f-9e37-32155d7c169c" />
      <TestMethod codeBase="D:\NEWPEG\TestAutomationProject\PegasusTests\bin\Debug\PegasusTests.dll" adapterTypeName="Microsoft.VisualStudio.TestTools.TestTypes.Unit.UnitTestAdapter" className="PegasusTests.Scripts.ClientsTests.ViewSendEmailAdmin" name="viewSendEmailAdmin" />
    </UnitTest>
    <UnitTest name="sendEmailAdmin" storage="d:\newpeg\testautomationproject\pegasustests\bin\debug\pegasustests.dll" id="6e9f5d23-2e28-868d-db40-1911d5df9da8">
      <Execution id="d18df533-26dc-462b-a322-f093158d5f80" />
      <TestMethod codeBase="D:\NEWPEG\TestAutomationProject\PegasusTests\bin\Debug\PegasusTests.dll" adapterTypeName="Microsoft.VisualStudio.TestTools.TestTypes.Unit.UnitTestAdapter" className="PegasusTests.Scripts.ClientsTests.SendEmailAdmin" name="sendEmailAdmin" />
    </UnitTest>
    <UnitTest name="editNewMeeting" storage="d:\newpeg\testautomationproject\pegasustests\bin\debug\pegasustests.dll" id="d0bebc65-f4fa-af8b-e0d2-05b40daf4c87">
      <Execution id="4978e2bf-bad6-4b02-8032-469175a2c1e9" />
      <TestMethod codeBase="D:\NEWPEG\TestAutomationProject\PegasusTests\bin\Debug\PegasusTests.dll" adapterTypeName="Microsoft.VisualStudio.TestTools.TestTypes.Unit.UnitTestAdapter" className="PegasusTests.Scripts.ClientsTests.EditNewMeeting" name="editNewMeeting" />
    </UnitTest>
    <UnitTest name="newMeetingAdmin" storage="d:\newpeg\testautomationproject\pegasustests\bin\debug\pegasustests.dll" id="9bfe4665-9ab1-3e46-343e-9a00c4adbced">
      <Execution id="c0915242-8955-448a-9dca-7cab4369c481" />
      <TestMethod codeBase="D:\NEWPEG\TestAutomationProject\PegasusTests\bin\Debug\PegasusTests.dll" adapterTypeName="Microsoft.VisualStudio.TestTools.TestTypes.Unit.UnitTestAdapter" className="PegasusTests.Scripts.ClientsTests.NewMeetingAdmin" name="newMeetingAdmin" />
    </UnitTest>
    <UnitTest name="editNewTask" storage="d:\newpeg\testautomationproject\pegasustests\bin\debug\pegasustests.dll" id="afce73ee-a588-ccf1-fcca-4853aba2fc38">
      <Execution id="aa421f9f-7d63-414d-9f8f-10d6f2681e32" />
      <TestMethod codeBase="D:\NEWPEG\TestAutomationProject\PegasusTests\bin\Debug\PegasusTests.dll" adapterTypeName="Microsoft.VisualStudio.TestTools.TestTypes.Unit.UnitTestAdapter" className="PegasusTests.Scripts.ClientsTests.EditNewTask" name="editNewTask" />
    </UnitTest>
    <UnitTest name="createNewTaskAdmin" storage="d:\newpeg\testautomationproject\pegasustests\bin\debug\pegasustests.dll" id="2ee955ab-0aad-78d1-b0ae-7df1d253f8b5">
      <Execution id="22057306-678d-4904-b94e-8bf1f159f137" />
      <TestMethod codeBase="D:\NEWPEG\TestAutomationProject\PegasusTests\bin\Debug\PegasusTests.dll" adapterTypeName="Microsoft.VisualStudio.TestTools.TestTypes.Unit.UnitTestAdapter" className="PegasusTests.Scripts.ClientsTests.CreateNewTaskAdmin" name="createNewTaskAdmin" />
    </UnitTest>
    <UnitTest name="editNotesAdmin" storage="d:\newpeg\testautomationproject\pegasustests\bin\debug\pegasustests.dll" id="b6c4f62d-fa46-344a-7812-5ffe0ca1743e">
      <Execution id="551b6a1f-107d-426d-8a0e-34e4e0ffa0a6" />
      <TestMethod codeBase="D:\NEWPEG\TestAutomationProject\PegasusTests\bin\Debug\PegasusTests.dll" adapterTypeName="Microsoft.VisualStudio.TestTools.TestTypes.Unit.UnitTestAdapter" className="PegasusTests.Scripts.ClientsTests.EditNotesAdmin" name="editNotesAdmin" />
    </UnitTest>
    <UnitTest name="editEquipment" storage="d:\newpeg\testautomationproject\pegasustests\bin\debug\pegasustests.dll" id="3d62c0a4-6403-3cdf-9081-3e638f24e9d8">
      <Execution id="b0f17ece-6fec-4e98-a902-36f8a6e6a807" />
      <TestMethod codeBase="D:\NEWPEG\TestAutomationProject\PegasusTests\bin\Debug\PegasusTests.dll" adapterTypeName="Microsoft.VisualStudio.TestTools.TestTypes.Unit.UnitTestAdapter" className="PegasusTests.Scripts.ClientsTests.EditEquipment" name="editEquipment" />
    </UnitTest>
    <UnitTest name="createEquipments" storage="d:\newpeg\testautomationproject\pegasustests\bin\debug\pegasustests.dll" id="7514df2c-13cf-e9df-04e2-8ac441203afd">
      <Execution id="002e2b84-5591-4013-88db-9c9bdef3d1d4" />
      <TestMethod codeBase="D:\NEWPEG\TestAutomationProject\PegasusTests\bin\Debug\PegasusTests.dll" adapterTypeName="Microsoft.VisualStudio.TestTools.TestTypes.Unit.UnitTestAdapter" className="PegasusTests.Scripts.ClientsTests.CreateEquipments" name="createEquipments" />
    </UnitTest>
    <UnitTest name="editDownloadIds" storage="d:\newpeg\testautomationproject\pegasustests\bin\debug\pegasustests.dll" id="5ca045f6-44b7-6b2b-7bb1-9d718f9fdc30">
      <Execution id="312373f8-ca50-4ba8-99c5-29b551f96d17" />
      <TestMethod codeBase="D:\NEWPEG\TestAutomationProject\PegasusTests\bin\Debug\PegasusTests.dll" adapterTypeName="Microsoft.VisualStudio.TestTools.TestTypes.Unit.UnitTestAdapter" className="PegasusTests.Scripts.ClientsTests.EditDownloadIds" name="editDownloadIds" />
    </UnitTest>
    <UnitTest name="editShippingCarriers" storage="d:\newpeg\testautomationproject\pegasustests\bin\debug\pegasustests.dll" id="e37eaedf-50d8-e5ef-128a-2e0b1db615e2">
      <Execution id="68c50479-c33e-4edf-a4e3-34d60c3f16fb" />
      <TestMethod codeBase="D:\NEWPEG\TestAutomationProject\PegasusTests\bin\Debug\PegasusTests.dll" adapterTypeName="Microsoft.VisualStudio.TestTools.TestTypes.Unit.UnitTestAdapter" className="PegasusTests.Scripts.ClientsTests.EditShippingCarriers" name="editShippingCarriers" />
    </UnitTest>
    <UnitTest name="editProductCategories" storage="d:\newpeg\testautomationproject\pegasustests\bin\debug\pegasustests.dll" id="ad688757-ac0d-7155-c13f-c5720bbaf750">
      <Execution id="0d01cc4b-1bcc-4176-8e22-83f030c08f32" />
      <TestMethod codeBase="D:\NEWPEG\TestAutomationProject\PegasusTests\bin\Debug\PegasusTests.dll" adapterTypeName="Microsoft.VisualStudio.TestTools.TestTypes.Unit.UnitTestAdapter" className="PegasusTests.Scripts.ClientsTests.EditProductCategories" name="editProductCategories" />
    </UnitTest>
    <UnitTest name="editProducts" storage="d:\newpeg\testautomationproject\pegasustests\bin\debug\pegasustests.dll" id="219eb49f-ecb5-ec1f-81c5-0809faec76b7">
      <Execution id="2d4001c5-622a-4a4f-ae11-a417d050b1f3" />
      <TestMethod codeBase="D:\NEWPEG\TestAutomationProject\PegasusTests\bin\Debug\PegasusTests.dll" adapterTypeName="Microsoft.VisualStudio.TestTools.TestTypes.Unit.UnitTestAdapter" className="PegasusTests.Scripts.ClientsTests.EditProducts" name="editProducts" />
    </UnitTest>
    <UnitTest name="createSystemSchedular" storage="d:\newpeg\testautomationproject\pegasustests\bin\debug\pegasustests.dll" id="1314e3d5-b5cd-529d-9e47-2cbdecfcb69a">
      <Execution id="1f3627f7-a541-410e-878c-b76de752a07e" />
      <TestMethod codeBase="D:\NEWPEG\TestAutomationProject\PegasusTests\bin\Debug\PegasusTests.dll" adapterTypeName="Microsoft.VisualStudio.TestTools.TestTypes.Unit.UnitTestAdapter" className="PegasusTests.Scripts.ClientsTests.CreateSystemSchedular" name="createSystemSchedular" />
    </UnitTest>
    <UnitTest name="createOmahaAuthGrip" storage="d:\newpeg\testautomationproject\pegasustests\bin\debug\pegasustests.dll" id="5405a815-87a0-bc5b-eafb-f4ef78ae58c0">
      <Execution id="1ba0af5d-d95a-4eb8-af01-9a37b12a98cb" />
      <TestMethod codeBase="D:\NEWPEG\TestAutomationProject\PegasusTests\bin\Debug\PegasusTests.dll" adapterTypeName="Microsoft.VisualStudio.TestTools.TestTypes.Unit.UnitTestAdapter" className="PegasusTests.Scripts.ClientsTests.CreateOmahaAuthGrip" name="createOmahaAuthGrip" />
    </UnitTest>
    <UnitTest name="createAdminProcessor" storage="d:\newpeg\testautomationproject\pegasustests\bin\debug\pegasustests.dll" id="b48476c2-2032-d43e-7048-725cc526318f">
      <Execution id="171f537f-11ba-4f28-969e-dda6f8e7b7e5" />
      <TestMethod codeBase="D:\NEWPEG\TestAutomationProject\PegasusTests\bin\Debug\PegasusTests.dll" adapterTypeName="Microsoft.VisualStudio.TestTools.TestTypes.Unit.UnitTestAdapter" className="PegasusTests.Scripts.ClientsTests.CreateAdminProcessor" name="createAdminProcessor" />
    </UnitTest>
    <UnitTest name="createMerchantTypeAdmin" storage="d:\newpeg\testautomationproject\pegasustests\bin\debug\pegasustests.dll" id="90434917-c3c3-98a9-1b62-303bc3fb4c9b">
      <Execution id="877ddf71-aa74-4ba5-9614-07955c908c3f" />
      <TestMethod codeBase="D:\NEWPEG\TestAutomationProject\PegasusTests\bin\Debug\PegasusTests.dll" adapterTypeName="Microsoft.VisualStudio.TestTools.TestTypes.Unit.UnitTestAdapter" className="PegasusTests.Scripts.ClientsTests.CreateMerchantTypeAdmin" name="createMerchantTypeAdmin" />
    </UnitTest>
    <UnitTest name="createPricingPlanAdmin" storage="d:\newpeg\testautomationproject\pegasustests\bin\debug\pegasustests.dll" id="eb06d663-e2bd-0152-32ef-41c80c26d0c3">
      <Execution id="fae64871-c9dc-4dc8-a82b-56eb6c4b28e6" />
      <TestMethod codeBase="D:\NEWPEG\TestAutomationProject\PegasusTests\bin\Debug\PegasusTests.dll" adapterTypeName="Microsoft.VisualStudio.TestTools.TestTypes.Unit.UnitTestAdapter" className="PegasusTests.Scripts.ClientsTests.CreatePricingPlanAdmin" name="createPricingPlanAdmin" />
    </UnitTest>
    <UnitTest name="createIframeIntegration" storage="d:\newpeg\testautomationproject\pegasustests\bin\debug\pegasustests.dll" id="76ff5c95-614a-b070-4107-b9df772820bd">
      <Execution id="4e9bd721-47a9-4759-862d-33f9033e8a79" />
      <TestMethod codeBase="D:\NEWPEG\TestAutomationProject\PegasusTests\bin\Debug\PegasusTests.dll" adapterTypeName="Microsoft.VisualStudio.TestTools.TestTypes.Unit.UnitTestAdapter" className="PegasusTests.Scripts.ClientsTests.CreateIframeIntegration" name="createIframeIntegration" />
    </UnitTest>
    <UnitTest name="createAPICodesIntegration" storage="d:\newpeg\testautomationproject\pegasustests\bin\debug\pegasustests.dll" id="7407b576-15fa-1515-b38c-98835ca20038">
      <Execution id="9f8ddf7e-265b-4699-964f-b75120640395" />
      <TestMethod codeBase="D:\NEWPEG\TestAutomationProject\PegasusTests\bin\Debug\PegasusTests.dll" adapterTypeName="Microsoft.VisualStudio.TestTools.TestTypes.Unit.UnitTestAdapter" className="PegasusTests.Scripts.ClientsTests.CreateAPICodesIntegration" name="createAPICodesIntegration" />
    </UnitTest>
    <UnitTest name="createGroups" storage="d:\newpeg\testautomationproject\pegasustests\bin\debug\pegasustests.dll" id="17fdd1fe-270c-64a6-d739-d781e7095dd1">
      <Execution id="2560b113-a950-4903-92f9-9bde9fbb46c9" />
      <TestMethod codeBase="D:\NEWPEG\TestAutomationProject\PegasusTests\bin\Debug\PegasusTests.dll" adapterTypeName="Microsoft.VisualStudio.TestTools.TestTypes.Unit.UnitTestAdapter" className="PegasusTests.Scripts.Admin.CreateGroups" name="createGroups" />
    </UnitTest>
    <UnitTest name="createOfficeTeams" storage="d:\newpeg\testautomationproject\pegasustests\bin\debug\pegasustests.dll" id="b8a8044d-978a-8a80-66f9-bcc498c286f3">
      <Execution id="6c2954ef-8ab0-42ca-8358-387684c332e2" />
      <TestMethod codeBase="D:\NEWPEG\TestAutomationProject\PegasusTests\bin\Debug\PegasusTests.dll" adapterTypeName="Microsoft.VisualStudio.TestTools.TestTypes.Unit.UnitTestAdapter" className="PegasusTests.Scripts.Admin.CreateOfficeTeams" name="createOfficeTeams" />
    </UnitTest>
    <UnitTest name="createOfficeRoles" storage="d:\newpeg\testautomationproject\pegasustests\bin\debug\pegasustests.dll" id="1570d631-e7ea-d1ff-8029-9c3057b97dcb">
      <Execution id="9eaa144f-4af3-471c-bdde-2f0d9f8844fe" />
      <TestMethod codeBase="D:\NEWPEG\TestAutomationProject\PegasusTests\bin\Debug\PegasusTests.dll" adapterTypeName="Microsoft.VisualStudio.TestTools.TestTypes.Unit.UnitTestAdapter" className="PegasusTests.Scripts.Admin.CreateOfficeRoles" name="createOfficeRoles" />
    </UnitTest>
    <UnitTest name="createDepartmentOffice" storage="d:\newpeg\testautomationproject\pegasustests\bin\debug\pegasustests.dll" id="b7060749-cc7c-f6d3-3481-8c42e21b3071">
      <Execution id="f1420e99-115d-4755-ae8a-99dd25d168e9" />
      <TestMethod codeBase="D:\NEWPEG\TestAutomationProject\PegasusTests\bin\Debug\PegasusTests.dll" adapterTypeName="Microsoft.VisualStudio.TestTools.TestTypes.Unit.UnitTestAdapter" className="PegasusTests.Scripts.Admin.CreateDepartmentOffice" name="createDepartmentOffice" />
    </UnitTest>
    <UnitTest name="createUserAdmin" storage="d:\newpeg\testautomationproject\pegasustests\bin\debug\pegasustests.dll" id="a5003c8e-f670-4ae4-4888-492acd6501fd">
      <Execution id="4bc08dc5-af22-4e09-98c2-25c0ed394434" />
      <TestMethod codeBase="D:\NEWPEG\TestAutomationProject\PegasusTests\bin\Debug\PegasusTests.dll" adapterTypeName="Microsoft.VisualStudio.TestTools.TestTypes.Unit.UnitTestAdapter" className="PegasusTests.Scripts.Admin.CreateUserAdmin" name="createUserAdmin" />
    </UnitTest>
    <UnitTest name="emailNotification" storage="d:\newpeg\testautomationproject\pegasustests\bin\debug\pegasustests.dll" id="c3c74573-8aa0-3f93-faf4-08e73200b2fb">
      <Execution id="151a9c62-fb91-4b9f-a12a-3335af21a7af" />
      <TestMethod codeBase="D:\NEWPEG\TestAutomationProject\PegasusTests\bin\Debug\PegasusTests.dll" adapterTypeName="Microsoft.VisualStudio.TestTools.TestTypes.Unit.UnitTestAdapter" className="PegasusTests.Scripts.Admin.EmailNotification" name="emailNotification" />
    </UnitTest>
    <UnitTest name="createResolutionTicket" storage="d:\newpeg\testautomationproject\pegasustests\bin\debug\pegasustests.dll" id="bba01396-a4ff-a857-1225-cd8c3d9cf69d">
      <Execution id="bcb6884c-950d-40a9-91a4-1e4c50721097" />
      <TestMethod codeBase="D:\NEWPEG\TestAutomationProject\PegasusTests\bin\Debug\PegasusTests.dll" adapterTypeName="Microsoft.VisualStudio.TestTools.TestTypes.Unit.UnitTestAdapter" className="PegasusTests.Scripts.Admin.CreateResolutionTicket" name="createResolutionTicket" />
    </UnitTest>
    <UnitTest name="createPriorityTicket" storage="d:\newpeg\testautomationproject\pegasustests\bin\debug\pegasustests.dll" id="b5ea6483-8bda-df9e-a94a-f1e90c2e8b78">
      <Execution id="e50c7244-2e51-4c41-8af6-3300ac28a47c" />
      <TestMethod codeBase="D:\NEWPEG\TestAutomationProject\PegasusTests\bin\Debug\PegasusTests.dll" adapterTypeName="Microsoft.VisualStudio.TestTools.TestTypes.Unit.UnitTestAdapter" className="PegasusTests.Scripts.Admin.CreatePriorityTicket" name="createPriorityTicket" />
    </UnitTest>
    <UnitTest name="createStatus" storage="d:\newpeg\testautomationproject\pegasustests\bin\debug\pegasustests.dll" id="9139d99a-d133-0db5-0df9-24603733ff01">
      <Execution id="23180107-c595-4a7f-bac4-f265ec69b215" />
      <TestMethod codeBase="D:\NEWPEG\TestAutomationProject\PegasusTests\bin\Debug\PegasusTests.dll" adapterTypeName="Microsoft.VisualStudio.TestTools.TestTypes.Unit.UnitTestAdapter" className="PegasusTests.Scripts.Admin.CreateStatus" name="createStatus" />
    </UnitTest>
    <UnitTest name="createTopicTickets" storage="d:\newpeg\testautomationproject\pegasustests\bin\debug\pegasustests.dll" id="b74601fa-5524-5849-2801-67c89509a4cc">
      <Execution id="0cb38fb7-9434-4234-97db-1a3859ec5d8b" />
      <TestMethod codeBase="D:\NEWPEG\TestAutomationProject\PegasusTests\bin\Debug\PegasusTests.dll" adapterTypeName="Microsoft.VisualStudio.TestTools.TestTypes.Unit.UnitTestAdapter" className="PegasusTests.Scripts.Admin.CreateTopicTickets" name="createTopicTickets" />
    </UnitTest>
    <UnitTest name="createCategoryTickets" storage="d:\newpeg\testautomationproject\pegasustests\bin\debug\pegasustests.dll" id="5b981013-6e19-2796-167a-db056a1146b6">
      <Execution id="a2c9e332-56e9-4028-b573-fb52b2c978e1" />
      <TestMethod codeBase="D:\NEWPEG\TestAutomationProject\PegasusTests\bin\Debug\PegasusTests.dll" adapterTypeName="Microsoft.VisualStudio.TestTools.TestTypes.Unit.UnitTestAdapter" className="PegasusTests.Scripts.Admin.CreateCategoryTickets" name="createCategoryTickets" />
    </UnitTest>
    <UnitTest name="createProductCategory" storage="d:\newpeg\testautomationproject\pegasustests\bin\debug\pegasustests.dll" id="810e9aa4-12cc-8876-4758-37764078bd1e">
      <Execution id="3dda03ff-fc1b-4d7f-8fd9-3a536deef804" />
      <TestMethod codeBase="D:\NEWPEG\TestAutomationProject\PegasusTests\bin\Debug\PegasusTests.dll" adapterTypeName="Microsoft.VisualStudio.TestTools.TestTypes.Unit.UnitTestAdapter" className="PegasusTests.Scripts.Admin.CreateProductCategory" name="createProductCategory" />
    </UnitTest>
    <UnitTest name="createShippingCarrier" storage="d:\newpeg\testautomationproject\pegasustests\bin\debug\pegasustests.dll" id="c500ef12-b258-d9e7-3931-6d83029c3bf2">
      <Execution id="7125ad88-ba5b-4d2d-899c-5ed10083cf22" />
      <TestMethod codeBase="D:\NEWPEG\TestAutomationProject\PegasusTests\bin\Debug\PegasusTests.dll" adapterTypeName="Microsoft.VisualStudio.TestTools.TestTypes.Unit.UnitTestAdapter" className="PegasusTests.Scripts.Admin.CreateShippingCarrier" name="createShippingCarrier" />
    </UnitTest>
    <UnitTest name="createDownloadIds" storage="d:\newpeg\testautomationproject\pegasustests\bin\debug\pegasustests.dll" id="228fe021-271a-77b0-8b1e-bb82f9b4f2b8">
      <Execution id="4f78be16-cb56-4c1b-9d49-131d4faebf0e" />
      <TestMethod codeBase="D:\NEWPEG\TestAutomationProject\PegasusTests\bin\Debug\PegasusTests.dll" adapterTypeName="Microsoft.VisualStudio.TestTools.TestTypes.Unit.UnitTestAdapter" className="PegasusTests.Scripts.Admin.CreateDownloadIds" name="createDownloadIds" />
    </UnitTest>
    <UnitTest name="createVendors" storage="d:\newpeg\testautomationproject\pegasustests\bin\debug\pegasustests.dll" id="543a2086-7131-2139-7889-ef78c386a170">
      <Execution id="7f51f0f3-c8fe-49c1-90e0-3d9ba85a2b29" />
      <TestMethod codeBase="D:\NEWPEG\TestAutomationProject\PegasusTests\bin\Debug\PegasusTests.dll" adapterTypeName="Microsoft.VisualStudio.TestTools.TestTypes.Unit.UnitTestAdapter" className="PegasusTests.Scripts.Admin.CreateVendors" name="createVendors" />
    </UnitTest>
    <UnitTest name="cloneEquipment" storage="d:\newpeg\testautomationproject\pegasustests\bin\debug\pegasustests.dll" id="32926080-17d3-c24b-002a-831b11800c4a">
      <Execution id="48fd23bb-b87d-413d-98cd-1031829a38b8" />
      <TestMethod codeBase="D:\NEWPEG\TestAutomationProject\PegasusTests\bin\Debug\PegasusTests.dll" adapterTypeName="Microsoft.VisualStudio.TestTools.TestTypes.Unit.UnitTestAdapter" className="PegasusTests.Scripts.ClientsTests.CloneEquipment" name="cloneEquipment" />
    </UnitTest>
    <UnitTest name="cloneVendors" storage="d:\newpeg\testautomationproject\pegasustests\bin\debug\pegasustests.dll" id="08616152-471d-ca5c-4c55-ee48c96e7b35">
      <Execution id="aa30f7f5-104b-471f-8d9c-8ccce80d376c" />
      <TestMethod codeBase="D:\NEWPEG\TestAutomationProject\PegasusTests\bin\Debug\PegasusTests.dll" adapterTypeName="Microsoft.VisualStudio.TestTools.TestTypes.Unit.UnitTestAdapter" className="PegasusTests.Scripts.Admin.CloneVendors" name="cloneVendors" />
    </UnitTest>
    <UnitTest name="bulkUpdateVendorType" storage="d:\newpeg\testautomationproject\pegasustests\bin\debug\pegasustests.dll" id="ba3769cb-244f-e0b0-8e11-a7b958b8ae38">
      <Execution id="f119841c-1a46-4aad-a7bf-8a4fe21d2807" />
      <TestMethod codeBase="D:\NEWPEG\TestAutomationProject\PegasusTests\bin\Debug\PegasusTests.dll" adapterTypeName="Microsoft.VisualStudio.TestTools.TestTypes.Unit.UnitTestAdapter" className="PegasusTests.Scripts.Admin.BulkUpdateVendorType" name="bulkUpdateVendorType" />
    </UnitTest>
    <UnitTest name="bulkUpdateVendorStatus" storage="d:\newpeg\testautomationproject\pegasustests\bin\debug\pegasustests.dll" id="92453fff-d6ee-dd73-5f8b-4e3153b47065">
      <Execution id="bcb8ebed-d22e-4de9-bb51-dc966f962919" />
      <TestMethod codeBase="D:\NEWPEG\TestAutomationProject\PegasusTests\bin\Debug\PegasusTests.dll" adapterTypeName="Microsoft.VisualStudio.TestTools.TestTypes.Unit.UnitTestAdapter" className="PegasusTests.Scripts.Admin.BulkUpdateVendorStatus" name="bulkUpdateVendorStatus" />
    </UnitTest>
    <UnitTest name="bulkUpdateEquipmentStatus" storage="d:\newpeg\testautomationproject\pegasustests\bin\debug\pegasustests.dll" id="651d6b78-a40f-29ef-6e10-b02b04e398b4">
      <Execution id="8dd831b6-9dd0-4ea1-a67c-9f38f27df059" />
      <TestMethod codeBase="D:\NEWPEG\TestAutomationProject\PegasusTests\bin\Debug\PegasusTests.dll" adapterTypeName="Microsoft.VisualStudio.TestTools.TestTypes.Unit.UnitTestAdapter" className="PegasusTests.Scripts.ClientsTests.BulkUpdateEquipmentStatus" name="bulkUpdateEquipmentStatus" />
    </UnitTest>
    <UnitTest name="bulkUpdateEquipmentType" storage="d:\newpeg\testautomationproject\pegasustests\bin\debug\pegasustests.dll" id="a05da2cf-4cd3-65b8-818a-06a2d2a3b4de">
      <Execution id="290fb255-a10e-4b1e-a9f0-27a046a5840d" />
      <TestMethod codeBase="D:\NEWPEG\TestAutomationProject\PegasusTests\bin\Debug\PegasusTests.dll" adapterTypeName="Microsoft.VisualStudio.TestTools.TestTypes.Unit.UnitTestAdapter" className="PegasusTests.Scripts.ClientsTests.BulkUpdateEquipmentType" name="bulkUpdateEquipmentType" />
    </UnitTest>
    <UnitTest name="deleteEquipment" storage="d:\newpeg\testautomationproject\pegasustests\bin\debug\pegasustests.dll" id="1169ab88-e95c-c553-b453-7bcd8a41f6f4">
      <Execution id="95e335d6-9575-4784-8773-a32ac939275d" />
      <TestMethod codeBase="D:\NEWPEG\TestAutomationProject\PegasusTests\bin\Debug\PegasusTests.dll" adapterTypeName="Microsoft.VisualStudio.TestTools.TestTypes.Unit.UnitTestAdapter" className="PegasusTests.Scripts.ClientsTests.DeleteEquipment" name="deleteEquipment" />
    </UnitTest>
    <UnitTest name="saleAgentWithUser" storage="d:\newpeg\testautomationproject\pegasustests\bin\debug\pegasustests.dll" id="00f75d03-5378-eb1d-6350-e89aa580adb2">
      <Execution id="8766a580-906b-4a1b-800f-691ae57f468c" />
      <TestMethod codeBase="D:\NEWPEG\TestAutomationProject\PegasusTests\bin\Debug\PegasusTests.dll" adapterTypeName="Microsoft.VisualStudio.TestTools.TestTypes.Unit.UnitTestAdapter" className="PegasusTests.Scripts.ClientsTests.SaleAgentWithUser" name="saleAgentWithUser" />
    </UnitTest>
    <UnitTest name="calculateResidualIcomeFromOfficeSideViewPayout" storage="d:\newpeg\testautomationproject\pegasustests\bin\debug\pegasustests.dll" id="9e756ec8-b76c-6fd8-a996-d1641f2f9722">
      <Execution id="69980e17-f2d6-4f9d-80ef-4cac0abfec5f" />
      <TestMethod codeBase="D:\NEWPEG\TestAutomationProject\PegasusTests\bin\Debug\PegasusTests.dll" adapterTypeName="Microsoft.VisualStudio.TestTools.TestTypes.Unit.UnitTestAdapter" className="PegasusTests.Scripts.ClientsTests.CalculateResidualIcomeFromOfficeSideViewPayout" name="calculateResidualIcomeFromOfficeSideViewPayout" />
    </UnitTest>
    <UnitTest name="calculateResidualIcomeFromOfficeSideViewReports" storage="d:\newpeg\testautomationproject\pegasustests\bin\debug\pegasustests.dll" id="3557a54d-c3d7-ba1a-a18e-0ef754f74ee2">
      <Execution id="1d836ecd-342c-4f0d-806f-9305b7a6222e" />
      <TestMethod codeBase="D:\NEWPEG\TestAutomationProject\PegasusTests\bin\Debug\PegasusTests.dll" adapterTypeName="Microsoft.VisualStudio.TestTools.TestTypes.Unit.UnitTestAdapter" className="PegasusTests.Scripts.ClientsTests.CalculateResidualIcomeFromOfficeSideViewReports" name="calculateResidualIcomeFromOfficeSideViewReports" />
    </UnitTest>
    <UnitTest name="residualIcomeFromOfficePayoutSummaryPageByFilter" storage="d:\newpeg\testautomationproject\pegasustests\bin\debug\pegasustests.dll" id="e176c49f-6b23-69b0-8b0e-bd3a4f4fd5e5">
      <Execution id="1944593e-714b-4a89-8118-534edd5f5f86" />
      <TestMethod codeBase="D:\NEWPEG\TestAutomationProject\PegasusTests\bin\Debug\PegasusTests.dll" adapterTypeName="Microsoft.VisualStudio.TestTools.TestTypes.Unit.UnitTestAdapter" className="PegasusTests.Scripts.ClientsTests.ResidualIcomeFromOfficePayoutSummaryPageByFilter" name="residualIcomeFromOfficePayoutSummaryPageByFilter" />
    </UnitTest>
    <UnitTest name="residualIcomeCorpImportSummaryPage" storage="d:\newpeg\testautomationproject\pegasustests\bin\debug\pegasustests.dll" id="fb3351c4-d959-8cdb-0fbd-808a986bb00d">
      <Execution id="8d7209f2-1c28-4720-a957-ff717b26b2b9" />
      <TestMethod codeBase="D:\NEWPEG\TestAutomationProject\PegasusTests\bin\Debug\PegasusTests.dll" adapterTypeName="Microsoft.VisualStudio.TestTools.TestTypes.Unit.UnitTestAdapter" className="PegasusTests.Scripts.ClientsTests.ResidualIcomeCorpImportSummaryPage" name="residualIcomeCorpImportSummaryPage" />
    </UnitTest>
    <UnitTest name="residualIcomeCalculationWizardOfficeSide" storage="d:\newpeg\testautomationproject\pegasustests\bin\debug\pegasustests.dll" id="5fb0896f-1494-658e-7bc2-ece8fd74cdb5">
      <Execution id="1511f458-b613-45ca-8d71-4261117c30a3" />
      <TestMethod codeBase="D:\NEWPEG\TestAutomationProject\PegasusTests\bin\Debug\PegasusTests.dll" adapterTypeName="Microsoft.VisualStudio.TestTools.TestTypes.Unit.UnitTestAdapter" className="PegasusTests.Scripts.ClientsTests.ResidualIcomeCalculationWizardOfficeSide" name="residualIcomeCalculationWizardOfficeSide" />
    </UnitTest>
    <UnitTest name="newPartnerAgnetVerifyWelcomeEmail" storage="d:\newpeg\testautomationproject\pegasustests\bin\debug\pegasustests.dll" id="8fd21b50-d88a-fe0f-cf46-0d27dd074b32">
      <Execution id="85ad9142-c940-4800-adca-631e36c3229e" />
      <TestMethod codeBase="D:\NEWPEG\TestAutomationProject\PegasusTests\bin\Debug\PegasusTests.dll" adapterTypeName="Microsoft.VisualStudio.TestTools.TestTypes.Unit.UnitTestAdapter" className="PegasusTests.Scripts.ClientsTests.NewPartnerAgnetVerifyWelcomeEmail" name="newPartnerAgnetVerifyWelcomeEmail" />
    </UnitTest>
    <UnitTest name="editEquipmentAdmin" storage="d:\newpeg\testautomationproject\pegasustests\bin\debug\pegasustests.dll" id="c9024737-9211-b879-2add-9028c59660ae">
      <Execution id="29ec97b0-1166-4ef0-a2a9-3c05a4c506e9" />
      <TestMethod codeBase="D:\NEWPEG\TestAutomationProject\PegasusTests\bin\Debug\PegasusTests.dll" adapterTypeName="Microsoft.VisualStudio.TestTools.TestTypes.Unit.UnitTestAdapter" className="PegasusTests.Scripts.ClientsTests.EditEquipmentAdmin" name="editEquipmentAdmin" />
    </UnitTest>
    <UnitTest name="editVendors" storage="d:\newpeg\testautomationproject\pegasustests\bin\debug\pegasustests.dll" id="becdf17b-599e-694e-227f-f01b28889349">
      <Execution id="a54d0a83-e590-43b8-b6cb-0e7dd5339d7d" />
      <TestMethod codeBase="D:\NEWPEG\TestAutomationProject\PegasusTests\bin\Debug\PegasusTests.dll" adapterTypeName="Microsoft.VisualStudio.TestTools.TestTypes.Unit.UnitTestAdapter" className="PegasusTests.Scripts.Admin.EditVendors" name="editVendors" />
    </UnitTest>
    <UnitTest name="partnerAgentWithUser" storage="d:\newpeg\testautomationproject\pegasustests\bin\debug\pegasustests.dll" id="8f1795e0-44a3-6a13-e8b3-f1e12d861f04">
      <Execution id="5dc53440-c42d-47e7-81f2-42b9a8f4b82e" />
      <TestMethod codeBase="D:\NEWPEG\TestAutomationProject\PegasusTests\bin\Debug\PegasusTests.dll" adapterTypeName="Microsoft.VisualStudio.TestTools.TestTypes.Unit.UnitTestAdapter" className="PegasusTests.Scripts.ClientsTests.PartnerAgentWithUser" name="partnerAgentWithUser" />
    </UnitTest>
    <UnitTest name="employeeAgentWithoutUser" storage="d:\newpeg\testautomationproject\pegasustests\bin\debug\pegasustests.dll" id="df5710ba-d6b6-c2ae-3ca8-581becc706dd">
      <Execution id="e01f7f28-0963-488f-94f3-60f1c36adad3" />
      <TestMethod codeBase="D:\NEWPEG\TestAutomationProject\PegasusTests\bin\Debug\PegasusTests.dll" adapterTypeName="Microsoft.VisualStudio.TestTools.TestTypes.Unit.UnitTestAdapter" className="PegasusTests.Scripts.ClientsTests.EmployeeAgentWithoutUser" name="employeeAgentWithoutUser" />
    </UnitTest>
    <UnitTest name="partnerAgentWithoutUser" storage="d:\newpeg\testautomationproject\pegasustests\bin\debug\pegasustests.dll" id="623c02c6-f7eb-bf8d-e1d5-aab3d81eac24">
      <Execution id="bc0ca444-1c12-4914-a55f-4672e5248e6e" />
      <TestMethod codeBase="D:\NEWPEG\TestAutomationProject\PegasusTests\bin\Debug\PegasusTests.dll" adapterTypeName="Microsoft.VisualStudio.TestTools.TestTypes.Unit.UnitTestAdapter" className="PegasusTests.Scripts.ClientsTests.PartnerAgentWithoutUser" name="partnerAgentWithoutUser" />
    </UnitTest>
    <UnitTest name="createPartnerAgentAndUserAccount" storage="d:\newpeg\testautomationproject\pegasustests\bin\debug\pegasustests.dll" id="8d5d476b-9c9c-ad00-768f-67a097d33e4d">
      <Execution id="af26f9a2-e99b-4032-9040-b9f18aab70f8" />
      <TestMethod codeBase="D:\NEWPEG\TestAutomationProject\PegasusTests\bin\Debug\PegasusTests.dll" adapterTypeName="Microsoft.VisualStudio.TestTools.TestTypes.Unit.UnitTestAdapter" className="PegasusTests.Scripts.ClientsTests.CreatePartnerAgentAndUserAccount" name="createPartnerAgentAndUserAccount" />
    </UnitTest>
    <UnitTest name="clonePDFTemplate" storage="d:\newpeg\testautomationproject\pegasustests\bin\debug\pegasustests.dll" id="c9b92c5b-9956-8c37-f4c6-b7cc9d6a8df7">
      <Execution id="9a5e867e-55ad-4879-a0ae-ec068b3df3f2" />
      <TestMethod codeBase="D:\NEWPEG\TestAutomationProject\PegasusTests\bin\Debug\PegasusTests.dll" adapterTypeName="Microsoft.VisualStudio.TestTools.TestTypes.Unit.UnitTestAdapter" className="PegasusTests.Scripts.ClientsTests.ClonePDFTemplate" name="clonePDFTemplate" />
    </UnitTest>
    <UnitTest name="partnerAssociationWithUser" storage="d:\newpeg\testautomationproject\pegasustests\bin\debug\pegasustests.dll" id="df904ff6-c109-ed96-e7e5-04bff3d55985">
      <Execution id="7f9e9b43-ab8b-42fc-aed2-bc86269e1071" />
      <TestMethod codeBase="D:\NEWPEG\TestAutomationProject\PegasusTests\bin\Debug\PegasusTests.dll" adapterTypeName="Microsoft.VisualStudio.TestTools.TestTypes.Unit.UnitTestAdapter" className="PegasusTests.Scripts.ClientsTests.PartnerAssociationWithUser" name="partnerAssociationWithUser" />
    </UnitTest>
    <UnitTest name="partnerAssociationWithoutUser" storage="d:\newpeg\testautomationproject\pegasustests\bin\debug\pegasustests.dll" id="69b3fd7a-b7e7-820c-08b5-ba85108fc14b">
      <Execution id="86d4a517-6469-44e6-ac45-3a571fcfa914" />
      <TestMethod codeBase="D:\NEWPEG\TestAutomationProject\PegasusTests\bin\Debug\PegasusTests.dll" adapterTypeName="Microsoft.VisualStudio.TestTools.TestTypes.Unit.UnitTestAdapter" className="PegasusTests.Scripts.ClientsTests.PartnerAssociationWithoutUser" name="partnerAssociationWithoutUser" />
    </UnitTest>
    <UnitTest name="pDFEmailFromClient" storage="d:\newpeg\testautomationproject\pegasustests\bin\debug\pegasustests.dll" id="c876df0d-1b14-f60a-6301-18c49d076bef">
      <Execution id="45448f23-03b4-4dfd-83fd-c9a4f22807ae" />
      <TestMethod codeBase="D:\NEWPEG\TestAutomationProject\PegasusTests\bin\Debug\PegasusTests.dll" adapterTypeName="Microsoft.VisualStudio.TestTools.TestTypes.Unit.UnitTestAdapter" className="PegasusTests.Scripts.ClientsTests.PDFEmailFromClient" name="pDFEmailFromClient" />
    </UnitTest>
    <UnitTest name="revenueAdjustmentPartnerAgentRemoveFlatAmount" storage="d:\newpeg\testautomationproject\pegasustests\bin\debug\pegasustests.dll" id="ea464dea-b70d-0bf7-cc6b-fbe36800473c">
      <Execution id="4ec1f5fc-2b71-48d6-ae1a-dc3176c8f71b" />
      <TestMethod codeBase="D:\NEWPEG\TestAutomationProject\PegasusTests\bin\Debug\PegasusTests.dll" adapterTypeName="Microsoft.VisualStudio.TestTools.TestTypes.Unit.UnitTestAdapter" className="PegasusTests.Scripts.ClientsTests.RevenueAdjustmentPartnerAgentRemoveFlatAmount" name="revenueAdjustmentPartnerAgentRemoveFlatAmount" />
    </UnitTest>
    <UnitTest name="revenueAdjustmentPartnerAgentAddFlatAmount" storage="d:\newpeg\testautomationproject\pegasustests\bin\debug\pegasustests.dll" id="7f1560c5-0f25-a393-b052-8a90980741b4">
      <Execution id="aa2c94bd-5842-461c-8246-2a18e1d9568e" />
      <TestMethod codeBase="D:\NEWPEG\TestAutomationProject\PegasusTests\bin\Debug\PegasusTests.dll" adapterTypeName="Microsoft.VisualStudio.TestTools.TestTypes.Unit.UnitTestAdapter" className="PegasusTests.Scripts.ClientsTests.RevenueAdjustmentPartnerAgentAddFlatAmount" name="revenueAdjustmentPartnerAgentAddFlatAmount" />
    </UnitTest>
    <UnitTest name="revenueAdjustmentPartnerAgentRemovePercentage" storage="d:\newpeg\testautomationproject\pegasustests\bin\debug\pegasustests.dll" id="a9c6e912-320c-dceb-d44e-020043374690">
      <Execution id="6156bfe9-768c-43d5-9b17-100d8556fbc6" />
      <TestMethod codeBase="D:\NEWPEG\TestAutomationProject\PegasusTests\bin\Debug\PegasusTests.dll" adapterTypeName="Microsoft.VisualStudio.TestTools.TestTypes.Unit.UnitTestAdapter" className="PegasusTests.Scripts.ClientsTests.RevenueAdjustmentPartnerAgentRemovePercentage" name="revenueAdjustmentPartnerAgentRemovePercentage" />
    </UnitTest>
    <UnitTest name="revenueAdjustmentPartnerAgentAddPercentage" storage="d:\newpeg\testautomationproject\pegasustests\bin\debug\pegasustests.dll" id="c942385d-763e-cc76-277e-d70838e4788c">
      <Execution id="17b8458d-3dd8-42a4-b58d-769aacff381a" />
      <TestMethod codeBase="D:\NEWPEG\TestAutomationProject\PegasusTests\bin\Debug\PegasusTests.dll" adapterTypeName="Microsoft.VisualStudio.TestTools.TestTypes.Unit.UnitTestAdapter" className="PegasusTests.Scripts.ClientsTests.RevenueAdjustmentPartnerAgentAddPercentage" name="revenueAdjustmentPartnerAgentAddPercentage" />
    </UnitTest>
    <UnitTest name="partnerAgentWithUserNewSkin" storage="d:\newpeg\testautomationproject\pegasustests\bin\debug\pegasustests.dll" id="3e966a8c-c546-b290-9e43-a728e271daaa">
      <Execution id="2c7eaf30-ab30-4fb0-a929-10fc0ec45c71" />
      <TestMethod codeBase="D:\NEWPEG\TestAutomationProject\PegasusTests\bin\Debug\PegasusTests.dll" adapterTypeName="Microsoft.VisualStudio.TestTools.TestTypes.Unit.UnitTestAdapter" className="PegasusTests.Scripts.ClientsTests.PartnerAgentWithUserNewSkin" name="partnerAgentWithUserNewSkin" />
    </UnitTest>
    <UnitTest name="revenueAdjustmentSaleAgentRemoveFlat" storage="d:\newpeg\testautomationproject\pegasustests\bin\debug\pegasustests.dll" id="602d87f1-7456-a6b5-dafb-409eab5443f6">
      <Execution id="998b80ce-ebac-4d8d-96d9-d434bff880c9" />
      <TestMethod codeBase="D:\NEWPEG\TestAutomationProject\PegasusTests\bin\Debug\PegasusTests.dll" adapterTypeName="Microsoft.VisualStudio.TestTools.TestTypes.Unit.UnitTestAdapter" className="PegasusTests.Scripts.ClientsTests.RevenueAdjustmentSaleAgentRemoveFlat" name="revenueAdjustmentSaleAgentRemoveFlat" />
    </UnitTest>
    <UnitTest name="revenueAdjustmentForSaleManagerRemoveFlat" storage="d:\newpeg\testautomationproject\pegasustests\bin\debug\pegasustests.dll" id="bdbf5c48-12fd-5bb4-daa7-2a08af493fa1">
      <Execution id="cf30b724-f98b-4387-84be-3baa343d017f" />
      <TestMethod codeBase="D:\NEWPEG\TestAutomationProject\PegasusTests\bin\Debug\PegasusTests.dll" adapterTypeName="Microsoft.VisualStudio.TestTools.TestTypes.Unit.UnitTestAdapter" className="PegasusTests.Scripts.ClientsTests.RevenueAdjustmentForSaleManagerRemoveFlat" name="revenueAdjustmentForSaleManagerRemoveFlat" />
    </UnitTest>
    <UnitTest name="saleAgentWithUserNewSkin" storage="d:\newpeg\testautomationproject\pegasustests\bin\debug\pegasustests.dll" id="54c79410-b3e8-ba0e-9763-525e8b7dfcf4">
      <Execution id="4dcffa23-76f8-4013-a0b4-0337ceb8e957" />
      <TestMethod codeBase="D:\NEWPEG\TestAutomationProject\PegasusTests\bin\Debug\PegasusTests.dll" adapterTypeName="Microsoft.VisualStudio.TestTools.TestTypes.Unit.UnitTestAdapter" className="PegasusTests.Scripts.ClientsTests.SaleAgentWithUserNewSkin" name="saleAgentWithUserNewSkin" />
    </UnitTest>
    <UnitTest name="revenueAdjustmentForSaleManagerAddAmount" storage="d:\newpeg\testautomationproject\pegasustests\bin\debug\pegasustests.dll" id="3911164c-1708-8f71-1eb6-f330e0f2e291">
      <Execution id="3deb0b23-b492-4895-90fe-4333deda4308" />
      <TestMethod codeBase="D:\NEWPEG\TestAutomationProject\PegasusTests\bin\Debug\PegasusTests.dll" adapterTypeName="Microsoft.VisualStudio.TestTools.TestTypes.Unit.UnitTestAdapter" className="PegasusTests.Scripts.ClientsTests.RevenueAdjustmentForSaleManagerAddAmount" name="revenueAdjustmentForSaleManagerAddAmount" />
    </UnitTest>
    <UnitTest name="revenueAdjustmentSaleAgentAddAmount" storage="d:\newpeg\testautomationproject\pegasustests\bin\debug\pegasustests.dll" id="71ae46a4-017f-4793-fa99-0fee96d5382d">
      <Execution id="7270e3ca-e592-4dce-991c-37d37f56a225" />
      <TestMethod codeBase="D:\NEWPEG\TestAutomationProject\PegasusTests\bin\Debug\PegasusTests.dll" adapterTypeName="Microsoft.VisualStudio.TestTools.TestTypes.Unit.UnitTestAdapter" className="PegasusTests.Scripts.ClientsTests.RevenueAdjustmentSaleAgentAddAmount" name="revenueAdjustmentSaleAgentAddAmount" />
    </UnitTest>
    <UnitTest name="saleAgentWithoutUser" storage="d:\newpeg\testautomationproject\pegasustests\bin\debug\pegasustests.dll" id="ebc1986e-2175-a9fb-a159-f10ea5e1b281">
      <Execution id="3f174ed9-80c9-4e7d-9b88-3154166d18e2" />
      <TestMethod codeBase="D:\NEWPEG\TestAutomationProject\PegasusTests\bin\Debug\PegasusTests.dll" adapterTypeName="Microsoft.VisualStudio.TestTools.TestTypes.Unit.UnitTestAdapter" className="PegasusTests.Scripts.ClientsTests.SaleAgentWithoutUser" name="saleAgentWithoutUser" />
    </UnitTest>
    <UnitTest name="verifyCreateTicketInAllTickets" storage="d:\newpeg\testautomationproject\pegasustests\bin\debug\pegasustests.dll" id="18f218b5-07f2-c5c8-5450-9f2e544966bc">
      <Execution id="135d025e-2515-4448-83b5-b26c03713e4e" />
      <TestMethod codeBase="D:\NEWPEG\TestAutomationProject\PegasusTests\bin\Debug\PegasusTests.dll" adapterTypeName="Microsoft.VisualStudio.TestTools.TestTypes.Unit.UnitTestAdapter" className="PegasusTests.Scripts.ClientsTests.VerifyCreateTicketInAllTickets" name="verifyCreateTicketInAllTickets" />
    </UnitTest>
    <UnitTest name="showMeetingOnCalender" storage="d:\newpeg\testautomationproject\pegasustests\bin\debug\pegasustests.dll" id="c4642b3c-0ec0-f172-c646-1e5995293a4e">
      <Execution id="567873ea-13b4-4b65-855c-0f55909ccf38" />
      <TestMethod codeBase="D:\NEWPEG\TestAutomationProject\PegasusTests\bin\Debug\PegasusTests.dll" adapterTypeName="Microsoft.VisualStudio.TestTools.TestTypes.Unit.UnitTestAdapter" className="PegasusTests.Scripts.ClientsTests.ShowMeetingOnCalender" name="showMeetingOnCalender" />
    </UnitTest>
    <UnitTest name="createReportEmployeDisabledPerminsions" storage="d:\newpeg\testautomationproject\pegasustests\bin\debug\pegasustests.dll" id="4dd246e5-5859-015d-84c9-fa99a1c68872">
      <Execution id="243bad5c-c588-467c-a14b-491672a1ceaa" />
      <TestMethod codeBase="D:\NEWPEG\TestAutomationProject\PegasusTests\bin\Debug\PegasusTests.dll" adapterTypeName="Microsoft.VisualStudio.TestTools.TestTypes.Unit.UnitTestAdapter" className="PegasusTests.Scripts.ClientsTests.CreateReportEmployeDisabledPerminsions" name="createReportEmployeDisabledPerminsions" />
    </UnitTest>
    <UnitTest name="forwardSentEmailNote" storage="d:\newpeg\testautomationproject\pegasustests\bin\debug\pegasustests.dll" id="e15c3ef1-75d2-8c5a-4827-c6fe84dec504">
      <Execution id="c7833170-881d-4197-9e8d-21fc78f48803" />
      <TestMethod codeBase="D:\NEWPEG\TestAutomationProject\PegasusTests\bin\Debug\PegasusTests.dll" adapterTypeName="Microsoft.VisualStudio.TestTools.TestTypes.Unit.UnitTestAdapter" className="PegasusTests.Scripts.ClientsTests.ForwardSentEmailNote" name="forwardSentEmailNote" />
    </UnitTest>
    <UnitTest name="forwardEmailFromSent" storage="d:\newpeg\testautomationproject\pegasustests\bin\debug\pegasustests.dll" id="64e2bff9-10a3-63fe-404e-fd19c7aea93b">
      <Execution id="8643d3b2-acb0-4933-92ae-c29a7501297f" />
      <TestMethod codeBase="D:\NEWPEG\TestAutomationProject\PegasusTests\bin\Debug\PegasusTests.dll" adapterTypeName="Microsoft.VisualStudio.TestTools.TestTypes.Unit.UnitTestAdapter" className="PegasusTests.Scripts.ClientsTests.ForwardEmailFromSent" name="forwardEmailFromSent" />
    </UnitTest>
    <UnitTest name="importClientsFromCSV" storage="d:\newpeg\testautomationproject\pegasustests\bin\debug\pegasustests.dll" id="b24efb4c-2760-b4dc-8be1-1db0524dfa17">
      <Execution id="723b9031-a1e0-4082-9989-640c53efd379" />
      <TestMethod codeBase="D:\NEWPEG\TestAutomationProject\PegasusTests\bin\Debug\PegasusTests.dll" adapterTypeName="Microsoft.VisualStudio.TestTools.TestTypes.Unit.UnitTestAdapter" className="PegasusTests.Scripts.ClientsTests.ImportClientsFromCSV" name="importClientsFromCSV" />
    </UnitTest>
    <UnitTest name="residualIncomeSummaryReportFilter" storage="d:\newpeg\testautomationproject\pegasustests\bin\debug\pegasustests.dll" id="80cb2682-eae0-d2c4-be93-e8f1b355f8f2">
      <Execution id="5b3e9563-774d-4467-a72e-ba1e3ec4c83d" />
      <TestMethod codeBase="D:\NEWPEG\TestAutomationProject\PegasusTests\bin\Debug\PegasusTests.dll" adapterTypeName="Microsoft.VisualStudio.TestTools.TestTypes.Unit.UnitTestAdapter" className="PegasusTests.Scripts.ClientsTests.ResidualIncomeSummaryReportFilter" name="residualIncomeSummaryReportFilter" />
    </UnitTest>
    <UnitTest name="residualIncomeImportFile" storage="d:\newpeg\testautomationproject\pegasustests\bin\debug\pegasustests.dll" id="f34bfa2c-40f5-b667-1cf1-1aef558e7023">
      <Execution id="a270d158-4093-494d-8f5a-05732f411fa9" />
      <TestMethod codeBase="D:\NEWPEG\TestAutomationProject\PegasusTests\bin\Debug\PegasusTests.dll" adapterTypeName="Microsoft.VisualStudio.TestTools.TestTypes.Unit.UnitTestAdapter" className="PegasusTests.Scripts.ClientsTests.ResidualIncomeImportFile" name="residualIncomeImportFile" />
    </UnitTest>
    <UnitTest name="deleteMeetingFromRecycleBin" storage="d:\newpeg\testautomationproject\pegasustests\bin\debug\pegasustests.dll" id="d572f72d-e85d-1133-4884-d8baef5eadf9">
      <Execution id="c26730db-9f82-47fe-9942-adce80a083a0" />
      <TestMethod codeBase="D:\NEWPEG\TestAutomationProject\PegasusTests\bin\Debug\PegasusTests.dll" adapterTypeName="Microsoft.VisualStudio.TestTools.TestTypes.Unit.UnitTestAdapter" className="PegasusTests.Scripts.ClientsTests.DeleteMeetingFromRecycleBin" name="deleteMeetingFromRecycleBin" />
    </UnitTest>
    <UnitTest name="relatedToMeetingPaginationFilter" storage="d:\newpeg\testautomationproject\pegasustests\bin\debug\pegasustests.dll" id="9a7d538f-4d32-010b-7c12-503a026f3d76">
      <Execution id="03ecdd10-900c-43a7-9296-948907f015c3" />
      <TestMethod codeBase="D:\NEWPEG\TestAutomationProject\PegasusTests\bin\Debug\PegasusTests.dll" adapterTypeName="Microsoft.VisualStudio.TestTools.TestTypes.Unit.UnitTestAdapter" className="PegasusTests.Scripts.ClientsTests.RelatedToMeetingPaginationFilter" name="relatedToMeetingPaginationFilter" />
    </UnitTest>
    <UnitTest name="createMeetingActivities" storage="d:\newpeg\testautomationproject\pegasustests\bin\debug\pegasustests.dll" id="d390f23e-9857-c59c-8bd3-f58e8b8bb6d9">
      <Execution id="4c5636e4-9a83-453d-b856-38e4f8224a41" />
      <TestMethod codeBase="D:\NEWPEG\TestAutomationProject\PegasusTests\bin\Debug\PegasusTests.dll" adapterTypeName="Microsoft.VisualStudio.TestTools.TestTypes.Unit.UnitTestAdapter" className="PegasusTests.Scripts.ClientsTests.CreateMeetingActivities" name="createMeetingActivities" />
    </UnitTest>
    <UnitTest name="convertLeadToClientFromPDFTab" storage="d:\newpeg\testautomationproject\pegasustests\bin\debug\pegasustests.dll" id="125f0936-0c77-505c-717d-18d9532e4d17">
      <Execution id="72a66b2e-cb81-4943-95ba-d2320e51a572" />
      <TestMethod codeBase="D:\NEWPEG\TestAutomationProject\PegasusTests\bin\Debug\PegasusTests.dll" adapterTypeName="Microsoft.VisualStudio.TestTools.TestTypes.Unit.UnitTestAdapter" className="PegasusTests.Scripts.ClientsTests.ConvertLeadToClientFromPDFTab" name="convertLeadToClientFromPDFTab" />
    </UnitTest>
    <UnitTest name="editPickListStatuses" storage="d:\newpeg\testautomationproject\pegasustests\bin\debug\pegasustests.dll" id="d40e6574-551a-b8ec-07c1-fe47441ac5c0">
      <Execution id="b4d33515-b127-4b5c-bfbb-931c3b16f81a" />
      <TestMethod codeBase="D:\NEWPEG\TestAutomationProject\PegasusTests\bin\Debug\PegasusTests.dll" adapterTypeName="Microsoft.VisualStudio.TestTools.TestTypes.Unit.UnitTestAdapter" className="PegasusTests.Scripts.ClientsTests.EditPickListStatuses" name="editPickListStatuses" />
    </UnitTest>
    <UnitTest name="residualIncomeCalculationWizard" storage="d:\newpeg\testautomationproject\pegasustests\bin\debug\pegasustests.dll" id="ffbe65a1-507d-69d4-f3db-73a1737a78d9">
      <Execution id="c19ae6bd-0fae-4d8f-8f19-f3fee80b711a" />
      <TestMethod codeBase="D:\NEWPEG\TestAutomationProject\PegasusTests\bin\Debug\PegasusTests.dll" adapterTypeName="Microsoft.VisualStudio.TestTools.TestTypes.Unit.UnitTestAdapter" className="PegasusTests.Scripts.ClientsTests.ResidualIncomeCalculationWizard" name="residualIncomeCalculationWizard" />
    </UnitTest>
    <UnitTest name="ticketSettingAdmin" storage="d:\newpeg\testautomationproject\pegasustests\bin\debug\pegasustests.dll" id="3e80508b-6ebb-fb2c-19df-58af1497a67b">
      <Execution id="a841552a-b3e4-4952-acd4-7937e929bcec" />
      <TestMethod codeBase="D:\NEWPEG\TestAutomationProject\PegasusTests\bin\Debug\PegasusTests.dll" adapterTypeName="Microsoft.VisualStudio.TestTools.TestTypes.Unit.UnitTestAdapter" className="PegasusTests.Scripts.ClientsTests.TicketSettingAdmin" name="ticketSettingAdmin" />
    </UnitTest>
    <UnitTest name="editClient" storage="d:\newpeg\testautomationproject\pegasustests\bin\debug\pegasustests.dll" id="254fc707-628d-ce76-0f75-51467b266ea3">
      <Execution id="d5e5aef8-51a2-4f6a-bc21-b27654bb5edd" />
      <TestMethod codeBase="D:\NEWPEG\TestAutomationProject\PegasusTests\bin\Debug\PegasusTests.dll" adapterTypeName="Microsoft.VisualStudio.TestTools.TestTypes.Unit.UnitTestAdapter" className="PegasusTests.Scripts.ClientsTests.EditClient" name="editClient" />
    </UnitTest>
    <UnitTest name="clientZipCode" storage="d:\newpeg\testautomationproject\pegasustests\bin\debug\pegasustests.dll" id="bbc534f2-fbe4-b9b8-562f-a5f58de5a9ad">
      <Execution id="b57e55c3-1318-4cb0-8057-4137a69c82f0" />
      <TestMethod codeBase="D:\NEWPEG\TestAutomationProject\PegasusTests\bin\Debug\PegasusTests.dll" adapterTypeName="Microsoft.VisualStudio.TestTools.TestTypes.Unit.UnitTestAdapter" className="PegasusTests.Scripts.ClientsTests.ClientZipCode" name="clientZipCode" />
    </UnitTest>
    <UnitTest name="bulkUpdateSaleAgent" storage="d:\newpeg\testautomationproject\pegasustests\bin\debug\pegasustests.dll" id="91e22152-84d2-b8ee-b276-f0d648e40e8a">
      <Execution id="01f81b42-d92d-464f-8ee0-1147e7ac80c5" />
      <TestMethod codeBase="D:\NEWPEG\TestAutomationProject\PegasusTests\bin\Debug\PegasusTests.dll" adapterTypeName="Microsoft.VisualStudio.TestTools.TestTypes.Unit.UnitTestAdapter" className="PegasusTests.Scripts.ClientsTests.BulkUpdateSaleAgent" name="bulkUpdateSaleAgent" />
    </UnitTest>
    <UnitTest name="bulkUpdateSalesManagerForLead" storage="d:\newpeg\testautomationproject\pegasustests\bin\debug\pegasustests.dll" id="e16ada3b-74ad-b3a1-742b-7174623dfe24">
      <Execution id="a9d040ba-9aff-4bc7-9920-f84bae068933" />
      <TestMethod codeBase="D:\NEWPEG\TestAutomationProject\PegasusTests\bin\Debug\PegasusTests.dll" adapterTypeName="Microsoft.VisualStudio.TestTools.TestTypes.Unit.UnitTestAdapter" className="PegasusTests.Scripts.ClientsTests.BulkUpdatesChangeResponsibiltyForLead" name="bulkUpdateSalesManagerForLead" />
    </UnitTest>
    <UnitTest name="bulkUpdateSalesManagerForClient" storage="d:\newpeg\testautomationproject\pegasustests\bin\debug\pegasustests.dll" id="171c64aa-5532-cc63-c9cb-9a2aea026182">
      <Execution id="e448cf50-e844-43b6-a937-5d92875e2705" />
      <TestMethod codeBase="D:\NEWPEG\TestAutomationProject\PegasusTests\bin\Debug\PegasusTests.dll" adapterTypeName="Microsoft.VisualStudio.TestTools.TestTypes.Unit.UnitTestAdapter" className="PegasusTests.Scripts.ClientsTests.BulkUpdateSalesManagerForClient" name="bulkUpdateSalesManagerForClient" />
    </UnitTest>
    <UnitTest name="bulkUpdateSalesManagerForOpportunities" storage="d:\newpeg\testautomationproject\pegasustests\bin\debug\pegasustests.dll" id="f7a7a52b-e788-b18f-31a7-eb3e74f707be">
      <Execution id="34c969c7-c9ac-44de-94ba-611811327582" />
      <TestMethod codeBase="D:\NEWPEG\TestAutomationProject\PegasusTests\bin\Debug\PegasusTests.dll" adapterTypeName="Microsoft.VisualStudio.TestTools.TestTypes.Unit.UnitTestAdapter" className="PegasusTests.Scripts.ClientsTests.BulkUpdateSalesManagerForOpportunities" name="bulkUpdateSalesManagerForOpportunities" />
    </UnitTest>
    <UnitTest name="residualIncomeViewReportsCorp" storage="d:\newpeg\testautomationproject\pegasustests\bin\debug\pegasustests.dll" id="bd5acd68-39f4-eb1f-e063-46f9a11996bf">
      <Execution id="5bc67378-e13f-402d-b7c5-5e7110c45d38" />
      <TestMethod codeBase="D:\NEWPEG\TestAutomationProject\PegasusTests\bin\Debug\PegasusTests.dll" adapterTypeName="Microsoft.VisualStudio.TestTools.TestTypes.Unit.UnitTestAdapter" className="PegasusTests.Scripts.ClientsTests.ResidualIncomeViewReportsCorp" name="residualIncomeViewReportsCorp" />
    </UnitTest>
    <UnitTest name="residualIncomePublishPayoutFromOffice" storage="d:\newpeg\testautomationproject\pegasustests\bin\debug\pegasustests.dll" id="5143a1ce-9c70-db1a-467a-f459015a59f5">
      <Execution id="8e498e8a-dfa3-43f2-9992-875b56924722" />
      <TestMethod codeBase="D:\NEWPEG\TestAutomationProject\PegasusTests\bin\Debug\PegasusTests.dll" adapterTypeName="Microsoft.VisualStudio.TestTools.TestTypes.Unit.UnitTestAdapter" className="PegasusTests.Scripts.ClientsTests.ResidualIncomePublishPayoutFromOffice" name="residualIncomePublishPayoutFromOffice" />
    </UnitTest>
    <UnitTest name="sentEmailVerifyResidualIncomeReports" storage="d:\newpeg\testautomationproject\pegasustests\bin\debug\pegasustests.dll" id="ce3af1de-20b9-6f5c-f42a-2db66fb7fdae">
      <Execution id="91ed890d-6276-4423-a40c-66146711ceb1" />
      <TestMethod codeBase="D:\NEWPEG\TestAutomationProject\PegasusTests\bin\Debug\PegasusTests.dll" adapterTypeName="Microsoft.VisualStudio.TestTools.TestTypes.Unit.UnitTestAdapter" className="PegasusTests.Scripts.ClientsTests.SentEmailVerifyResidualIncomeReports" name="sentEmailVerifyResidualIncomeReports" />
    </UnitTest>
    <UnitTest name="residualIncomePayoutSummaryOfficeViewReports" storage="d:\newpeg\testautomationproject\pegasustests\bin\debug\pegasustests.dll" id="a94930d2-2b63-751e-9658-1c5ab9958d07">
      <Execution id="5554ded1-8b1d-4dbb-9a0b-375170909d38" />
      <TestMethod codeBase="D:\NEWPEG\TestAutomationProject\PegasusTests\bin\Debug\PegasusTests.dll" adapterTypeName="Microsoft.VisualStudio.TestTools.TestTypes.Unit.UnitTestAdapter" className="PegasusTests.Scripts.ClientsTests.ResidualIncomePayoutSummaryOfficeViewReports" name="residualIncomePayoutSummaryOfficeViewReports" />
    </UnitTest>
    <UnitTest name="inactivePickListStatuses" storage="d:\newpeg\testautomationproject\pegasustests\bin\debug\pegasustests.dll" id="3d4ca605-99f5-0d02-c83c-c2e034c1c047">
      <Execution id="1da5809f-419d-452c-8b9e-2b86dcdd0836" />
      <TestMethod codeBase="D:\NEWPEG\TestAutomationProject\PegasusTests\bin\Debug\PegasusTests.dll" adapterTypeName="Microsoft.VisualStudio.TestTools.TestTypes.Unit.UnitTestAdapter" className="PegasusTests.Scripts.ClientsTests.InactivePickListStatuses" name="inactivePickListStatuses" />
    </UnitTest>
    <UnitTest name="pDFImportWizardMaping" storage="d:\newpeg\testautomationproject\pegasustests\bin\debug\pegasustests.dll" id="a6d8eac3-0f62-191b-387f-8bf78cf3c4be">
      <Execution id="6991698a-ec86-405d-9412-a45c8f28f071" />
      <TestMethod codeBase="D:\NEWPEG\TestAutomationProject\PegasusTests\bin\Debug\PegasusTests.dll" adapterTypeName="Microsoft.VisualStudio.TestTools.TestTypes.Unit.UnitTestAdapter" className="PegasusTests.Scripts.ClientsTests.PDFImportWizardMaping" name="pDFImportWizardMaping" />
    </UnitTest>
    <UnitTest name="systemPickListStatusAdmin" storage="d:\newpeg\testautomationproject\pegasustests\bin\debug\pegasustests.dll" id="ce915754-6b7b-0ae6-f634-06f72d81bc54">
      <Execution id="107235b8-eea6-43c7-b05b-3f298faf20b8" />
      <TestMethod codeBase="D:\NEWPEG\TestAutomationProject\PegasusTests\bin\Debug\PegasusTests.dll" adapterTypeName="Microsoft.VisualStudio.TestTools.TestTypes.Unit.UnitTestAdapter" className="PegasusTests.Scripts.ClientsTests.SystemPickListStatusAdmin" name="systemPickListStatusAdmin" />
    </UnitTest>
    <UnitTest name="editAmexRatesCorpVerifyInOffice" storage="d:\newpeg\testautomationproject\pegasustests\bin\debug\pegasustests.dll" id="882ca93a-75c3-0f41-0571-ad9aa38bedba">
      <Execution id="fd3db71d-4ba3-4af7-acb9-a1c26b90ae8c" />
      <TestMethod codeBase="D:\NEWPEG\TestAutomationProject\PegasusTests\bin\Debug\PegasusTests.dll" adapterTypeName="Microsoft.VisualStudio.TestTools.TestTypes.Unit.UnitTestAdapter" className="PegasusTests.Scripts.Corp.EditAmexRatesCorpVerifyInOffice" name="editAmexRatesCorpVerifyInOffice" />
    </UnitTest>
    <UnitTest name="sendEmailFromActivity" storage="d:\newpeg\testautomationproject\pegasustests\bin\debug\pegasustests.dll" id="266929df-b20a-0a6f-a93a-d5a178685ccc">
      <Execution id="cffb4570-da2c-4bb5-b99f-6482606904ef" />
      <TestMethod codeBase="D:\NEWPEG\TestAutomationProject\PegasusTests\bin\Debug\PegasusTests.dll" adapterTypeName="Microsoft.VisualStudio.TestTools.TestTypes.Unit.UnitTestAdapter" className="PegasusTests.Scripts.ClientsTests.SendEmailFromActivity" name="sendEmailFromActivity" />
    </UnitTest>
    <UnitTest name="sendEmailNoteMultipleCC" storage="d:\newpeg\testautomationproject\pegasustests\bin\debug\pegasustests.dll" id="3c720f3c-38f0-ba03-3beb-daf3a50d3440">
      <Execution id="ff5fd5b6-81a6-4087-9d87-dbf680209652" />
      <TestMethod codeBase="D:\NEWPEG\TestAutomationProject\PegasusTests\bin\Debug\PegasusTests.dll" adapterTypeName="Microsoft.VisualStudio.TestTools.TestTypes.Unit.UnitTestAdapter" className="PegasusTests.Scripts.ClientsTests.SendEmailNoteMultipleCC" name="sendEmailNoteMultipleCC" />
    </UnitTest>
    <UnitTest name="editTicketForClient" storage="d:\newpeg\testautomationproject\pegasustests\bin\debug\pegasustests.dll" id="e31f1c8c-02cd-c897-3e4a-3adda75d9dc8">
      <Execution id="7bded773-0965-4306-9d7a-256bb29fe7d2" />
      <TestMethod codeBase="D:\NEWPEG\TestAutomationProject\PegasusTests\bin\Debug\PegasusTests.dll" adapterTypeName="Microsoft.VisualStudio.TestTools.TestTypes.Unit.UnitTestAdapter" className="PegasusTests.Scripts.ClientsTests.EditTicketForClient" name="editTicketForClient" />
    </UnitTest>
    <UnitTest name="createTicketAndDeleteTicketFromAgnet" storage="d:\newpeg\testautomationproject\pegasustests\bin\debug\pegasustests.dll" id="d2505a35-6ca7-7408-1a98-b2c425b7e685">
      <Execution id="31bc681c-16de-4b35-a831-3e658f599ded" />
      <TestMethod codeBase="D:\NEWPEG\TestAutomationProject\PegasusTests\bin\Debug\PegasusTests.dll" adapterTypeName="Microsoft.VisualStudio.TestTools.TestTypes.Unit.UnitTestAdapter" className="PegasusTests.Scripts.ClientsTests.CreateTicketAndDeleteTicketFromAgnet" name="createTicketAndDeleteTicketFromAgnet" />
    </UnitTest>
    <UnitTest name="pDFCategoriesViewInOffice" storage="d:\newpeg\testautomationproject\pegasustests\bin\debug\pegasustests.dll" id="29bce606-b425-ae65-07e1-30b60625899b">
      <Execution id="cb8891de-1473-43db-b4d1-e4f4b4447eef" />
      <TestMethod codeBase="D:\NEWPEG\TestAutomationProject\PegasusTests\bin\Debug\PegasusTests.dll" adapterTypeName="Microsoft.VisualStudio.TestTools.TestTypes.Unit.UnitTestAdapter" className="PegasusTests.Scripts.ClientsTests.PDFCategoriesViewInOffice" name="pDFCategoriesViewInOffice" />
    </UnitTest>
    <UnitTest name="createAndDeletePDFCategories" storage="d:\newpeg\testautomationproject\pegasustests\bin\debug\pegasustests.dll" id="2943e417-fc30-ee10-bcec-7a16da60a40f">
      <Execution id="d73d5fe3-21b2-43c8-a07c-ec317989614f" />
      <TestMethod codeBase="D:\NEWPEG\TestAutomationProject\PegasusTests\bin\Debug\PegasusTests.dll" adapterTypeName="Microsoft.VisualStudio.TestTools.TestTypes.Unit.UnitTestAdapter" className="PegasusTests.Scripts.ClientsTests.CreateAndDeletePDFCategories" name="createAndDeletePDFCategories" />
    </UnitTest>
    <UnitTest name="createTicketForClient" storage="d:\newpeg\testautomationproject\pegasustests\bin\debug\pegasustests.dll" id="50197c7a-6209-e4c7-7a81-cb499eeddbaf">
      <Execution id="a2d291a9-4b09-48c1-beb1-e17b3ad0829a" />
      <TestMethod codeBase="D:\NEWPEG\TestAutomationProject\PegasusTests\bin\Debug\PegasusTests.dll" adapterTypeName="Microsoft.VisualStudio.TestTools.TestTypes.Unit.UnitTestAdapter" className="PegasusTests.Scripts.ClientsTests.CreateTicketForClient" name="createTicketForClient" />
    </UnitTest>
    <UnitTest name="statusFilterForEmployeeAgent" storage="d:\newpeg\testautomationproject\pegasustests\bin\debug\pegasustests.dll" id="beddb52b-f82d-0fc7-4485-76b1d812c57b">
      <Execution id="7341bbfc-e871-4c15-9b7e-a105bb0cf74e" />
      <TestMethod codeBase="D:\NEWPEG\TestAutomationProject\PegasusTests\bin\Debug\PegasusTests.dll" adapterTypeName="Microsoft.VisualStudio.TestTools.TestTypes.Unit.UnitTestAdapter" className="PegasusTests.Scripts.ClientsTests.StatusFilterForEmployeeAgent" name="statusFilterForEmployeeAgent" />
    </UnitTest>
    <UnitTest name="opportunitiesZipCode" storage="d:\newpeg\testautomationproject\pegasustests\bin\debug\pegasustests.dll" id="87fd0ba1-35a0-5b2f-ce54-1f69a7fdb348">
      <Execution id="c4f5d172-fbe4-4a17-9b3e-879f560c5262" />
      <TestMethod codeBase="D:\NEWPEG\TestAutomationProject\PegasusTests\bin\Debug\PegasusTests.dll" adapterTypeName="Microsoft.VisualStudio.TestTools.TestTypes.Unit.UnitTestAdapter" className="PegasusTests.Scripts.ClientsTests.OpportunitiesZipCode" name="opportunitiesZipCode" />
    </UnitTest>
    <UnitTest name="leadZipCode" storage="d:\newpeg\testautomationproject\pegasustests\bin\debug\pegasustests.dll" id="d941e3e5-f6c5-4dbb-ad71-0f798c75740a">
      <Execution id="e22e406d-438d-49fc-b00f-ce74e5fa078f" />
      <TestMethod codeBase="D:\NEWPEG\TestAutomationProject\PegasusTests\bin\Debug\PegasusTests.dll" adapterTypeName="Microsoft.VisualStudio.TestTools.TestTypes.Unit.UnitTestAdapter" className="PegasusTests.Scripts.ClientsTests.LeadZipCode" name="leadZipCode" />
    </UnitTest>
    <UnitTest name="sendEmailFromOfficeCorp" storage="d:\newpeg\testautomationproject\pegasustests\bin\debug\pegasustests.dll" id="0b2a5a8b-d393-6055-1c6a-f0e15397e760">
      <Execution id="9c5a60b8-2f72-4a57-a3cd-8b0c071afd4b" />
      <TestMethod codeBase="D:\NEWPEG\TestAutomationProject\PegasusTests\bin\Debug\PegasusTests.dll" adapterTypeName="Microsoft.VisualStudio.TestTools.TestTypes.Unit.UnitTestAdapter" className="PegasusTests.Scripts.Corp.SendEmailFromOfficeCorp" name="sendEmailFromOfficeCorp" />
    </UnitTest>
    <UnitTest name="deleteOfficeCorp" storage="d:\newpeg\testautomationproject\pegasustests\bin\debug\pegasustests.dll" id="3e2ab410-e464-ea59-cd63-d75b343ee8d9">
      <Execution id="782c4621-29e0-4a38-8126-e6e392947b33" />
      <TestMethod codeBase="D:\NEWPEG\TestAutomationProject\PegasusTests\bin\Debug\PegasusTests.dll" adapterTypeName="Microsoft.VisualStudio.TestTools.TestTypes.Unit.UnitTestAdapter" className="PegasusTests.Scripts.Corp.DeleteOfficeCorp" name="deleteOfficeCorp" />
    </UnitTest>
    <UnitTest name="searchClientByFullName" storage="d:\newpeg\testautomationproject\pegasustests\bin\debug\pegasustests.dll" id="b852c21a-60b6-4308-aebd-b7b5f2fc7487">
      <Execution id="9295d039-bc2f-4cd7-adcb-6d0175b68e26" />
      <TestMethod codeBase="D:\NEWPEG\TestAutomationProject\PegasusTests\bin\Debug\PegasusTests.dll" adapterTypeName="Microsoft.VisualStudio.TestTools.TestTypes.Unit.UnitTestAdapter" className="PegasusTests.Scripts.ClientsTests.SearchClientByFullName" name="searchClientByFullName" />
    </UnitTest>
    <UnitTest name="meetingForLead" storage="d:\newpeg\testautomationproject\pegasustests\bin\debug\pegasustests.dll" id="659f60d9-6ca7-0b3c-7bcf-b5dea7515235">
      <Execution id="f488bed2-6a44-4ab6-970b-d8d7f5ef7549" />
      <TestMethod codeBase="D:\NEWPEG\TestAutomationProject\PegasusTests\bin\Debug\PegasusTests.dll" adapterTypeName="Microsoft.VisualStudio.TestTools.TestTypes.Unit.UnitTestAdapter" className="PegasusTests.Scripts.ClientsTests.MeetingForLead" name="meetingForLead" />
    </UnitTest>
    <UnitTest name="disableEmployeeCorp" storage="d:\newpeg\testautomationproject\pegasustests\bin\debug\pegasustests.dll" id="78bc9003-c9a5-ce18-eed6-99eef013bd54">
      <Execution id="7ca42229-6e68-4871-be21-1e9e34ca8400" />
      <TestMethod codeBase="D:\NEWPEG\TestAutomationProject\PegasusTests\bin\Debug\PegasusTests.dll" adapterTypeName="Microsoft.VisualStudio.TestTools.TestTypes.Unit.UnitTestAdapter" className="PegasusTests.Scripts.Corp.DisableEmployeeCorp" name="disableEmployeeCorp" />
    </UnitTest>
    <UnitTest name="filterForAgent" storage="d:\newpeg\testautomationproject\pegasustests\bin\debug\pegasustests.dll" id="d2c8e05c-9e23-0288-21f8-0abe48a0e3bc">
      <Execution id="7f29226a-bf65-47a3-ba88-e0273d4bc65d" />
      <TestMethod codeBase="D:\NEWPEG\TestAutomationProject\PegasusTests\bin\Debug\PegasusTests.dll" adapterTypeName="Microsoft.VisualStudio.TestTools.TestTypes.Unit.UnitTestAdapter" className="PegasusTests.Scripts.ClientsTests.FilterForAgent" name="filterForAgent" />
    </UnitTest>
    <UnitTest name="emailNoteForward" storage="d:\newpeg\testautomationproject\pegasustests\bin\debug\pegasustests.dll" id="dc9371c3-0e36-fc3f-7dc8-2da55ebb2304">
      <Execution id="9b4629fe-99a0-4dc0-8966-7ae2481f4057" />
      <TestMethod codeBase="D:\NEWPEG\TestAutomationProject\PegasusTests\bin\Debug\PegasusTests.dll" adapterTypeName="Microsoft.VisualStudio.TestTools.TestTypes.Unit.UnitTestAdapter" className="PegasusTests.Scripts.ClientsTests.EmailNoteForward" name="emailNoteForward" />
    </UnitTest>
    <UnitTest name="deleteIframeIntegration" storage="d:\newpeg\testautomationproject\pegasustests\bin\debug\pegasustests.dll" id="990e31f1-6c83-5fa5-559b-14945c8cbb8b">
      <Execution id="7419ed65-5d88-485d-b8eb-8d2311c92ff5" />
      <TestMethod codeBase="D:\NEWPEG\TestAutomationProject\PegasusTests\bin\Debug\PegasusTests.dll" adapterTypeName="Microsoft.VisualStudio.TestTools.TestTypes.Unit.UnitTestAdapter" className="PegasusTests.Scripts.ClientsTests.DeleteIframeIntegration" name="deleteIframeIntegration" />
    </UnitTest>
    <UnitTest name="editOmahaPDFCorp" storage="d:\newpeg\testautomationproject\pegasustests\bin\debug\pegasustests.dll" id="41fe6b3c-aaa1-6bf3-2906-6537113200df">
      <Execution id="ed5528ea-1131-4614-89bc-135d81cb4f18" />
      <TestMethod codeBase="D:\NEWPEG\TestAutomationProject\PegasusTests\bin\Debug\PegasusTests.dll" adapterTypeName="Microsoft.VisualStudio.TestTools.TestTypes.Unit.UnitTestAdapter" className="PegasusTests.Scripts.ClientsTests.EditOmahaPDFCorp" name="editOmahaPDFCorp" />
    </UnitTest>
    <UnitTest name="editTask" storage="d:\newpeg\testautomationproject\pegasustests\bin\debug\pegasustests.dll" id="bab37d67-e6cf-b7f8-9077-84d3f616f747">
      <Execution id="3a523ca1-ef99-48e3-b688-62e5a59ee87e" />
      <TestMethod codeBase="D:\NEWPEG\TestAutomationProject\PegasusTests\bin\Debug\PegasusTests.dll" adapterTypeName="Microsoft.VisualStudio.TestTools.TestTypes.Unit.UnitTestAdapter" className="PegasusTests.Scripts.ClientsTests.EditTask" name="editTask" />
    </UnitTest>
    <UnitTest name="clientAddresses" storage="d:\newpeg\testautomationproject\pegasustests\bin\debug\pegasustests.dll" id="6a57700c-556e-87c7-d8fb-c1ca5d033490">
      <Execution id="8e1a7122-04ee-445b-a865-c85572fbea33" />
      <TestMethod codeBase="D:\NEWPEG\TestAutomationProject\PegasusTests\bin\Debug\PegasusTests.dll" adapterTypeName="Microsoft.VisualStudio.TestTools.TestTypes.Unit.UnitTestAdapter" className="PegasusTests.Scripts.ClientsTests.ClientAddresses" name="clientAddresses" />
    </UnitTest>
    <UnitTest name="importClient" storage="d:\newpeg\testautomationproject\pegasustests\bin\debug\pegasustests.dll" id="0e42a008-d2c0-f243-344b-9aeb4a47528c">
      <Execution id="4e5b2b12-8bd7-42b1-bddd-a2fdc83c5b34" />
      <TestMethod codeBase="D:\NEWPEG\TestAutomationProject\PegasusTests\bin\Debug\PegasusTests.dll" adapterTypeName="Microsoft.VisualStudio.TestTools.TestTypes.Unit.UnitTestAdapter" className="PegasusTests.Scripts.ClientsTests.ImportClient" name="importClient" />
    </UnitTest>
    <UnitTest name="pDFTemplatesPerminsions" storage="d:\newpeg\testautomationproject\pegasustests\bin\debug\pegasustests.dll" id="735cb1c5-eb23-43fc-68e6-fa76250d704d">
      <Execution id="1459d7f1-94a9-4853-8fe8-a7ad7bbc45c7" />
      <TestMethod codeBase="D:\NEWPEG\TestAutomationProject\PegasusTests\bin\Debug\PegasusTests.dll" adapterTypeName="Microsoft.VisualStudio.TestTools.TestTypes.Unit.UnitTestAdapter" className="PegasusTests.Scripts.ClientsTests.PDFTemplatesPerminsions" name="pDFTemplatesPerminsions" />
    </UnitTest>
    <UnitTest name="residualIncomeAdjustmentToolWith2014" storage="d:\newpeg\testautomationproject\pegasustests\bin\debug\pegasustests.dll" id="95ce3265-bec7-cfd2-3a17-e8550cc68411">
      <Execution id="75f64627-b9a7-40c4-934d-772a948d8dfd" />
      <TestMethod codeBase="D:\NEWPEG\TestAutomationProject\PegasusTests\bin\Debug\PegasusTests.dll" adapterTypeName="Microsoft.VisualStudio.TestTools.TestTypes.Unit.UnitTestAdapter" className="PegasusTests.Scripts.ClientsTests.ResidualIncomeAdjustmentToolWith2014" name="residualIncomeAdjustmentToolWith2014" />
    </UnitTest>
    <UnitTest name="addContact" storage="d:\newpeg\testautomationproject\pegasustests\bin\debug\pegasustests.dll" id="c0565bfd-68e4-1f86-7e6a-b6b241aabab2">
      <Execution id="2999d3df-c199-408b-b880-68c206544bdf" />
      <TestMethod codeBase="D:\NEWPEG\TestAutomationProject\PegasusTests\bin\Debug\PegasusTests.dll" adapterTypeName="Microsoft.VisualStudio.TestTools.TestTypes.Unit.UnitTestAdapter" className="PegasusTests.Scripts.ClientsTests.AddContact" name="addContact" />
    </UnitTest>
    <UnitTest name="addDocument" storage="d:\newpeg\testautomationproject\pegasustests\bin\debug\pegasustests.dll" id="c8459d5b-9d3c-d195-8262-162277ee00c0">
      <Execution id="2470fad7-1315-41d7-a099-73848f948f3d" />
      <TestMethod codeBase="D:\NEWPEG\TestAutomationProject\PegasusTests\bin\Debug\PegasusTests.dll" adapterTypeName="Microsoft.VisualStudio.TestTools.TestTypes.Unit.UnitTestAdapter" className="PegasusTests.Scripts.ClientsTests.AddDocument" name="addDocument" />
    </UnitTest>
    <UnitTest name="addLeads" storage="d:\newpeg\testautomationproject\pegasustests\bin\debug\pegasustests.dll" id="38b9cefa-9fef-d34b-c527-05b27b06e0c9">
      <Execution id="d26b2d6b-9b83-4c8c-9305-1ba91e6d34ac" />
      <TestMethod codeBase="D:\NEWPEG\TestAutomationProject\PegasusTests\bin\Debug\PegasusTests.dll" adapterTypeName="Microsoft.VisualStudio.TestTools.TestTypes.Unit.UnitTestAdapter" className="PegasusTests.Scripts.ClientsTests.AddLeads" name="addLeads" />
    </UnitTest>
    <UnitTest name="bulkUpdateChangeResponsibiltyForLead" storage="d:\newpeg\testautomationproject\pegasustests\bin\debug\pegasustests.dll" id="8ad12b1d-2652-227d-d321-01efe4f128da">
      <Execution id="4567de17-146b-445d-99b1-6778bd7ff9c6" />
      <TestMethod codeBase="D:\NEWPEG\TestAutomationProject\PegasusTests\bin\Debug\PegasusTests.dll" adapterTypeName="Microsoft.VisualStudio.TestTools.TestTypes.Unit.UnitTestAdapter" className="PegasusTests.Scripts.ClientsTests.BulkUpdateChangeResponsibiltyForLead" name="bulkUpdateChangeResponsibiltyForLead" />
    </UnitTest>
    <UnitTest name="clone" storage="d:\newpeg\testautomationproject\pegasustests\bin\debug\pegasustests.dll" id="39e5c926-86b9-bb34-a0b9-9aef132298de">
      <Execution id="ac7650f9-4beb-44a1-ba4f-df7f94906bde" />
      <TestMethod codeBase="D:\NEWPEG\TestAutomationProject\PegasusTests\bin\Debug\PegasusTests.dll" adapterTypeName="Microsoft.VisualStudio.TestTools.TestTypes.Unit.UnitTestAdapter" className="PegasusTests.Scripts.ClientsTests.Clone" name="clone" />
    </UnitTest>
    <UnitTest name="createProducts" storage="d:\newpeg\testautomationproject\pegasustests\bin\debug\pegasustests.dll" id="99f09ab2-d5f8-1f04-9923-a2cc16af8089">
      <Execution id="19253973-7ffd-49b4-acbe-2e9d7bcbf1e9" />
      <TestMethod codeBase="D:\NEWPEG\TestAutomationProject\PegasusTests\bin\Debug\PegasusTests.dll" adapterTypeName="Microsoft.VisualStudio.TestTools.TestTypes.Unit.UnitTestAdapter" className="PegasusTests.Scripts.Admin.CreateProducts" name="createProducts" />
    </UnitTest>
    <UnitTest name="clientSharePDFs" storage="d:\newpeg\testautomationproject\pegasustests\bin\debug\pegasustests.dll" id="8105d9a9-6c23-09af-e85c-a1a1726b27ec">
      <Execution id="627ac2ff-492a-4d7b-89ef-8330c90a4c9a" />
      <TestMethod codeBase="D:\NEWPEG\TestAutomationProject\PegasusTests\bin\Debug\PegasusTests.dll" adapterTypeName="Microsoft.VisualStudio.TestTools.TestTypes.Unit.UnitTestAdapter" className="PegasusTests.Scripts.ClientsTests.ClientSharePDFs" name="clientSharePDFs" />
    </UnitTest>
    <UnitTest name="clientUserFileShareSignatureRequired" storage="d:\newpeg\testautomationproject\pegasustests\bin\debug\pegasustests.dll" id="86fed0a5-7b2c-e17a-2eff-2cb43502ad23">
      <Execution id="47bab7cd-4be5-4155-b641-b9d59ccd5794" />
      <TestMethod codeBase="D:\NEWPEG\TestAutomationProject\PegasusTests\bin\Debug\PegasusTests.dll" adapterTypeName="Microsoft.VisualStudio.TestTools.TestTypes.Unit.UnitTestAdapter" className="PegasusTests.Scripts.ClientsTests.ClientUserFileShareSignatureRequired" name="clientUserFileShareSignatureRequired" />
    </UnitTest>
    <UnitTest name="clientUserTicketdDraftAndDelete" storage="d:\newpeg\testautomationproject\pegasustests\bin\debug\pegasustests.dll" id="0da86727-4745-5e5f-47a7-9fcf680e0a11">
      <Execution id="98cf3d26-e12c-4f35-b0ef-85fd14ff874c" />
      <TestMethod codeBase="D:\NEWPEG\TestAutomationProject\PegasusTests\bin\Debug\PegasusTests.dll" adapterTypeName="Microsoft.VisualStudio.TestTools.TestTypes.Unit.UnitTestAdapter" className="PegasusTests.Scripts.ClientsTests.ClientUserTicketdDraftAndDelete" name="clientUserTicketdDraftAndDelete" />
    </UnitTest>
    <UnitTest name="clientUserTicketRecycleBin" storage="d:\newpeg\testautomationproject\pegasustests\bin\debug\pegasustests.dll" id="51bd4dea-8b46-9d80-77dc-0eb04ba74f2b">
      <Execution id="a75f54f6-c7a1-4df7-ac0b-1e7429985222" />
      <TestMethod codeBase="D:\NEWPEG\TestAutomationProject\PegasusTests\bin\Debug\PegasusTests.dll" adapterTypeName="Microsoft.VisualStudio.TestTools.TestTypes.Unit.UnitTestAdapter" className="PegasusTests.Scripts.ClientsTests.ClientUserTicketRecycleBin" name="clientUserTicketRecycleBin" />
    </UnitTest>
    <UnitTest name="clientUserSharePDFsFileShare" storage="d:\newpeg\testautomationproject\pegasustests\bin\debug\pegasustests.dll" id="8512f195-9d13-dc09-1eba-6881004102a3">
      <Execution id="1f9fea85-836f-4348-932d-647e4914d93b" />
      <TestMethod codeBase="D:\NEWPEG\TestAutomationProject\PegasusTests\bin\Debug\PegasusTests.dll" adapterTypeName="Microsoft.VisualStudio.TestTools.TestTypes.Unit.UnitTestAdapter" className="PegasusTests.Scripts.ClientsTests.ClientUserSharePDFsFileShare" name="clientUserSharePDFsFileShare" />
    </UnitTest>
    <UnitTest name="backToPDFSection" storage="d:\newpeg\testautomationproject\pegasustests\bin\debug\pegasustests.dll" id="ef3eaa39-fc33-1ebd-e72c-b503c73ce94a">
      <Execution id="5ea5c595-84bd-465b-82df-324d4c03bf1e" />
      <TestMethod codeBase="D:\NEWPEG\TestAutomationProject\PegasusTests\bin\Debug\PegasusTests.dll" adapterTypeName="Microsoft.VisualStudio.TestTools.TestTypes.Unit.UnitTestAdapter" className="PegasusTests.Scripts.ClientsTests.BackToPDFSection" name="backToPDFSection" />
    </UnitTest>
    <UnitTest name="clientFileShare" storage="d:\newpeg\testautomationproject\pegasustests\bin\debug\pegasustests.dll" id="da6c7317-e115-2665-fa4f-ce54afc60617">
      <Execution id="470c5360-dbcf-4e60-9aeb-bc39511fbdc0" />
      <TestMethod codeBase="D:\NEWPEG\TestAutomationProject\PegasusTests\bin\Debug\PegasusTests.dll" adapterTypeName="Microsoft.VisualStudio.TestTools.TestTypes.Unit.UnitTestAdapter" className="PegasusTests.Scripts.ClientsTests.ClientFileShare" name="clientFileShare" />
    </UnitTest>
    <UnitTest name="clientUserHomePage" storage="d:\newpeg\testautomationproject\pegasustests\bin\debug\pegasustests.dll" id="901963da-ab50-33c0-ff2c-8f0a67254499">
      <Execution id="f3f157c0-f9c3-4dff-acc4-8e7967e0b38c" />
      <TestMethod codeBase="D:\NEWPEG\TestAutomationProject\PegasusTests\bin\Debug\PegasusTests.dll" adapterTypeName="Microsoft.VisualStudio.TestTools.TestTypes.Unit.UnitTestAdapter" className="PegasusTests.Scripts.ClientsTests.ClientUserHomePage" name="clientUserHomePage" />
    </UnitTest>
    <UnitTest name="contactRecycleBin" storage="d:\newpeg\testautomationproject\pegasustests\bin\debug\pegasustests.dll" id="746eb886-e9ea-b6a4-6020-9e84a5d63a1c">
      <Execution id="e1a5fbfd-45b0-423f-9de3-18abb9d55def" />
      <TestMethod codeBase="D:\NEWPEG\TestAutomationProject\PegasusTests\bin\Debug\PegasusTests.dll" adapterTypeName="Microsoft.VisualStudio.TestTools.TestTypes.Unit.UnitTestAdapter" className="PegasusTests.Scripts.ClientsTests.ContactRecycleBin" name="contactRecycleBin" />
    </UnitTest>
    <UnitTest name="contactsRecentlyAdded" storage="d:\newpeg\testautomationproject\pegasustests\bin\debug\pegasustests.dll" id="5480ead0-3e8c-6227-51f5-16a6ffa077d7">
      <Execution id="d9a6f821-650c-444c-b012-ced9dee225ca" />
      <TestMethod codeBase="D:\NEWPEG\TestAutomationProject\PegasusTests\bin\Debug\PegasusTests.dll" adapterTypeName="Microsoft.VisualStudio.TestTools.TestTypes.Unit.UnitTestAdapter" className="PegasusTests.Scripts.ClientsTests.ContactsRecentlyAdded" name="contactsRecentlyAdded" />
    </UnitTest>
    <UnitTest name="createClient1099SaleAgent" storage="d:\newpeg\testautomationproject\pegasustests\bin\debug\pegasustests.dll" id="cae4aaf3-3166-b681-d17d-87cc8f22108e">
      <Execution id="890ff523-f593-44dd-8804-0cdd2f8504a0" />
      <TestMethod codeBase="D:\NEWPEG\TestAutomationProject\PegasusTests\bin\Debug\PegasusTests.dll" adapterTypeName="Microsoft.VisualStudio.TestTools.TestTypes.Unit.UnitTestAdapter" className="PegasusTests.Scripts.ClientsTests.CreateClient1099SaleAgent" name="createClient1099SaleAgent" />
    </UnitTest>
    <UnitTest name="bulkUpdateChangeStatusForLead" storage="d:\newpeg\testautomationproject\pegasustests\bin\debug\pegasustests.dll" id="dd101952-46ca-4935-4d58-b6d59db531de">
      <Execution id="74127c2c-5d58-4f50-a1e6-7049d182c2c1" />
      <TestMethod codeBase="D:\NEWPEG\TestAutomationProject\PegasusTests\bin\Debug\PegasusTests.dll" adapterTypeName="Microsoft.VisualStudio.TestTools.TestTypes.Unit.UnitTestAdapter" className="PegasusTests.Scripts.ClientsTests.BulkUpdateChangeStatusForLead" name="bulkUpdateChangeStatusForLead" />
    </UnitTest>
    <UnitTest name="bulkUpdateChangeSourceForLead" storage="d:\newpeg\testautomationproject\pegasustests\bin\debug\pegasustests.dll" id="41670aef-c525-baa0-476e-8b02aca0c5b9">
      <Execution id="d89653f6-2c20-47da-a81d-67cee2b5b73e" />
      <TestMethod codeBase="D:\NEWPEG\TestAutomationProject\PegasusTests\bin\Debug\PegasusTests.dll" adapterTypeName="Microsoft.VisualStudio.TestTools.TestTypes.Unit.UnitTestAdapter" className="PegasusTests.Scripts.ClientsTests.BulkUpdateChangeSourceForLead" name="bulkUpdateChangeSourceForLead" />
    </UnitTest>
    <UnitTest name="bulkUpdateAccountManagerForLead" storage="d:\newpeg\testautomationproject\pegasustests\bin\debug\pegasustests.dll" id="9335b298-8784-a57c-08d5-92d18c170c5a">
      <Execution id="28087a91-b701-43ff-9972-c4b797d345df" />
      <TestMethod codeBase="D:\NEWPEG\TestAutomationProject\PegasusTests\bin\Debug\PegasusTests.dll" adapterTypeName="Microsoft.VisualStudio.TestTools.TestTypes.Unit.UnitTestAdapter" className="PegasusTests.Scripts.ClientsTests.BulkUpdateAccountManagerForLead" name="bulkUpdateAccountManagerForLead" />
    </UnitTest>
    <UnitTest name="bulkUpdateChangeGroupForLead" storage="d:\newpeg\testautomationproject\pegasustests\bin\debug\pegasustests.dll" id="06e452d6-294d-e36a-3093-c69cc97c6d43">
      <Execution id="daec5dc2-3b1a-4afc-8745-faed12dee58b" />
      <TestMethod codeBase="D:\NEWPEG\TestAutomationProject\PegasusTests\bin\Debug\PegasusTests.dll" adapterTypeName="Microsoft.VisualStudio.TestTools.TestTypes.Unit.UnitTestAdapter" className="PegasusTests.Scripts.ClientsTests.BulkUpdateChangeGroupForLead" name="bulkUpdateChangeGroupForLead" />
    </UnitTest>
    <UnitTest name="bulkUpdateChangeClinetForLead" storage="d:\newpeg\testautomationproject\pegasustests\bin\debug\pegasustests.dll" id="bf6a72db-2f13-e5b0-0743-03838081da43">
      <Execution id="34efa865-2d72-4997-84f2-1097061846db" />
      <TestMethod codeBase="D:\NEWPEG\TestAutomationProject\PegasusTests\bin\Debug\PegasusTests.dll" adapterTypeName="Microsoft.VisualStudio.TestTools.TestTypes.Unit.UnitTestAdapter" className="PegasusTests.Scripts.ClientsTests.BulkUpdateChangeClinetForLead" name="bulkUpdateChangeClinetForLead" />
    </UnitTest>
    <UnitTest name="bulkUpdateChangePermissionLead" storage="d:\newpeg\testautomationproject\pegasustests\bin\debug\pegasustests.dll" id="ab18020c-38e6-9766-b520-16115d172527">
      <Execution id="4f4583c1-1c17-4c96-bb2b-cc2bef8ad8b5" />
      <TestMethod codeBase="D:\NEWPEG\TestAutomationProject\PegasusTests\bin\Debug\PegasusTests.dll" adapterTypeName="Microsoft.VisualStudio.TestTools.TestTypes.Unit.UnitTestAdapter" className="PegasusTests.Scripts.ClientsTests.BulkUpdateChangePermissionLead" name="bulkUpdateChangePermissionLead" />
    </UnitTest>
    <UnitTest name="addNoteForLead" storage="d:\newpeg\testautomationproject\pegasustests\bin\debug\pegasustests.dll" id="ab98d086-9ec6-9b9e-74d3-dc8eb32c7483">
      <Execution id="fccf2819-fb9a-458c-993c-5dfe66db18e6" />
      <TestMethod codeBase="D:\NEWPEG\TestAutomationProject\PegasusTests\bin\Debug\PegasusTests.dll" adapterTypeName="Microsoft.VisualStudio.TestTools.TestTypes.Unit.UnitTestAdapter" className="PegasusTests.Scripts.ClientsTests.AddNoteForLead" name="addNoteForLead" />
    </UnitTest>
    <UnitTest name="addDocumentForLead" storage="d:\newpeg\testautomationproject\pegasustests\bin\debug\pegasustests.dll" id="494540f4-9630-6f0c-411e-280851dcd911">
      <Execution id="4a1494de-7966-48d1-a1e1-2b187d17ba02" />
      <TestMethod codeBase="D:\NEWPEG\TestAutomationProject\PegasusTests\bin\Debug\PegasusTests.dll" adapterTypeName="Microsoft.VisualStudio.TestTools.TestTypes.Unit.UnitTestAdapter" className="PegasusTests.Scripts.ClientsTests.AddDocumentForLead" name="addDocumentForLead" />
    </UnitTest>
    <UnitTest name="addNewMeetingForLead" storage="d:\newpeg\testautomationproject\pegasustests\bin\debug\pegasustests.dll" id="0b55d3fe-c731-2d14-e4a6-7d9a74ed8253">
      <Execution id="590b0e4a-bd1f-4267-94ea-30dee30f3a98" />
      <TestMethod codeBase="D:\NEWPEG\TestAutomationProject\PegasusTests\bin\Debug\PegasusTests.dll" adapterTypeName="Microsoft.VisualStudio.TestTools.TestTypes.Unit.UnitTestAdapter" className="PegasusTests.Scripts.ClientsTests.AddNewMeetingForLead" name="addNewMeetingForLead" />
    </UnitTest>
    <UnitTest name="cloneLead" storage="d:\newpeg\testautomationproject\pegasustests\bin\debug\pegasustests.dll" id="cae7fa28-0671-d429-b91e-4d65f083cfd2">
      <Execution id="6e999f5d-5663-4282-a0f2-eeb12c83ca77" />
      <TestMethod codeBase="D:\NEWPEG\TestAutomationProject\PegasusTests\bin\Debug\PegasusTests.dll" adapterTypeName="Microsoft.VisualStudio.TestTools.TestTypes.Unit.UnitTestAdapter" className="PegasusTests.Scripts.ClientsTests.CloneLead" name="cloneLead" />
    </UnitTest>
    <UnitTest name="addNewTaskForLead" storage="d:\newpeg\testautomationproject\pegasustests\bin\debug\pegasustests.dll" id="eac6335d-359b-fe95-24f1-a77afddaaa52">
      <Execution id="36c0027d-39c3-433d-aa1b-dceaf02b996b" />
      <TestMethod codeBase="D:\NEWPEG\TestAutomationProject\PegasusTests\bin\Debug\PegasusTests.dll" adapterTypeName="Microsoft.VisualStudio.TestTools.TestTypes.Unit.UnitTestAdapter" className="PegasusTests.Scripts.ClientsTests.AddNewTaskForLead" name="addNewTaskForLead" />
    </UnitTest>
    <UnitTest name="bulkUpdateChangeStatusForOpportunities" storage="d:\newpeg\testautomationproject\pegasustests\bin\debug\pegasustests.dll" id="3db6fab6-2305-6a82-09ad-ed1c8917439c">
      <Execution id="c73859c5-f94f-4884-a5e0-bff533701b8e" />
      <TestMethod codeBase="D:\NEWPEG\TestAutomationProject\PegasusTests\bin\Debug\PegasusTests.dll" adapterTypeName="Microsoft.VisualStudio.TestTools.TestTypes.Unit.UnitTestAdapter" className="PegasusTests.Scripts.ClientsTests.BulkUpdateChangeStatusForOpportunities" name="bulkUpdateChangeStatusForOpportunities" />
    </UnitTest>
    <UnitTest name="bulkUpdateChangeSourceForOpportunities" storage="d:\newpeg\testautomationproject\pegasustests\bin\debug\pegasustests.dll" id="b1dc85f7-496b-5c29-1123-7b1f459a2dfd">
      <Execution id="5c2b95ef-ca21-4492-9d13-30c501d3e4dd" />
      <TestMethod codeBase="D:\NEWPEG\TestAutomationProject\PegasusTests\bin\Debug\PegasusTests.dll" adapterTypeName="Microsoft.VisualStudio.TestTools.TestTypes.Unit.UnitTestAdapter" className="PegasusTests.Scripts.ClientsTests.BulkUpdateChangeSourceForOpportunities" name="bulkUpdateChangeSourceForOpportunities" />
    </UnitTest>
    <UnitTest name="bulkUpdateChangeResponsibilityForOpportunities" storage="d:\newpeg\testautomationproject\pegasustests\bin\debug\pegasustests.dll" id="d3e1bef7-9c87-b3cf-40e4-f7f6e00e9a00">
      <Execution id="b3016a57-5215-4086-b711-87091d040696" />
      <TestMethod codeBase="D:\NEWPEG\TestAutomationProject\PegasusTests\bin\Debug\PegasusTests.dll" adapterTypeName="Microsoft.VisualStudio.TestTools.TestTypes.Unit.UnitTestAdapter" className="PegasusTests.Scripts.ClientsTests.BulkUpdateChangeResponsibilityForOpportunities" name="bulkUpdateChangeResponsibilityForOpportunities" />
    </UnitTest>
    <UnitTest name="sendEmailFromLead" storage="d:\newpeg\testautomationproject\pegasustests\bin\debug\pegasustests.dll" id="d4f3b9e7-27e4-04a7-001f-c06be0bff38f">
      <Execution id="30d45012-d5c5-4639-9968-cafe8bfa2cbc" />
      <TestMethod codeBase="D:\NEWPEG\TestAutomationProject\PegasusTests\bin\Debug\PegasusTests.dll" adapterTypeName="Microsoft.VisualStudio.TestTools.TestTypes.Unit.UnitTestAdapter" className="PegasusTests.Scripts.ClientsTests.SendEmailFromLead" name="sendEmailFromLead" />
    </UnitTest>
    <UnitTest name="importOpportunities" storage="d:\newpeg\testautomationproject\pegasustests\bin\debug\pegasustests.dll" id="edf777f2-a095-8241-1a51-da962ca1e900">
      <Execution id="36e2fdcf-6146-4810-b515-7d90576a8795" />
      <TestMethod codeBase="D:\NEWPEG\TestAutomationProject\PegasusTests\bin\Debug\PegasusTests.dll" adapterTypeName="Microsoft.VisualStudio.TestTools.TestTypes.Unit.UnitTestAdapter" className="PegasusTests.Scripts.ClientsTests.ImportOpportunities" name="importOpportunities" />
    </UnitTest>
    <UnitTest name="resdualIncomeSummaryReportExportToExcel" storage="d:\newpeg\testautomationproject\pegasustests\bin\debug\pegasustests.dll" id="d73a32ce-4ffc-7045-cf9a-8f2c7cc92252">
      <Execution id="42949d67-4d40-4f12-a1d8-c656a39dd4fc" />
      <TestMethod codeBase="D:\NEWPEG\TestAutomationProject\PegasusTests\bin\Debug\PegasusTests.dll" adapterTypeName="Microsoft.VisualStudio.TestTools.TestTypes.Unit.UnitTestAdapter" className="PegasusTests.Scripts.ClientsTests.ResdualIncomeSummaryReportExportToExcel" name="resdualIncomeSummaryReportExportToExcel" />
    </UnitTest>
    <UnitTest name="resdualIncomeSummaryReportExportToCSV" storage="d:\newpeg\testautomationproject\pegasustests\bin\debug\pegasustests.dll" id="dcb623bf-d4f0-a380-2a4a-37ceef9c9410">
      <Execution id="4a4851cf-1347-4313-9767-3a6ff648e5f1" />
      <TestMethod codeBase="D:\NEWPEG\TestAutomationProject\PegasusTests\bin\Debug\PegasusTests.dll" adapterTypeName="Microsoft.VisualStudio.TestTools.TestTypes.Unit.UnitTestAdapter" className="PegasusTests.Scripts.ClientsTests.ResdualIncomeSummaryReportExportToCSV" name="resdualIncomeSummaryReportExportToCSV" />
    </UnitTest>
    <UnitTest name="importContacts" storage="d:\newpeg\testautomationproject\pegasustests\bin\debug\pegasustests.dll" id="ffa06708-3a4f-7ad4-7a94-a05db9c7bc12">
      <Execution id="90f35cbc-9db6-4c43-9422-7def4aefa9f4" />
      <TestMethod codeBase="D:\NEWPEG\TestAutomationProject\PegasusTests\bin\Debug\PegasusTests.dll" adapterTypeName="Microsoft.VisualStudio.TestTools.TestTypes.Unit.UnitTestAdapter" className="PegasusTests.Scripts.ClientsTests.ImportContacts" name="importContacts" />
    </UnitTest>
    <UnitTest name="exportContacts" storage="d:\newpeg\testautomationproject\pegasustests\bin\debug\pegasustests.dll" id="bac01a75-04cb-122c-7c01-cab056611935">
      <Execution id="719907aa-2379-4ee5-8fbb-32efd9c9767d" />
      <TestMethod codeBase="D:\NEWPEG\TestAutomationProject\PegasusTests\bin\Debug\PegasusTests.dll" adapterTypeName="Microsoft.VisualStudio.TestTools.TestTypes.Unit.UnitTestAdapter" className="PegasusTests.Scripts.ClientsTests.ExportContacts" name="exportContacts" />
    </UnitTest>
    <UnitTest name="resdualIncomeAdjustmentToolAgentAdd" storage="d:\newpeg\testautomationproject\pegasustests\bin\debug\pegasustests.dll" id="94a59183-59be-09fa-823f-23c15370126e">
      <Execution id="7ec71c26-b817-411c-b5e7-70e7bfa10801" />
      <TestMethod codeBase="D:\NEWPEG\TestAutomationProject\PegasusTests\bin\Debug\PegasusTests.dll" adapterTypeName="Microsoft.VisualStudio.TestTools.TestTypes.Unit.UnitTestAdapter" className="PegasusTests.Scripts.ClientsTests.ResdualIncomeAdjustmentToolAgentAdd" name="resdualIncomeAdjustmentToolAgentAdd" />
    </UnitTest>
    <UnitTest name="resdualIncomeAdjustmentToolAgentRemove" storage="d:\newpeg\testautomationproject\pegasustests\bin\debug\pegasustests.dll" id="fed95ae4-cddd-0f0c-476e-2e25c94a391e">
      <Execution id="b0ec62cd-ae39-49c0-813f-6a86737b20b0" />
      <TestMethod codeBase="D:\NEWPEG\TestAutomationProject\PegasusTests\bin\Debug\PegasusTests.dll" adapterTypeName="Microsoft.VisualStudio.TestTools.TestTypes.Unit.UnitTestAdapter" className="PegasusTests.Scripts.ClientsTests.ResdualIncomeAdjustmentToolAgentRemove" name="resdualIncomeAdjustmentToolAgentRemove" />
    </UnitTest>
    <UnitTest name="resdualIncomeAdjustmentToolSpecificPeriodOffice" storage="d:\newpeg\testautomationproject\pegasustests\bin\debug\pegasustests.dll" id="7402c8b4-61c8-bc55-a322-64c8446fe888">
      <Execution id="a832b936-4554-4dc9-a5f6-4d1e623cd9c1" />
      <TestMethod codeBase="D:\NEWPEG\TestAutomationProject\PegasusTests\bin\Debug\PegasusTests.dll" adapterTypeName="Microsoft.VisualStudio.TestTools.TestTypes.Unit.UnitTestAdapter" className="PegasusTests.Scripts.ClientsTests.ResdualIncomeAdjustmentToolSpecificPeriodOffice" name="resdualIncomeAdjustmentToolSpecificPeriodOffice" />
    </UnitTest>
    <UnitTest name="resdualIncomeAdjustmentClearSpecificMerchant" storage="d:\newpeg\testautomationproject\pegasustests\bin\debug\pegasustests.dll" id="9489bd34-0e19-baa1-54e3-f042c5cafa12">
      <Execution id="3e9beef8-2781-49de-b5e0-2ef0d72ee995" />
      <TestMethod codeBase="D:\NEWPEG\TestAutomationProject\PegasusTests\bin\Debug\PegasusTests.dll" adapterTypeName="Microsoft.VisualStudio.TestTools.TestTypes.Unit.UnitTestAdapter" className="PegasusTests.Scripts.ClientsTests.ResdualIncomeAdjustmentClearSpecificMerchant" name="resdualIncomeAdjustmentClearSpecificMerchant" />
    </UnitTest>
    <UnitTest name="resdualIncomeAdjustmentSpecificAgent" storage="d:\newpeg\testautomationproject\pegasustests\bin\debug\pegasustests.dll" id="97a735c4-7c1e-b034-397a-873619066499">
      <Execution id="c1a92f98-6eed-4c12-a9f0-8754429420c6" />
      <TestMethod codeBase="D:\NEWPEG\TestAutomationProject\PegasusTests\bin\Debug\PegasusTests.dll" adapterTypeName="Microsoft.VisualStudio.TestTools.TestTypes.Unit.UnitTestAdapter" className="PegasusTests.Scripts.ClientsTests.ResdualIncomeAdjustmentSpecificAgent" name="resdualIncomeAdjustmentSpecificAgent" />
    </UnitTest>
    <UnitTest name="resdualIncomeAdjustmentOfficeSpecificMerchant" storage="d:\newpeg\testautomationproject\pegasustests\bin\debug\pegasustests.dll" id="42d5d57c-7e91-d501-2724-042247e738a8">
      <Execution id="f09618d5-9444-41b6-99fe-1f4a4a5f874f" />
      <TestMethod codeBase="D:\NEWPEG\TestAutomationProject\PegasusTests\bin\Debug\PegasusTests.dll" adapterTypeName="Microsoft.VisualStudio.TestTools.TestTypes.Unit.UnitTestAdapter" className="PegasusTests.Scripts.ClientsTests.ResdualIncomeAdjustmentOfficeSpecificMerchant" name="resdualIncomeAdjustmentOfficeSpecificMerchant" />
    </UnitTest>
    <UnitTest name="emailClientPDFs" storage="d:\newpeg\testautomationproject\pegasustests\bin\debug\pegasustests.dll" id="4c2659a0-d949-3ef0-f370-9186550c5f1b">
      <Execution id="47f489e4-32bb-43b1-b92d-cb7a35aacec4" />
      <TestMethod codeBase="D:\NEWPEG\TestAutomationProject\PegasusTests\bin\Debug\PegasusTests.dll" adapterTypeName="Microsoft.VisualStudio.TestTools.TestTypes.Unit.UnitTestAdapter" className="PegasusTests.Scripts.ClientsTests.EmailClientPDFs" name="emailClientPDFs" />
    </UnitTest>
    <UnitTest name="reshareDocumentFilesShare" storage="d:\newpeg\testautomationproject\pegasustests\bin\debug\pegasustests.dll" id="05e03265-4c2b-2963-fc97-9e34f894fb4e">
      <Execution id="df57ea00-8eac-4c35-a8d3-ece37fc200e3" />
      <TestMethod codeBase="D:\NEWPEG\TestAutomationProject\PegasusTests\bin\Debug\PegasusTests.dll" adapterTypeName="Microsoft.VisualStudio.TestTools.TestTypes.Unit.UnitTestAdapter" className="PegasusTests.Scripts.ClientsTests.ReshareDocumentFilesShare" name="reshareDocumentFilesShare" />
    </UnitTest>
    <UnitTest name="editAndDelClientUserTicket" storage="d:\newpeg\testautomationproject\pegasustests\bin\debug\pegasustests.dll" id="464c23c2-01e8-7f7c-4672-76d6d9546dcb">
      <Execution id="c42f20b0-489f-4650-adb6-f4b999fccbc3" />
      <TestMethod codeBase="D:\NEWPEG\TestAutomationProject\PegasusTests\bin\Debug\PegasusTests.dll" adapterTypeName="Microsoft.VisualStudio.TestTools.TestTypes.Unit.UnitTestAdapter" className="PegasusTests.Scripts.ClientsTests.EditAndDelClientUserTicket" name="editAndDelClientUserTicket" />
    </UnitTest>
    <UnitTest name="createClientUserTicket" storage="d:\newpeg\testautomationproject\pegasustests\bin\debug\pegasustests.dll" id="9f551fad-59f4-0b5d-8e50-1fe2ed23b35a">
      <Execution id="a9155660-2dc7-4e31-9b69-086594a5ec77" />
      <TestMethod codeBase="D:\NEWPEG\TestAutomationProject\PegasusTests\bin\Debug\PegasusTests.dll" adapterTypeName="Microsoft.VisualStudio.TestTools.TestTypes.Unit.UnitTestAdapter" className="PegasusTests.Scripts.ClientsTests.CreateClientUserTicket" name="createClientUserTicket" />
    </UnitTest>
    <UnitTest name="employeeAgentRevenueAdjustment" storage="d:\newpeg\testautomationproject\pegasustests\bin\debug\pegasustests.dll" id="0171e9be-0066-8f96-af0b-ed24c236aa04">
      <Execution id="7d66060e-21a8-4bd5-8c27-a871100ed679" />
      <TestMethod codeBase="D:\NEWPEG\TestAutomationProject\PegasusTests\bin\Debug\PegasusTests.dll" adapterTypeName="Microsoft.VisualStudio.TestTools.TestTypes.Unit.UnitTestAdapter" className="PegasusTests.Scripts.ClientsTests.EmployeeAgentRevenueAdjustment" name="employeeAgentRevenueAdjustment" />
    </UnitTest>
    <UnitTest name="partnerAssocaitionRevenueAdjustment" storage="d:\newpeg\testautomationproject\pegasustests\bin\debug\pegasustests.dll" id="7be1f8b8-3179-16cf-eb5c-935aa3f6c8ee">
      <Execution id="03979344-a07e-4a33-8304-296a768534b7" />
      <TestMethod codeBase="D:\NEWPEG\TestAutomationProject\PegasusTests\bin\Debug\PegasusTests.dll" adapterTypeName="Microsoft.VisualStudio.TestTools.TestTypes.Unit.UnitTestAdapter" className="PegasusTests.Scripts.ClientsTests.PartnerAssocaitionRevenueAdjustment" name="partnerAssocaitionRevenueAdjustment" />
    </UnitTest>
    <UnitTest name="partnerAgentRevenueAdjustment" storage="d:\newpeg\testautomationproject\pegasustests\bin\debug\pegasustests.dll" id="97ee64a7-7f84-8b88-e837-c45ec5db61b8">
      <Execution id="9872cb38-8672-4b91-baf2-2be382f998ad" />
      <TestMethod codeBase="D:\NEWPEG\TestAutomationProject\PegasusTests\bin\Debug\PegasusTests.dll" adapterTypeName="Microsoft.VisualStudio.TestTools.TestTypes.Unit.UnitTestAdapter" className="PegasusTests.Scripts.ClientsTests.PartnerAgentRevenueAdjustment" name="partnerAgentRevenueAdjustment" />
    </UnitTest>
    <UnitTest name="resdualIncomeAdjustmentToolFinalPayoutAgent" storage="d:\newpeg\testautomationproject\pegasustests\bin\debug\pegasustests.dll" id="86995839-b468-a6af-2f85-98dacbe41683">
      <Execution id="1d297cdb-7327-4751-a8b9-288087fa39eb" />
      <TestMethod codeBase="D:\NEWPEG\TestAutomationProject\PegasusTests\bin\Debug\PegasusTests.dll" adapterTypeName="Microsoft.VisualStudio.TestTools.TestTypes.Unit.UnitTestAdapter" className="PegasusTests.Scripts.ClientsTests.ResdualIncomeAdjustmentToolFinalPayoutAgent" name="resdualIncomeAdjustmentToolFinalPayoutAgent" />
    </UnitTest>
    <UnitTest name="editTicketDraftAndSubmit" storage="d:\newpeg\testautomationproject\pegasustests\bin\debug\pegasustests.dll" id="3d6754bf-df02-e1a6-109e-70483f855c28">
      <Execution id="f6dabdf7-1707-4e62-a5b8-7b85343fc599" />
      <TestMethod codeBase="D:\NEWPEG\TestAutomationProject\PegasusTests\bin\Debug\PegasusTests.dll" adapterTypeName="Microsoft.VisualStudio.TestTools.TestTypes.Unit.UnitTestAdapter" className="PegasusTests.Scripts.ClientsTests.EditTicketDraftAndSubmit" name="editTicketDraftAndSubmit" />
    </UnitTest>
    <UnitTest name="homeLink" storage="d:\newpeg\testautomationproject\pegasustests\bin\debug\pegasustests.dll" id="0a82e43e-47a0-7c43-de64-c32f4873003f">
      <Execution id="b92ef460-c025-4214-bc94-dbf895e86869" />
      <TestMethod codeBase="D:\NEWPEG\TestAutomationProject\PegasusTests\bin\Debug\PegasusTests.dll" adapterTypeName="Microsoft.VisualStudio.TestTools.TestTypes.Unit.UnitTestAdapter" className="PegasusTests.Scripts.ClientsTests.HomeLink" name="homeLink" />
    </UnitTest>
    <UnitTest name="createTicketDarft" storage="d:\newpeg\testautomationproject\pegasustests\bin\debug\pegasustests.dll" id="1fdd6ff8-ee10-ad42-3bbf-d0afa89a33c0">
      <Execution id="5e72577c-76f5-4bb3-9181-98a139b1a943" />
      <TestMethod codeBase="D:\NEWPEG\TestAutomationProject\PegasusTests\bin\Debug\PegasusTests.dll" adapterTypeName="Microsoft.VisualStudio.TestTools.TestTypes.Unit.UnitTestAdapter" className="PegasusTests.Scripts.ClientsTests.CreateTicketDarft" name="createTicketDarft" />
    </UnitTest>
    <UnitTest name="createAndDeleteTicket" storage="d:\newpeg\testautomationproject\pegasustests\bin\debug\pegasustests.dll" id="edf636e2-1b9f-72a0-3b93-8d0b3980893b">
      <Execution id="f550c863-fe7e-42e4-a442-a478b9ca4bef" />
      <TestMethod codeBase="D:\NEWPEG\TestAutomationProject\PegasusTests\bin\Debug\PegasusTests.dll" adapterTypeName="Microsoft.VisualStudio.TestTools.TestTypes.Unit.UnitTestAdapter" className="PegasusTests.Scripts.ClientsTests.CreateAndDeleteTicket" name="createAndDeleteTicket" />
    </UnitTest>
    <UnitTest name="resdualIncomeAdjustmentToolAgent" storage="d:\newpeg\testautomationproject\pegasustests\bin\debug\pegasustests.dll" id="7566cfac-9bec-6fb6-9682-a7bd7254a13d">
      <Execution id="07841aa7-4cae-4ecf-8778-a07664e59618" />
      <TestMethod codeBase="D:\NEWPEG\TestAutomationProject\PegasusTests\bin\Debug\PegasusTests.dll" adapterTypeName="Microsoft.VisualStudio.TestTools.TestTypes.Unit.UnitTestAdapter" className="PegasusTests.Scripts.ClientsTests.ResdualIncomeAdjustmentToolAllAgent" name="resdualIncomeAdjustmentToolAgent" />
    </UnitTest>
    <UnitTest name="resdualIncomeAdjustmentToolOfficeAllMerchant" storage="d:\newpeg\testautomationproject\pegasustests\bin\debug\pegasustests.dll" id="af414012-94cf-0e1f-1554-2c8512adbcde">
      <Execution id="e5334f4e-e7f1-46af-82a1-61f0cc4ad62b" />
      <TestMethod codeBase="D:\NEWPEG\TestAutomationProject\PegasusTests\bin\Debug\PegasusTests.dll" adapterTypeName="Microsoft.VisualStudio.TestTools.TestTypes.Unit.UnitTestAdapter" className="PegasusTests.Scripts.ClientsTests.ResdualIncomeAdjustmentToolOfficeAllMerchant" name="resdualIncomeAdjustmentToolOfficeAllMerchant" />
    </UnitTest>
    <UnitTest name="importResidualIncome2014" storage="d:\newpeg\testautomationproject\pegasustests\bin\debug\pegasustests.dll" id="b87a23e1-690f-a165-d78c-511dbf39a4ba">
      <Execution id="35c4d18d-0200-4613-bdc1-99720f9d071e" />
      <TestMethod codeBase="D:\NEWPEG\TestAutomationProject\PegasusTests\bin\Debug\PegasusTests.dll" adapterTypeName="Microsoft.VisualStudio.TestTools.TestTypes.Unit.UnitTestAdapter" className="PegasusTests.Scripts.ClientsTests.ImportResidualIncome2014" name="importResidualIncome2014" />
    </UnitTest>
    <UnitTest name="partnerAgentExistingUser" storage="d:\newpeg\testautomationproject\pegasustests\bin\debug\pegasustests.dll" id="03d541b6-b641-96a8-4827-10cc72e0c528">
      <Execution id="9271b278-33a4-426d-af05-e045970af0e4" />
      <TestMethod codeBase="D:\NEWPEG\TestAutomationProject\PegasusTests\bin\Debug\PegasusTests.dll" adapterTypeName="Microsoft.VisualStudio.TestTools.TestTypes.Unit.UnitTestAdapter" className="PegasusTests.Scripts.ClientsTests.PartnerAgentExistingUser" name="partnerAgentExistingUser" />
    </UnitTest>
    <UnitTest name="residualIcomeViewReportWithReportingPeroid" storage="d:\newpeg\testautomationproject\pegasustests\bin\debug\pegasustests.dll" id="dac57b35-45b4-7728-d1d6-7af78ba4d436">
      <Execution id="9fabe4bf-8b81-47bc-895c-151f09a96554" />
      <TestMethod codeBase="D:\NEWPEG\TestAutomationProject\PegasusTests\bin\Debug\PegasusTests.dll" adapterTypeName="Microsoft.VisualStudio.TestTools.TestTypes.Unit.UnitTestAdapter" className="PegasusTests.Scripts.ClientsTests.ResidualIcomeViewReportWithReportingPeroid" name="residualIcomeViewReportWithReportingPeroid" />
    </UnitTest>
    <UnitTest name="residualIcomeViewOfficePayoutWithReportingPeroid" storage="d:\newpeg\testautomationproject\pegasustests\bin\debug\pegasustests.dll" id="3799ad7b-a6e3-9803-8d4f-470d35f9c4fe">
      <Execution id="2a6518e0-e3c1-44fd-8d0b-27730d03b6ac" />
      <TestMethod codeBase="D:\NEWPEG\TestAutomationProject\PegasusTests\bin\Debug\PegasusTests.dll" adapterTypeName="Microsoft.VisualStudio.TestTools.TestTypes.Unit.UnitTestAdapter" className="PegasusTests.Scripts.ClientsTests.ResidualIcomeViewOfficePayoutWithReportingPeroid" name="residualIcomeViewOfficePayoutWithReportingPeroid" />
    </UnitTest>
    <UnitTest name="residualIcomeCalculationWizardOffice" storage="d:\newpeg\testautomationproject\pegasustests\bin\debug\pegasustests.dll" id="6e2d0b32-2257-3a65-e136-01e3e3fea016">
      <Execution id="b80b1ecd-baf2-4c1f-9445-b762511a9fd4" />
      <TestMethod codeBase="D:\NEWPEG\TestAutomationProject\PegasusTests\bin\Debug\PegasusTests.dll" adapterTypeName="Microsoft.VisualStudio.TestTools.TestTypes.Unit.UnitTestAdapter" className="PegasusTests.Scripts.ClientsTests.ResidualIcomeCalculationWizardOffice" name="residualIcomeCalculationWizardOffice" />
    </UnitTest>
    <UnitTest name="createPDFTemplate" storage="d:\newpeg\testautomationproject\pegasustests\bin\debug\pegasustests.dll" id="1f4ca8ac-25d5-4c91-f912-65c5cac0a989">
      <Execution id="54a609c0-34d3-400c-b1dc-48e49aa30ef8" />
      <TestMethod codeBase="D:\NEWPEG\TestAutomationProject\PegasusTests\bin\Debug\PegasusTests.dll" adapterTypeName="Microsoft.VisualStudio.TestTools.TestTypes.Unit.UnitTestAdapter" className="PegasusTests.Scripts.ClientsTests.CreatePDFTemplate" name="createPDFTemplate" />
    </UnitTest>
    <UnitTest name="editEmployeeCorp" storage="d:\newpeg\testautomationproject\pegasustests\bin\debug\pegasustests.dll" id="c54c0152-d43d-5475-ee4a-814d5680bc60">
      <Execution id="7e9be895-a2a8-4e5d-8ebf-7411e5df89fb" />
      <TestMethod codeBase="D:\NEWPEG\TestAutomationProject\PegasusTests\bin\Debug\PegasusTests.dll" adapterTypeName="Microsoft.VisualStudio.TestTools.TestTypes.Unit.UnitTestAdapter" className="PegasusTests.Scripts.Corp.EditEmployeeCorp" name="editEmployeeCorp" />
    </UnitTest>
    <UnitTest name="editProfileCorp" storage="d:\newpeg\testautomationproject\pegasustests\bin\debug\pegasustests.dll" id="f9a89781-8d50-4d9d-7746-163e99438c45">
      <Execution id="8e433408-4c3a-481e-894a-724ea36ae150" />
      <TestMethod codeBase="D:\NEWPEG\TestAutomationProject\PegasusTests\bin\Debug\PegasusTests.dll" adapterTypeName="Microsoft.VisualStudio.TestTools.TestTypes.Unit.UnitTestAdapter" className="PegasusTests.Scripts.Corp.EditProfileCorp" name="editProfileCorp" />
    </UnitTest>
    <UnitTest name="editRatesAndFeesCorp" storage="d:\newpeg\testautomationproject\pegasustests\bin\debug\pegasustests.dll" id="5c8a4e0f-54d4-8e88-ed7c-3baa3f35b523">
      <Execution id="2c95012b-e76f-432e-b10d-fb1810d27d3c" />
      <TestMethod codeBase="D:\NEWPEG\TestAutomationProject\PegasusTests\bin\Debug\PegasusTests.dll" adapterTypeName="Microsoft.VisualStudio.TestTools.TestTypes.Unit.UnitTestAdapter" className="PegasusTests.Scripts.ClientsTests.EditRatesAndFeesCorp" name="editRatesAndFeesCorp" />
    </UnitTest>
    <UnitTest name="createRatesAndFeesCorp" storage="d:\newpeg\testautomationproject\pegasustests\bin\debug\pegasustests.dll" id="6c32a507-b867-53ec-2541-0bffb464f8f0">
      <Execution id="f0e8fc6f-1aab-4d37-a370-161f0265f841" />
      <TestMethod codeBase="D:\NEWPEG\TestAutomationProject\PegasusTests\bin\Debug\PegasusTests.dll" adapterTypeName="Microsoft.VisualStudio.TestTools.TestTypes.Unit.UnitTestAdapter" className="PegasusTests.Scripts.ClientsTests.CreateRatesAndFeesCorp" name="createRatesAndFeesCorp" />
    </UnitTest>
    <UnitTest name="omahaAuthGridPushToOffice" storage="d:\newpeg\testautomationproject\pegasustests\bin\debug\pegasustests.dll" id="665bc609-6c8d-2867-13d3-f25e978b8e6c">
      <Execution id="139c6682-caf9-4b74-93a6-9101ac23e818" />
      <TestMethod codeBase="D:\NEWPEG\TestAutomationProject\PegasusTests\bin\Debug\PegasusTests.dll" adapterTypeName="Microsoft.VisualStudio.TestTools.TestTypes.Unit.UnitTestAdapter" className="PegasusTests.Scripts.ClientsTests.OmahaAuthGridPushToOffice" name="omahaAuthGridPushToOffice" />
    </UnitTest>
    <UnitTest name="editAndDeleteOmahaAuthGrid" storage="d:\newpeg\testautomationproject\pegasustests\bin\debug\pegasustests.dll" id="47fe74aa-f572-bb6e-85d5-674552c81a5a">
      <Execution id="84fb4c0e-60b1-42f4-a570-7122ce57a204" />
      <TestMethod codeBase="D:\NEWPEG\TestAutomationProject\PegasusTests\bin\Debug\PegasusTests.dll" adapterTypeName="Microsoft.VisualStudio.TestTools.TestTypes.Unit.UnitTestAdapter" className="PegasusTests.Scripts.ClientsTests.EditAndDeleteOmahaAuthGrid" name="editAndDeleteOmahaAuthGrid" />
    </UnitTest>
    <UnitTest name="merchnatTypePushToOffice" storage="d:\newpeg\testautomationproject\pegasustests\bin\debug\pegasustests.dll" id="316b781a-837e-b487-11c6-71ea2cc3970c">
      <Execution id="4bea22e7-087e-429f-9243-cf1e4e9d6613" />
      <TestMethod codeBase="D:\NEWPEG\TestAutomationProject\PegasusTests\bin\Debug\PegasusTests.dll" adapterTypeName="Microsoft.VisualStudio.TestTools.TestTypes.Unit.UnitTestAdapter" className="PegasusTests.Scripts.Corp.MerchnatTypePushToOffice" name="merchnatTypePushToOffice" />
    </UnitTest>
    <UnitTest name="editAndDeleteMerchnatType" storage="d:\newpeg\testautomationproject\pegasustests\bin\debug\pegasustests.dll" id="41a9ce1d-9969-4d12-b30b-11c62eb10a5e">
      <Execution id="edf859e4-a525-46ff-a665-68dd5d65888a" />
      <TestMethod codeBase="D:\NEWPEG\TestAutomationProject\PegasusTests\bin\Debug\PegasusTests.dll" adapterTypeName="Microsoft.VisualStudio.TestTools.TestTypes.Unit.UnitTestAdapter" className="PegasusTests.Scripts.Corp.EditAndDeleteMerchnatType" name="editAndDeleteMerchnatType" />
    </UnitTest>
    <UnitTest name="languagePushToOffice" storage="d:\newpeg\testautomationproject\pegasustests\bin\debug\pegasustests.dll" id="47bfb1a8-feeb-a852-66e8-24df3224a269">
      <Execution id="eee3e07e-ff83-47c8-898a-7efc1e8752ab" />
      <TestMethod codeBase="D:\NEWPEG\TestAutomationProject\PegasusTests\bin\Debug\PegasusTests.dll" adapterTypeName="Microsoft.VisualStudio.TestTools.TestTypes.Unit.UnitTestAdapter" className="PegasusTests.Scripts.ClientsTests.LanguagePushToOffice" name="languagePushToOffice" />
    </UnitTest>
    <UnitTest name="editAndDeleteLanguageCorp" storage="d:\newpeg\testautomationproject\pegasustests\bin\debug\pegasustests.dll" id="dffc5190-2d91-89f3-b719-c3de8f92ff73">
      <Execution id="17e34bbd-2bf1-4e64-bd8b-e3d93e1cc3e8" />
      <TestMethod codeBase="D:\NEWPEG\TestAutomationProject\PegasusTests\bin\Debug\PegasusTests.dll" adapterTypeName="Microsoft.VisualStudio.TestTools.TestTypes.Unit.UnitTestAdapter" className="PegasusTests.Scripts.ClientsTests.EditAndDeleteLanguageCorp" name="editAndDeleteLanguageCorp" />
    </UnitTest>
    <UnitTest name="createLanguageCorp" storage="d:\newpeg\testautomationproject\pegasustests\bin\debug\pegasustests.dll" id="cb1c0a37-2be2-48a6-6beb-cb766f6c53ce">
      <Execution id="6b2e93f6-032f-4e79-bcc9-7b4da5da0cb9" />
      <TestMethod codeBase="D:\NEWPEG\TestAutomationProject\PegasusTests\bin\Debug\PegasusTests.dll" adapterTypeName="Microsoft.VisualStudio.TestTools.TestTypes.Unit.UnitTestAdapter" className="PegasusTests.Scripts.ClientsTests.CreateLanguageCorp" name="createLanguageCorp" />
    </UnitTest>
    <UnitTest name="pDFImportWizard" storage="d:\newpeg\testautomationproject\pegasustests\bin\debug\pegasustests.dll" id="58f16504-9ce9-e145-56b1-b037c8d2ab78">
      <Execution id="2d735578-e4ea-43fa-91a8-759115768366" />
      <TestMethod codeBase="D:\NEWPEG\TestAutomationProject\PegasusTests\bin\Debug\PegasusTests.dll" adapterTypeName="Microsoft.VisualStudio.TestTools.TestTypes.Unit.UnitTestAdapter" className="PegasusTests.Scripts.ClientsTests.PDFImportWizard1" name="pDFImportWizard" />
    </UnitTest>
    <UnitTest name="pricingPlanPushToOffice" storage="d:\newpeg\testautomationproject\pegasustests\bin\debug\pegasustests.dll" id="fbc1c1c9-fb9c-0fbd-e4f2-185e1dddb50a">
      <Execution id="79a365f9-1097-4397-8a94-17384adac89d" />
      <TestMethod codeBase="D:\NEWPEG\TestAutomationProject\PegasusTests\bin\Debug\PegasusTests.dll" adapterTypeName="Microsoft.VisualStudio.TestTools.TestTypes.Unit.UnitTestAdapter" className="PegasusTests.Scripts.Corp.PricingPlanPushToOffice" name="pricingPlanPushToOffice" />
    </UnitTest>
    <UnitTest name="editAndDeletePricingPlan" storage="d:\newpeg\testautomationproject\pegasustests\bin\debug\pegasustests.dll" id="0711b460-cfb8-8a96-e01e-8c5a545d1014">
      <Execution id="735dae63-4ffa-43e5-b77c-5199959b8a14" />
      <TestMethod codeBase="D:\NEWPEG\TestAutomationProject\PegasusTests\bin\Debug\PegasusTests.dll" adapterTypeName="Microsoft.VisualStudio.TestTools.TestTypes.Unit.UnitTestAdapter" className="PegasusTests.Scripts.Corp.EditAndDeletePricingPlan" name="editAndDeletePricingPlan" />
    </UnitTest>
    <UnitTest name="createAmexRates" storage="d:\newpeg\testautomationproject\pegasustests\bin\debug\pegasustests.dll" id="24230fba-3729-246d-eb19-d56a9fbebdbb">
      <Execution id="574705d3-b153-4c4e-ac2e-15df1b4b93f3" />
      <TestMethod codeBase="D:\NEWPEG\TestAutomationProject\PegasusTests\bin\Debug\PegasusTests.dll" adapterTypeName="Microsoft.VisualStudio.TestTools.TestTypes.Unit.UnitTestAdapter" className="PegasusTests.Scripts.Corp.CreateAmexRates" name="createAmexRates" />
    </UnitTest>
    <UnitTest name="editAndDeleteAmexRates" storage="d:\newpeg\testautomationproject\pegasustests\bin\debug\pegasustests.dll" id="615aa700-1b8f-9c1e-6151-0a52a5a583a0">
      <Execution id="15306e39-ec1e-420e-907b-a68f79a6975f" />
      <TestMethod codeBase="D:\NEWPEG\TestAutomationProject\PegasusTests\bin\Debug\PegasusTests.dll" adapterTypeName="Microsoft.VisualStudio.TestTools.TestTypes.Unit.UnitTestAdapter" className="PegasusTests.Scripts.Corp.EditAndDeleteAmexRates" name="editAndDeleteAmexRates" />
    </UnitTest>
    <UnitTest name="residualIcomeImportFile" storage="d:\newpeg\testautomationproject\pegasustests\bin\debug\pegasustests.dll" id="ad02ccd5-2f04-525f-a1f7-8d11973e499e">
      <Execution id="5c991f1a-a3a2-42bd-bce2-c78ec34474ce" />
      <TestMethod codeBase="D:\NEWPEG\TestAutomationProject\PegasusTests\bin\Debug\PegasusTests.dll" adapterTypeName="Microsoft.VisualStudio.TestTools.TestTypes.Unit.UnitTestAdapter" className="PegasusTests.Scripts.ClientsTests.ResidualIcomeImportFile" name="residualIcomeImportFile" />
    </UnitTest>
    <UnitTest name="deleteProcessor" storage="d:\newpeg\testautomationproject\pegasustests\bin\debug\pegasustests.dll" id="c6c95555-0c45-f35c-08be-fa73ca1a692c">
      <Execution id="d8b85511-2785-4b33-9cbb-b70edd8af5cd" />
      <TestMethod codeBase="D:\NEWPEG\TestAutomationProject\PegasusTests\bin\Debug\PegasusTests.dll" adapterTypeName="Microsoft.VisualStudio.TestTools.TestTypes.Unit.UnitTestAdapter" className="PegasusTests.Scripts.Corp.DeleteProcessor" name="deleteProcessor" />
    </UnitTest>
    <UnitTest name="processorPuchToOffice" storage="d:\newpeg\testautomationproject\pegasustests\bin\debug\pegasustests.dll" id="faf1ed7d-d93c-d5ce-c30a-b139ac7f451f">
      <Execution id="5e04137c-1368-4312-adc3-d95e3bcc5207" />
      <TestMethod codeBase="D:\NEWPEG\TestAutomationProject\PegasusTests\bin\Debug\PegasusTests.dll" adapterTypeName="Microsoft.VisualStudio.TestTools.TestTypes.Unit.UnitTestAdapter" className="PegasusTests.Scripts.Corp.ProcessorPuchToOffice" name="processorPuchToOffice" />
    </UnitTest>
    <UnitTest name="editProcessor" storage="d:\newpeg\testautomationproject\pegasustests\bin\debug\pegasustests.dll" id="3bf1f67f-56fe-4ab9-a6d1-3742f2b88458">
      <Execution id="36aaf763-3533-4337-b2df-b1396868c6b8" />
      <TestMethod codeBase="D:\NEWPEG\TestAutomationProject\PegasusTests\bin\Debug\PegasusTests.dll" adapterTypeName="Microsoft.VisualStudio.TestTools.TestTypes.Unit.UnitTestAdapter" className="PegasusTests.Scripts.Corp.EditProcessor" name="editProcessor" />
    </UnitTest>
    <UnitTest name="residualIncomeViewReportExcelPdfScv" storage="d:\newpeg\testautomationproject\pegasustests\bin\debug\pegasustests.dll" id="9d14163f-a33f-5a69-5cb4-95392f8885a9">
      <Execution id="ad6199cf-6b51-4bb4-a828-944b3ffd6b88" />
      <TestMethod codeBase="D:\NEWPEG\TestAutomationProject\PegasusTests\bin\Debug\PegasusTests.dll" adapterTypeName="Microsoft.VisualStudio.TestTools.TestTypes.Unit.UnitTestAdapter" className="PegasusTests.Scripts.ClientsTests.ResidualIncomeViewReportExcelPdfScv" name="residualIncomeViewReportExcelPdfScv" />
    </UnitTest>
    <UnitTest name="residualIncmeImportPublishPayout" storage="d:\newpeg\testautomationproject\pegasustests\bin\debug\pegasustests.dll" id="b3a309c3-4b0f-b95f-84fb-a672f71c8117">
      <Execution id="4d6abad8-9c4f-4e5f-915b-3662bc238cd8" />
      <TestMethod codeBase="D:\NEWPEG\TestAutomationProject\PegasusTests\bin\Debug\PegasusTests.dll" adapterTypeName="Microsoft.VisualStudio.TestTools.TestTypes.Unit.UnitTestAdapter" className="PegasusTests.Scripts.ClientsTests.ResidualIncmeImportPublishPayout" name="residualIncmeImportPublishPayout" />
    </UnitTest>
    <UnitTest name="residualIncmeRevenueShareSetupCancel" storage="d:\newpeg\testautomationproject\pegasustests\bin\debug\pegasustests.dll" id="2b2ff2a0-d18a-936c-78b6-912708f9def8">
      <Execution id="354acc32-76e3-465c-bfad-3a5a0f4348c1" />
      <TestMethod codeBase="D:\NEWPEG\TestAutomationProject\PegasusTests\bin\Debug\PegasusTests.dll" adapterTypeName="Microsoft.VisualStudio.TestTools.TestTypes.Unit.UnitTestAdapter" className="PegasusTests.Scripts.ClientsTests.ResidualIncmeRevenueShareSetupCancel" name="residualIncmeRevenueShareSetupCancel" />
    </UnitTest>
    <UnitTest name="residualIncmeSetUpOverRideRevenueShareSet" storage="d:\newpeg\testautomationproject\pegasustests\bin\debug\pegasustests.dll" id="6dd6b4cc-b9a8-1bfc-6f51-9eb8e9a18b5d">
      <Execution id="46b26d97-92f3-4d94-ab61-3b0c3de3ccec" />
      <TestMethod codeBase="D:\NEWPEG\TestAutomationProject\PegasusTests\bin\Debug\PegasusTests.dll" adapterTypeName="Microsoft.VisualStudio.TestTools.TestTypes.Unit.UnitTestAdapter" className="PegasusTests.Scripts.ClientsTests.ResidualIncmeSetUpOverRideRevenueShareSet" name="residualIncmeSetUpOverRideRevenueShareSet" />
    </UnitTest>
    <UnitTest name="residualIncomeCalulationWizardViewSteps" storage="d:\newpeg\testautomationproject\pegasustests\bin\debug\pegasustests.dll" id="ef4cb727-4e00-2133-605a-8880fdedee85">
      <Execution id="54bf6e5a-fdf9-469d-931e-cdb43220d339" />
      <TestMethod codeBase="D:\NEWPEG\TestAutomationProject\PegasusTests\bin\Debug\PegasusTests.dll" adapterTypeName="Microsoft.VisualStudio.TestTools.TestTypes.Unit.UnitTestAdapter" className="PegasusTests.Scripts.ClientsTests.ResidualIncomeCalulationWizardViewSteps" name="residualIncomeCalulationWizardViewSteps" />
    </UnitTest>
    <UnitTest name="residualIncomeRecalculate" storage="d:\newpeg\testautomationproject\pegasustests\bin\debug\pegasustests.dll" id="18c8a7fd-1b91-c4f1-6465-295fe4bd5b9b">
      <Execution id="3d75157a-fde8-4f68-91cb-7b7b8f3ff660" />
      <TestMethod codeBase="D:\NEWPEG\TestAutomationProject\PegasusTests\bin\Debug\PegasusTests.dll" adapterTypeName="Microsoft.VisualStudio.TestTools.TestTypes.Unit.UnitTestAdapter" className="PegasusTests.Scripts.ClientsTests.ResidualIncomeRecalculate" name="residualIncomeRecalculate" />
    </UnitTest>
    <UnitTest name="residualIncomeReportsSendSelectedOfficeCSVExcelPDF" storage="d:\newpeg\testautomationproject\pegasustests\bin\debug\pegasustests.dll" id="5d9ea8b3-6dc7-ab1b-24be-fbaa4de47d4d">
      <Execution id="6450b604-5b92-467b-9f11-63ce0cce97a8" />
      <TestMethod codeBase="D:\NEWPEG\TestAutomationProject\PegasusTests\bin\Debug\PegasusTests.dll" adapterTypeName="Microsoft.VisualStudio.TestTools.TestTypes.Unit.UnitTestAdapter" className="PegasusTests.Scripts.ClientsTests.ResidualIncomeReportsSendSelectedOfficeCSVExcelPDF" name="residualIncomeReportsSendSelectedOfficeCSVExcelPDF" />
    </UnitTest>
    <UnitTest name="residualIncomeReportsSendAllOfficeCSVExcelPDF" storage="d:\newpeg\testautomationproject\pegasustests\bin\debug\pegasustests.dll" id="013bb3b9-f54f-af71-f57a-0e9f903312cc">
      <Execution id="3d0653db-b214-4bde-80fa-a06b9a38cf46" />
      <TestMethod codeBase="D:\NEWPEG\TestAutomationProject\PegasusTests\bin\Debug\PegasusTests.dll" adapterTypeName="Microsoft.VisualStudio.TestTools.TestTypes.Unit.UnitTestAdapter" className="PegasusTests.Scripts.ClientsTests.ResidualIncomeReportsSendAllOfficeCSVExcelPDF" name="residualIncomeReportsSendAllOfficeCSVExcelPDF" />
    </UnitTest>
    <UnitTest name="residualIncomeViewReportExcelPdfCSv" storage="d:\newpeg\testautomationproject\pegasustests\bin\debug\pegasustests.dll" id="1a7353f5-0f2e-c0bd-ae8c-61bb1377d85c">
      <Execution id="f8905c6a-f852-4263-becd-5e04bbbf17b6" />
      <TestMethod codeBase="D:\NEWPEG\TestAutomationProject\PegasusTests\bin\Debug\PegasusTests.dll" adapterTypeName="Microsoft.VisualStudio.TestTools.TestTypes.Unit.UnitTestAdapter" className="PegasusTests.Scripts.ClientsTests.ResidualIncomeViewReportExcelPdfCSv" name="residualIncomeViewReportExcelPdfCSv" />
    </UnitTest>
    <UnitTest name="residualIncomeViewOfficePayoutExportToExcelAndCsv" storage="d:\newpeg\testautomationproject\pegasustests\bin\debug\pegasustests.dll" id="ee410044-577b-a48f-59ad-f81a64e6b4d9">
      <Execution id="d687163d-3e73-4cd5-a1f4-2173eed5edeb" />
      <TestMethod codeBase="D:\NEWPEG\TestAutomationProject\PegasusTests\bin\Debug\PegasusTests.dll" adapterTypeName="Microsoft.VisualStudio.TestTools.TestTypes.Unit.UnitTestAdapter" className="PegasusTests.Scripts.ClientsTests.ResidualIncomeViewOfficePayoutExportToExcelAndCsv" name="residualIncomeViewOfficePayoutExportToExcelAndCsv" />
    </UnitTest>
    <UnitTest name="residualIncomeViewOfficePayoutPrint" storage="d:\newpeg\testautomationproject\pegasustests\bin\debug\pegasustests.dll" id="ab67de6c-d2af-9902-681a-bf7322aecca4">
      <Execution id="1c96af05-d2c9-422b-8008-fe33fb9cb80c" />
      <TestMethod codeBase="D:\NEWPEG\TestAutomationProject\PegasusTests\bin\Debug\PegasusTests.dll" adapterTypeName="Microsoft.VisualStudio.TestTools.TestTypes.Unit.UnitTestAdapter" className="PegasusTests.Scripts.ClientsTests.ResidualIncomeViewOfficePayoutPrint" name="residualIncomeViewOfficePayoutPrint" />
    </UnitTest>
    <UnitTest name="residualIcomeDownloadImportedFile" storage="d:\newpeg\testautomationproject\pegasustests\bin\debug\pegasustests.dll" id="c69b2184-df15-00ab-64cc-b218ddd932c4">
      <Execution id="0108c107-e72a-4168-90ed-dc6ac50cebdb" />
      <TestMethod codeBase="D:\NEWPEG\TestAutomationProject\PegasusTests\bin\Debug\PegasusTests.dll" adapterTypeName="Microsoft.VisualStudio.TestTools.TestTypes.Unit.UnitTestAdapter" className="PegasusTests.Scripts.ClientsTests.ResidualIcomeDownloadImportedFile" name="residualIcomeDownloadImportedFile" />
    </UnitTest>
    <UnitTest name="residualIcomeDeleteImportedFile" storage="d:\newpeg\testautomationproject\pegasustests\bin\debug\pegasustests.dll" id="24f85850-2210-7afa-d3f8-e442442d48f4">
      <Execution id="42d6783f-3d54-4c2d-b1bb-bd2ed928be74" />
      <TestMethod codeBase="D:\NEWPEG\TestAutomationProject\PegasusTests\bin\Debug\PegasusTests.dll" adapterTypeName="Microsoft.VisualStudio.TestTools.TestTypes.Unit.UnitTestAdapter" className="PegasusTests.Scripts.ClientsTests.ResidualIcomeDeleteImportedFile" name="residualIcomeDeleteImportedFile" />
    </UnitTest>
    <UnitTest name="residualIncomeEmailThisReport" storage="d:\newpeg\testautomationproject\pegasustests\bin\debug\pegasustests.dll" id="aa78569e-da34-4e6a-85e3-beb44d4c9019">
      <Execution id="0a0993b7-ead7-4a47-b3ca-62f79a2479ba" />
      <TestMethod codeBase="D:\NEWPEG\TestAutomationProject\PegasusTests\bin\Debug\PegasusTests.dll" adapterTypeName="Microsoft.VisualStudio.TestTools.TestTypes.Unit.UnitTestAdapter" className="PegasusTests.Scripts.ClientsTests.ResidualIncomeEmailThisReport" name="residualIncomeEmailThisReport" />
    </UnitTest>
    <UnitTest name="residualIncomeSendReportOffice" storage="d:\newpeg\testautomationproject\pegasustests\bin\debug\pegasustests.dll" id="26c90cae-fb17-bbca-c8f8-b6d06929fbff">
      <Execution id="6ed93907-2f27-4b74-bbc5-970eb6cab6a9" />
      <TestMethod codeBase="D:\NEWPEG\TestAutomationProject\PegasusTests\bin\Debug\PegasusTests.dll" adapterTypeName="Microsoft.VisualStudio.TestTools.TestTypes.Unit.UnitTestAdapter" className="PegasusTests.Scripts.ClientsTests.ResidualIncomeSendReportOffice" name="residualIncomeSendReportOffice" />
    </UnitTest>
    <UnitTest name="editAmexRates" storage="d:\newpeg\testautomationproject\pegasustests\bin\debug\pegasustests.dll" id="793ec49a-211f-8c5d-3588-685d5b39825e">
      <Execution id="827197f9-28b1-4113-9f83-7ddf83724672" />
      <TestMethod codeBase="D:\NEWPEG\TestAutomationProject\PegasusTests\bin\Debug\PegasusTests.dll" adapterTypeName="Microsoft.VisualStudio.TestTools.TestTypes.Unit.UnitTestAdapter" className="PegasusTests.Scripts.ClientsTests.EditAmexRates" name="editAmexRates" />
    </UnitTest>
    <UnitTest name="createPDFCategories" storage="d:\newpeg\testautomationproject\pegasustests\bin\debug\pegasustests.dll" id="da0422e3-b65e-6829-79be-1cf5ec6f16a7">
      <Execution id="6c6f047f-20d7-4152-b4f5-83cc5278328e" />
      <TestMethod codeBase="D:\NEWPEG\TestAutomationProject\PegasusTests\bin\Debug\PegasusTests.dll" adapterTypeName="Microsoft.VisualStudio.TestTools.TestTypes.Unit.UnitTestAdapter" className="PegasusTests.Scripts.ClientsTests.CreatePDFCategories" name="createPDFCategories" />
    </UnitTest>
    <UnitTest name="createResdualIncomeAdjustmentTool" storage="d:\newpeg\testautomationproject\pegasustests\bin\debug\pegasustests.dll" id="40c577b8-10c6-3216-b930-d3680d5b592e">
      <Execution id="f2651ce0-b77d-44dc-8ef2-d941c82c8776" />
      <TestMethod codeBase="D:\NEWPEG\TestAutomationProject\PegasusTests\bin\Debug\PegasusTests.dll" adapterTypeName="Microsoft.VisualStudio.TestTools.TestTypes.Unit.UnitTestAdapter" className="PegasusTests.Scripts.ClientsTests.CreateResdualIncomeAdjustmentTool" name="createResdualIncomeAdjustmentTool" />
    </UnitTest>
    <UnitTest name="createOmahaAuthGrid" storage="d:\newpeg\testautomationproject\pegasustests\bin\debug\pegasustests.dll" id="1df0c91e-8940-2b80-ff62-9b619d2c7211">
      <Execution id="0e2d6565-58aa-4358-aac1-c0fff19aa684" />
      <TestMethod codeBase="D:\NEWPEG\TestAutomationProject\PegasusTests\bin\Debug\PegasusTests.dll" adapterTypeName="Microsoft.VisualStudio.TestTools.TestTypes.Unit.UnitTestAdapter" className="PegasusTests.Scripts.ClientsTests.CreateOmahaAuthGrid" name="createOmahaAuthGrid" />
    </UnitTest>
    <UnitTest name="officeVerifyFND" storage="d:\newpeg\testautomationproject\pegasustests\bin\debug\pegasustests.dll" id="e9f307bd-fa73-7570-9c85-c7e02107d868">
      <Execution id="c2d4d8e8-a718-4ddc-a925-6bd2aba289d7" />
      <TestMethod codeBase="D:\NEWPEG\TestAutomationProject\PegasusTests\bin\Debug\PegasusTests.dll" adapterTypeName="Microsoft.VisualStudio.TestTools.TestTypes.Unit.UnitTestAdapter" className="PegasusTests.Scripts.ClientsTests.OfficeVerifyFND" name="officeVerifyFND" />
    </UnitTest>
    <UnitTest name="officeVerifyCodes" storage="d:\newpeg\testautomationproject\pegasustests\bin\debug\pegasustests.dll" id="600b2423-9ad2-c0ad-1531-a44a7fa836e0">
      <Execution id="6894d4c3-819e-495e-9756-79140e4d3705" />
      <TestMethod codeBase="D:\NEWPEG\TestAutomationProject\PegasusTests\bin\Debug\PegasusTests.dll" adapterTypeName="Microsoft.VisualStudio.TestTools.TestTypes.Unit.UnitTestAdapter" className="PegasusTests.Scripts.ClientsTests.OfficeVerifyCodes" name="officeVerifyCodes" />
    </UnitTest>
    <UnitTest name="residualIncmeImportRevenueAdustment" storage="d:\newpeg\testautomationproject\pegasustests\bin\debug\pegasustests.dll" id="deb4c152-5137-8025-47ab-2b1492adf7a5">
      <Execution id="aeb66c15-d084-4561-b12a-e59c6eaf95e5" />
      <TestMethod codeBase="D:\NEWPEG\TestAutomationProject\PegasusTests\bin\Debug\PegasusTests.dll" adapterTypeName="Microsoft.VisualStudio.TestTools.TestTypes.Unit.UnitTestAdapter" className="PegasusTests.Scripts.ClientsTests.ResidualIncmeImportRevenueAdustment" name="residualIncmeImportRevenueAdustment" />
    </UnitTest>
    <UnitTest name="residualIncmeImportFirstDatanorthRevenueShareSet" storage="d:\newpeg\testautomationproject\pegasustests\bin\debug\pegasustests.dll" id="78c1bc75-920c-f715-6e6c-a2a1eecc25ef">
      <Execution id="86609c4d-46ed-4d01-bb83-73e1eecba1e8" />
      <TestMethod codeBase="D:\NEWPEG\TestAutomationProject\PegasusTests\bin\Debug\PegasusTests.dll" adapterTypeName="Microsoft.VisualStudio.TestTools.TestTypes.Unit.UnitTestAdapter" className="PegasusTests.Scripts.ClientsTests.ResidualIncmeImportFirstDatanorthRevenueShareSet" name="residualIncmeImportFirstDatanorthRevenueShareSet" />
    </UnitTest>
    <UnitTest name="residualIncmeImportWorldPay" storage="d:\newpeg\testautomationproject\pegasustests\bin\debug\pegasustests.dll" id="7d44110a-b462-aed2-e6e5-010fe7c4c9b6">
      <Execution id="ded1bdf4-2d0d-460e-a4eb-57011d21555b" />
      <TestMethod codeBase="D:\NEWPEG\TestAutomationProject\PegasusTests\bin\Debug\PegasusTests.dll" adapterTypeName="Microsoft.VisualStudio.TestTools.TestTypes.Unit.UnitTestAdapter" className="PegasusTests.Scripts.ClientsTests.ResidualIncmeImportWorldPay" name="residualIncmeImportWorldPay" />
    </UnitTest>
    <UnitTest name="residualIncmeImportFirstDatanorth" storage="d:\newpeg\testautomationproject\pegasustests\bin\debug\pegasustests.dll" id="18698c55-995c-1ef0-35bb-fa298f6c8ac3">
      <Execution id="26cf262a-856f-418f-8685-527e057701d9" />
      <TestMethod codeBase="D:\NEWPEG\TestAutomationProject\PegasusTests\bin\Debug\PegasusTests.dll" adapterTypeName="Microsoft.VisualStudio.TestTools.TestTypes.Unit.UnitTestAdapter" className="PegasusTests.Scripts.ClientsTests.ResidualIncmeImportFirstDatanorth" name="residualIncmeImportFirstDatanorth" />
    </UnitTest>
    <UnitTest name="resdualIncomeAdjustmentTool" storage="d:\newpeg\testautomationproject\pegasustests\bin\debug\pegasustests.dll" id="9fd001f3-c6c1-1930-aa21-108347d59a42">
      <Execution id="9f73ca09-4ff6-4120-bd84-0a68bcf3b912" />
      <TestMethod codeBase="D:\NEWPEG\TestAutomationProject\PegasusTests\bin\Debug\PegasusTests.dll" adapterTypeName="Microsoft.VisualStudio.TestTools.TestTypes.Unit.UnitTestAdapter" className="PegasusTests.Scripts.ClientsTests.ResdualIncomeAdjustmentTool" name="resdualIncomeAdjustmentTool" />
    </UnitTest>
    <UnitTest name="residualIncomeRevenueShareSetup" storage="d:\newpeg\testautomationproject\pegasustests\bin\debug\pegasustests.dll" id="7a170954-c454-2991-a308-fd88b2a4a618">
      <Execution id="5d130241-3dee-47f6-b298-1467128ea5c6" />
      <TestMethod codeBase="D:\NEWPEG\TestAutomationProject\PegasusTests\bin\Debug\PegasusTests.dll" adapterTypeName="Microsoft.VisualStudio.TestTools.TestTypes.Unit.UnitTestAdapter" className="PegasusTests.Scripts.ClientsTests.ResidualIncomeRevenueShareSetup" name="residualIncomeRevenueShareSetup" />
    </UnitTest>
    <UnitTest name="loginAsCorp" storage="d:\newpeg\testautomationproject\pegasustests\bin\debug\pegasustests.dll" id="7df66986-444a-4ee4-fa75-e242461b029a">
      <Execution id="f22c73fb-60a9-494a-b237-d717190f378d" />
      <TestMethod codeBase="D:\NEWPEG\TestAutomationProject\PegasusTests\bin\Debug\PegasusTests.dll" adapterTypeName="Microsoft.VisualStudio.TestTools.TestTypes.Unit.UnitTestAdapter" className="PegasusTests.Scripts.ClientsTests.LoginAsCorp" name="loginAsCorp" />
    </UnitTest>
    <UnitTest name="createEmployee" storage="d:\newpeg\testautomationproject\pegasustests\bin\debug\pegasustests.dll" id="e3349a80-72da-5993-16f5-7d7ace3ca358">
      <Execution id="bf2873e5-9f90-4312-b9ee-8f3a671863bd" />
      <TestMethod codeBase="D:\NEWPEG\TestAutomationProject\PegasusTests\bin\Debug\PegasusTests.dll" adapterTypeName="Microsoft.VisualStudio.TestTools.TestTypes.Unit.UnitTestAdapter" className="PegasusTests.Scripts.Corp.CreateEmployee" name="createEmployee" />
    </UnitTest>
    <UnitTest name="createAvatars" storage="d:\newpeg\testautomationproject\pegasustests\bin\debug\pegasustests.dll" id="3d8e31e1-bb9c-99dc-a4dc-caefa06bdb17">
      <Execution id="33d14a47-d67d-4581-9a6c-aa646366472b" />
      <TestMethod codeBase="D:\NEWPEG\TestAutomationProject\PegasusTests\bin\Debug\PegasusTests.dll" adapterTypeName="Microsoft.VisualStudio.TestTools.TestTypes.Unit.UnitTestAdapter" className="PegasusTests.Scripts.Corp.CreateAvatars" name="createAvatars" />
    </UnitTest>
    <UnitTest name="createPricingPlan" storage="d:\newpeg\testautomationproject\pegasustests\bin\debug\pegasustests.dll" id="3c9a0942-4a69-ff0d-2430-9da906261fa9">
      <Execution id="6b42a9a3-b4d0-4596-95fc-6c5843dc16f7" />
      <TestMethod codeBase="D:\NEWPEG\TestAutomationProject\PegasusTests\bin\Debug\PegasusTests.dll" adapterTypeName="Microsoft.VisualStudio.TestTools.TestTypes.Unit.UnitTestAdapter" className="PegasusTests.Scripts.Corp.CreatePricingPlan" name="createPricingPlan" />
    </UnitTest>
    <UnitTest name="merchnatType" storage="d:\newpeg\testautomationproject\pegasustests\bin\debug\pegasustests.dll" id="f963723c-69c5-d98e-f2b7-66c84d0ef571">
      <Execution id="19e52afe-ab86-4c85-8e64-e1254d196042" />
      <TestMethod codeBase="D:\NEWPEG\TestAutomationProject\PegasusTests\bin\Debug\PegasusTests.dll" adapterTypeName="Microsoft.VisualStudio.TestTools.TestTypes.Unit.UnitTestAdapter" className="PegasusTests.Scripts.Corp.CreateMerchnatType" name="merchnatType" />
    </UnitTest>
    <UnitTest name="amexRatesPushToOffice" storage="d:\newpeg\testautomationproject\pegasustests\bin\debug\pegasustests.dll" id="d92b19d9-fdbf-ff75-6ddb-e6687f2925b2">
      <Execution id="dcebdb69-4d30-43ce-b63c-200fe655267b" />
      <TestMethod codeBase="D:\NEWPEG\TestAutomationProject\PegasusTests\bin\Debug\PegasusTests.dll" adapterTypeName="Microsoft.VisualStudio.TestTools.TestTypes.Unit.UnitTestAdapter" className="PegasusTests.Scripts.Corp.AmexRatesPushToOffice" name="amexRatesPushToOffice" />
    </UnitTest>
    <UnitTest name="deleteOpportunities" storage="d:\newpeg\testautomationproject\pegasustests\bin\debug\pegasustests.dll" id="10f5d51b-13d5-2ace-1b40-88e4885c0a0b">
      <Execution id="695dffd6-69cb-413b-955d-85e4000c63cc" />
      <TestMethod codeBase="D:\NEWPEG\TestAutomationProject\PegasusTests\bin\Debug\PegasusTests.dll" adapterTypeName="Microsoft.VisualStudio.TestTools.TestTypes.Unit.UnitTestAdapter" className="PegasusTests.Scripts.ClientsTests.DeleteOpportunities" name="deleteOpportunities" />
    </UnitTest>
    <UnitTest name="mergeClients" storage="d:\newpeg\testautomationproject\pegasustests\bin\debug\pegasustests.dll" id="d88bd7d2-8d38-8f6a-8bdf-b2aa6c86f783">
      <Execution id="6ae87509-1cfb-4f02-8083-7ec7af83bbee" />
      <TestMethod codeBase="D:\NEWPEG\TestAutomationProject\PegasusTests\bin\Debug\PegasusTests.dll" adapterTypeName="Microsoft.VisualStudio.TestTools.TestTypes.Unit.UnitTestAdapter" className="PegasusTests.Scripts.ClientsTests.MergeClients" name="mergeClients" />
    </UnitTest>
    <UnitTest name="createPDFs" storage="d:\newpeg\testautomationproject\pegasustests\bin\debug\pegasustests.dll" id="a53e6525-87bd-37fd-ea0f-55a5bfffa523">
      <Execution id="10b6b57d-993e-47d8-ab0d-54ac2cd02742" />
      <TestMethod codeBase="D:\NEWPEG\TestAutomationProject\PegasusTests\bin\Debug\PegasusTests.dll" adapterTypeName="Microsoft.VisualStudio.TestTools.TestTypes.Unit.UnitTestAdapter" className="PegasusTests.Scripts.ClientsTests.CreatePDFs" name="createPDFs" />
    </UnitTest>
    <UnitTest name="covertOpportuntiestoLead" storage="d:\newpeg\testautomationproject\pegasustests\bin\debug\pegasustests.dll" id="f4b03900-22f4-35c9-c034-ec16ec3c2e1d">
      <Execution id="82e1456d-634d-4de1-b453-44356a37d457" />
      <TestMethod codeBase="D:\NEWPEG\TestAutomationProject\PegasusTests\bin\Debug\PegasusTests.dll" adapterTypeName="Microsoft.VisualStudio.TestTools.TestTypes.Unit.UnitTestAdapter" className="PegasusTests.Scripts.ClientsTests.CovertOpportuntiestoLead" name="covertOpportuntiestoLead" />
    </UnitTest>
    <UnitTest name="createLanguage" storage="d:\newpeg\testautomationproject\pegasustests\bin\debug\pegasustests.dll" id="0140ca1e-d7df-61d7-0e5e-96c0eaefd780">
      <Execution id="29a34c9f-747d-41db-913a-4ae62dc21ea2" />
      <TestMethod codeBase="D:\NEWPEG\TestAutomationProject\PegasusTests\bin\Debug\PegasusTests.dll" adapterTypeName="Microsoft.VisualStudio.TestTools.TestTypes.Unit.UnitTestAdapter" className="PegasusTests.Scripts.ClientsTests.CreateLanguage" name="createLanguage" />
    </UnitTest>
    <UnitTest name="createDashboard" storage="d:\newpeg\testautomationproject\pegasustests\bin\debug\pegasustests.dll" id="2f9b893c-3fc9-a6f7-df2f-a3475076b715">
      <Execution id="0b1ffa04-7ce9-497a-a46f-ca6225ba06d6" />
      <TestMethod codeBase="D:\NEWPEG\TestAutomationProject\PegasusTests\bin\Debug\PegasusTests.dll" adapterTypeName="Microsoft.VisualStudio.TestTools.TestTypes.Unit.UnitTestAdapter" className="PegasusTests.Scripts.ClientsTests.CreateDashboard" name="createDashboard" />
    </UnitTest>
    <UnitTest name="createProcessor" storage="d:\newpeg\testautomationproject\pegasustests\bin\debug\pegasustests.dll" id="9197fdf9-bb8d-6a49-8867-67f3700c3b50">
      <Execution id="fa848499-1193-4139-adf6-dfe4dcad8610" />
      <TestMethod codeBase="D:\NEWPEG\TestAutomationProject\PegasusTests\bin\Debug\PegasusTests.dll" adapterTypeName="Microsoft.VisualStudio.TestTools.TestTypes.Unit.UnitTestAdapter" className="PegasusTests.Scripts.Corp.CreateProcessor" name="createProcessor" />
    </UnitTest>
    <UnitTest name="deletePublihedFileRI" storage="d:\newpeg\testautomationproject\pegasustests\bin\debug\pegasustests.dll" id="ce8f631d-a4bd-0798-efdf-26c9533ababd">
      <Execution id="ae7ae455-476d-47f6-bbf4-806a50365911" />
      <TestMethod codeBase="D:\NEWPEG\TestAutomationProject\PegasusTests\bin\Debug\PegasusTests.dll" adapterTypeName="Microsoft.VisualStudio.TestTools.TestTypes.Unit.UnitTestAdapter" className="PegasusTests.Scripts.ClientsTests.DeletePublihedFileRI" name="deletePublihedFileRI" />
    </UnitTest>
    <UnitTest name="editOffice" storage="d:\newpeg\testautomationproject\pegasustests\bin\debug\pegasustests.dll" id="6e69eb07-d95e-ed5b-e439-0a6d19067e3d">
      <Execution id="3859265f-a6e4-4d38-908b-405cafa410c6" />
      <TestMethod codeBase="D:\NEWPEG\TestAutomationProject\PegasusTests\bin\Debug\PegasusTests.dll" adapterTypeName="Microsoft.VisualStudio.TestTools.TestTypes.Unit.UnitTestAdapter" className="PegasusTests.Scripts.Corp.EditOffice" name="editOffice" />
    </UnitTest>
    <UnitTest name="createOffice" storage="d:\newpeg\testautomationproject\pegasustests\bin\debug\pegasustests.dll" id="65c1e37b-d8fd-1b09-1a97-c921dd96bb57">
      <Execution id="963cbbac-0475-4ae0-b22a-892d3e5f3192" />
      <TestMethod codeBase="D:\NEWPEG\TestAutomationProject\PegasusTests\bin\Debug\PegasusTests.dll" adapterTypeName="Microsoft.VisualStudio.TestTools.TestTypes.Unit.UnitTestAdapter" className="PegasusTests.Scripts.Corp.CreateOffice" name="createOffice" />
    </UnitTest>
    <UnitTest name="partnerAssociationCodes" storage="d:\newpeg\testautomationproject\pegasustests\bin\debug\pegasustests.dll" id="f402cbe4-efcf-8a82-f35b-fc6e0c004c32">
      <Execution id="82d440f9-0259-4c25-aeb6-83dd0e99e065" />
      <TestMethod codeBase="D:\NEWPEG\TestAutomationProject\PegasusTests\bin\Debug\PegasusTests.dll" adapterTypeName="Microsoft.VisualStudio.TestTools.TestTypes.Unit.UnitTestAdapter" className="PegasusTests.Scripts.ClientsTests.PartnerAssociationCodes" name="partnerAssociationCodes" />
    </UnitTest>
    <UnitTest name="employeeAgentCode" storage="d:\newpeg\testautomationproject\pegasustests\bin\debug\pegasustests.dll" id="af0010d2-89e3-4ac2-cef5-1301f3cdbce0">
      <Execution id="046024b3-265a-4c1d-b847-5e58dc8bcb35" />
      <TestMethod codeBase="D:\NEWPEG\TestAutomationProject\PegasusTests\bin\Debug\PegasusTests.dll" adapterTypeName="Microsoft.VisualStudio.TestTools.TestTypes.Unit.UnitTestAdapter" className="PegasusTests.Scripts.ClientsTests.EmployeeAgentCode" name="employeeAgentCode" />
    </UnitTest>
    <UnitTest name="saleAgentCode" storage="d:\newpeg\testautomationproject\pegasustests\bin\debug\pegasustests.dll" id="f05c8d9c-2414-18ef-025e-39dcc970e9fd">
      <Execution id="d116eb7a-1215-4d11-a7b3-a697763c3c81" />
      <TestMethod codeBase="D:\NEWPEG\TestAutomationProject\PegasusTests\bin\Debug\PegasusTests.dll" adapterTypeName="Microsoft.VisualStudio.TestTools.TestTypes.Unit.UnitTestAdapter" className="PegasusTests.Scripts.ClientsTests.SaleAgentCode" name="saleAgentCode" />
    </UnitTest>
    <UnitTest name="importAndCalculationRI" storage="d:\newpeg\testautomationproject\pegasustests\bin\debug\pegasustests.dll" id="96f0ce2e-3131-59a9-686e-d4448af92ee1">
      <Execution id="17282665-18f7-4159-8c61-b0d5f8c1d95b" />
      <TestMethod codeBase="D:\NEWPEG\TestAutomationProject\PegasusTests\bin\Debug\PegasusTests.dll" adapterTypeName="Microsoft.VisualStudio.TestTools.TestTypes.Unit.UnitTestAdapter" className="PegasusTests.Scripts.ClientsTests.ImportAndCalculationRI" name="importAndCalculationRI" />
    </UnitTest>
    <UnitTest name="editReport" storage="d:\newpeg\testautomationproject\pegasustests\bin\debug\pegasustests.dll" id="8785145b-0c97-2398-30be-2ae245b47618">
      <Execution id="7d7a845b-080e-44a1-9496-c70c92df630b" />
      <TestMethod codeBase="D:\NEWPEG\TestAutomationProject\PegasusTests\bin\Debug\PegasusTests.dll" adapterTypeName="Microsoft.VisualStudio.TestTools.TestTypes.Unit.UnitTestAdapter" className="PegasusTests.Scripts.ClientsTests.EditReport" name="editReport" />
    </UnitTest>
    <UnitTest name="createReport" storage="d:\newpeg\testautomationproject\pegasustests\bin\debug\pegasustests.dll" id="b9b5cb07-d8d5-f72c-0385-77579d867391">
      <Execution id="f32a7770-f060-42d5-8b34-a22e23c5cc16" />
      <TestMethod codeBase="D:\NEWPEG\TestAutomationProject\PegasusTests\bin\Debug\PegasusTests.dll" adapterTypeName="Microsoft.VisualStudio.TestTools.TestTypes.Unit.UnitTestAdapter" className="PegasusTests.Scripts.ClientsTests.CreateReport" name="createReport" />
    </UnitTest>
    <UnitTest name="TestCreateOpportunities" storage="d:\newpeg\testautomationproject\pegasustests\bin\debug\pegasustests.dll" id="132b0dfc-e1db-fd53-ae03-eb4bf9164062">
      <Execution id="77d32477-db55-4060-ad68-5d5b9f66bf3d" />
      <TestMethod codeBase="D:\NEWPEG\TestAutomationProject\PegasusTests\bin\Debug\PegasusTests.dll" adapterTypeName="Microsoft.VisualStudio.TestTools.TestTypes.Unit.UnitTestAdapter" className="PegasusTests.Scripts.ClientsTests.CreateOpportunities" name="TestCreateOpportunities" />
    </UnitTest>
    <UnitTest name="leadMarketing" storage="d:\newpeg\testautomationproject\pegasustests\bin\debug\pegasustests.dll" id="5dcb25ce-f333-3371-a25b-dde656ce504f">
      <Execution id="0db8e9a9-a42d-4e26-9386-3c581cb348fd" />
      <TestMethod codeBase="D:\NEWPEG\TestAutomationProject\PegasusTests\bin\Debug\PegasusTests.dll" adapterTypeName="Microsoft.VisualStudio.TestTools.TestTypes.Unit.UnitTestAdapter" className="PegasusTests.Scripts.ClientsTests.LeadMarketing" name="leadMarketing" />
    </UnitTest>
    <UnitTest name="leadTerminalsAndEquipments" storage="d:\newpeg\testautomationproject\pegasustests\bin\debug\pegasustests.dll" id="b1d5e4eb-ed41-a498-560b-b06e89b4b54a">
      <Execution id="673bccc5-5f63-4552-b1d1-49eee9657299" />
      <TestMethod codeBase="D:\NEWPEG\TestAutomationProject\PegasusTests\bin\Debug\PegasusTests.dll" adapterTypeName="Microsoft.VisualStudio.TestTools.TestTypes.Unit.UnitTestAdapter" className="PegasusTests.Scripts.ClientsTests.LeadTerminalsAndEquipments" name="leadTerminalsAndEquipments" />
    </UnitTest>
    <UnitTest name="editOpportunities" storage="d:\newpeg\testautomationproject\pegasustests\bin\debug\pegasustests.dll" id="c324e651-44c1-cfcf-fa88-3fbad7cc5d32">
      <Execution id="3964dfa2-aee7-4063-a7ba-2ae03a55d44c" />
      <TestMethod codeBase="D:\NEWPEG\TestAutomationProject\PegasusTests\bin\Debug\PegasusTests.dll" adapterTypeName="Microsoft.VisualStudio.TestTools.TestTypes.Unit.UnitTestAdapter" className="PegasusTests.Scripts.ClientsTests.EditOpportunities" name="editOpportunities" />
    </UnitTest>
    <UnitTest name="leadRatesAndFees" storage="d:\newpeg\testautomationproject\pegasustests\bin\debug\pegasustests.dll" id="377822cc-3174-f5a3-a3bb-3efec62fcd8d">
      <Execution id="21f5e193-8166-4848-aa13-cef67d3a7770" />
      <TestMethod codeBase="D:\NEWPEG\TestAutomationProject\PegasusTests\bin\Debug\PegasusTests.dll" adapterTypeName="Microsoft.VisualStudio.TestTools.TestTypes.Unit.UnitTestAdapter" className="PegasusTests.Scripts.ClientsTests.LeadRatesAndFees" name="leadRatesAndFees" />
    </UnitTest>
    <UnitTest name="leadBusinessDetails" storage="d:\newpeg\testautomationproject\pegasustests\bin\debug\pegasustests.dll" id="9c33e055-9744-9e4b-1dad-f5dde395f625">
      <Execution id="0011e6fb-3c80-4fa5-a9a8-0932a273a075" />
      <TestMethod codeBase="D:\NEWPEG\TestAutomationProject\PegasusTests\bin\Debug\PegasusTests.dll" adapterTypeName="Microsoft.VisualStudio.TestTools.TestTypes.Unit.UnitTestAdapter" className="PegasusTests.Scripts.ClientsTests.LeadBusinessDetails" name="leadBusinessDetails" />
    </UnitTest>
    <UnitTest name="editLeads" storage="d:\newpeg\testautomationproject\pegasustests\bin\debug\pegasustests.dll" id="da0d5727-be04-2809-98e7-209be39ea364">
      <Execution id="9dc5da2b-4b3e-403d-9301-a37d0c3ad629" />
      <TestMethod codeBase="D:\NEWPEG\TestAutomationProject\PegasusTests\bin\Debug\PegasusTests.dll" adapterTypeName="Microsoft.VisualStudio.TestTools.TestTypes.Unit.UnitTestAdapter" className="PegasusTests.Scripts.ClientsTests.EditLeads" name="editLeads" />
    </UnitTest>
    <UnitTest name="createPartnerDetail" storage="d:\newpeg\testautomationproject\pegasustests\bin\debug\pegasustests.dll" id="490bab27-ccdf-de3f-fce1-7b7b394e0af5">
      <Execution id="494b7639-d2a9-4d55-82f2-5fb0f0af34b3" />
      <TestMethod codeBase="D:\NEWPEG\TestAutomationProject\PegasusTests\bin\Debug\PegasusTests.dll" adapterTypeName="Microsoft.VisualStudio.TestTools.TestTypes.Unit.UnitTestAdapter" className="PegasusTests.Scripts.ClientsTests.CreatePartnerDetail" name="createPartnerDetail" />
    </UnitTest>
    <UnitTest name="editPartnerAssociation" storage="d:\newpeg\testautomationproject\pegasustests\bin\debug\pegasustests.dll" id="18e80da7-d049-773c-0921-0cebe4d5b0e0">
      <Execution id="176d438e-3c18-44cc-8439-37dc7d0bb379" />
      <TestMethod codeBase="D:\NEWPEG\TestAutomationProject\PegasusTests\bin\Debug\PegasusTests.dll" adapterTypeName="Microsoft.VisualStudio.TestTools.TestTypes.Unit.UnitTestAdapter" className="PegasusTests.Scripts.ClientsTests.EditPartnerAssociation" name="editPartnerAssociation" />
    </UnitTest>
    <UnitTest name="editPartnerAgent" storage="d:\newpeg\testautomationproject\pegasustests\bin\debug\pegasustests.dll" id="5e5ad2f2-a2df-1305-282c-7ce122e6ef96">
      <Execution id="dd866afb-2124-4312-a6c2-d960af017e0c" />
      <TestMethod codeBase="D:\NEWPEG\TestAutomationProject\PegasusTests\bin\Debug\PegasusTests.dll" adapterTypeName="Microsoft.VisualStudio.TestTools.TestTypes.Unit.UnitTestAdapter" className="PegasusTests.Scripts.ClientsTests.EditPartnerAgent" name="editPartnerAgent" />
    </UnitTest>
    <UnitTest name="editSaleAgent" storage="d:\newpeg\testautomationproject\pegasustests\bin\debug\pegasustests.dll" id="e235584f-f90c-510d-f58e-dc48c5e83c0d">
      <Execution id="e51d0ee7-6ba1-47de-83a0-35da854d0293" />
      <TestMethod codeBase="D:\NEWPEG\TestAutomationProject\PegasusTests\bin\Debug\PegasusTests.dll" adapterTypeName="Microsoft.VisualStudio.TestTools.TestTypes.Unit.UnitTestAdapter" className="PegasusTests.Scripts.ClientsTests.EditSaleAgent" name="editSaleAgent" />
    </UnitTest>
    <UnitTest name="editEmployeeAgent" storage="d:\newpeg\testautomationproject\pegasustests\bin\debug\pegasustests.dll" id="f635792e-78b3-a9ff-986a-ca24964ea725">
      <Execution id="39ceddc4-b728-492f-9823-218013e1ad43" />
      <TestMethod codeBase="D:\NEWPEG\TestAutomationProject\PegasusTests\bin\Debug\PegasusTests.dll" adapterTypeName="Microsoft.VisualStudio.TestTools.TestTypes.Unit.UnitTestAdapter" className="PegasusTests.Scripts.ClientsTests.EditEmployeeAgent" name="editEmployeeAgent" />
    </UnitTest>
    <UnitTest name="testMarketing" storage="d:\newpeg\testautomationproject\pegasustests\bin\debug\pegasustests.dll" id="42ee74b3-0dbf-5f34-ad8a-20f10d38c1c2">
      <Execution id="485846b8-9b5c-4a29-b179-86892187e7fa" />
      <TestMethod codeBase="D:\NEWPEG\TestAutomationProject\PegasusTests\bin\Debug\PegasusTests.dll" adapterTypeName="Microsoft.VisualStudio.TestTools.TestTypes.Unit.UnitTestAdapter" className="PegasusTests.Scripts.ClientsTests.Marketing" name="testMarketing" />
    </UnitTest>
    <UnitTest name="merchantNumber" storage="d:\newpeg\testautomationproject\pegasustests\bin\debug\pegasustests.dll" id="f2633e0b-71cc-f5bc-a89d-fc4e947b93fd">
      <Execution id="fa67860c-2901-43b0-b181-c6f6f68471b4" />
      <TestMethod codeBase="D:\NEWPEG\TestAutomationProject\PegasusTests\bin\Debug\PegasusTests.dll" adapterTypeName="Microsoft.VisualStudio.TestTools.TestTypes.Unit.UnitTestAdapter" className="PegasusTests.Scripts.ClientsTests.MerchantNumber" name="merchantNumber" />
    </UnitTest>
    <UnitTest name="testOwners" storage="d:\newpeg\testautomationproject\pegasustests\bin\debug\pegasustests.dll" id="aa5b1a3e-9a5c-ab9d-52a0-70334dfda876">
      <Execution id="359be83e-ecda-482e-9a2a-9edebb42c3c0" />
      <TestMethod codeBase="D:\NEWPEG\TestAutomationProject\PegasusTests\bin\Debug\PegasusTests.dll" adapterTypeName="Microsoft.VisualStudio.TestTools.TestTypes.Unit.UnitTestAdapter" className="PegasusTests.Scripts.ClientsTests.Owners" name="testOwners" />
    </UnitTest>
    <UnitTest name="partnerAssociation" storage="d:\newpeg\testautomationproject\pegasustests\bin\debug\pegasustests.dll" id="055b10d9-c61f-b469-2f0c-87708a526d0d">
      <Execution id="443f3c5e-a901-4ea0-a967-ebb0f4263e8e" />
      <TestMethod codeBase="D:\NEWPEG\TestAutomationProject\PegasusTests\bin\Debug\PegasusTests.dll" adapterTypeName="Microsoft.VisualStudio.TestTools.TestTypes.Unit.UnitTestAdapter" className="PegasusTests.Scripts.ClientsTests.PartnerAssociation" name="partnerAssociation" />
    </UnitTest>
    <UnitTest name="testProducts" storage="d:\newpeg\testautomationproject\pegasustests\bin\debug\pegasustests.dll" id="5908053f-44d5-1538-9d47-7412c5b11ec2">
      <Execution id="5a7a6476-f2df-484d-ae39-e4941f50970f" />
      <TestMethod codeBase="D:\NEWPEG\TestAutomationProject\PegasusTests\bin\Debug\PegasusTests.dll" adapterTypeName="Microsoft.VisualStudio.TestTools.TestTypes.Unit.UnitTestAdapter" className="PegasusTests.Scripts.ClientsTests.Products" name="testProducts" />
    </UnitTest>
    <UnitTest name="residualIcome" storage="d:\newpeg\testautomationproject\pegasustests\bin\debug\pegasustests.dll" id="acc50bff-08e9-65d9-fb14-0535269d308b">
      <Execution id="79f446fa-17d6-46c6-b742-3586f6adbf89" />
      <TestMethod codeBase="D:\NEWPEG\TestAutomationProject\PegasusTests\bin\Debug\PegasusTests.dll" adapterTypeName="Microsoft.VisualStudio.TestTools.TestTypes.Unit.UnitTestAdapter" className="PegasusTests.Scripts.ClientsTests.ResidualIncome" name="residualIcome" />
    </UnitTest>
    <UnitTest name="saleAgent" storage="d:\newpeg\testautomationproject\pegasustests\bin\debug\pegasustests.dll" id="dddff192-80c3-c0e2-4fa0-63263390073e">
      <Execution id="e65ce0be-86d9-496c-aed6-34bd5fc7f7f7" />
      <TestMethod codeBase="D:\NEWPEG\TestAutomationProject\PegasusTests\bin\Debug\PegasusTests.dll" adapterTypeName="Microsoft.VisualStudio.TestTools.TestTypes.Unit.UnitTestAdapter" className="PegasusTests.Scripts.ClientsTests.SaleAgent" name="saleAgent" />
    </UnitTest>
    <UnitTest name="employeeAgent" storage="d:\newpeg\testautomationproject\pegasustests\bin\debug\pegasustests.dll" id="c3b86861-de04-bbb2-15bb-4f60aa74ad89">
      <Execution id="4b9d91dc-f2bb-48f3-ad28-74eb22d871dc" />
      <TestMethod codeBase="D:\NEWPEG\TestAutomationProject\PegasusTests\bin\Debug\PegasusTests.dll" adapterTypeName="Microsoft.VisualStudio.TestTools.TestTypes.Unit.UnitTestAdapter" className="PegasusTests.Scripts.ClientsTests.EmployeeAgent" name="employeeAgent" />
    </UnitTest>
    <UnitTest name="createPartnerAgent" storage="d:\newpeg\testautomationproject\pegasustests\bin\debug\pegasustests.dll" id="ee08fc30-825d-39e1-f006-465a7d2667a2">
      <Execution id="b06a1d6d-4e3f-4ba2-91f6-691b191995ad" />
      <TestMethod codeBase="D:\NEWPEG\TestAutomationProject\PegasusTests\bin\Debug\PegasusTests.dll" adapterTypeName="Microsoft.VisualStudio.TestTools.TestTypes.Unit.UnitTestAdapter" className="PegasusTests.Scripts.ClientsTests.CreatePartnerAgent" name="createPartnerAgent" />
    </UnitTest>
    <UnitTest name="testReference" storage="d:\newpeg\testautomationproject\pegasustests\bin\debug\pegasustests.dll" id="05655070-9b41-dab2-2fc8-80ad3051d361">
      <Execution id="1d0405d2-a52a-4bd8-b937-d60503c171b5" />
      <TestMethod codeBase="D:\NEWPEG\TestAutomationProject\PegasusTests\bin\Debug\PegasusTests.dll" adapterTypeName="Microsoft.VisualStudio.TestTools.TestTypes.Unit.UnitTestAdapter" className="PegasusTests.Scripts.ClientsTests.Reference" name="testReference" />
    </UnitTest>
    <UnitTest name="terminalsAndEquipment" storage="d:\newpeg\testautomationproject\pegasustests\bin\debug\pegasustests.dll" id="fd6255db-065b-6d26-8fc6-d5c331134f1b">
      <Execution id="264655eb-3d8e-4d6b-93ec-560bf6e6d361" />
      <TestMethod codeBase="D:\NEWPEG\TestAutomationProject\PegasusTests\bin\Debug\PegasusTests.dll" adapterTypeName="Microsoft.VisualStudio.TestTools.TestTypes.Unit.UnitTestAdapter" className="PegasusTests.Scripts.ClientsTests.TerminalsAndEquipment" name="terminalsAndEquipment" />
    </UnitTest>
    <UnitTest name="customerRelationship" storage="d:\newpeg\testautomationproject\pegasustests\bin\debug\pegasustests.dll" id="2cd27ee6-503e-5f3d-fea9-6e8a7192580d">
      <Execution id="4baedbe2-0f3c-4a13-b132-4e688ad44508" />
      <TestMethod codeBase="D:\NEWPEG\TestAutomationProject\PegasusTests\bin\Debug\PegasusTests.dll" adapterTypeName="Microsoft.VisualStudio.TestTools.TestTypes.Unit.UnitTestAdapter" className="PegasusTests.Scripts.ClientsTests.CustomerRelationship" name="customerRelationship" />
    </UnitTest>
    <UnitTest name="updateBusinessDetails" storage="d:\newpeg\testautomationproject\pegasustests\bin\debug\pegasustests.dll" id="cf06b53d-0381-073b-12a2-73d56d21eba8">
      <Execution id="2e73372d-f6e1-4331-9c22-c7299ce85414" />
      <TestMethod codeBase="D:\NEWPEG\TestAutomationProject\PegasusTests\bin\Debug\PegasusTests.dll" adapterTypeName="Microsoft.VisualStudio.TestTools.TestTypes.Unit.UnitTestAdapter" className="PegasusTests.Scripts.ClientsTests.UpdateBusinessDetails" name="updateBusinessDetails" />
    </UnitTest>
    <UnitTest name="updateContact" storage="d:\newpeg\testautomationproject\pegasustests\bin\debug\pegasustests.dll" id="51e56244-044f-55e2-8c12-cfbd939504f0">
      <Execution id="c9542700-511b-4adc-833b-c6e748f5b80b" />
      <TestMethod codeBase="D:\NEWPEG\TestAutomationProject\PegasusTests\bin\Debug\PegasusTests.dll" adapterTypeName="Microsoft.VisualStudio.TestTools.TestTypes.Unit.UnitTestAdapter" className="PegasusTests.Scripts.ClientsTests.UpdateContact" name="updateContact" />
    </UnitTest>
    <UnitTest name="updateRatesAndFee" storage="d:\newpeg\testautomationproject\pegasustests\bin\debug\pegasustests.dll" id="558b50ec-61a8-39b8-a5b9-f8c40fddc08c">
      <Execution id="91f941f1-c1dc-4766-b93b-dd8496c7645a" />
      <TestMethod codeBase="D:\NEWPEG\TestAutomationProject\PegasusTests\bin\Debug\PegasusTests.dll" adapterTypeName="Microsoft.VisualStudio.TestTools.TestTypes.Unit.UnitTestAdapter" className="PegasusTests.Scripts.ClientsTests.UpdateRatesAndFee" name="updateRatesAndFee" />
    </UnitTest>
    <UnitTest name="updateAddressContacts" storage="d:\newpeg\testautomationproject\pegasustests\bin\debug\pegasustests.dll" id="f30816f8-222b-31cb-afff-80ab911e20ed">
      <Execution id="e00b7b11-61ec-4000-be73-593492074a3f" />
      <TestMethod codeBase="D:\NEWPEG\TestAutomationProject\PegasusTests\bin\Debug\PegasusTests.dll" adapterTypeName="Microsoft.VisualStudio.TestTools.TestTypes.Unit.UnitTestAdapter" className="PegasusTests.Scripts.ClientsTests.UpdateAddressContacts" name="updateAddressContacts" />
    </UnitTest>
    <UnitTest name="logACall" storage="d:\newpeg\testautomationproject\pegasustests\bin\debug\pegasustests.dll" id="6c423f43-d3d7-9026-4269-99b9cb46e8ec">
      <Execution id="f76de7de-6c9a-4a48-a231-91b484f920cc" />
      <TestMethod codeBase="D:\NEWPEG\TestAutomationProject\PegasusTests\bin\Debug\PegasusTests.dll" adapterTypeName="Microsoft.VisualStudio.TestTools.TestTypes.Unit.UnitTestAdapter" className="PegasusTests.Scripts.ClientsTests.LogACall" name="logACall" />
    </UnitTest>
    <UnitTest name="clientHistory" storage="d:\newpeg\testautomationproject\pegasustests\bin\debug\pegasustests.dll" id="23b73c29-e3c2-3508-d692-1afbe569380f">
      <Execution id="2bc38b42-21e5-4e3b-9ffd-8aa5e98e41b6" />
      <TestMethod codeBase="D:\NEWPEG\TestAutomationProject\PegasusTests\bin\Debug\PegasusTests.dll" adapterTypeName="Microsoft.VisualStudio.TestTools.TestTypes.Unit.UnitTestAdapter" className="PegasusTests.Scripts.ClientsTests.ClientHistory" name="clientHistory" />
    </UnitTest>
    <UnitTest name="addNewMeeting" storage="d:\newpeg\testautomationproject\pegasustests\bin\debug\pegasustests.dll" id="de8df07f-e9d7-88bc-9e5b-3201e50701a3">
      <Execution id="fa16fc0e-b6cf-4e66-badb-a947282c64ad" />
      <TestMethod codeBase="D:\NEWPEG\TestAutomationProject\PegasusTests\bin\Debug\PegasusTests.dll" adapterTypeName="Microsoft.VisualStudio.TestTools.TestTypes.Unit.UnitTestAdapter" className="PegasusTests.Scripts.ClientsTests.AddNewMeeting" name="addNewMeeting" />
    </UnitTest>
    <UnitTest name="updateCompanyDetails" storage="d:\newpeg\testautomationproject\pegasustests\bin\debug\pegasustests.dll" id="5cec9ad1-db7c-0920-d330-c7c666fa4a15">
      <Execution id="86a5a92c-84ac-4d95-b01f-c085fd511a37" />
      <TestMethod codeBase="D:\NEWPEG\TestAutomationProject\PegasusTests\bin\Debug\PegasusTests.dll" adapterTypeName="Microsoft.VisualStudio.TestTools.TestTypes.Unit.UnitTestAdapter" className="PegasusTests.Scripts.ClientsTests.UpdateCompanyDetails" name="updateCompanyDetails" />
    </UnitTest>
    <UnitTest name="addNote" storage="d:\newpeg\testautomationproject\pegasustests\bin\debug\pegasustests.dll" id="24fa16f1-a596-da43-e6a7-297b464ef550">
      <Execution id="f05f4166-eb1d-4ab1-9da9-1655317fa325" />
      <TestMethod codeBase="D:\NEWPEG\TestAutomationProject\PegasusTests\bin\Debug\PegasusTests.dll" adapterTypeName="Microsoft.VisualStudio.TestTools.TestTypes.Unit.UnitTestAdapter" className="PegasusTests.Scripts.ClientsTests.AddNote" name="addNote" />
    </UnitTest>
    <UnitTest name="addNewTask" storage="d:\newpeg\testautomationproject\pegasustests\bin\debug\pegasustests.dll" id="33b13b4e-397c-322c-98eb-6ffc65859ae6">
      <Execution id="1c086b02-ab00-4d7b-899d-5df54d9d498b" />
      <TestMethod codeBase="D:\NEWPEG\TestAutomationProject\PegasusTests\bin\Debug\PegasusTests.dll" adapterTypeName="Microsoft.VisualStudio.TestTools.TestTypes.Unit.UnitTestAdapter" className="PegasusTests.Scripts.ClientsTests.AddNewTask" name="addNewTask" />
    </UnitTest>
    <UnitTest name="addNewClient" storage="d:\newpeg\testautomationproject\pegasustests\bin\debug\pegasustests.dll" id="9a118e46-4317-fffe-f94a-3216f64e11c2">
      <Execution id="750b01f4-d893-4264-bac5-76bdf51cb094" />
      <TestMethod codeBase="D:\NEWPEG\TestAutomationProject\PegasusTests\bin\Debug\PegasusTests.dll" adapterTypeName="Microsoft.VisualStudio.TestTools.TestTypes.Unit.UnitTestAdapter" className="PegasusTests.Scripts.ClientsTests.AddNewClient" name="addNewClient" />
    </UnitTest>
    <UnitTest name="sendEmail" storage="d:\newpeg\testautomationproject\pegasustests\bin\debug\pegasustests.dll" id="75e7a812-368a-e9a9-ddae-6b6350eaee1c">
      <Execution id="84b137d0-5007-4b29-aba2-4daa3e8e7ee0" />
      <TestMethod codeBase="D:\NEWPEG\TestAutomationProject\PegasusTests\bin\Debug\PegasusTests.dll" adapterTypeName="Microsoft.VisualStudio.TestTools.TestTypes.Unit.UnitTestAdapter" className="PegasusTests.Scripts.ClientsTests.SendEmail" name="sendEmail" />
    </UnitTest>
    <UnitTest name="languageForClientOwner" storage="d:\newpeg\testautomationproject\pegasustests\bin\debug\pegasustests.dll" id="f13109e8-3360-54c6-258a-223f2d0671ef">
      <Execution id="1e52d3ee-1c46-4f6b-9fd8-69cec0163017" />
      <TestMethod codeBase="D:\NEWPEG\TestAutomationProject\PegasusTests\bin\Debug\PegasusTests.dll" adapterTypeName="Microsoft.VisualStudio.TestTools.TestTypes.Unit.UnitTestAdapter" className="PegasusTests.Scripts.ClientsTests.LanguageForClientOwner" name="languageForClientOwner" />
    </UnitTest>
    <UnitTest name="languageForContacts" storage="d:\newpeg\testautomationproject\pegasustests\bin\debug\pegasustests.dll" id="1db49302-fd68-901a-1fff-20af734f6ba5">
      <Execution id="b35a8d53-6826-4a1d-b6ef-b8e1ab94d67e" />
      <TestMethod codeBase="D:\NEWPEG\TestAutomationProject\PegasusTests\bin\Debug\PegasusTests.dll" adapterTypeName="Microsoft.VisualStudio.TestTools.TestTypes.Unit.UnitTestAdapter" className="PegasusTests.Scripts.ClientsTests.LanguageForContacts" name="languageForContacts" />
    </UnitTest>
    <UnitTest name="residualIncomeReportingPeriod" storage="d:\newpeg\testautomationproject\pegasustests\bin\debug\pegasustests.dll" id="2a41fd6d-698b-08f7-df50-e628cdb765c4">
      <Execution id="935e1b0b-fd10-49d6-a380-80e5845d3f10" />
      <TestMethod codeBase="D:\NEWPEG\TestAutomationProject\PegasusTests\bin\Debug\PegasusTests.dll" adapterTypeName="Microsoft.VisualStudio.TestTools.TestTypes.Unit.UnitTestAdapter" className="PegasusTests.Scripts.ClientsTests.ResidualIncomeReportingPeriod" name="residualIncomeReportingPeriod" />
    </UnitTest>
    <UnitTest name="residualIncomeViewOfficePayoutExportToExcelAndCsv" storage="d:\newpeg\testautomationproject\pegasustests\bin\debug\pegasustests.dll" id="3bc5b38f-c464-1196-f2ec-a3c16fe98f0a">
      <Execution id="4858160a-9c0f-4ff6-a636-4ab030940a25" />
      <TestMethod codeBase="D:\NEWPEG\TestAutomationProject\PegasusTests\bin\Debug\PegasusTests.dll" adapterTypeName="Microsoft.VisualStudio.TestTools.TestTypes.Unit.UnitTestAdapter" className="PegasusTests.Scripts.ClientsTests.ResidualIncomeViewOfficePayoutExportToExcelAndCsv1" name="residualIncomeViewOfficePayoutExportToExcelAndCsv" />
    </UnitTest>
    <UnitTest name="contactUs" storage="d:\newpeg\testautomationproject\pegasustests\bin\debug\pegasustests.dll" id="ad9e0b13-1e1f-def3-d2e7-45efa0260539">
      <Execution id="e3ba421a-ba40-40cb-9dab-50dd71195e1b" />
      <TestMethod codeBase="D:\NEWPEG\TestAutomationProject\PegasusTests\bin\Debug\PegasusTests.dll" adapterTypeName="Microsoft.VisualStudio.TestTools.TestTypes.Unit.UnitTestAdapter" className="PegasusTests.Scripts.LoginTests.ContactUs" name="contactUs" />
    </UnitTest>
    <UnitTest name="loginWithValidCredentials" storage="d:\newpeg\testautomationproject\pegasustests\bin\debug\pegasustests.dll" id="4c4b490b-a45a-9233-2c4d-5b56cfde5345">
      <Execution id="cd38c762-c6dd-4a26-851e-e3d6a5f6e03f" />
      <TestMethod codeBase="D:\NEWPEG\TestAutomationProject\PegasusTests\bin\Debug\PegasusTests.dll" adapterTypeName="Microsoft.VisualStudio.TestTools.TestTypes.Unit.UnitTestAdapter" className="PegasusTests.Scripts.LoginTests.Login1099SaleAgent" name="loginWithValidCredentials" />
    </UnitTest>
    <UnitTest name="LoginWithoutCredentials" storage="d:\newpeg\testautomationproject\pegasustests\bin\debug\pegasustests.dll" id="3c70c7cc-aac9-c8d6-7a77-492280d601be">
      <Execution id="8154d362-6e63-4c62-a62c-e1bab6cdb04d" />
      <TestMethod codeBase="D:\NEWPEG\TestAutomationProject\PegasusTests\bin\Debug\PegasusTests.dll" adapterTypeName="Microsoft.VisualStudio.TestTools.TestTypes.Unit.UnitTestAdapter" className="PegasusTests.Scripts.LoginTests.LoginAndLogout" name="LoginWithoutCredentials" />
    </UnitTest>
    <UnitTest name="loginWithInvalidPassword" storage="d:\newpeg\testautomationproject\pegasustests\bin\debug\pegasustests.dll" id="0ffb3020-bdcc-8ecf-905a-04eacc5bd1f3">
      <Execution id="0f9ae647-7290-4101-b7d5-ee4dc3fa2b30" />
      <TestMethod codeBase="D:\NEWPEG\TestAutomationProject\PegasusTests\bin\Debug\PegasusTests.dll" adapterTypeName="Microsoft.VisualStudio.TestTools.TestTypes.Unit.UnitTestAdapter" className="PegasusTests.Scripts.LoginTests.LoginAndLogout" name="loginWithInvalidPassword" />
    </UnitTest>
    <UnitTest name="loginWithValidCredentials" storage="d:\newpeg\testautomationproject\pegasustests\bin\debug\pegasustests.dll" id="539a2f31-4424-3c33-e7ad-abc68a16ff71">
      <Execution id="437c7af2-9f4c-47cf-bce2-a21b32b5e203" />
      <TestMethod codeBase="D:\NEWPEG\TestAutomationProject\PegasusTests\bin\Debug\PegasusTests.dll" adapterTypeName="Microsoft.VisualStudio.TestTools.TestTypes.Unit.UnitTestAdapter" className="PegasusTests.Scripts.LoginTests.LoginAndLogout" name="loginWithValidCredentials" />
    </UnitTest>
    <UnitTest name="verifyMyAccount" storage="d:\newpeg\testautomationproject\pegasustests\bin\debug\pegasustests.dll" id="afba5918-1f83-9617-8851-302085711f05">
      <Execution id="4f24a22c-53d6-4f15-8fc9-fcd167ac912b" />
      <TestMethod codeBase="D:\NEWPEG\TestAutomationProject\PegasusTests\bin\Debug\PegasusTests.dll" adapterTypeName="Microsoft.VisualStudio.TestTools.TestTypes.Unit.UnitTestAdapter" className="PegasusTests.Scripts.LoginTests.VerifyMyAccount" name="verifyMyAccount" />
    </UnitTest>
    <UnitTest name="forgetPassword" storage="d:\newpeg\testautomationproject\pegasustests\bin\debug\pegasustests.dll" id="78b5d5ce-3bf4-07ed-7bbc-4f7171936cf1">
      <Execution id="26faaa46-592c-48d7-8847-aaec64e685d1" />
      <TestMethod codeBase="D:\NEWPEG\TestAutomationProject\PegasusTests\bin\Debug\PegasusTests.dll" adapterTypeName="Microsoft.VisualStudio.TestTools.TestTypes.Unit.UnitTestAdapter" className="PegasusTests.Scripts.LoginTests.ForgetPassword" name="forgetPassword" />
    </UnitTest>
    <UnitTest name="addLeadsPartnerAgnet" storage="d:\newpeg\testautomationproject\pegasustests\bin\debug\pegasustests.dll" id="bdc07066-41b3-6e13-a736-f2f68dbc0d74">
      <Execution id="7ddf8ea2-7d6a-4c5a-ab7c-889dacaedec4" />
      <TestMethod codeBase="D:\NEWPEG\TestAutomationProject\PegasusTests\bin\Debug\PegasusTests.dll" adapterTypeName="Microsoft.VisualStudio.TestTools.TestTypes.Unit.UnitTestAdapter" className="PegasusTests.Scripts.ClientsTests.AddLeadsPartnerAgnet" name="addLeadsPartnerAgnet" />
    </UnitTest>
    <UnitTest name="bulkChangePartnerAgentForLead" storage="d:\newpeg\testautomationproject\pegasustests\bin\debug\pegasustests.dll" id="85396f91-de65-3e6e-b43f-aff9afadf6bb">
      <Execution id="7685b6be-a6f5-44d5-8fdd-e2f22e5712b9" />
      <TestMethod codeBase="D:\NEWPEG\TestAutomationProject\PegasusTests\bin\Debug\PegasusTests.dll" adapterTypeName="Microsoft.VisualStudio.TestTools.TestTypes.Unit.UnitTestAdapter" className="PegasusTests.Scripts.ClientsTests.BulkChangePartnerAgentForLead" name="bulkChangePartnerAgentForLead" />
    </UnitTest>
    <UnitTest name="changePartnerAgentForLead" storage="d:\newpeg\testautomationproject\pegasustests\bin\debug\pegasustests.dll" id="7a8acec7-b507-2dbe-fb30-76bca53789c8">
      <Execution id="a3cbb2f6-1901-4348-aa42-49af32438000" />
      <TestMethod codeBase="D:\NEWPEG\TestAutomationProject\PegasusTests\bin\Debug\PegasusTests.dll" adapterTypeName="Microsoft.VisualStudio.TestTools.TestTypes.Unit.UnitTestAdapter" className="PegasusTests.Scripts.ClientsTests.ChangePartnerAgentForLead" name="changePartnerAgentForLead" />
    </UnitTest>
    <UnitTest name="convertLeadWithMovingRecycleBinPartnerAgnet" storage="d:\newpeg\testautomationproject\pegasustests\bin\debug\pegasustests.dll" id="fa1abf44-a19f-a27d-1162-7aedc27f8b2b">
      <Execution id="a311c64d-f2e4-480f-9be1-234eea4b551b" />
      <TestMethod codeBase="D:\NEWPEG\TestAutomationProject\PegasusTests\bin\Debug\PegasusTests.dll" adapterTypeName="Microsoft.VisualStudio.TestTools.TestTypes.Unit.UnitTestAdapter" className="PegasusTests.Scripts.ClientsTests.ConvertLeadWithMovingRecycleBinPartnerAgnet" name="convertLeadWithMovingRecycleBinPartnerAgnet" />
    </UnitTest>
    <UnitTest name="convertLeadPartnerAgnet" storage="d:\newpeg\testautomationproject\pegasustests\bin\debug\pegasustests.dll" id="b38443cb-9263-d47d-e97a-8217d5611fca">
      <Execution id="69a9ab43-415b-4492-9d8d-35c137a3b4e3" />
      <TestMethod codeBase="D:\NEWPEG\TestAutomationProject\PegasusTests\bin\Debug\PegasusTests.dll" adapterTypeName="Microsoft.VisualStudio.TestTools.TestTypes.Unit.UnitTestAdapter" className="PegasusTests.Scripts.ClientsTests.ConvertLeadPartnerAgnet" name="convertLeadPartnerAgnet" />
    </UnitTest>
    <UnitTest name="deleteLeadsOfPartnerAgnetFromOffice" storage="d:\newpeg\testautomationproject\pegasustests\bin\debug\pegasustests.dll" id="ef4ddd7f-3169-db5b-3647-7751270dce7f">
      <Execution id="fcf9ec57-8f2a-4059-8fd5-be60b795e5eb" />
      <TestMethod codeBase="D:\NEWPEG\TestAutomationProject\PegasusTests\bin\Debug\PegasusTests.dll" adapterTypeName="Microsoft.VisualStudio.TestTools.TestTypes.Unit.UnitTestAdapter" className="PegasusTests.Scripts.ClientsTests.DeleteLeadsOfPartnerAgnetFromOffice" name="deleteLeadsOfPartnerAgnetFromOffice" />
    </UnitTest>
    <UnitTest name="deSelectPartnerAgentAndAssociation" storage="d:\newpeg\testautomationproject\pegasustests\bin\debug\pegasustests.dll" id="f2bcd24e-9067-9346-f03b-69c6875d755e">
      <Execution id="84300f71-88db-44fd-bfbc-b07d40b5ea6c" />
      <TestMethod codeBase="D:\NEWPEG\TestAutomationProject\PegasusTests\bin\Debug\PegasusTests.dll" adapterTypeName="Microsoft.VisualStudio.TestTools.TestTypes.Unit.UnitTestAdapter" className="PegasusTests.Scripts.ClientsTests.DeSelectPartnerAgentAndAssociation" name="deSelectPartnerAgentAndAssociation" />
    </UnitTest>
    <UnitTest name="deSelectPartnerAgentForLead" storage="d:\newpeg\testautomationproject\pegasustests\bin\debug\pegasustests.dll" id="1cb61c1a-1d85-67cc-f934-0567de32cd41">
      <Execution id="a31e3851-f749-4425-92b8-2300650cd579" />
      <TestMethod codeBase="D:\NEWPEG\TestAutomationProject\PegasusTests\bin\Debug\PegasusTests.dll" adapterTypeName="Microsoft.VisualStudio.TestTools.TestTypes.Unit.UnitTestAdapter" className="PegasusTests.Scripts.ClientsTests.DeSelectPartnerAgentForLead" name="deSelectPartnerAgentForLead" />
    </UnitTest>
    <UnitTest name="editLeadsPartnerAgnet" storage="d:\newpeg\testautomationproject\pegasustests\bin\debug\pegasustests.dll" id="92a1bdcd-c11a-62c2-2434-e52cfdc14fc0">
      <Execution id="fe7634bd-39da-4287-a73a-876b34ef152e" />
      <TestMethod codeBase="D:\NEWPEG\TestAutomationProject\PegasusTests\bin\Debug\PegasusTests.dll" adapterTypeName="Microsoft.VisualStudio.TestTools.TestTypes.Unit.UnitTestAdapter" className="PegasusTests.Scripts.ClientsTests.EditLeadsPartnerAgnet" name="editLeadsPartnerAgnet" />
    </UnitTest>
    <UnitTest name="editPartnerAgnet" storage="d:\newpeg\testautomationproject\pegasustests\bin\debug\pegasustests.dll" id="e3c3b9f0-3a39-9b63-266c-9053b6746118">
      <Execution id="6289b692-b43c-4e17-aefc-bb14454b0ef6" />
      <TestMethod codeBase="D:\NEWPEG\TestAutomationProject\PegasusTests\bin\Debug\PegasusTests.dll" adapterTypeName="Microsoft.VisualStudio.TestTools.TestTypes.Unit.UnitTestAdapter" className="PegasusTests.Scripts.ClientsTests.EditPartnerAgnet" name="editPartnerAgnet" />
    </UnitTest>
    <UnitTest name="leadforPartnerAgentAndAssociation" storage="d:\newpeg\testautomationproject\pegasustests\bin\debug\pegasustests.dll" id="393ff653-a3a0-0abd-e2b9-460cce49cafb">
      <Execution id="f8d1381f-868c-4d52-951c-568dc9659631" />
      <TestMethod codeBase="D:\NEWPEG\TestAutomationProject\PegasusTests\bin\Debug\PegasusTests.dll" adapterTypeName="Microsoft.VisualStudio.TestTools.TestTypes.Unit.UnitTestAdapter" className="PegasusTests.Scripts.ClientsTests.LeadforPartnerAgentAndAssociation" name="leadforPartnerAgentAndAssociation" />
    </UnitTest>
    <UnitTest name="leadswithPartnerAgentAndBlankPartnerAssociation" storage="d:\newpeg\testautomationproject\pegasustests\bin\debug\pegasustests.dll" id="04bc96ff-0871-d18a-c379-235677b3f887">
      <Execution id="d7da7073-d321-4ed5-b73c-1d6ac75f85c0" />
      <TestMethod codeBase="D:\NEWPEG\TestAutomationProject\PegasusTests\bin\Debug\PegasusTests.dll" adapterTypeName="Microsoft.VisualStudio.TestTools.TestTypes.Unit.UnitTestAdapter" className="PegasusTests.Scripts.ClientsTests.LeadswithPartnerAgentAndBlankPartnerAssociation" name="leadswithPartnerAgentAndBlankPartnerAssociation" />
    </UnitTest>
    <UnitTest name="loginAsPartnerAgent" storage="d:\newpeg\testautomationproject\pegasustests\bin\debug\pegasustests.dll" id="88245557-3318-b62a-4f78-efe6823f020a">
      <Execution id="30c51bd4-f61d-479a-95bc-420a684d11c2" />
      <TestMethod codeBase="D:\NEWPEG\TestAutomationProject\PegasusTests\bin\Debug\PegasusTests.dll" adapterTypeName="Microsoft.VisualStudio.TestTools.TestTypes.Unit.UnitTestAdapter" className="PegasusTests.Scripts.ClientsTests.LoginAsPartnerAgent" name="loginAsPartnerAgent" />
    </UnitTest>
    <UnitTest name="loginAsPartnerAssociation" storage="d:\newpeg\testautomationproject\pegasustests\bin\debug\pegasustests.dll" id="ada679da-9b1e-bb0a-81d0-38da5304756b">
      <Execution id="1fa1c469-32a6-4135-8860-a021e3d48837" />
      <TestMethod codeBase="D:\NEWPEG\TestAutomationProject\PegasusTests\bin\Debug\PegasusTests.dll" adapterTypeName="Microsoft.VisualStudio.TestTools.TestTypes.Unit.UnitTestAdapter" className="PegasusTests.Scripts.ClientsTests.LoginAsPartnerAssociation" name="loginAsPartnerAssociation" />
    </UnitTest>
    <UnitTest name="partnerAgnetReportDownlaodToCSV" storage="d:\newpeg\testautomationproject\pegasustests\bin\debug\pegasustests.dll" id="f1076d8a-c072-3bc9-d09a-ad00fb451555">
      <Execution id="a627db85-6afb-4997-81b1-d48091bde9a3" />
      <TestMethod codeBase="D:\NEWPEG\TestAutomationProject\PegasusTests\bin\Debug\PegasusTests.dll" adapterTypeName="Microsoft.VisualStudio.TestTools.TestTypes.Unit.UnitTestAdapter" className="PegasusTests.Scripts.ClientsTests.PartnerAgnetReportDownlaodToCSV" name="partnerAgnetReportDownlaodToCSV" />
    </UnitTest>
    <UnitTest name="partnerAgnetDownlaodToCSV" storage="d:\newpeg\testautomationproject\pegasustests\bin\debug\pegasustests.dll" id="1406bb24-1420-0373-f4b3-5aa2e79ad216">
      <Execution id="959333c7-b22e-4dc7-94dd-7a0150c17fa7" />
      <TestMethod codeBase="D:\NEWPEG\TestAutomationProject\PegasusTests\bin\Debug\PegasusTests.dll" adapterTypeName="Microsoft.VisualStudio.TestTools.TestTypes.Unit.UnitTestAdapter" className="PegasusTests.Scripts.ClientsTests.PartnerAgnetReportDownlaodToExcel" name="partnerAgnetDownlaodToCSV" />
    </UnitTest>
    <UnitTest name="partnerAgnetReportDownlaodToPDF" storage="d:\newpeg\testautomationproject\pegasustests\bin\debug\pegasustests.dll" id="fbd11205-a53d-3b31-f61c-9733d9901426">
      <Execution id="cacf3ba7-411b-44bd-b12f-47195fdd2b14" />
      <TestMethod codeBase="D:\NEWPEG\TestAutomationProject\PegasusTests\bin\Debug\PegasusTests.dll" adapterTypeName="Microsoft.VisualStudio.TestTools.TestTypes.Unit.UnitTestAdapter" className="PegasusTests.Scripts.ClientsTests.PartnerAgnetReportDownlaodToPDF" name="partnerAgnetReportDownlaodToPDF" />
    </UnitTest>
    <UnitTest name="payoutsPartnerAgnetExport" storage="d:\newpeg\testautomationproject\pegasustests\bin\debug\pegasustests.dll" id="e672af1c-bcaf-16c4-86a8-73bfba0e55d9">
      <Execution id="23c20f51-48a4-419a-823a-4d12cde112a2" />
      <TestMethod codeBase="D:\NEWPEG\TestAutomationProject\PegasusTests\bin\Debug\PegasusTests.dll" adapterTypeName="Microsoft.VisualStudio.TestTools.TestTypes.Unit.UnitTestAdapter" className="PegasusTests.Scripts.ClientsTests.PayoutsPartnerAgnetExport" name="payoutsPartnerAgnetExport" />
    </UnitTest>
    <UnitTest name="payoutsPartnerAgnetReprtPrint" storage="d:\newpeg\testautomationproject\pegasustests\bin\debug\pegasustests.dll" id="53849bef-89f3-a2ef-9524-6b5eb35a9ba4">
      <Execution id="33efb06f-ea99-4583-9faa-0bca5fd0a45d" />
      <TestMethod codeBase="D:\NEWPEG\TestAutomationProject\PegasusTests\bin\Debug\PegasusTests.dll" adapterTypeName="Microsoft.VisualStudio.TestTools.TestTypes.Unit.UnitTestAdapter" className="PegasusTests.Scripts.ClientsTests.PayoutsPartnerAgnetReprtPrint" name="payoutsPartnerAgnetReprtPrint" />
    </UnitTest>
    <UnitTest name="selectPartnerAgentForLeads" storage="d:\newpeg\testautomationproject\pegasustests\bin\debug\pegasustests.dll" id="8101f2e3-e145-3ca1-3852-7412784f7c59">
      <Execution id="75423c1a-35ce-41f7-947e-d4bd9abc0c6b" />
      <TestMethod codeBase="D:\NEWPEG\TestAutomationProject\PegasusTests\bin\Debug\PegasusTests.dll" adapterTypeName="Microsoft.VisualStudio.TestTools.TestTypes.Unit.UnitTestAdapter" className="PegasusTests.Scripts.ClientsTests.SelectPartnerAgentForLeads" name="selectPartnerAgentForLeads" />
    </UnitTest>
    <UnitTest name="updatePartnerAgnetLeadFromOffice" storage="d:\newpeg\testautomationproject\pegasustests\bin\debug\pegasustests.dll" id="e1d948f9-6bb4-eeab-2a87-2f116760c039">
      <Execution id="e72ef466-2899-4a02-b291-b59dd31608c1" />
      <TestMethod codeBase="D:\NEWPEG\TestAutomationProject\PegasusTests\bin\Debug\PegasusTests.dll" adapterTypeName="Microsoft.VisualStudio.TestTools.TestTypes.Unit.UnitTestAdapter" className="PegasusTests.Scripts.ClientsTests.UpdatePartnerAgnetLeadFromOffice" name="updatePartnerAgnetLeadFromOffice" />
    </UnitTest>
  </TestDefinitions>
  <TestEntries>
    <TestEntry testId="a6e6f0fe-2ffb-cd75-d4e8-925ffafeadc5" executionId="959273fa-7e16-4d59-abc2-e406ed8592e6" testListId="8c84fa94-04c1-424b-9868-57a2d4851a1d" />
    <TestEntry testId="790ceffe-b590-3a28-5457-3de7b1374d10" executionId="4fee6b7e-470b-4e31-b439-ab4b21aa7d0b" testListId="8c84fa94-04c1-424b-9868-57a2d4851a1d" />
    <TestEntry testId="7ae0591f-6c70-9eb7-be22-477a27c77af2" executionId="d6f68f38-c377-4198-ae4f-2dd0093d1c13" testListId="8c84fa94-04c1-424b-9868-57a2d4851a1d" />
    <TestEntry testId="dfcd1364-8715-1a63-1d78-3bcbb19f73f0" executionId="d4dbaf11-eb9c-4d79-a3df-8c5e713f7e94" testListId="8c84fa94-04c1-424b-9868-57a2d4851a1d" />
    <TestEntry testId="3f542d8e-845e-a50b-2055-f981f685d611" executionId="ba60e891-0a7b-4b8a-8736-b36797f95cbd" testListId="8c84fa94-04c1-424b-9868-57a2d4851a1d" />
    <TestEntry testId="46fa97d1-ad6b-1ada-1404-d5f88c4c7781" executionId="d40e37f8-f565-4e7b-b5fb-f7b29f99b1bf" testListId="8c84fa94-04c1-424b-9868-57a2d4851a1d" />
    <TestEntry testId="50c39f3a-deab-e4dc-5731-c1604403f86c" executionId="ca78a64b-7fa9-44f5-8ba0-b007907d1e21" testListId="8c84fa94-04c1-424b-9868-57a2d4851a1d" />
    <TestEntry testId="008c5e5d-ef86-0ab1-9789-d60d0c1d3197" executionId="ac010a02-eaf3-4b5e-a350-976fe43f039a" testListId="8c84fa94-04c1-424b-9868-57a2d4851a1d" />
    <TestEntry testId="4d2d65e4-1d70-08a4-cffa-4d77a3741c53" executionId="4644c8bb-df95-44fe-992c-d646f94367a8" testListId="8c84fa94-04c1-424b-9868-57a2d4851a1d" />
    <TestEntry testId="248f47f9-36e5-bddc-4a68-33cabbbe11e2" executionId="38509073-b904-4fa6-a913-412fb5f80683" testListId="8c84fa94-04c1-424b-9868-57a2d4851a1d" />
    <TestEntry testId="fb6f0898-b493-d22e-5baa-a0a8cb2f401a" executionId="f28b0530-f8ca-47cc-8d37-3bec09edeb97" testListId="8c84fa94-04c1-424b-9868-57a2d4851a1d" />
    <TestEntry testId="a620d826-239b-b69a-8a7e-41491137efb2" executionId="56b86602-6994-401e-81ce-db71d2e9e77f" testListId="8c84fa94-04c1-424b-9868-57a2d4851a1d" />
    <TestEntry testId="7c6badc4-8ff7-69fe-06b2-deaa8fa7de49" executionId="201277c4-bd25-40ba-b2f2-b1178c6282dd" testListId="8c84fa94-04c1-424b-9868-57a2d4851a1d" />
    <TestEntry testId="088a859a-f8d6-b8c3-7666-fd8df99b3c7c" executionId="d5f80d41-6719-439e-ac2b-f772213eaad4" testListId="8c84fa94-04c1-424b-9868-57a2d4851a1d" />
    <TestEntry testId="7f096431-aff4-bfac-7c6d-19b2f4b24a1f" executionId="55d742e5-b106-4960-a1a6-985a9da9cfca" testListId="8c84fa94-04c1-424b-9868-57a2d4851a1d" />
    <TestEntry testId="05224286-d5f4-dcbe-2881-62f25f8222fb" executionId="25a0a107-fa2f-406e-ac6b-4ce03759e218" testListId="8c84fa94-04c1-424b-9868-57a2d4851a1d" />
    <TestEntry testId="0b776fec-a2f6-f823-1e7f-ca6facbaf7a1" executionId="3fc5d1c2-44dd-4725-a13b-bfab7dc0fbf1" testListId="8c84fa94-04c1-424b-9868-57a2d4851a1d" />
    <TestEntry testId="47fd048a-c76e-e320-7b07-a8e3c3d2f99b" executionId="eb910d2e-45e5-41f2-9681-283d57fede3c" testListId="8c84fa94-04c1-424b-9868-57a2d4851a1d" />
    <TestEntry testId="8f7e6d9d-4f84-b9f9-fcf2-70b2c43a6e7c" executionId="c2db6067-6856-4fde-8333-9447343121bd" testListId="8c84fa94-04c1-424b-9868-57a2d4851a1d" />
    <TestEntry testId="c9c2ac7d-813d-0f45-2100-bc9ed43f7e6e" executionId="8419c9bf-df68-4721-be7b-b1608d60d622" testListId="8c84fa94-04c1-424b-9868-57a2d4851a1d" />
    <TestEntry testId="1c98e8cb-2c21-68e1-4fbb-31a4b44a5e70" executionId="21db7e7d-50e8-4ad8-a666-3d9b71bf0650" testListId="8c84fa94-04c1-424b-9868-57a2d4851a1d" />
    <TestEntry testId="a4c36a63-6d60-9932-2393-7b23fd064fa7" executionId="c8859fac-9dc9-4128-885a-31ad867b1924" testListId="8c84fa94-04c1-424b-9868-57a2d4851a1d" />
    <TestEntry testId="548eb0e3-21c4-4f0b-6b5a-58dc4d03c378" executionId="5bc15b00-fc3b-44c3-8f18-f08ca59c2b45" testListId="8c84fa94-04c1-424b-9868-57a2d4851a1d" />
    <TestEntry testId="eb95b563-6c8f-738d-73ea-9e48afb409f8" executionId="34f8f26d-a6d5-45c2-90a8-2b3d90963998" testListId="8c84fa94-04c1-424b-9868-57a2d4851a1d" />
    <TestEntry testId="f86c3330-00a8-424d-28ff-0ee2fe2002c8" executionId="595429b7-b1e4-4fd0-b3c7-c410f5e0e04e" testListId="8c84fa94-04c1-424b-9868-57a2d4851a1d" />
    <TestEntry testId="d24f2fae-89a0-1b3b-76b3-44baabcb5d6e" executionId="0f20f64c-74af-4699-b79f-4af67372b4a8" testListId="8c84fa94-04c1-424b-9868-57a2d4851a1d" />
    <TestEntry testId="648a1cba-e95b-959b-c7d9-e09e6e43f4f8" executionId="8f841a92-63fa-4ea1-a6fb-16f688598833" testListId="8c84fa94-04c1-424b-9868-57a2d4851a1d" />
    <TestEntry testId="a771f3bb-1db6-e6e4-01e7-f17c339df556" executionId="5ce85f02-9e0f-411c-b66a-b1f04be4bf1c" testListId="8c84fa94-04c1-424b-9868-57a2d4851a1d" />
    <TestEntry testId="c0637c1d-f672-6fa8-3f85-f728e50bbc6c" executionId="2a690b74-e40e-4823-ae87-0268477ce197" testListId="8c84fa94-04c1-424b-9868-57a2d4851a1d" />
    <TestEntry testId="f72bb24f-988c-3b43-a32f-158b98110281" executionId="4832ae59-78f1-468b-8e54-290811802ef8" testListId="8c84fa94-04c1-424b-9868-57a2d4851a1d" />
    <TestEntry testId="cfb0f6ec-6ce9-745c-c7a5-163c7d6a42fb" executionId="a800ace0-5e25-471c-a7c1-20f337ad5fcd" testListId="8c84fa94-04c1-424b-9868-57a2d4851a1d" />
    <TestEntry testId="b2792e2e-fd0d-2979-2990-af7b9f75f852" executionId="e3b5131f-6afd-4827-93f4-f3980e56f6a2" testListId="8c84fa94-04c1-424b-9868-57a2d4851a1d" />
    <TestEntry testId="4e87a394-78ea-6e75-6bbc-04fc2a824a8d" executionId="5e0ec70d-bef7-489b-94d9-afcbf3a2e96b" testListId="8c84fa94-04c1-424b-9868-57a2d4851a1d" />
    <TestEntry testId="b781ea2d-3fa7-f022-b12b-7518aed4e80b" executionId="36073467-7737-4b47-9119-cf7397cd9c0d" testListId="8c84fa94-04c1-424b-9868-57a2d4851a1d" />
    <TestEntry testId="388d959a-5d03-4ba2-ec94-49e207d35a92" executionId="2b648eeb-22f1-488e-aa9b-fde5cdf842ab" testListId="8c84fa94-04c1-424b-9868-57a2d4851a1d" />
    <TestEntry testId="3ef6a145-6cdb-7d16-85c8-914d8ac1050f" executionId="2ab373e8-3c5c-45b9-baed-d57e12163e58" testListId="8c84fa94-04c1-424b-9868-57a2d4851a1d" />
    <TestEntry testId="7961822f-678f-5674-a904-a5bb09b936af" executionId="2fcd5cb4-4a24-4833-977e-7f939b7a082a" testListId="8c84fa94-04c1-424b-9868-57a2d4851a1d" />
    <TestEntry testId="efe6a825-39bd-2033-8402-8c8b5885a109" executionId="2fc835bd-0d6d-4cf3-b8de-80acbfbca723" testListId="8c84fa94-04c1-424b-9868-57a2d4851a1d" />
    <TestEntry testId="9db6b81e-8fd2-b76a-e77b-2dadb0a8d54d" executionId="ad301ad0-86c3-4a9a-a8d8-d34535bb6aa6" testListId="8c84fa94-04c1-424b-9868-57a2d4851a1d" />
    <TestEntry testId="a8c75908-ddb6-1db2-d0ba-4ed86c0e0e1c" executionId="775c652c-9a35-479b-a66f-76bd5fa1eada" testListId="8c84fa94-04c1-424b-9868-57a2d4851a1d" />
    <TestEntry testId="8c11438e-5f1c-d5e5-c11f-9bcfbcbfb539" executionId="5d689505-4214-4b4c-8eb4-fd50e98107b4" testListId="8c84fa94-04c1-424b-9868-57a2d4851a1d" />
    <TestEntry testId="cb77648c-7227-f42f-ea63-16ebd87b0329" executionId="4f227f4f-54c4-4dea-bdd9-568af70b9bf1" testListId="8c84fa94-04c1-424b-9868-57a2d4851a1d" />
    <TestEntry testId="41bdd9db-f1be-28f2-1c70-9ac0e9297039" executionId="77651fe2-d8d5-4f2f-9e37-32155d7c169c" testListId="8c84fa94-04c1-424b-9868-57a2d4851a1d" />
    <TestEntry testId="6e9f5d23-2e28-868d-db40-1911d5df9da8" executionId="d18df533-26dc-462b-a322-f093158d5f80" testListId="8c84fa94-04c1-424b-9868-57a2d4851a1d" />
    <TestEntry testId="d0bebc65-f4fa-af8b-e0d2-05b40daf4c87" executionId="4978e2bf-bad6-4b02-8032-469175a2c1e9" testListId="8c84fa94-04c1-424b-9868-57a2d4851a1d" />
    <TestEntry testId="9bfe4665-9ab1-3e46-343e-9a00c4adbced" executionId="c0915242-8955-448a-9dca-7cab4369c481" testListId="8c84fa94-04c1-424b-9868-57a2d4851a1d" />
    <TestEntry testId="afce73ee-a588-ccf1-fcca-4853aba2fc38" executionId="aa421f9f-7d63-414d-9f8f-10d6f2681e32" testListId="8c84fa94-04c1-424b-9868-57a2d4851a1d" />
    <TestEntry testId="2ee955ab-0aad-78d1-b0ae-7df1d253f8b5" executionId="22057306-678d-4904-b94e-8bf1f159f137" testListId="8c84fa94-04c1-424b-9868-57a2d4851a1d" />
    <TestEntry testId="b6c4f62d-fa46-344a-7812-5ffe0ca1743e" executionId="551b6a1f-107d-426d-8a0e-34e4e0ffa0a6" testListId="8c84fa94-04c1-424b-9868-57a2d4851a1d" />
    <TestEntry testId="3d62c0a4-6403-3cdf-9081-3e638f24e9d8" executionId="b0f17ece-6fec-4e98-a902-36f8a6e6a807" testListId="8c84fa94-04c1-424b-9868-57a2d4851a1d" />
    <TestEntry testId="7514df2c-13cf-e9df-04e2-8ac441203afd" executionId="002e2b84-5591-4013-88db-9c9bdef3d1d4" testListId="8c84fa94-04c1-424b-9868-57a2d4851a1d" />
    <TestEntry testId="5ca045f6-44b7-6b2b-7bb1-9d718f9fdc30" executionId="312373f8-ca50-4ba8-99c5-29b551f96d17" testListId="8c84fa94-04c1-424b-9868-57a2d4851a1d" />
    <TestEntry testId="e37eaedf-50d8-e5ef-128a-2e0b1db615e2" executionId="68c50479-c33e-4edf-a4e3-34d60c3f16fb" testListId="8c84fa94-04c1-424b-9868-57a2d4851a1d" />
    <TestEntry testId="ad688757-ac0d-7155-c13f-c5720bbaf750" executionId="0d01cc4b-1bcc-4176-8e22-83f030c08f32" testListId="8c84fa94-04c1-424b-9868-57a2d4851a1d" />
    <TestEntry testId="219eb49f-ecb5-ec1f-81c5-0809faec76b7" executionId="2d4001c5-622a-4a4f-ae11-a417d050b1f3" testListId="8c84fa94-04c1-424b-9868-57a2d4851a1d" />
    <TestEntry testId="1314e3d5-b5cd-529d-9e47-2cbdecfcb69a" executionId="1f3627f7-a541-410e-878c-b76de752a07e" testListId="8c84fa94-04c1-424b-9868-57a2d4851a1d" />
    <TestEntry testId="5405a815-87a0-bc5b-eafb-f4ef78ae58c0" executionId="1ba0af5d-d95a-4eb8-af01-9a37b12a98cb" testListId="8c84fa94-04c1-424b-9868-57a2d4851a1d" />
    <TestEntry testId="b48476c2-2032-d43e-7048-725cc526318f" executionId="171f537f-11ba-4f28-969e-dda6f8e7b7e5" testListId="8c84fa94-04c1-424b-9868-57a2d4851a1d" />
    <TestEntry testId="90434917-c3c3-98a9-1b62-303bc3fb4c9b" executionId="877ddf71-aa74-4ba5-9614-07955c908c3f" testListId="8c84fa94-04c1-424b-9868-57a2d4851a1d" />
    <TestEntry testId="eb06d663-e2bd-0152-32ef-41c80c26d0c3" executionId="fae64871-c9dc-4dc8-a82b-56eb6c4b28e6" testListId="8c84fa94-04c1-424b-9868-57a2d4851a1d" />
    <TestEntry testId="76ff5c95-614a-b070-4107-b9df772820bd" executionId="4e9bd721-47a9-4759-862d-33f9033e8a79" testListId="8c84fa94-04c1-424b-9868-57a2d4851a1d" />
    <TestEntry testId="7407b576-15fa-1515-b38c-98835ca20038" executionId="9f8ddf7e-265b-4699-964f-b75120640395" testListId="8c84fa94-04c1-424b-9868-57a2d4851a1d" />
    <TestEntry testId="17fdd1fe-270c-64a6-d739-d781e7095dd1" executionId="2560b113-a950-4903-92f9-9bde9fbb46c9" testListId="8c84fa94-04c1-424b-9868-57a2d4851a1d" />
    <TestEntry testId="b8a8044d-978a-8a80-66f9-bcc498c286f3" executionId="6c2954ef-8ab0-42ca-8358-387684c332e2" testListId="8c84fa94-04c1-424b-9868-57a2d4851a1d" />
    <TestEntry testId="1570d631-e7ea-d1ff-8029-9c3057b97dcb" executionId="9eaa144f-4af3-471c-bdde-2f0d9f8844fe" testListId="8c84fa94-04c1-424b-9868-57a2d4851a1d" />
    <TestEntry testId="b7060749-cc7c-f6d3-3481-8c42e21b3071" executionId="f1420e99-115d-4755-ae8a-99dd25d168e9" testListId="8c84fa94-04c1-424b-9868-57a2d4851a1d" />
    <TestEntry testId="a5003c8e-f670-4ae4-4888-492acd6501fd" executionId="4bc08dc5-af22-4e09-98c2-25c0ed394434" testListId="8c84fa94-04c1-424b-9868-57a2d4851a1d" />
    <TestEntry testId="c3c74573-8aa0-3f93-faf4-08e73200b2fb" executionId="151a9c62-fb91-4b9f-a12a-3335af21a7af" testListId="8c84fa94-04c1-424b-9868-57a2d4851a1d" />
    <TestEntry testId="bba01396-a4ff-a857-1225-cd8c3d9cf69d" executionId="bcb6884c-950d-40a9-91a4-1e4c50721097" testListId="8c84fa94-04c1-424b-9868-57a2d4851a1d" />
    <TestEntry testId="b5ea6483-8bda-df9e-a94a-f1e90c2e8b78" executionId="e50c7244-2e51-4c41-8af6-3300ac28a47c" testListId="8c84fa94-04c1-424b-9868-57a2d4851a1d" />
    <TestEntry testId="9139d99a-d133-0db5-0df9-24603733ff01" executionId="23180107-c595-4a7f-bac4-f265ec69b215" testListId="8c84fa94-04c1-424b-9868-57a2d4851a1d" />
    <TestEntry testId="b74601fa-5524-5849-2801-67c89509a4cc" executionId="0cb38fb7-9434-4234-97db-1a3859ec5d8b" testListId="8c84fa94-04c1-424b-9868-57a2d4851a1d" />
    <TestEntry testId="5b981013-6e19-2796-167a-db056a1146b6" executionId="a2c9e332-56e9-4028-b573-fb52b2c978e1" testListId="8c84fa94-04c1-424b-9868-57a2d4851a1d" />
    <TestEntry testId="810e9aa4-12cc-8876-4758-37764078bd1e" executionId="3dda03ff-fc1b-4d7f-8fd9-3a536deef804" testListId="8c84fa94-04c1-424b-9868-57a2d4851a1d" />
    <TestEntry testId="c500ef12-b258-d9e7-3931-6d83029c3bf2" executionId="7125ad88-ba5b-4d2d-899c-5ed10083cf22" testListId="8c84fa94-04c1-424b-9868-57a2d4851a1d" />
    <TestEntry testId="228fe021-271a-77b0-8b1e-bb82f9b4f2b8" executionId="4f78be16-cb56-4c1b-9d49-131d4faebf0e" testListId="8c84fa94-04c1-424b-9868-57a2d4851a1d" />
    <TestEntry testId="543a2086-7131-2139-7889-ef78c386a170" executionId="7f51f0f3-c8fe-49c1-90e0-3d9ba85a2b29" testListId="8c84fa94-04c1-424b-9868-57a2d4851a1d" />
    <TestEntry testId="32926080-17d3-c24b-002a-831b11800c4a" executionId="48fd23bb-b87d-413d-98cd-1031829a38b8" testListId="8c84fa94-04c1-424b-9868-57a2d4851a1d" />
    <TestEntry testId="08616152-471d-ca5c-4c55-ee48c96e7b35" executionId="aa30f7f5-104b-471f-8d9c-8ccce80d376c" testListId="8c84fa94-04c1-424b-9868-57a2d4851a1d" />
    <TestEntry testId="ba3769cb-244f-e0b0-8e11-a7b958b8ae38" executionId="f119841c-1a46-4aad-a7bf-8a4fe21d2807" testListId="8c84fa94-04c1-424b-9868-57a2d4851a1d" />
    <TestEntry testId="92453fff-d6ee-dd73-5f8b-4e3153b47065" executionId="bcb8ebed-d22e-4de9-bb51-dc966f962919" testListId="8c84fa94-04c1-424b-9868-57a2d4851a1d" />
    <TestEntry testId="651d6b78-a40f-29ef-6e10-b02b04e398b4" executionId="8dd831b6-9dd0-4ea1-a67c-9f38f27df059" testListId="8c84fa94-04c1-424b-9868-57a2d4851a1d" />
    <TestEntry testId="a05da2cf-4cd3-65b8-818a-06a2d2a3b4de" executionId="290fb255-a10e-4b1e-a9f0-27a046a5840d" testListId="8c84fa94-04c1-424b-9868-57a2d4851a1d" />
    <TestEntry testId="1169ab88-e95c-c553-b453-7bcd8a41f6f4" executionId="95e335d6-9575-4784-8773-a32ac939275d" testListId="8c84fa94-04c1-424b-9868-57a2d4851a1d" />
    <TestEntry testId="00f75d03-5378-eb1d-6350-e89aa580adb2" executionId="8766a580-906b-4a1b-800f-691ae57f468c" testListId="8c84fa94-04c1-424b-9868-57a2d4851a1d" />
    <TestEntry testId="9e756ec8-b76c-6fd8-a996-d1641f2f9722" executionId="69980e17-f2d6-4f9d-80ef-4cac0abfec5f" testListId="8c84fa94-04c1-424b-9868-57a2d4851a1d" />
    <TestEntry testId="3557a54d-c3d7-ba1a-a18e-0ef754f74ee2" executionId="1d836ecd-342c-4f0d-806f-9305b7a6222e" testListId="8c84fa94-04c1-424b-9868-57a2d4851a1d" />
    <TestEntry testId="e176c49f-6b23-69b0-8b0e-bd3a4f4fd5e5" executionId="1944593e-714b-4a89-8118-534edd5f5f86" testListId="8c84fa94-04c1-424b-9868-57a2d4851a1d" />
    <TestEntry testId="fb3351c4-d959-8cdb-0fbd-808a986bb00d" executionId="8d7209f2-1c28-4720-a957-ff717b26b2b9" testListId="8c84fa94-04c1-424b-9868-57a2d4851a1d" />
    <TestEntry testId="5fb0896f-1494-658e-7bc2-ece8fd74cdb5" executionId="1511f458-b613-45ca-8d71-4261117c30a3" testListId="8c84fa94-04c1-424b-9868-57a2d4851a1d" />
    <TestEntry testId="8fd21b50-d88a-fe0f-cf46-0d27dd074b32" executionId="85ad9142-c940-4800-adca-631e36c3229e" testListId="8c84fa94-04c1-424b-9868-57a2d4851a1d" />
    <TestEntry testId="c9024737-9211-b879-2add-9028c59660ae" executionId="29ec97b0-1166-4ef0-a2a9-3c05a4c506e9" testListId="8c84fa94-04c1-424b-9868-57a2d4851a1d" />
    <TestEntry testId="becdf17b-599e-694e-227f-f01b28889349" executionId="a54d0a83-e590-43b8-b6cb-0e7dd5339d7d" testListId="8c84fa94-04c1-424b-9868-57a2d4851a1d" />
    <TestEntry testId="8f1795e0-44a3-6a13-e8b3-f1e12d861f04" executionId="5dc53440-c42d-47e7-81f2-42b9a8f4b82e" testListId="8c84fa94-04c1-424b-9868-57a2d4851a1d" />
    <TestEntry testId="df5710ba-d6b6-c2ae-3ca8-581becc706dd" executionId="e01f7f28-0963-488f-94f3-60f1c36adad3" testListId="8c84fa94-04c1-424b-9868-57a2d4851a1d" />
    <TestEntry testId="623c02c6-f7eb-bf8d-e1d5-aab3d81eac24" executionId="bc0ca444-1c12-4914-a55f-4672e5248e6e" testListId="8c84fa94-04c1-424b-9868-57a2d4851a1d" />
    <TestEntry testId="8d5d476b-9c9c-ad00-768f-67a097d33e4d" executionId="af26f9a2-e99b-4032-9040-b9f18aab70f8" testListId="8c84fa94-04c1-424b-9868-57a2d4851a1d" />
    <TestEntry testId="c9b92c5b-9956-8c37-f4c6-b7cc9d6a8df7" executionId="9a5e867e-55ad-4879-a0ae-ec068b3df3f2" testListId="8c84fa94-04c1-424b-9868-57a2d4851a1d" />
    <TestEntry testId="df904ff6-c109-ed96-e7e5-04bff3d55985" executionId="7f9e9b43-ab8b-42fc-aed2-bc86269e1071" testListId="8c84fa94-04c1-424b-9868-57a2d4851a1d" />
    <TestEntry testId="69b3fd7a-b7e7-820c-08b5-ba85108fc14b" executionId="86d4a517-6469-44e6-ac45-3a571fcfa914" testListId="8c84fa94-04c1-424b-9868-57a2d4851a1d" />
    <TestEntry testId="c876df0d-1b14-f60a-6301-18c49d076bef" executionId="45448f23-03b4-4dfd-83fd-c9a4f22807ae" testListId="8c84fa94-04c1-424b-9868-57a2d4851a1d" />
    <TestEntry testId="ea464dea-b70d-0bf7-cc6b-fbe36800473c" executionId="4ec1f5fc-2b71-48d6-ae1a-dc3176c8f71b" testListId="8c84fa94-04c1-424b-9868-57a2d4851a1d" />
    <TestEntry testId="7f1560c5-0f25-a393-b052-8a90980741b4" executionId="aa2c94bd-5842-461c-8246-2a18e1d9568e" testListId="8c84fa94-04c1-424b-9868-57a2d4851a1d" />
    <TestEntry testId="a9c6e912-320c-dceb-d44e-020043374690" executionId="6156bfe9-768c-43d5-9b17-100d8556fbc6" testListId="8c84fa94-04c1-424b-9868-57a2d4851a1d" />
    <TestEntry testId="c942385d-763e-cc76-277e-d70838e4788c" executionId="17b8458d-3dd8-42a4-b58d-769aacff381a" testListId="8c84fa94-04c1-424b-9868-57a2d4851a1d" />
    <TestEntry testId="3e966a8c-c546-b290-9e43-a728e271daaa" executionId="2c7eaf30-ab30-4fb0-a929-10fc0ec45c71" testListId="8c84fa94-04c1-424b-9868-57a2d4851a1d" />
    <TestEntry testId="602d87f1-7456-a6b5-dafb-409eab5443f6" executionId="998b80ce-ebac-4d8d-96d9-d434bff880c9" testListId="8c84fa94-04c1-424b-9868-57a2d4851a1d" />
    <TestEntry testId="bdbf5c48-12fd-5bb4-daa7-2a08af493fa1" executionId="cf30b724-f98b-4387-84be-3baa343d017f" testListId="8c84fa94-04c1-424b-9868-57a2d4851a1d" />
    <TestEntry testId="54c79410-b3e8-ba0e-9763-525e8b7dfcf4" executionId="4dcffa23-76f8-4013-a0b4-0337ceb8e957" testListId="8c84fa94-04c1-424b-9868-57a2d4851a1d" />
    <TestEntry testId="3911164c-1708-8f71-1eb6-f330e0f2e291" executionId="3deb0b23-b492-4895-90fe-4333deda4308" testListId="8c84fa94-04c1-424b-9868-57a2d4851a1d" />
    <TestEntry testId="71ae46a4-017f-4793-fa99-0fee96d5382d" executionId="7270e3ca-e592-4dce-991c-37d37f56a225" testListId="8c84fa94-04c1-424b-9868-57a2d4851a1d" />
    <TestEntry testId="ebc1986e-2175-a9fb-a159-f10ea5e1b281" executionId="3f174ed9-80c9-4e7d-9b88-3154166d18e2" testListId="8c84fa94-04c1-424b-9868-57a2d4851a1d" />
    <TestEntry testId="18f218b5-07f2-c5c8-5450-9f2e544966bc" executionId="135d025e-2515-4448-83b5-b26c03713e4e" testListId="8c84fa94-04c1-424b-9868-57a2d4851a1d" />
    <TestEntry testId="c4642b3c-0ec0-f172-c646-1e5995293a4e" executionId="567873ea-13b4-4b65-855c-0f55909ccf38" testListId="8c84fa94-04c1-424b-9868-57a2d4851a1d" />
    <TestEntry testId="4dd246e5-5859-015d-84c9-fa99a1c68872" executionId="243bad5c-c588-467c-a14b-491672a1ceaa" testListId="8c84fa94-04c1-424b-9868-57a2d4851a1d" />
    <TestEntry testId="e15c3ef1-75d2-8c5a-4827-c6fe84dec504" executionId="c7833170-881d-4197-9e8d-21fc78f48803" testListId="8c84fa94-04c1-424b-9868-57a2d4851a1d" />
    <TestEntry testId="64e2bff9-10a3-63fe-404e-fd19c7aea93b" executionId="8643d3b2-acb0-4933-92ae-c29a7501297f" testListId="8c84fa94-04c1-424b-9868-57a2d4851a1d" />
    <TestEntry testId="b24efb4c-2760-b4dc-8be1-1db0524dfa17" executionId="723b9031-a1e0-4082-9989-640c53efd379" testListId="8c84fa94-04c1-424b-9868-57a2d4851a1d" />
    <TestEntry testId="80cb2682-eae0-d2c4-be93-e8f1b355f8f2" executionId="5b3e9563-774d-4467-a72e-ba1e3ec4c83d" testListId="8c84fa94-04c1-424b-9868-57a2d4851a1d" />
    <TestEntry testId="f34bfa2c-40f5-b667-1cf1-1aef558e7023" executionId="a270d158-4093-494d-8f5a-05732f411fa9" testListId="8c84fa94-04c1-424b-9868-57a2d4851a1d" />
    <TestEntry testId="d572f72d-e85d-1133-4884-d8baef5eadf9" executionId="c26730db-9f82-47fe-9942-adce80a083a0" testListId="8c84fa94-04c1-424b-9868-57a2d4851a1d" />
    <TestEntry testId="9a7d538f-4d32-010b-7c12-503a026f3d76" executionId="03ecdd10-900c-43a7-9296-948907f015c3" testListId="8c84fa94-04c1-424b-9868-57a2d4851a1d" />
    <TestEntry testId="d390f23e-9857-c59c-8bd3-f58e8b8bb6d9" executionId="4c5636e4-9a83-453d-b856-38e4f8224a41" testListId="8c84fa94-04c1-424b-9868-57a2d4851a1d" />
    <TestEntry testId="125f0936-0c77-505c-717d-18d9532e4d17" executionId="72a66b2e-cb81-4943-95ba-d2320e51a572" testListId="8c84fa94-04c1-424b-9868-57a2d4851a1d" />
    <TestEntry testId="d40e6574-551a-b8ec-07c1-fe47441ac5c0" executionId="b4d33515-b127-4b5c-bfbb-931c3b16f81a" testListId="8c84fa94-04c1-424b-9868-57a2d4851a1d" />
    <TestEntry testId="ffbe65a1-507d-69d4-f3db-73a1737a78d9" executionId="c19ae6bd-0fae-4d8f-8f19-f3fee80b711a" testListId="8c84fa94-04c1-424b-9868-57a2d4851a1d" />
    <TestEntry testId="3e80508b-6ebb-fb2c-19df-58af1497a67b" executionId="a841552a-b3e4-4952-acd4-7937e929bcec" testListId="8c84fa94-04c1-424b-9868-57a2d4851a1d" />
    <TestEntry testId="254fc707-628d-ce76-0f75-51467b266ea3" executionId="d5e5aef8-51a2-4f6a-bc21-b27654bb5edd" testListId="8c84fa94-04c1-424b-9868-57a2d4851a1d" />
    <TestEntry testId="bbc534f2-fbe4-b9b8-562f-a5f58de5a9ad" executionId="b57e55c3-1318-4cb0-8057-4137a69c82f0" testListId="8c84fa94-04c1-424b-9868-57a2d4851a1d" />
    <TestEntry testId="91e22152-84d2-b8ee-b276-f0d648e40e8a" executionId="01f81b42-d92d-464f-8ee0-1147e7ac80c5" testListId="8c84fa94-04c1-424b-9868-57a2d4851a1d" />
    <TestEntry testId="e16ada3b-74ad-b3a1-742b-7174623dfe24" executionId="a9d040ba-9aff-4bc7-9920-f84bae068933" testListId="8c84fa94-04c1-424b-9868-57a2d4851a1d" />
    <TestEntry testId="171c64aa-5532-cc63-c9cb-9a2aea026182" executionId="e448cf50-e844-43b6-a937-5d92875e2705" testListId="8c84fa94-04c1-424b-9868-57a2d4851a1d" />
    <TestEntry testId="f7a7a52b-e788-b18f-31a7-eb3e74f707be" executionId="34c969c7-c9ac-44de-94ba-611811327582" testListId="8c84fa94-04c1-424b-9868-57a2d4851a1d" />
    <TestEntry testId="bd5acd68-39f4-eb1f-e063-46f9a11996bf" executionId="5bc67378-e13f-402d-b7c5-5e7110c45d38" testListId="8c84fa94-04c1-424b-9868-57a2d4851a1d" />
    <TestEntry testId="5143a1ce-9c70-db1a-467a-f459015a59f5" executionId="8e498e8a-dfa3-43f2-9992-875b56924722" testListId="8c84fa94-04c1-424b-9868-57a2d4851a1d" />
    <TestEntry testId="ce3af1de-20b9-6f5c-f42a-2db66fb7fdae" executionId="91ed890d-6276-4423-a40c-66146711ceb1" testListId="8c84fa94-04c1-424b-9868-57a2d4851a1d" />
    <TestEntry testId="a94930d2-2b63-751e-9658-1c5ab9958d07" executionId="5554ded1-8b1d-4dbb-9a0b-375170909d38" testListId="8c84fa94-04c1-424b-9868-57a2d4851a1d" />
    <TestEntry testId="3d4ca605-99f5-0d02-c83c-c2e034c1c047" executionId="1da5809f-419d-452c-8b9e-2b86dcdd0836" testListId="8c84fa94-04c1-424b-9868-57a2d4851a1d" />
    <TestEntry testId="a6d8eac3-0f62-191b-387f-8bf78cf3c4be" executionId="6991698a-ec86-405d-9412-a45c8f28f071" testListId="8c84fa94-04c1-424b-9868-57a2d4851a1d" />
    <TestEntry testId="ce915754-6b7b-0ae6-f634-06f72d81bc54" executionId="107235b8-eea6-43c7-b05b-3f298faf20b8" testListId="8c84fa94-04c1-424b-9868-57a2d4851a1d" />
    <TestEntry testId="882ca93a-75c3-0f41-0571-ad9aa38bedba" executionId="fd3db71d-4ba3-4af7-acb9-a1c26b90ae8c" testListId="8c84fa94-04c1-424b-9868-57a2d4851a1d" />
    <TestEntry testId="266929df-b20a-0a6f-a93a-d5a178685ccc" executionId="cffb4570-da2c-4bb5-b99f-6482606904ef" testListId="8c84fa94-04c1-424b-9868-57a2d4851a1d" />
    <TestEntry testId="3c720f3c-38f0-ba03-3beb-daf3a50d3440" executionId="ff5fd5b6-81a6-4087-9d87-dbf680209652" testListId="8c84fa94-04c1-424b-9868-57a2d4851a1d" />
    <TestEntry testId="e31f1c8c-02cd-c897-3e4a-3adda75d9dc8" executionId="7bded773-0965-4306-9d7a-256bb29fe7d2" testListId="8c84fa94-04c1-424b-9868-57a2d4851a1d" />
    <TestEntry testId="d2505a35-6ca7-7408-1a98-b2c425b7e685" executionId="31bc681c-16de-4b35-a831-3e658f599ded" testListId="8c84fa94-04c1-424b-9868-57a2d4851a1d" />
    <TestEntry testId="29bce606-b425-ae65-07e1-30b60625899b" executionId="cb8891de-1473-43db-b4d1-e4f4b4447eef" testListId="8c84fa94-04c1-424b-9868-57a2d4851a1d" />
    <TestEntry testId="2943e417-fc30-ee10-bcec-7a16da60a40f" executionId="d73d5fe3-21b2-43c8-a07c-ec317989614f" testListId="8c84fa94-04c1-424b-9868-57a2d4851a1d" />
    <TestEntry testId="50197c7a-6209-e4c7-7a81-cb499eeddbaf" executionId="a2d291a9-4b09-48c1-beb1-e17b3ad0829a" testListId="8c84fa94-04c1-424b-9868-57a2d4851a1d" />
    <TestEntry testId="beddb52b-f82d-0fc7-4485-76b1d812c57b" executionId="7341bbfc-e871-4c15-9b7e-a105bb0cf74e" testListId="8c84fa94-04c1-424b-9868-57a2d4851a1d" />
    <TestEntry testId="87fd0ba1-35a0-5b2f-ce54-1f69a7fdb348" executionId="c4f5d172-fbe4-4a17-9b3e-879f560c5262" testListId="8c84fa94-04c1-424b-9868-57a2d4851a1d" />
    <TestEntry testId="d941e3e5-f6c5-4dbb-ad71-0f798c75740a" executionId="e22e406d-438d-49fc-b00f-ce74e5fa078f" testListId="8c84fa94-04c1-424b-9868-57a2d4851a1d" />
    <TestEntry testId="0b2a5a8b-d393-6055-1c6a-f0e15397e760" executionId="9c5a60b8-2f72-4a57-a3cd-8b0c071afd4b" testListId="8c84fa94-04c1-424b-9868-57a2d4851a1d" />
    <TestEntry testId="3e2ab410-e464-ea59-cd63-d75b343ee8d9" executionId="782c4621-29e0-4a38-8126-e6e392947b33" testListId="8c84fa94-04c1-424b-9868-57a2d4851a1d" />
    <TestEntry testId="b852c21a-60b6-4308-aebd-b7b5f2fc7487" executionId="9295d039-bc2f-4cd7-adcb-6d0175b68e26" testListId="8c84fa94-04c1-424b-9868-57a2d4851a1d" />
    <TestEntry testId="659f60d9-6ca7-0b3c-7bcf-b5dea7515235" executionId="f488bed2-6a44-4ab6-970b-d8d7f5ef7549" testListId="8c84fa94-04c1-424b-9868-57a2d4851a1d" />
    <TestEntry testId="78bc9003-c9a5-ce18-eed6-99eef013bd54" executionId="7ca42229-6e68-4871-be21-1e9e34ca8400" testListId="8c84fa94-04c1-424b-9868-57a2d4851a1d" />
    <TestEntry testId="d2c8e05c-9e23-0288-21f8-0abe48a0e3bc" executionId="7f29226a-bf65-47a3-ba88-e0273d4bc65d" testListId="8c84fa94-04c1-424b-9868-57a2d4851a1d" />
    <TestEntry testId="dc9371c3-0e36-fc3f-7dc8-2da55ebb2304" executionId="9b4629fe-99a0-4dc0-8966-7ae2481f4057" testListId="8c84fa94-04c1-424b-9868-57a2d4851a1d" />
    <TestEntry testId="990e31f1-6c83-5fa5-559b-14945c8cbb8b" executionId="7419ed65-5d88-485d-b8eb-8d2311c92ff5" testListId="8c84fa94-04c1-424b-9868-57a2d4851a1d" />
    <TestEntry testId="41fe6b3c-aaa1-6bf3-2906-6537113200df" executionId="ed5528ea-1131-4614-89bc-135d81cb4f18" testListId="8c84fa94-04c1-424b-9868-57a2d4851a1d" />
    <TestEntry testId="bab37d67-e6cf-b7f8-9077-84d3f616f747" executionId="3a523ca1-ef99-48e3-b688-62e5a59ee87e" testListId="8c84fa94-04c1-424b-9868-57a2d4851a1d" />
    <TestEntry testId="6a57700c-556e-87c7-d8fb-c1ca5d033490" executionId="8e1a7122-04ee-445b-a865-c85572fbea33" testListId="8c84fa94-04c1-424b-9868-57a2d4851a1d" />
    <TestEntry testId="0e42a008-d2c0-f243-344b-9aeb4a47528c" executionId="4e5b2b12-8bd7-42b1-bddd-a2fdc83c5b34" testListId="8c84fa94-04c1-424b-9868-57a2d4851a1d" />
    <TestEntry testId="735cb1c5-eb23-43fc-68e6-fa76250d704d" executionId="1459d7f1-94a9-4853-8fe8-a7ad7bbc45c7" testListId="8c84fa94-04c1-424b-9868-57a2d4851a1d" />
    <TestEntry testId="95ce3265-bec7-cfd2-3a17-e8550cc68411" executionId="75f64627-b9a7-40c4-934d-772a948d8dfd" testListId="8c84fa94-04c1-424b-9868-57a2d4851a1d" />
    <TestEntry testId="c0565bfd-68e4-1f86-7e6a-b6b241aabab2" executionId="2999d3df-c199-408b-b880-68c206544bdf" testListId="8c84fa94-04c1-424b-9868-57a2d4851a1d" />
    <TestEntry testId="c8459d5b-9d3c-d195-8262-162277ee00c0" executionId="2470fad7-1315-41d7-a099-73848f948f3d" testListId="8c84fa94-04c1-424b-9868-57a2d4851a1d" />
    <TestEntry testId="38b9cefa-9fef-d34b-c527-05b27b06e0c9" executionId="d26b2d6b-9b83-4c8c-9305-1ba91e6d34ac" testListId="8c84fa94-04c1-424b-9868-57a2d4851a1d" />
    <TestEntry testId="8ad12b1d-2652-227d-d321-01efe4f128da" executionId="4567de17-146b-445d-99b1-6778bd7ff9c6" testListId="8c84fa94-04c1-424b-9868-57a2d4851a1d" />
    <TestEntry testId="39e5c926-86b9-bb34-a0b9-9aef132298de" executionId="ac7650f9-4beb-44a1-ba4f-df7f94906bde" testListId="8c84fa94-04c1-424b-9868-57a2d4851a1d" />
    <TestEntry testId="99f09ab2-d5f8-1f04-9923-a2cc16af8089" executionId="19253973-7ffd-49b4-acbe-2e9d7bcbf1e9" testListId="8c84fa94-04c1-424b-9868-57a2d4851a1d" />
    <TestEntry testId="8105d9a9-6c23-09af-e85c-a1a1726b27ec" executionId="627ac2ff-492a-4d7b-89ef-8330c90a4c9a" testListId="8c84fa94-04c1-424b-9868-57a2d4851a1d" />
    <TestEntry testId="86fed0a5-7b2c-e17a-2eff-2cb43502ad23" executionId="47bab7cd-4be5-4155-b641-b9d59ccd5794" testListId="8c84fa94-04c1-424b-9868-57a2d4851a1d" />
    <TestEntry testId="0da86727-4745-5e5f-47a7-9fcf680e0a11" executionId="98cf3d26-e12c-4f35-b0ef-85fd14ff874c" testListId="8c84fa94-04c1-424b-9868-57a2d4851a1d" />
    <TestEntry testId="51bd4dea-8b46-9d80-77dc-0eb04ba74f2b" executionId="a75f54f6-c7a1-4df7-ac0b-1e7429985222" testListId="8c84fa94-04c1-424b-9868-57a2d4851a1d" />
    <TestEntry testId="8512f195-9d13-dc09-1eba-6881004102a3" executionId="1f9fea85-836f-4348-932d-647e4914d93b" testListId="8c84fa94-04c1-424b-9868-57a2d4851a1d" />
    <TestEntry testId="ef3eaa39-fc33-1ebd-e72c-b503c73ce94a" executionId="5ea5c595-84bd-465b-82df-324d4c03bf1e" testListId="8c84fa94-04c1-424b-9868-57a2d4851a1d" />
    <TestEntry testId="da6c7317-e115-2665-fa4f-ce54afc60617" executionId="470c5360-dbcf-4e60-9aeb-bc39511fbdc0" testListId="8c84fa94-04c1-424b-9868-57a2d4851a1d" />
    <TestEntry testId="901963da-ab50-33c0-ff2c-8f0a67254499" executionId="f3f157c0-f9c3-4dff-acc4-8e7967e0b38c" testListId="8c84fa94-04c1-424b-9868-57a2d4851a1d" />
    <TestEntry testId="746eb886-e9ea-b6a4-6020-9e84a5d63a1c" executionId="e1a5fbfd-45b0-423f-9de3-18abb9d55def" testListId="8c84fa94-04c1-424b-9868-57a2d4851a1d" />
    <TestEntry testId="5480ead0-3e8c-6227-51f5-16a6ffa077d7" executionId="d9a6f821-650c-444c-b012-ced9dee225ca" testListId="8c84fa94-04c1-424b-9868-57a2d4851a1d" />
    <TestEntry testId="cae4aaf3-3166-b681-d17d-87cc8f22108e" executionId="890ff523-f593-44dd-8804-0cdd2f8504a0" testListId="8c84fa94-04c1-424b-9868-57a2d4851a1d" />
    <TestEntry testId="dd101952-46ca-4935-4d58-b6d59db531de" executionId="74127c2c-5d58-4f50-a1e6-7049d182c2c1" testListId="8c84fa94-04c1-424b-9868-57a2d4851a1d" />
    <TestEntry testId="41670aef-c525-baa0-476e-8b02aca0c5b9" executionId="d89653f6-2c20-47da-a81d-67cee2b5b73e" testListId="8c84fa94-04c1-424b-9868-57a2d4851a1d" />
    <TestEntry testId="9335b298-8784-a57c-08d5-92d18c170c5a" executionId="28087a91-b701-43ff-9972-c4b797d345df" testListId="8c84fa94-04c1-424b-9868-57a2d4851a1d" />
    <TestEntry testId="06e452d6-294d-e36a-3093-c69cc97c6d43" executionId="daec5dc2-3b1a-4afc-8745-faed12dee58b" testListId="8c84fa94-04c1-424b-9868-57a2d4851a1d" />
    <TestEntry testId="bf6a72db-2f13-e5b0-0743-03838081da43" executionId="34efa865-2d72-4997-84f2-1097061846db" testListId="8c84fa94-04c1-424b-9868-57a2d4851a1d" />
    <TestEntry testId="ab18020c-38e6-9766-b520-16115d172527" executionId="4f4583c1-1c17-4c96-bb2b-cc2bef8ad8b5" testListId="8c84fa94-04c1-424b-9868-57a2d4851a1d" />
    <TestEntry testId="ab98d086-9ec6-9b9e-74d3-dc8eb32c7483" executionId="fccf2819-fb9a-458c-993c-5dfe66db18e6" testListId="8c84fa94-04c1-424b-9868-57a2d4851a1d" />
    <TestEntry testId="494540f4-9630-6f0c-411e-280851dcd911" executionId="4a1494de-7966-48d1-a1e1-2b187d17ba02" testListId="8c84fa94-04c1-424b-9868-57a2d4851a1d" />
    <TestEntry testId="0b55d3fe-c731-2d14-e4a6-7d9a74ed8253" executionId="590b0e4a-bd1f-4267-94ea-30dee30f3a98" testListId="8c84fa94-04c1-424b-9868-57a2d4851a1d" />
    <TestEntry testId="cae7fa28-0671-d429-b91e-4d65f083cfd2" executionId="6e999f5d-5663-4282-a0f2-eeb12c83ca77" testListId="8c84fa94-04c1-424b-9868-57a2d4851a1d" />
    <TestEntry testId="eac6335d-359b-fe95-24f1-a77afddaaa52" executionId="36c0027d-39c3-433d-aa1b-dceaf02b996b" testListId="8c84fa94-04c1-424b-9868-57a2d4851a1d" />
    <TestEntry testId="3db6fab6-2305-6a82-09ad-ed1c8917439c" executionId="c73859c5-f94f-4884-a5e0-bff533701b8e" testListId="8c84fa94-04c1-424b-9868-57a2d4851a1d" />
    <TestEntry testId="b1dc85f7-496b-5c29-1123-7b1f459a2dfd" executionId="5c2b95ef-ca21-4492-9d13-30c501d3e4dd" testListId="8c84fa94-04c1-424b-9868-57a2d4851a1d" />
    <TestEntry testId="d3e1bef7-9c87-b3cf-40e4-f7f6e00e9a00" executionId="b3016a57-5215-4086-b711-87091d040696" testListId="8c84fa94-04c1-424b-9868-57a2d4851a1d" />
    <TestEntry testId="d4f3b9e7-27e4-04a7-001f-c06be0bff38f" executionId="30d45012-d5c5-4639-9968-cafe8bfa2cbc" testListId="8c84fa94-04c1-424b-9868-57a2d4851a1d" />
    <TestEntry testId="edf777f2-a095-8241-1a51-da962ca1e900" executionId="36e2fdcf-6146-4810-b515-7d90576a8795" testListId="8c84fa94-04c1-424b-9868-57a2d4851a1d" />
    <TestEntry testId="d73a32ce-4ffc-7045-cf9a-8f2c7cc92252" executionId="42949d67-4d40-4f12-a1d8-c656a39dd4fc" testListId="8c84fa94-04c1-424b-9868-57a2d4851a1d" />
    <TestEntry testId="dcb623bf-d4f0-a380-2a4a-37ceef9c9410" executionId="4a4851cf-1347-4313-9767-3a6ff648e5f1" testListId="8c84fa94-04c1-424b-9868-57a2d4851a1d" />
    <TestEntry testId="ffa06708-3a4f-7ad4-7a94-a05db9c7bc12" executionId="90f35cbc-9db6-4c43-9422-7def4aefa9f4" testListId="8c84fa94-04c1-424b-9868-57a2d4851a1d" />
    <TestEntry testId="bac01a75-04cb-122c-7c01-cab056611935" executionId="719907aa-2379-4ee5-8fbb-32efd9c9767d" testListId="8c84fa94-04c1-424b-9868-57a2d4851a1d" />
    <TestEntry testId="94a59183-59be-09fa-823f-23c15370126e" executionId="7ec71c26-b817-411c-b5e7-70e7bfa10801" testListId="8c84fa94-04c1-424b-9868-57a2d4851a1d" />
    <TestEntry testId="fed95ae4-cddd-0f0c-476e-2e25c94a391e" executionId="b0ec62cd-ae39-49c0-813f-6a86737b20b0" testListId="8c84fa94-04c1-424b-9868-57a2d4851a1d" />
    <TestEntry testId="7402c8b4-61c8-bc55-a322-64c8446fe888" executionId="a832b936-4554-4dc9-a5f6-4d1e623cd9c1" testListId="8c84fa94-04c1-424b-9868-57a2d4851a1d" />
    <TestEntry testId="9489bd34-0e19-baa1-54e3-f042c5cafa12" executionId="3e9beef8-2781-49de-b5e0-2ef0d72ee995" testListId="8c84fa94-04c1-424b-9868-57a2d4851a1d" />
    <TestEntry testId="97a735c4-7c1e-b034-397a-873619066499" executionId="c1a92f98-6eed-4c12-a9f0-8754429420c6" testListId="8c84fa94-04c1-424b-9868-57a2d4851a1d" />
    <TestEntry testId="42d5d57c-7e91-d501-2724-042247e738a8" executionId="f09618d5-9444-41b6-99fe-1f4a4a5f874f" testListId="8c84fa94-04c1-424b-9868-57a2d4851a1d" />
    <TestEntry testId="4c2659a0-d949-3ef0-f370-9186550c5f1b" executionId="47f489e4-32bb-43b1-b92d-cb7a35aacec4" testListId="8c84fa94-04c1-424b-9868-57a2d4851a1d" />
    <TestEntry testId="05e03265-4c2b-2963-fc97-9e34f894fb4e" executionId="df57ea00-8eac-4c35-a8d3-ece37fc200e3" testListId="8c84fa94-04c1-424b-9868-57a2d4851a1d" />
    <TestEntry testId="464c23c2-01e8-7f7c-4672-76d6d9546dcb" executionId="c42f20b0-489f-4650-adb6-f4b999fccbc3" testListId="8c84fa94-04c1-424b-9868-57a2d4851a1d" />
    <TestEntry testId="9f551fad-59f4-0b5d-8e50-1fe2ed23b35a" executionId="a9155660-2dc7-4e31-9b69-086594a5ec77" testListId="8c84fa94-04c1-424b-9868-57a2d4851a1d" />
    <TestEntry testId="0171e9be-0066-8f96-af0b-ed24c236aa04" executionId="7d66060e-21a8-4bd5-8c27-a871100ed679" testListId="8c84fa94-04c1-424b-9868-57a2d4851a1d" />
    <TestEntry testId="7be1f8b8-3179-16cf-eb5c-935aa3f6c8ee" executionId="03979344-a07e-4a33-8304-296a768534b7" testListId="8c84fa94-04c1-424b-9868-57a2d4851a1d" />
    <TestEntry testId="97ee64a7-7f84-8b88-e837-c45ec5db61b8" executionId="9872cb38-8672-4b91-baf2-2be382f998ad" testListId="8c84fa94-04c1-424b-9868-57a2d4851a1d" />
    <TestEntry testId="86995839-b468-a6af-2f85-98dacbe41683" executionId="1d297cdb-7327-4751-a8b9-288087fa39eb" testListId="8c84fa94-04c1-424b-9868-57a2d4851a1d" />
    <TestEntry testId="3d6754bf-df02-e1a6-109e-70483f855c28" executionId="f6dabdf7-1707-4e62-a5b8-7b85343fc599" testListId="8c84fa94-04c1-424b-9868-57a2d4851a1d" />
    <TestEntry testId="0a82e43e-47a0-7c43-de64-c32f4873003f" executionId="b92ef460-c025-4214-bc94-dbf895e86869" testListId="8c84fa94-04c1-424b-9868-57a2d4851a1d" />
    <TestEntry testId="1fdd6ff8-ee10-ad42-3bbf-d0afa89a33c0" executionId="5e72577c-76f5-4bb3-9181-98a139b1a943" testListId="8c84fa94-04c1-424b-9868-57a2d4851a1d" />
    <TestEntry testId="edf636e2-1b9f-72a0-3b93-8d0b3980893b" executionId="f550c863-fe7e-42e4-a442-a478b9ca4bef" testListId="8c84fa94-04c1-424b-9868-57a2d4851a1d" />
    <TestEntry testId="7566cfac-9bec-6fb6-9682-a7bd7254a13d" executionId="07841aa7-4cae-4ecf-8778-a07664e59618" testListId="8c84fa94-04c1-424b-9868-57a2d4851a1d" />
    <TestEntry testId="af414012-94cf-0e1f-1554-2c8512adbcde" executionId="e5334f4e-e7f1-46af-82a1-61f0cc4ad62b" testListId="8c84fa94-04c1-424b-9868-57a2d4851a1d" />
    <TestEntry testId="b87a23e1-690f-a165-d78c-511dbf39a4ba" executionId="35c4d18d-0200-4613-bdc1-99720f9d071e" testListId="8c84fa94-04c1-424b-9868-57a2d4851a1d" />
    <TestEntry testId="03d541b6-b641-96a8-4827-10cc72e0c528" executionId="9271b278-33a4-426d-af05-e045970af0e4" testListId="8c84fa94-04c1-424b-9868-57a2d4851a1d" />
    <TestEntry testId="dac57b35-45b4-7728-d1d6-7af78ba4d436" executionId="9fabe4bf-8b81-47bc-895c-151f09a96554" testListId="8c84fa94-04c1-424b-9868-57a2d4851a1d" />
    <TestEntry testId="3799ad7b-a6e3-9803-8d4f-470d35f9c4fe" executionId="2a6518e0-e3c1-44fd-8d0b-27730d03b6ac" testListId="8c84fa94-04c1-424b-9868-57a2d4851a1d" />
    <TestEntry testId="6e2d0b32-2257-3a65-e136-01e3e3fea016" executionId="b80b1ecd-baf2-4c1f-9445-b762511a9fd4" testListId="8c84fa94-04c1-424b-9868-57a2d4851a1d" />
    <TestEntry testId="1f4ca8ac-25d5-4c91-f912-65c5cac0a989" executionId="54a609c0-34d3-400c-b1dc-48e49aa30ef8" testListId="8c84fa94-04c1-424b-9868-57a2d4851a1d" />
    <TestEntry testId="c54c0152-d43d-5475-ee4a-814d5680bc60" executionId="7e9be895-a2a8-4e5d-8ebf-7411e5df89fb" testListId="8c84fa94-04c1-424b-9868-57a2d4851a1d" />
    <TestEntry testId="f9a89781-8d50-4d9d-7746-163e99438c45" executionId="8e433408-4c3a-481e-894a-724ea36ae150" testListId="8c84fa94-04c1-424b-9868-57a2d4851a1d" />
    <TestEntry testId="5c8a4e0f-54d4-8e88-ed7c-3baa3f35b523" executionId="2c95012b-e76f-432e-b10d-fb1810d27d3c" testListId="8c84fa94-04c1-424b-9868-57a2d4851a1d" />
    <TestEntry testId="6c32a507-b867-53ec-2541-0bffb464f8f0" executionId="f0e8fc6f-1aab-4d37-a370-161f0265f841" testListId="8c84fa94-04c1-424b-9868-57a2d4851a1d" />
    <TestEntry testId="665bc609-6c8d-2867-13d3-f25e978b8e6c" executionId="139c6682-caf9-4b74-93a6-9101ac23e818" testListId="8c84fa94-04c1-424b-9868-57a2d4851a1d" />
    <TestEntry testId="47fe74aa-f572-bb6e-85d5-674552c81a5a" executionId="84fb4c0e-60b1-42f4-a570-7122ce57a204" testListId="8c84fa94-04c1-424b-9868-57a2d4851a1d" />
    <TestEntry testId="316b781a-837e-b487-11c6-71ea2cc3970c" executionId="4bea22e7-087e-429f-9243-cf1e4e9d6613" testListId="8c84fa94-04c1-424b-9868-57a2d4851a1d" />
    <TestEntry testId="41a9ce1d-9969-4d12-b30b-11c62eb10a5e" executionId="edf859e4-a525-46ff-a665-68dd5d65888a" testListId="8c84fa94-04c1-424b-9868-57a2d4851a1d" />
    <TestEntry testId="47bfb1a8-feeb-a852-66e8-24df3224a269" executionId="eee3e07e-ff83-47c8-898a-7efc1e8752ab" testListId="8c84fa94-04c1-424b-9868-57a2d4851a1d" />
    <TestEntry testId="dffc5190-2d91-89f3-b719-c3de8f92ff73" executionId="17e34bbd-2bf1-4e64-bd8b-e3d93e1cc3e8" testListId="8c84fa94-04c1-424b-9868-57a2d4851a1d" />
    <TestEntry testId="cb1c0a37-2be2-48a6-6beb-cb766f6c53ce" executionId="6b2e93f6-032f-4e79-bcc9-7b4da5da0cb9" testListId="8c84fa94-04c1-424b-9868-57a2d4851a1d" />
    <TestEntry testId="58f16504-9ce9-e145-56b1-b037c8d2ab78" executionId="2d735578-e4ea-43fa-91a8-759115768366" testListId="8c84fa94-04c1-424b-9868-57a2d4851a1d" />
    <TestEntry testId="fbc1c1c9-fb9c-0fbd-e4f2-185e1dddb50a" executionId="79a365f9-1097-4397-8a94-17384adac89d" testListId="8c84fa94-04c1-424b-9868-57a2d4851a1d" />
    <TestEntry testId="0711b460-cfb8-8a96-e01e-8c5a545d1014" executionId="735dae63-4ffa-43e5-b77c-5199959b8a14" testListId="8c84fa94-04c1-424b-9868-57a2d4851a1d" />
    <TestEntry testId="24230fba-3729-246d-eb19-d56a9fbebdbb" executionId="574705d3-b153-4c4e-ac2e-15df1b4b93f3" testListId="8c84fa94-04c1-424b-9868-57a2d4851a1d" />
    <TestEntry testId="615aa700-1b8f-9c1e-6151-0a52a5a583a0" executionId="15306e39-ec1e-420e-907b-a68f79a6975f" testListId="8c84fa94-04c1-424b-9868-57a2d4851a1d" />
    <TestEntry testId="ad02ccd5-2f04-525f-a1f7-8d11973e499e" executionId="5c991f1a-a3a2-42bd-bce2-c78ec34474ce" testListId="8c84fa94-04c1-424b-9868-57a2d4851a1d" />
    <TestEntry testId="c6c95555-0c45-f35c-08be-fa73ca1a692c" executionId="d8b85511-2785-4b33-9cbb-b70edd8af5cd" testListId="8c84fa94-04c1-424b-9868-57a2d4851a1d" />
    <TestEntry testId="faf1ed7d-d93c-d5ce-c30a-b139ac7f451f" executionId="5e04137c-1368-4312-adc3-d95e3bcc5207" testListId="8c84fa94-04c1-424b-9868-57a2d4851a1d" />
    <TestEntry testId="3bf1f67f-56fe-4ab9-a6d1-3742f2b88458" executionId="36aaf763-3533-4337-b2df-b1396868c6b8" testListId="8c84fa94-04c1-424b-9868-57a2d4851a1d" />
    <TestEntry testId="9d14163f-a33f-5a69-5cb4-95392f8885a9" executionId="ad6199cf-6b51-4bb4-a828-944b3ffd6b88" testListId="8c84fa94-04c1-424b-9868-57a2d4851a1d" />
    <TestEntry testId="b3a309c3-4b0f-b95f-84fb-a672f71c8117" executionId="4d6abad8-9c4f-4e5f-915b-3662bc238cd8" testListId="8c84fa94-04c1-424b-9868-57a2d4851a1d" />
    <TestEntry testId="2b2ff2a0-d18a-936c-78b6-912708f9def8" executionId="354acc32-76e3-465c-bfad-3a5a0f4348c1" testListId="8c84fa94-04c1-424b-9868-57a2d4851a1d" />
    <TestEntry testId="6dd6b4cc-b9a8-1bfc-6f51-9eb8e9a18b5d" executionId="46b26d97-92f3-4d94-ab61-3b0c3de3ccec" testListId="8c84fa94-04c1-424b-9868-57a2d4851a1d" />
    <TestEntry testId="ef4cb727-4e00-2133-605a-8880fdedee85" executionId="54bf6e5a-fdf9-469d-931e-cdb43220d339" testListId="8c84fa94-04c1-424b-9868-57a2d4851a1d" />
    <TestEntry testId="18c8a7fd-1b91-c4f1-6465-295fe4bd5b9b" executionId="3d75157a-fde8-4f68-91cb-7b7b8f3ff660" testListId="8c84fa94-04c1-424b-9868-57a2d4851a1d" />
    <TestEntry testId="5d9ea8b3-6dc7-ab1b-24be-fbaa4de47d4d" executionId="6450b604-5b92-467b-9f11-63ce0cce97a8" testListId="8c84fa94-04c1-424b-9868-57a2d4851a1d" />
    <TestEntry testId="013bb3b9-f54f-af71-f57a-0e9f903312cc" executionId="3d0653db-b214-4bde-80fa-a06b9a38cf46" testListId="8c84fa94-04c1-424b-9868-57a2d4851a1d" />
    <TestEntry testId="1a7353f5-0f2e-c0bd-ae8c-61bb1377d85c" executionId="f8905c6a-f852-4263-becd-5e04bbbf17b6" testListId="8c84fa94-04c1-424b-9868-57a2d4851a1d" />
    <TestEntry testId="ee410044-577b-a48f-59ad-f81a64e6b4d9" executionId="d687163d-3e73-4cd5-a1f4-2173eed5edeb" testListId="8c84fa94-04c1-424b-9868-57a2d4851a1d" />
    <TestEntry testId="ab67de6c-d2af-9902-681a-bf7322aecca4" executionId="1c96af05-d2c9-422b-8008-fe33fb9cb80c" testListId="8c84fa94-04c1-424b-9868-57a2d4851a1d" />
    <TestEntry testId="c69b2184-df15-00ab-64cc-b218ddd932c4" executionId="0108c107-e72a-4168-90ed-dc6ac50cebdb" testListId="8c84fa94-04c1-424b-9868-57a2d4851a1d" />
    <TestEntry testId="24f85850-2210-7afa-d3f8-e442442d48f4" executionId="42d6783f-3d54-4c2d-b1bb-bd2ed928be74" testListId="8c84fa94-04c1-424b-9868-57a2d4851a1d" />
    <TestEntry testId="aa78569e-da34-4e6a-85e3-beb44d4c9019" executionId="0a0993b7-ead7-4a47-b3ca-62f79a2479ba" testListId="8c84fa94-04c1-424b-9868-57a2d4851a1d" />
    <TestEntry testId="26c90cae-fb17-bbca-c8f8-b6d06929fbff" executionId="6ed93907-2f27-4b74-bbc5-970eb6cab6a9" testListId="8c84fa94-04c1-424b-9868-57a2d4851a1d" />
    <TestEntry testId="793ec49a-211f-8c5d-3588-685d5b39825e" executionId="827197f9-28b1-4113-9f83-7ddf83724672" testListId="8c84fa94-04c1-424b-9868-57a2d4851a1d" />
    <TestEntry testId="da0422e3-b65e-6829-79be-1cf5ec6f16a7" executionId="6c6f047f-20d7-4152-b4f5-83cc5278328e" testListId="8c84fa94-04c1-424b-9868-57a2d4851a1d" />
    <TestEntry testId="40c577b8-10c6-3216-b930-d3680d5b592e" executionId="f2651ce0-b77d-44dc-8ef2-d941c82c8776" testListId="8c84fa94-04c1-424b-9868-57a2d4851a1d" />
    <TestEntry testId="1df0c91e-8940-2b80-ff62-9b619d2c7211" executionId="0e2d6565-58aa-4358-aac1-c0fff19aa684" testListId="8c84fa94-04c1-424b-9868-57a2d4851a1d" />
    <TestEntry testId="e9f307bd-fa73-7570-9c85-c7e02107d868" executionId="c2d4d8e8-a718-4ddc-a925-6bd2aba289d7" testListId="8c84fa94-04c1-424b-9868-57a2d4851a1d" />
    <TestEntry testId="600b2423-9ad2-c0ad-1531-a44a7fa836e0" executionId="6894d4c3-819e-495e-9756-79140e4d3705" testListId="8c84fa94-04c1-424b-9868-57a2d4851a1d" />
    <TestEntry testId="deb4c152-5137-8025-47ab-2b1492adf7a5" executionId="aeb66c15-d084-4561-b12a-e59c6eaf95e5" testListId="8c84fa94-04c1-424b-9868-57a2d4851a1d" />
    <TestEntry testId="78c1bc75-920c-f715-6e6c-a2a1eecc25ef" executionId="86609c4d-46ed-4d01-bb83-73e1eecba1e8" testListId="8c84fa94-04c1-424b-9868-57a2d4851a1d" />
    <TestEntry testId="7d44110a-b462-aed2-e6e5-010fe7c4c9b6" executionId="ded1bdf4-2d0d-460e-a4eb-57011d21555b" testListId="8c84fa94-04c1-424b-9868-57a2d4851a1d" />
    <TestEntry testId="18698c55-995c-1ef0-35bb-fa298f6c8ac3" executionId="26cf262a-856f-418f-8685-527e057701d9" testListId="8c84fa94-04c1-424b-9868-57a2d4851a1d" />
    <TestEntry testId="9fd001f3-c6c1-1930-aa21-108347d59a42" executionId="9f73ca09-4ff6-4120-bd84-0a68bcf3b912" testListId="8c84fa94-04c1-424b-9868-57a2d4851a1d" />
    <TestEntry testId="7a170954-c454-2991-a308-fd88b2a4a618" executionId="5d130241-3dee-47f6-b298-1467128ea5c6" testListId="8c84fa94-04c1-424b-9868-57a2d4851a1d" />
    <TestEntry testId="7df66986-444a-4ee4-fa75-e242461b029a" executionId="f22c73fb-60a9-494a-b237-d717190f378d" testListId="8c84fa94-04c1-424b-9868-57a2d4851a1d" />
    <TestEntry testId="e3349a80-72da-5993-16f5-7d7ace3ca358" executionId="bf2873e5-9f90-4312-b9ee-8f3a671863bd" testListId="8c84fa94-04c1-424b-9868-57a2d4851a1d" />
    <TestEntry testId="3d8e31e1-bb9c-99dc-a4dc-caefa06bdb17" executionId="33d14a47-d67d-4581-9a6c-aa646366472b" testListId="8c84fa94-04c1-424b-9868-57a2d4851a1d" />
    <TestEntry testId="3c9a0942-4a69-ff0d-2430-9da906261fa9" executionId="6b42a9a3-b4d0-4596-95fc-6c5843dc16f7" testListId="8c84fa94-04c1-424b-9868-57a2d4851a1d" />
    <TestEntry testId="f963723c-69c5-d98e-f2b7-66c84d0ef571" executionId="19e52afe-ab86-4c85-8e64-e1254d196042" testListId="8c84fa94-04c1-424b-9868-57a2d4851a1d" />
    <TestEntry testId="d92b19d9-fdbf-ff75-6ddb-e6687f2925b2" executionId="dcebdb69-4d30-43ce-b63c-200fe655267b" testListId="8c84fa94-04c1-424b-9868-57a2d4851a1d" />
    <TestEntry testId="10f5d51b-13d5-2ace-1b40-88e4885c0a0b" executionId="695dffd6-69cb-413b-955d-85e4000c63cc" testListId="8c84fa94-04c1-424b-9868-57a2d4851a1d" />
    <TestEntry testId="d88bd7d2-8d38-8f6a-8bdf-b2aa6c86f783" executionId="6ae87509-1cfb-4f02-8083-7ec7af83bbee" testListId="8c84fa94-04c1-424b-9868-57a2d4851a1d" />
    <TestEntry testId="a53e6525-87bd-37fd-ea0f-55a5bfffa523" executionId="10b6b57d-993e-47d8-ab0d-54ac2cd02742" testListId="8c84fa94-04c1-424b-9868-57a2d4851a1d" />
    <TestEntry testId="f4b03900-22f4-35c9-c034-ec16ec3c2e1d" executionId="82e1456d-634d-4de1-b453-44356a37d457" testListId="8c84fa94-04c1-424b-9868-57a2d4851a1d" />
    <TestEntry testId="0140ca1e-d7df-61d7-0e5e-96c0eaefd780" executionId="29a34c9f-747d-41db-913a-4ae62dc21ea2" testListId="8c84fa94-04c1-424b-9868-57a2d4851a1d" />
    <TestEntry testId="2f9b893c-3fc9-a6f7-df2f-a3475076b715" executionId="0b1ffa04-7ce9-497a-a46f-ca6225ba06d6" testListId="8c84fa94-04c1-424b-9868-57a2d4851a1d" />
    <TestEntry testId="9197fdf9-bb8d-6a49-8867-67f3700c3b50" executionId="fa848499-1193-4139-adf6-dfe4dcad8610" testListId="8c84fa94-04c1-424b-9868-57a2d4851a1d" />
    <TestEntry testId="ce8f631d-a4bd-0798-efdf-26c9533ababd" executionId="ae7ae455-476d-47f6-bbf4-806a50365911" testListId="8c84fa94-04c1-424b-9868-57a2d4851a1d" />
    <TestEntry testId="6e69eb07-d95e-ed5b-e439-0a6d19067e3d" executionId="3859265f-a6e4-4d38-908b-405cafa410c6" testListId="8c84fa94-04c1-424b-9868-57a2d4851a1d" />
    <TestEntry testId="65c1e37b-d8fd-1b09-1a97-c921dd96bb57" executionId="963cbbac-0475-4ae0-b22a-892d3e5f3192" testListId="8c84fa94-04c1-424b-9868-57a2d4851a1d" />
    <TestEntry testId="f402cbe4-efcf-8a82-f35b-fc6e0c004c32" executionId="82d440f9-0259-4c25-aeb6-83dd0e99e065" testListId="8c84fa94-04c1-424b-9868-57a2d4851a1d" />
    <TestEntry testId="af0010d2-89e3-4ac2-cef5-1301f3cdbce0" executionId="046024b3-265a-4c1d-b847-5e58dc8bcb35" testListId="8c84fa94-04c1-424b-9868-57a2d4851a1d" />
    <TestEntry testId="f05c8d9c-2414-18ef-025e-39dcc970e9fd" executionId="d116eb7a-1215-4d11-a7b3-a697763c3c81" testListId="8c84fa94-04c1-424b-9868-57a2d4851a1d" />
    <TestEntry testId="96f0ce2e-3131-59a9-686e-d4448af92ee1" executionId="17282665-18f7-4159-8c61-b0d5f8c1d95b" testListId="8c84fa94-04c1-424b-9868-57a2d4851a1d" />
    <TestEntry testId="8785145b-0c97-2398-30be-2ae245b47618" executionId="7d7a845b-080e-44a1-9496-c70c92df630b" testListId="8c84fa94-04c1-424b-9868-57a2d4851a1d" />
    <TestEntry testId="b9b5cb07-d8d5-f72c-0385-77579d867391" executionId="f32a7770-f060-42d5-8b34-a22e23c5cc16" testListId="8c84fa94-04c1-424b-9868-57a2d4851a1d" />
    <TestEntry testId="132b0dfc-e1db-fd53-ae03-eb4bf9164062" executionId="77d32477-db55-4060-ad68-5d5b9f66bf3d" testListId="8c84fa94-04c1-424b-9868-57a2d4851a1d" />
    <TestEntry testId="5dcb25ce-f333-3371-a25b-dde656ce504f" executionId="0db8e9a9-a42d-4e26-9386-3c581cb348fd" testListId="8c84fa94-04c1-424b-9868-57a2d4851a1d" />
    <TestEntry testId="b1d5e4eb-ed41-a498-560b-b06e89b4b54a" executionId="673bccc5-5f63-4552-b1d1-49eee9657299" testListId="8c84fa94-04c1-424b-9868-57a2d4851a1d" />
    <TestEntry testId="c324e651-44c1-cfcf-fa88-3fbad7cc5d32" executionId="3964dfa2-aee7-4063-a7ba-2ae03a55d44c" testListId="8c84fa94-04c1-424b-9868-57a2d4851a1d" />
    <TestEntry testId="377822cc-3174-f5a3-a3bb-3efec62fcd8d" executionId="21f5e193-8166-4848-aa13-cef67d3a7770" testListId="8c84fa94-04c1-424b-9868-57a2d4851a1d" />
    <TestEntry testId="9c33e055-9744-9e4b-1dad-f5dde395f625" executionId="0011e6fb-3c80-4fa5-a9a8-0932a273a075" testListId="8c84fa94-04c1-424b-9868-57a2d4851a1d" />
    <TestEntry testId="da0d5727-be04-2809-98e7-209be39ea364" executionId="9dc5da2b-4b3e-403d-9301-a37d0c3ad629" testListId="8c84fa94-04c1-424b-9868-57a2d4851a1d" />
    <TestEntry testId="490bab27-ccdf-de3f-fce1-7b7b394e0af5" executionId="494b7639-d2a9-4d55-82f2-5fb0f0af34b3" testListId="8c84fa94-04c1-424b-9868-57a2d4851a1d" />
    <TestEntry testId="18e80da7-d049-773c-0921-0cebe4d5b0e0" executionId="176d438e-3c18-44cc-8439-37dc7d0bb379" testListId="8c84fa94-04c1-424b-9868-57a2d4851a1d" />
    <TestEntry testId="5e5ad2f2-a2df-1305-282c-7ce122e6ef96" executionId="dd866afb-2124-4312-a6c2-d960af017e0c" testListId="8c84fa94-04c1-424b-9868-57a2d4851a1d" />
    <TestEntry testId="e235584f-f90c-510d-f58e-dc48c5e83c0d" executionId="e51d0ee7-6ba1-47de-83a0-35da854d0293" testListId="8c84fa94-04c1-424b-9868-57a2d4851a1d" />
    <TestEntry testId="f635792e-78b3-a9ff-986a-ca24964ea725" executionId="39ceddc4-b728-492f-9823-218013e1ad43" testListId="8c84fa94-04c1-424b-9868-57a2d4851a1d" />
    <TestEntry testId="42ee74b3-0dbf-5f34-ad8a-20f10d38c1c2" executionId="485846b8-9b5c-4a29-b179-86892187e7fa" testListId="8c84fa94-04c1-424b-9868-57a2d4851a1d" />
    <TestEntry testId="f2633e0b-71cc-f5bc-a89d-fc4e947b93fd" executionId="fa67860c-2901-43b0-b181-c6f6f68471b4" testListId="8c84fa94-04c1-424b-9868-57a2d4851a1d" />
    <TestEntry testId="aa5b1a3e-9a5c-ab9d-52a0-70334dfda876" executionId="359be83e-ecda-482e-9a2a-9edebb42c3c0" testListId="8c84fa94-04c1-424b-9868-57a2d4851a1d" />
    <TestEntry testId="055b10d9-c61f-b469-2f0c-87708a526d0d" executionId="443f3c5e-a901-4ea0-a967-ebb0f4263e8e" testListId="8c84fa94-04c1-424b-9868-57a2d4851a1d" />
    <TestEntry testId="5908053f-44d5-1538-9d47-7412c5b11ec2" executionId="5a7a6476-f2df-484d-ae39-e4941f50970f" testListId="8c84fa94-04c1-424b-9868-57a2d4851a1d" />
    <TestEntry testId="acc50bff-08e9-65d9-fb14-0535269d308b" executionId="79f446fa-17d6-46c6-b742-3586f6adbf89" testListId="8c84fa94-04c1-424b-9868-57a2d4851a1d" />
    <TestEntry testId="dddff192-80c3-c0e2-4fa0-63263390073e" executionId="e65ce0be-86d9-496c-aed6-34bd5fc7f7f7" testListId="8c84fa94-04c1-424b-9868-57a2d4851a1d" />
    <TestEntry testId="c3b86861-de04-bbb2-15bb-4f60aa74ad89" executionId="4b9d91dc-f2bb-48f3-ad28-74eb22d871dc" testListId="8c84fa94-04c1-424b-9868-57a2d4851a1d" />
    <TestEntry testId="ee08fc30-825d-39e1-f006-465a7d2667a2" executionId="b06a1d6d-4e3f-4ba2-91f6-691b191995ad" testListId="8c84fa94-04c1-424b-9868-57a2d4851a1d" />
    <TestEntry testId="05655070-9b41-dab2-2fc8-80ad3051d361" executionId="1d0405d2-a52a-4bd8-b937-d60503c171b5" testListId="8c84fa94-04c1-424b-9868-57a2d4851a1d" />
    <TestEntry testId="fd6255db-065b-6d26-8fc6-d5c331134f1b" executionId="264655eb-3d8e-4d6b-93ec-560bf6e6d361" testListId="8c84fa94-04c1-424b-9868-57a2d4851a1d" />
    <TestEntry testId="2cd27ee6-503e-5f3d-fea9-6e8a7192580d" executionId="4baedbe2-0f3c-4a13-b132-4e688ad44508" testListId="8c84fa94-04c1-424b-9868-57a2d4851a1d" />
    <TestEntry testId="cf06b53d-0381-073b-12a2-73d56d21eba8" executionId="2e73372d-f6e1-4331-9c22-c7299ce85414" testListId="8c84fa94-04c1-424b-9868-57a2d4851a1d" />
    <TestEntry testId="51e56244-044f-55e2-8c12-cfbd939504f0" executionId="c9542700-511b-4adc-833b-c6e748f5b80b" testListId="8c84fa94-04c1-424b-9868-57a2d4851a1d" />
    <TestEntry testId="558b50ec-61a8-39b8-a5b9-f8c40fddc08c" executionId="91f941f1-c1dc-4766-b93b-dd8496c7645a" testListId="8c84fa94-04c1-424b-9868-57a2d4851a1d" />
    <TestEntry testId="f30816f8-222b-31cb-afff-80ab911e20ed" executionId="e00b7b11-61ec-4000-be73-593492074a3f" testListId="8c84fa94-04c1-424b-9868-57a2d4851a1d" />
    <TestEntry testId="6c423f43-d3d7-9026-4269-99b9cb46e8ec" executionId="f76de7de-6c9a-4a48-a231-91b484f920cc" testListId="8c84fa94-04c1-424b-9868-57a2d4851a1d" />
    <TestEntry testId="23b73c29-e3c2-3508-d692-1afbe569380f" executionId="2bc38b42-21e5-4e3b-9ffd-8aa5e98e41b6" testListId="8c84fa94-04c1-424b-9868-57a2d4851a1d" />
    <TestEntry testId="de8df07f-e9d7-88bc-9e5b-3201e50701a3" executionId="fa16fc0e-b6cf-4e66-badb-a947282c64ad" testListId="8c84fa94-04c1-424b-9868-57a2d4851a1d" />
    <TestEntry testId="5cec9ad1-db7c-0920-d330-c7c666fa4a15" executionId="86a5a92c-84ac-4d95-b01f-c085fd511a37" testListId="8c84fa94-04c1-424b-9868-57a2d4851a1d" />
    <TestEntry testId="24fa16f1-a596-da43-e6a7-297b464ef550" executionId="f05f4166-eb1d-4ab1-9da9-1655317fa325" testListId="8c84fa94-04c1-424b-9868-57a2d4851a1d" />
    <TestEntry testId="33b13b4e-397c-322c-98eb-6ffc65859ae6" executionId="1c086b02-ab00-4d7b-899d-5df54d9d498b" testListId="8c84fa94-04c1-424b-9868-57a2d4851a1d" />
    <TestEntry testId="9a118e46-4317-fffe-f94a-3216f64e11c2" executionId="750b01f4-d893-4264-bac5-76bdf51cb094" testListId="8c84fa94-04c1-424b-9868-57a2d4851a1d" />
    <TestEntry testId="75e7a812-368a-e9a9-ddae-6b6350eaee1c" executionId="84b137d0-5007-4b29-aba2-4daa3e8e7ee0" testListId="8c84fa94-04c1-424b-9868-57a2d4851a1d" />
    <TestEntry testId="f13109e8-3360-54c6-258a-223f2d0671ef" executionId="1e52d3ee-1c46-4f6b-9fd8-69cec0163017" testListId="8c84fa94-04c1-424b-9868-57a2d4851a1d" />
    <TestEntry testId="1db49302-fd68-901a-1fff-20af734f6ba5" executionId="b35a8d53-6826-4a1d-b6ef-b8e1ab94d67e" testListId="8c84fa94-04c1-424b-9868-57a2d4851a1d" />
    <TestEntry testId="2a41fd6d-698b-08f7-df50-e628cdb765c4" executionId="935e1b0b-fd10-49d6-a380-80e5845d3f10" testListId="8c84fa94-04c1-424b-9868-57a2d4851a1d" />
    <TestEntry testId="3bc5b38f-c464-1196-f2ec-a3c16fe98f0a" executionId="4858160a-9c0f-4ff6-a636-4ab030940a25" testListId="8c84fa94-04c1-424b-9868-57a2d4851a1d" />
    <TestEntry testId="ad9e0b13-1e1f-def3-d2e7-45efa0260539" executionId="e3ba421a-ba40-40cb-9dab-50dd71195e1b" testListId="8c84fa94-04c1-424b-9868-57a2d4851a1d" />
    <TestEntry testId="4c4b490b-a45a-9233-2c4d-5b56cfde5345" executionId="cd38c762-c6dd-4a26-851e-e3d6a5f6e03f" testListId="8c84fa94-04c1-424b-9868-57a2d4851a1d" />
    <TestEntry testId="3c70c7cc-aac9-c8d6-7a77-492280d601be" executionId="8154d362-6e63-4c62-a62c-e1bab6cdb04d" testListId="8c84fa94-04c1-424b-9868-57a2d4851a1d" />
    <TestEntry testId="0ffb3020-bdcc-8ecf-905a-04eacc5bd1f3" executionId="0f9ae647-7290-4101-b7d5-ee4dc3fa2b30" testListId="8c84fa94-04c1-424b-9868-57a2d4851a1d" />
    <TestEntry testId="539a2f31-4424-3c33-e7ad-abc68a16ff71" executionId="437c7af2-9f4c-47cf-bce2-a21b32b5e203" testListId="8c84fa94-04c1-424b-9868-57a2d4851a1d" />
    <TestEntry testId="afba5918-1f83-9617-8851-302085711f05" executionId="4f24a22c-53d6-4f15-8fc9-fcd167ac912b" testListId="8c84fa94-04c1-424b-9868-57a2d4851a1d" />
    <TestEntry testId="78b5d5ce-3bf4-07ed-7bbc-4f7171936cf1" executionId="26faaa46-592c-48d7-8847-aaec64e685d1" testListId="8c84fa94-04c1-424b-9868-57a2d4851a1d" />
    <TestEntry testId="bdc07066-41b3-6e13-a736-f2f68dbc0d74" executionId="7ddf8ea2-7d6a-4c5a-ab7c-889dacaedec4" testListId="8c84fa94-04c1-424b-9868-57a2d4851a1d" />
    <TestEntry testId="85396f91-de65-3e6e-b43f-aff9afadf6bb" executionId="7685b6be-a6f5-44d5-8fdd-e2f22e5712b9" testListId="8c84fa94-04c1-424b-9868-57a2d4851a1d" />
    <TestEntry testId="7a8acec7-b507-2dbe-fb30-76bca53789c8" executionId="a3cbb2f6-1901-4348-aa42-49af32438000" testListId="8c84fa94-04c1-424b-9868-57a2d4851a1d" />
    <TestEntry testId="fa1abf44-a19f-a27d-1162-7aedc27f8b2b" executionId="a311c64d-f2e4-480f-9be1-234eea4b551b" testListId="8c84fa94-04c1-424b-9868-57a2d4851a1d" />
    <TestEntry testId="b38443cb-9263-d47d-e97a-8217d5611fca" executionId="69a9ab43-415b-4492-9d8d-35c137a3b4e3" testListId="8c84fa94-04c1-424b-9868-57a2d4851a1d" />
    <TestEntry testId="ef4ddd7f-3169-db5b-3647-7751270dce7f" executionId="fcf9ec57-8f2a-4059-8fd5-be60b795e5eb" testListId="8c84fa94-04c1-424b-9868-57a2d4851a1d" />
    <TestEntry testId="f2bcd24e-9067-9346-f03b-69c6875d755e" executionId="84300f71-88db-44fd-bfbc-b07d40b5ea6c" testListId="8c84fa94-04c1-424b-9868-57a2d4851a1d" />
    <TestEntry testId="1cb61c1a-1d85-67cc-f934-0567de32cd41" executionId="a31e3851-f749-4425-92b8-2300650cd579" testListId="8c84fa94-04c1-424b-9868-57a2d4851a1d" />
    <TestEntry testId="92a1bdcd-c11a-62c2-2434-e52cfdc14fc0" executionId="fe7634bd-39da-4287-a73a-876b34ef152e" testListId="8c84fa94-04c1-424b-9868-57a2d4851a1d" />
    <TestEntry testId="e3c3b9f0-3a39-9b63-266c-9053b6746118" executionId="6289b692-b43c-4e17-aefc-bb14454b0ef6" testListId="8c84fa94-04c1-424b-9868-57a2d4851a1d" />
    <TestEntry testId="393ff653-a3a0-0abd-e2b9-460cce49cafb" executionId="f8d1381f-868c-4d52-951c-568dc9659631" testListId="8c84fa94-04c1-424b-9868-57a2d4851a1d" />
    <TestEntry testId="04bc96ff-0871-d18a-c379-235677b3f887" executionId="d7da7073-d321-4ed5-b73c-1d6ac75f85c0" testListId="8c84fa94-04c1-424b-9868-57a2d4851a1d" />
    <TestEntry testId="88245557-3318-b62a-4f78-efe6823f020a" executionId="30c51bd4-f61d-479a-95bc-420a684d11c2" testListId="8c84fa94-04c1-424b-9868-57a2d4851a1d" />
    <TestEntry testId="ada679da-9b1e-bb0a-81d0-38da5304756b" executionId="1fa1c469-32a6-4135-8860-a021e3d48837" testListId="8c84fa94-04c1-424b-9868-57a2d4851a1d" />
    <TestEntry testId="f1076d8a-c072-3bc9-d09a-ad00fb451555" executionId="a627db85-6afb-4997-81b1-d48091bde9a3" testListId="8c84fa94-04c1-424b-9868-57a2d4851a1d" />
    <TestEntry testId="1406bb24-1420-0373-f4b3-5aa2e79ad216" executionId="959333c7-b22e-4dc7-94dd-7a0150c17fa7" testListId="8c84fa94-04c1-424b-9868-57a2d4851a1d" />
    <TestEntry testId="fbd11205-a53d-3b31-f61c-9733d9901426" executionId="cacf3ba7-411b-44bd-b12f-47195fdd2b14" testListId="8c84fa94-04c1-424b-9868-57a2d4851a1d" />
    <TestEntry testId="e672af1c-bcaf-16c4-86a8-73bfba0e55d9" executionId="23c20f51-48a4-419a-823a-4d12cde112a2" testListId="8c84fa94-04c1-424b-9868-57a2d4851a1d" />
    <TestEntry testId="53849bef-89f3-a2ef-9524-6b5eb35a9ba4" executionId="33efb06f-ea99-4583-9faa-0bca5fd0a45d" testListId="8c84fa94-04c1-424b-9868-57a2d4851a1d" />
    <TestEntry testId="8101f2e3-e145-3ca1-3852-7412784f7c59" executionId="75423c1a-35ce-41f7-947e-d4bd9abc0c6b" testListId="8c84fa94-04c1-424b-9868-57a2d4851a1d" />
    <TestEntry testId="e1d948f9-6bb4-eeab-2a87-2f116760c039" executionId="e72ef466-2899-4a02-b291-b59dd31608c1" testListId="8c84fa94-04c1-424b-9868-57a2d4851a1d" />
  </TestEntries>
  <TestLists>
    <TestList name="Results Not in a List" id="8c84fa94-04c1-424b-9868-57a2d4851a1d" />
    <TestList name="All Loaded Results" id="19431567-8539-422a-85d7-44ee4e166bda" />
  </TestLists>
  <ResultSummary outcome="Failed">
    <Counters total="365" executed="365" passed="6" failed="359" error="0" timeout="0" aborted="0" inconclusive="0" passedButRunAborted="0" notRunnable="0" notExecuted="0" disconnected="0" warning="0" completed="0" inProgress="0" pending="0" />
  </ResultSummary>
</TestRun>